
RAxML-NG v. 0.1.0 BETA released on 18.03.2017 by The Exelixis Lab.
Authors: Alexey Kozlov, Alexandros Stamatakis, Diego Darriba, Tomas Flouri, Benoit Morel.
Latest version: https://github.com/amkozlov/raxml-ng
Questions/problems/suggestions? Please visit: https://groups.google.com/forum/#!forum/raxml

WARNING: This is a BETA release, please use at your own risk!

RAxML-NG was called as follows:

./raxml-ng-mpi --seed=42 --msa /home/morelbt/github/raxml-ng/bin/results/404_tipinner_T16_realloc_1/404.phy --model /home/morelbt/github/raxml-ng/bin/results/404_tipinner_T16_realloc_1/404.part --simd AVX --threads 16 --redo

Analysis options:
  run mode: ML tree search
  start tree(s): random
  random seed: 42
  tip-inner: ON
  repeats: OFF
  pattern compression: ON
  fast spr radius: AUTO
  spr subtree cutoff: 1.000000
  branch lengths: ML estimate (linked)
  SIMD kernels: AVX
  parallelization: PTHREADS (16 threads)

WARNING: Running in REDO mode: existing checkpoints are ignored, and all result files will be overwritten!

[00:00:00] Reading alignment from file: /home/morelbt/github/raxml-ng/bin/results/404_tipinner_T16_realloc_1/404.phy
[00:00:00] Loaded alignment with 404 taxa and 13158 sites

WARNING: Fully undetermined sequences found: 328

NOTE: Reduced alignment (with gap-only sequences and columns removed) was printed to:
/home/morelbt/github/raxml-ng/bin/results/404_tipinner_T16_realloc_1/404.phy.raxml.reduced.phy

NOTE: The corresponding reduced partition file was printed to:
/home/morelbt/github/raxml-ng/bin/results/404_tipinner_T16_realloc_1/404.phy.raxml.reduced.partition

Alignment comprises 11 partitions and 7444 patterns

Partition 0: PARTITION_0
Model: GTR+F+G4
Alignment sites / patterns: 2161 / 1454
Gaps: 66.23 %
Invariant sites: 43.41 %

Partition 1: PARTITION_1
Model: GTR+F+G4
Alignment sites / patterns: 802 / 660
Gaps: 84.88 %
Invariant sites: 39.15 %

Partition 2: PARTITION_2
Model: GTR+F+G4
Alignment sites / patterns: 1646 / 1291
Gaps: 76.95 %
Invariant sites: 41.92 %

Partition 3: PARTITION_3
Model: GTR+F+G4
Alignment sites / patterns: 588 / 109
Gaps: 90.84 %
Invariant sites: 80.61 %

Partition 4: PARTITION_4
Model: GTR+F+G4
Alignment sites / patterns: 852 / 339
Gaps: 96.47 %
Invariant sites: 65.02 %

Partition 5: PARTITION_5
Model: GTR+F+G4
Alignment sites / patterns: 828 / 718
Gaps: 72.68 %
Invariant sites: 22.71 %

Partition 6: PARTITION_6
Model: GTR+F+G4
Alignment sites / patterns: 1437 / 725
Gaps: 66.87 %
Invariant sites: 62.00 %

Partition 7: PARTITION_7
Model: GTR+F+G4
Alignment sites / patterns: 1218 / 700
Gaps: 83.79 %
Invariant sites: 47.04 %

Partition 8: PARTITION_8
Model: GTR+F+G4
Alignment sites / patterns: 1020 / 99
Gaps: 94.06 %
Invariant sites: 86.67 %

Partition 9: PARTITION_9
Model: GTR+F+G4
Alignment sites / patterns: 1025 / 431
Gaps: 95.35 %
Invariant sites: 62.63 %

Partition 10: PARTITION_10
Model: GTR+F+G4
Alignment sites / patterns: 1581 / 918
Gaps: 71.48 %
Invariant sites: 40.10 %


[00:00:01] Generating random starting tree(s) with 404 taxa
[00:00:01] Data distribution: partitions/thread: 1-2, patterns/thread: 30721441-30735841

Starting ML tree search with 1 distinct starting trees

clv size: 23927040 (max clv size: 23927040)
[00:00:01 -315434.268775] Initial branch length optimization
clv size: 23927040 (max clv size: 23927040)
[00:00:02 -256446.619111] Model parameter optimization (eps = 10.000000)
clv size: 23927040 (max clv size: 23927040)
[00:00:24 -235401.633443] AUTODETECT spr round 1 (radius: 5)
clv size: 23927040 (max clv size: 23927040)
[00:00:47 -202094.525370] AUTODETECT spr round 2 (radius: 10)
clv size: 23927040 (max clv size: 23927040)
[00:01:12 -173040.493902] AUTODETECT spr round 3 (radius: 15)
clv size: 23927040 (max clv size: 23927040)
[00:01:43 -166154.131146] AUTODETECT spr round 4 (radius: 20)
clv size: 23927040 (max clv size: 23927040)
[00:02:22 -164101.568812] AUTODETECT spr round 5 (radius: 25)
[00:03:05 -162596.019922] SPR radius for FAST iterations: 25 (autodetect)
[00:03:05 -162596.019922] Model parameter optimization (eps = 3.000000)
clv size: 23927040 (max clv size: 23927040)
clv size: 23927040 (max clv size: 23927040)
[00:03:24 -162085.474961] FAST spr round 1 (radius: 25)
clv size: 23927040 (max clv size: 23927040)
[00:04:01 -156090.852223] FAST spr round 2 (radius: 25)
clv size: 23927040 (max clv size: 23927040)
[00:04:30 -155658.342680] FAST spr round 3 (radius: 25)
clv size: 23927040 (max clv size: 23927040)
[00:04:56 -155275.427439] FAST spr round 4 (radius: 25)
clv size: 23927040 (max clv size: 23927040)
[00:05:18 -155109.928656] FAST spr round 5 (radius: 25)
clv size: 23927040 (max clv size: 23927040)
[00:05:38 -155051.608921] FAST spr round 6 (radius: 25)
clv size: 23927040 (max clv size: 23927040)
[00:05:57 -155051.380767] FAST spr round 7 (radius: 25)
clv size: 23927040 (max clv size: 23927040)
[00:06:15 -155051.228412] FAST spr round 8 (radius: 25)
[00:06:34 -155051.184493] Model parameter optimization (eps = 1.000000)
clv size: 23927040 (max clv size: 23927040)
[00:06:45 -155029.288084] SLOW spr round 1 (radius: 5)
clv size: 23927040 (max clv size: 23927040)
[00:07:22 -154980.845194] SLOW spr round 2 (radius: 5)
clv size: 23927040 (max clv size: 23927040)
[00:08:00 -154977.256700] SLOW spr round 3 (radius: 5)
clv size: 23927040 (max clv size: 23927040)
[00:08:32 -154977.255318] SLOW spr round 4 (radius: 10)
clv size: 23927040 (max clv size: 23927040)
[00:09:05 -154971.434332] SLOW spr round 5 (radius: 5)
clv size: 23927040 (max clv size: 23927040)
[00:09:55 -154971.143921] SLOW spr round 6 (radius: 5)
clv size: 23927040 (max clv size: 23927040)
[00:10:39 -154970.397062] SLOW spr round 7 (radius: 5)
clv size: 23927040 (max clv size: 23927040)
[00:11:16 -154970.396010] SLOW spr round 8 (radius: 10)
clv size: 23927040 (max clv size: 23927040)
[00:11:51 -154969.965390] SLOW spr round 9 (radius: 5)
clv size: 23927040 (max clv size: 23927040)
[00:12:42 -154969.047593] SLOW spr round 10 (radius: 5)
clv size: 23927040 (max clv size: 23927040)
[00:13:25 -154969.046448] SLOW spr round 11 (radius: 10)
clv size: 23927040 (max clv size: 23927040)
[00:14:01 -154969.045496] SLOW spr round 12 (radius: 15)
clv size: 23927040 (max clv size: 23927040)
[00:15:09 -154969.044561] SLOW spr round 13 (radius: 20)
clv size: 23927040 (max clv size: 23927040)
[00:16:43 -154969.043626] SLOW spr round 14 (radius: 25)
clv size: 23927040 (max clv size: 23927040)
[00:18:38 -154969.042687] Model parameter optimization (eps = 0.100000)
clv size: 23927040 (max clv size: 23927040)

[00:18:42] ML tree search #1, logLikelihood: -154968.531598


Optimized model parameters:

   Partition 0: PARTITION_0
   Rate heterogeneity: GAMMA (4 cats),  alpha: 0.386 (ML),  weights&rates: (0.250,0.015) (0.250,0.171) (0.250,0.716) (0.250,3.098) 
   Base frequencies (empirical): 0.278 0.163 0.173 0.386 
   Substitution rates (ML): 1.859 4.573 0.552 1.457 3.781 1.000 

   Partition 1: PARTITION_1
   Rate heterogeneity: GAMMA (4 cats),  alpha: 0.837 (ML),  weights&rates: (0.250,0.104) (0.250,0.422) (0.250,0.967) (0.250,2.508) 
   Base frequencies (empirical): 0.406 0.143 0.283 0.169 
   Substitution rates (ML): 1.123 1.982 0.293 0.915 6.021 1.000 

   Partition 2: PARTITION_2
   Rate heterogeneity: GAMMA (4 cats),  alpha: 0.485 (ML),  weights&rates: (0.250,0.031) (0.250,0.242) (0.250,0.809) (0.250,2.918) 
   Base frequencies (empirical): 0.338 0.167 0.164 0.331 
   Substitution rates (ML): 0.799 1.476 0.708 0.769 1.319 1.000 

   Partition 3: PARTITION_3
   Rate heterogeneity: GAMMA (4 cats),  alpha: 0.153 (ML),  weights&rates: (0.250,0.000) (0.250,0.012) (0.250,0.252) (0.250,3.736) 
   Base frequencies (empirical): 0.349 0.177 0.193 0.281 
   Substitution rates (ML): 1.088 16.928 0.153 1.355 1.899 1.000 

   Partition 4: PARTITION_4
   Rate heterogeneity: GAMMA (4 cats),  alpha: 0.289 (ML),  weights&rates: (0.250,0.004) (0.250,0.096) (0.250,0.577) (0.250,3.322) 
   Base frequencies (empirical): 0.245 0.219 0.282 0.254 
   Substitution rates (ML): 1.580 5.103 1.665 1.762 9.034 1.000 

   Partition 5: PARTITION_5
   Rate heterogeneity: GAMMA (4 cats),  alpha: 0.277 (ML),  weights&rates: (0.250,0.004) (0.250,0.087) (0.250,0.556) (0.250,3.354) 
   Base frequencies (empirical): 0.198 0.326 0.304 0.172 
   Substitution rates (ML): 1.032 2.011 1.812 0.702 3.299 1.000 

   Partition 6: PARTITION_6
   Rate heterogeneity: GAMMA (4 cats),  alpha: 0.230 (ML),  weights&rates: (0.250,0.001) (0.250,0.053) (0.250,0.457) (0.250,3.489) 
   Base frequencies (empirical): 0.272 0.192 0.249 0.286 
   Substitution rates (ML): 1.100 2.381 0.686 1.023 5.444 1.000 

   Partition 7: PARTITION_7
   Rate heterogeneity: GAMMA (4 cats),  alpha: 0.367 (ML),  weights&rates: (0.250,0.012) (0.250,0.157) (0.250,0.693) (0.250,3.138) 
   Base frequencies (empirical): 0.215 0.266 0.291 0.228 
   Substitution rates (ML): 1.173 3.935 0.965 0.901 4.965 1.000 

   Partition 8: PARTITION_8
   Rate heterogeneity: GAMMA (4 cats),  alpha: 0.145 (ML),  weights&rates: (0.250,0.000) (0.250,0.009) (0.250,0.228) (0.250,3.762) 
   Base frequencies (empirical): 0.340 0.167 0.199 0.294 
   Substitution rates (ML): 2.447 2.130 0.621 2.502 20.001 1.000 

   Partition 9: PARTITION_9
   Rate heterogeneity: GAMMA (4 cats),  alpha: 0.542 (ML),  weights&rates: (0.250,0.041) (0.250,0.279) (0.250,0.849) (0.250,2.831) 
   Base frequencies (empirical): 0.365 0.139 0.187 0.309 
   Substitution rates (ML): 0.936 1.361 0.355 1.205 2.673 1.000 

   Partition 10: PARTITION_10
   Rate heterogeneity: GAMMA (4 cats),  alpha: 0.440 (ML),  weights&rates: (0.250,0.023) (0.250,0.211) (0.250,0.771) (0.250,2.994) 
   Base frequencies (empirical): 0.300 0.178 0.159 0.363 
   Substitution rates (ML): 1.072 2.922 0.470 1.342 2.425 1.000 

Final LogLikelihood: -154968.531598

Best ML tree saved to: /home/morelbt/github/raxml-ng/bin/results/404_tipinner_T16_realloc_1/404.phy.raxml.bestTree

Execution log saved to: /home/morelbt/github/raxml-ng/bin/results/404_tipinner_T16_realloc_1/404.phy.raxml.log

Elapsed time: 1122.878 seconds

