RAxML-NG v. 0.1alpha (c) 2017 The Exelixis Lab

WARNING: This is an EXPERIMENTAL version of RAxML which has not been released yet!

RAxML-NG was called as follows:

./raxml-ng-mpi --seed=42 --msa data/404/404.phy --model data/404/404.part --simd AVX --threads 16 --repeats on

Analysis options:
  run mode: Tree search
  start tree: random
  random seed: 42
  tip-inner: OFF
  repeats: ON
  pattern compression: ON
  fast spr radius: AUTO
  spr subtree cutoff: 1.000000
  branch lengths: ML estimate (linked)
  SIMD kernels: AVX
  parallelization: PTHREADS (16 threads)

Reading alignment from file: data/404/404.phy
Loaded alignment with 404 taxa and 13158 sites

Alignment comprises 11 partitions and 7444 patterns

Partition 0: PARTITION_0
Model: GTR+F+G4
Alignment sites / patterns: 2161 / 1454
Gaps: 66.23 %
Invariant sites: 43.41 %

Partition 1: PARTITION_1
Model: GTR+F+G4
Alignment sites / patterns: 802 / 660
Gaps: 84.88 %
Invariant sites: 39.15 %

Partition 2: PARTITION_2
Model: GTR+F+G4
Alignment sites / patterns: 1646 / 1291
Gaps: 76.95 %
Invariant sites: 41.92 %

Partition 3: PARTITION_3
Model: GTR+F+G4
Alignment sites / patterns: 588 / 109
Gaps: 90.84 %
Invariant sites: 80.61 %

Partition 4: PARTITION_4
Model: GTR+F+G4
Alignment sites / patterns: 852 / 339
Gaps: 96.47 %
Invariant sites: 65.02 %

Partition 5: PARTITION_5
Model: GTR+F+G4
Alignment sites / patterns: 828 / 718
Gaps: 72.68 %
Invariant sites: 22.71 %

Partition 6: PARTITION_6
Model: GTR+F+G4
Alignment sites / patterns: 1437 / 725
Gaps: 66.87 %
Invariant sites: 62.00 %

Partition 7: PARTITION_7
Model: GTR+F+G4
Alignment sites / patterns: 1218 / 700
Gaps: 83.79 %
Invariant sites: 47.04 %

Partition 8: PARTITION_8
Model: GTR+F+G4
Alignment sites / patterns: 1020 / 99
Gaps: 94.06 %
Invariant sites: 86.67 %

Partition 9: PARTITION_9
Model: GTR+F+G4
Alignment sites / patterns: 1025 / 431
Gaps: 95.35 %
Invariant sites: 62.63 %

Partition 10: PARTITION_10
Model: GTR+F+G4
Alignment sites / patterns: 1581 / 918
Gaps: 71.48 %
Invariant sites: 40.10 %


Generating a random starting tree with 404 taxa

Data distribution:
thread#	part#	start	length
0	8	0	99
0	7	325	366

1	3	0	109
1	1	162	357

2	4	0	339
2	1	35	127

3	9	0	431
3	1	0	35

4	0	989	465

5	0	524	465

6	0	59	465

7	2	885	406
7	0	0	59

8	2	420	465

9	10	873	45
9	2	0	420

10	10	408	465

11	6	668	57
11	10	0	408

12	6	203	465

13	5	456	262
13	6	0	203

14	7	691	9
14	5	0	456

15	1	519	141
15	7	0	325

PLOP REPEATS
PLOP REPEATS

Initial LogLikelihood: -317452.41
[00:00:00 -317452.407670] Initial branch length optimization
    busy_ratio: -nan
    stats_step: initial_blo
    wait_time_ms  (0, 0) (1, 0) (2, 0) (3, 0) (4, 0) (5, 0) (6, 0) (7, 0) (8, 0) (9, 0) (10, 0) (11, 0) (12, 0) (13, 0) (14, 0) (15, 0)
    cpu_time_ms  (0, 0) (1, 0) (2, 0) (3, 0) (4, 0) (5, 0) (6, 0) (7, 0) (8, 0) (9, 0) (10, 0) (11, 0) (12, 0) (13, 0) (14, 0) (15, 0)
[00:00:01 -257990.733483] Model parameter optimization (eps = 10.000000)
    busy_ratio: 0.801008
    stats_step: model_param1
    wait_time_ms  (0, 1650) (1, 1225) (2, 1928) (3, 2237) (4, 3333) (5, 2623) (6, 2918) (7, 1827) (8, 2574) (9, 961) (10, 3158) (11, 1162) (12, 2773) (13, 608) (14, 846) (15, 1266)
    cpu_time_ms  (0, 8132) (1, 8561) (2, 7859) (3, 7550) (4, 6434) (5, 7119) (6, 6845) (7, 7959) (8, 7169) (9, 8823) (10, 6613) (11, 8562) (12, 6977) (13, 9144) (14, 8896) (15, 8521)
[00:00:11 -236124.960774] AUTODETECT spr round 1 (radius: 5)
    busy_ratio: 0.848900
    stats_step: autodetect_spr
    wait_time_ms  (0, 1313) (1, 772) (2, 1433) (3, 1512) (4, 2969) (5, 2500) (6, 2747) (7, 1224) (8, 2558) (9, 558) (10, 2869) (11, 873) (12, 2633) (13, 345) (14, 786) (15, 766)
    cpu_time_ms  (0, 9387) (1, 9932) (2, 9273) (3, 9194) (4, 7722) (5, 8191) (6, 7945) (7, 9483) (8, 8134) (9, 10141) (10, 7821) (11, 9820) (12, 8057) (13, 10361) (14, 9911) (15, 9941)
[00:00:21 -206665.201734] AUTODETECT spr round 2 (radius: 10)
    busy_ratio: 0.852458
    stats_step: autodetect_spr
    wait_time_ms  (0, 1666) (1, 874) (2, 1824) (3, 1944) (4, 4032) (5, 3558) (6, 3896) (7, 1279) (8, 3809) (9, 910) (10, 4139) (11, 1301) (12, 3907) (13, 580) (14, 1304) (15, 925)
    cpu_time_ms  (0, 13571) (1, 14362) (2, 13419) (3, 13298) (4, 11162) (5, 11649) (6, 11304) (7, 13963) (8, 11430) (9, 14331) (10, 11103) (11, 13908) (12, 11334) (13, 14662) (14, 13937) (15, 14317)
[00:00:36 -179170.516072] AUTODETECT spr round 3 (radius: 15)
    busy_ratio: 0.861585
    stats_step: autodetect_spr
    wait_time_ms  (0, 1929) (1, 836) (2, 1967) (3, 1855) (4, 4953) (5, 4261) (6, 4638) (7, 1250) (8, 4503) (9, 888) (10, 4862) (11, 1548) (12, 4756) (13, 627) (14, 1599) (15, 1055)
    cpu_time_ms  (0, 16827) (1, 17926) (2, 16794) (3, 16904) (4, 13790) (5, 14475) (6, 14099) (7, 17511) (8, 14241) (9, 17871) (10, 13899) (11, 17191) (12, 14005) (13, 18133) (14, 17162) (15, 17706)
[00:00:55 -170897.959775] AUTODETECT spr round 4 (radius: 20)
    busy_ratio: 0.851453
    stats_step: autodetect_spr
    wait_time_ms  (0, 2820) (1, 1199) (2, 2602) (3, 2547) (4, 6372) (5, 5573) (6, 6016) (7, 1736) (8, 5896) (9, 1405) (10, 6257) (11, 2339) (12, 6158) (13, 1141) (14, 1979) (15, 1456)
    cpu_time_ms  (0, 20527) (1, 22153) (2, 20750) (3, 20804) (4, 16980) (5, 17779) (6, 17336) (7, 21616) (8, 17455) (9, 21947) (10, 17095) (11, 21013) (12, 17193) (13, 22210) (14, 21372) (15, 21896)
[00:01:19 -165622.988406] AUTODETECT spr round 5 (radius: 25)
    busy_ratio: 0.860540
    stats_step: autodetect_spr
    wait_time_ms  (0, 2767) (1, 1464) (2, 2983) (3, 2474) (4, 7430) (5, 6558) (6, 7120) (7, 1790) (8, 6884) (9, 1415) (10, 7331) (11, 2780) (12, 7228) (13, 1202) (14, 2626) (15, 1395)
    cpu_time_ms  (0, 25667) (1, 26973) (2, 25454) (3, 25963) (4, 21007) (5, 21879) (6, 21317) (7, 26647) (8, 21553) (9, 27022) (10, 21104) (11, 25656) (12, 21209) (13, 27235) (14, 25811) (15, 27042)
[00:01:47 -164369.811047] SPR radius for FAST iterations: 25 (autodetect)
    busy_ratio: -nan
    stats_step: fast_spr
    wait_time_ms  (0, 0) (1, 0) (2, 0) (3, 0) (4, 0) (5, 0) (6, 0) (7, 0) (8, 0) (9, 0) (10, 0) (11, 0) (12, 0) (13, 0) (14, 0) (15, 0)
    cpu_time_ms  (0, 0) (1, 0) (2, 0) (3, 0) (4, 0) (5, 0) (6, 0) (7, 0) (8, 0) (9, 0) (10, 0) (11, 0) (12, 0) (13, 0) (14, 0) (15, 0)
[00:01:47 -164369.811047] Model parameter optimization (eps = 3.000000)
    busy_ratio: 0.804312
    stats_step: model_param2
    wait_time_ms  (0, 1207) (1, 710) (2, 1318) (3, 1259) (4, 2451) (5, 2162) (6, 2366) (7, 1020) (8, 2315) (9, 777) (10, 2489) (11, 920) (12, 2417) (13, 446) (14, 931) (15, 744)
    cpu_time_ms  (0, 6306) (1, 6807) (2, 6200) (3, 6259) (4, 5066) (5, 5355) (6, 5151) (7, 6498) (8, 5203) (9, 6742) (10, 5029) (11, 6598) (12, 5101) (13, 7072) (14, 6587) (15, 6774)
[00:01:55 -163795.730284] FAST spr round 1 (radius: 25)
    busy_ratio: 0.854755
    stats_step: fast_spr
    wait_time_ms  (0, 2443) (1, 2304) (2, 2168) (3, 3068) (4, 5725) (5, 6454) (6, 5632) (7, 2507) (8, 5471) (9, 2354) (10, 5801) (11, 3047) (12, 5652) (13, 2030) (14, 1810) (15, 1949)
    cpu_time_ms  (0, 22691) (1, 22836) (2, 22972) (3, 22071) (4, 19413) (5, 18684) (6, 19506) (7, 22633) (8, 19669) (9, 22785) (10, 19339) (11, 22093) (12, 19488) (13, 23109) (14, 23330) (15, 23191)
[00:02:20 -156444.632615] FAST spr round 2 (radius: 25)
    busy_ratio: 0.832093
    stats_step: fast_spr
    wait_time_ms  (0, 1922) (1, 2554) (2, 1815) (3, 3183) (4, 4647) (5, 5667) (6, 4495) (7, 2774) (8, 4269) (9, 2676) (10, 4607) (11, 3019) (12, 4465) (13, 2341) (14, 954) (15, 2316)
    cpu_time_ms  (0, 17323) (1, 16694) (2, 17434) (3, 16066) (4, 14602) (5, 13582) (6, 14754) (7, 16474) (8, 14980) (9, 16573) (10, 14642) (11, 16229) (12, 14784) (13, 16907) (14, 18295) (15, 16933)
[00:02:39 -155980.185298] FAST spr round 3 (radius: 25)
    busy_ratio: 0.827602
    stats_step: fast_spr
    wait_time_ms  (0, 1597) (1, 2077) (2, 1462) (3, 2718) (4, 3703) (5, 4581) (6, 3233) (7, 2337) (8, 3398) (9, 2113) (10, 3710) (11, 2473) (12, 3619) (13, 1324) (14, 1151) (15, 1854)
    cpu_time_ms  (0, 13392) (1, 12916) (2, 13531) (3, 12274) (4, 11290) (5, 10411) (6, 11760) (7, 12656) (8, 11594) (9, 12880) (10, 11283) (11, 12520) (12, 11373) (13, 13668) (14, 13842) (15, 13139)
[00:02:54 -155959.683365] FAST spr round 4 (radius: 25)
    busy_ratio: 0.840271
    stats_step: fast_spr
    wait_time_ms  (0, 1141) (1, 1582) (2, 1035) (3, 2177) (4, 3093) (5, 3881) (6, 2981) (7, 1888) (8, 2808) (9, 1622) (10, 3084) (11, 1745) (12, 2987) (13, 1367) (14, 703) (15, 1517)
    cpu_time_ms  (0, 12009) (1, 11572) (2, 12119) (3, 10978) (4, 10061) (5, 9274) (6, 10173) (7, 11267) (8, 10346) (9, 11532) (10, 10068) (11, 11402) (12, 10167) (13, 11788) (14, 12451) (15, 11637)
[00:03:07 -155908.549391] FAST spr round 5 (radius: 25)
    busy_ratio: 0.837859
    stats_step: fast_spr
    wait_time_ms  (0, 968) (1, 1429) (2, 933) (3, 2049) (4, 2803) (5, 3546) (6, 2724) (7, 1670) (8, 2539) (9, 1410) (10, 2801) (11, 1577) (12, 2700) (13, 1210) (14, 616) (15, 1394)
    cpu_time_ms  (0, 10738) (1, 10280) (2, 10776) (3, 9661) (4, 8907) (5, 8163) (6, 8986) (7, 10039) (8, 9170) (9, 10299) (10, 8906) (11, 10125) (12, 9010) (13, 10500) (14, 11093) (15, 10316)
[00:03:19 -155903.085635] FAST spr round 6 (radius: 25)
    busy_ratio: 0.837376
    stats_step: fast_spr
    wait_time_ms  (0, 943) (1, 1427) (2, 924) (3, 2007) (4, 2768) (5, 3471) (6, 2693) (7, 1693) (8, 2461) (9, 1424) (10, 2748) (11, 1630) (12, 2654) (13, 1196) (14, 582) (15, 1365)
    cpu_time_ms  (0, 10579) (1, 10099) (2, 10603) (3, 9520) (4, 8758) (5, 8056) (6, 8833) (7, 9833) (8, 9065) (9, 10102) (10, 8777) (11, 9894) (12, 8873) (13, 10330) (14, 10945) (15, 10162)
[00:03:30 -155893.472212] FAST spr round 7 (radius: 25)
    busy_ratio: 0.834922
    stats_step: fast_spr
    wait_time_ms  (0, 933) (1, 1399) (2, 926) (3, 1969) (4, 2716) (5, 3404) (6, 2631) (7, 1683) (8, 2414) (9, 1408) (10, 2724) (11, 1581) (12, 2595) (13, 1170) (14, 606) (15, 1293)
    cpu_time_ms  (0, 10216) (1, 9754) (2, 10226) (3, 9184) (4, 8437) (5, 7749) (6, 8521) (7, 9470) (8, 8739) (9, 9745) (10, 8429) (11, 9570) (12, 8557) (13, 9982) (14, 10547) (15, 9860)
[00:03:41 -155891.115299] FAST spr round 8 (radius: 25)
    busy_ratio: 0.835537
    stats_step: fast_spr
    wait_time_ms  (0, 777) (1, 1309) (2, 861) (3, 1878) (4, 2597) (5, 3237) (6, 2497) (7, 1579) (8, 2279) (9, 1310) (10, 2574) (11, 1512) (12, 2446) (13, 1049) (14, 529) (15, 1248)
    cpu_time_ms  (0, 9741) (1, 9214) (2, 9660) (3, 8645) (4, 7925) (5, 7286) (6, 8026) (7, 8944) (8, 8244) (9, 9213) (10, 7947) (11, 9007) (12, 8077) (13, 9474) (14, 9993) (15, 9274)
[00:03:52 -155889.570492] FAST spr round 9 (radius: 25)
    busy_ratio: 0.836619
    stats_step: fast_spr
    wait_time_ms  (0, 902) (1, 1343) (2, 882) (3, 1912) (4, 2623) (5, 3285) (6, 2521) (7, 1612) (8, 2317) (9, 1325) (10, 2632) (11, 1562) (12, 2515) (13, 1094) (14, 543) (15, 1260)
    cpu_time_ms  (0, 9934) (1, 9497) (2, 9957) (3, 8928) (4, 8217) (5, 7554) (6, 8319) (7, 9228) (8, 8523) (9, 9515) (10, 8208) (11, 9275) (12, 8325) (13, 9746) (14, 10297) (15, 9579)
[00:04:03 -155887.598047] FAST spr round 10 (radius: 25)
    busy_ratio: 0.834340
    stats_step: fast_spr
    wait_time_ms  (0, 883) (1, 1352) (2, 906) (3, 1927) (4, 2637) (5, 3323) (6, 2551) (7, 1632) (8, 2338) (9, 1347) (10, 2636) (11, 1583) (12, 2542) (13, 1102) (14, 579) (15, 1270)
    cpu_time_ms  (0, 9909) (1, 9444) (2, 9889) (3, 8869) (4, 8159) (5, 7473) (6, 8245) (7, 9163) (8, 8457) (9, 9449) (10, 8158) (11, 9206) (12, 8254) (13, 9694) (14, 10217) (15, 9525)
[00:04:13 -155883.760349] FAST spr round 11 (radius: 25)
    busy_ratio: 0.834595
    stats_step: fast_spr
    wait_time_ms  (0, 589) (1, 1088) (2, 721) (3, 1684) (4, 2301) (5, 2843) (6, 2197) (7, 1354) (8, 1994) (9, 1070) (10, 2291) (11, 1328) (12, 2189) (13, 812) (14, 395) (15, 1122)
    cpu_time_ms  (0, 8470) (1, 7975) (2, 8341) (3, 7379) (4, 6762) (5, 6220) (6, 6866) (7, 7709) (8, 7069) (9, 7993) (10, 6771) (11, 7731) (12, 6874) (13, 8251) (14, 8668) (15, 7941)
[00:04:23 -155883.754383] Model parameter optimization (eps = 1.000000)
    busy_ratio: 0.808008
    stats_step: model_param3
    wait_time_ms  (0, 384) (1, 593) (2, 413) (3, 860) (4, 1076) (5, 1372) (6, 1034) (7, 755) (8, 953) (9, 597) (10, 1100) (11, 670) (12, 1046) (13, 408) (14, 243) (15, 657)
    cpu_time_ms  (0, 3572) (1, 3367) (2, 3548) (3, 3101) (4, 2885) (5, 2589) (6, 2927) (7, 3206) (8, 3007) (9, 3364) (10, 2860) (11, 3289) (12, 2914) (13, 3552) (14, 3718) (15, 3303)
[00:04:27 -155857.095717] SLOW spr round 1 (radius: 5)
    busy_ratio: 0.805871
    stats_step: slow_spr
    wait_time_ms  (0, 5501) (1, 5760) (2, 4154) (3, 5802) (4, 7073) (5, 9249) (6, 6942) (7, 5956) (8, 6871) (9, 5759) (10, 7168) (11, 5224) (12, 6859) (13, 5749) (14, 3447) (15, 3216)
    cpu_time_ms  (0, 24996) (1, 24741) (2, 26347) (3, 24699) (4, 23428) (5, 21252) (6, 23559) (7, 24545) (8, 23630) (9, 24741) (10, 23331) (11, 25269) (12, 23642) (13, 24752) (14, 27054) (15, 27285)
[00:04:57 -155767.834608] SLOW spr round 2 (radius: 5)
    busy_ratio: 0.826128
    stats_step: slow_spr
    wait_time_ms  (0, 4476) (1, 4682) (2, 3110) (3, 5008) (4, 5941) (5, 7967) (6, 5950) (7, 4842) (8, 5778) (9, 4830) (10, 5988) (11, 4691) (12, 5718) (13, 4628) (14, 2736) (15, 2544)
    cpu_time_ms  (0, 23880) (1, 23678) (2, 25250) (3, 23352) (4, 22418) (5, 20393) (6, 22409) (7, 23518) (8, 22582) (9, 23530) (10, 22371) (11, 23664) (12, 22642) (13, 23731) (14, 25624) (15, 25816)
[00:05:25 -155557.730333] SLOW spr round 3 (radius: 5)
    busy_ratio: 0.831904
    stats_step: slow_spr
    wait_time_ms  (0, 3870) (1, 4204) (2, 2692) (3, 4430) (4, 5363) (5, 7256) (6, 5315) (7, 4287) (8, 5194) (9, 4276) (10, 5434) (11, 4113) (12, 5237) (13, 4005) (14, 2118) (15, 2773)
    cpu_time_ms  (0, 22366) (1, 22037) (2, 23548) (3, 21810) (4, 20878) (5, 18985) (6, 20925) (7, 21953) (8, 21046) (9, 21964) (10, 20805) (11, 22123) (12, 21003) (13, 22235) (14, 24123) (15, 23467)
[00:05:52 -155477.639223] SLOW spr round 4 (radius: 5)
    busy_ratio: 0.834057
    stats_step: slow_spr
    wait_time_ms  (0, 3815) (1, 3962) (2, 2500) (3, 4277) (4, 5113) (5, 6939) (6, 5102) (7, 4103) (8, 4997) (9, 4060) (10, 5231) (11, 3892) (12, 5018) (13, 3827) (14, 1967) (15, 2760)
    cpu_time_ms  (0, 21629) (1, 21487) (2, 22948) (3, 21173) (4, 20337) (5, 18510) (6, 20347) (7, 21346) (8, 20453) (9, 21390) (10, 20218) (11, 21553) (12, 20431) (13, 21623) (14, 23483) (15, 22689)
[00:06:17 -155466.241016] SLOW spr round 5 (radius: 5)
    busy_ratio: 0.843799
    stats_step: slow_spr
    wait_time_ms  (0, 3419) (1, 3628) (2, 2137) (3, 3857) (4, 4728) (5, 6565) (6, 4707) (7, 3708) (8, 4569) (9, 3670) (10, 4805) (11, 3567) (12, 4633) (13, 3438) (14, 1767) (15, 2778)
    cpu_time_ms  (0, 21377) (1, 21172) (2, 22663) (3, 20944) (4, 20073) (5, 18236) (6, 20094) (7, 21093) (8, 20231) (9, 21131) (10, 19995) (11, 21232) (12, 20168) (13, 21362) (14, 23034) (15, 22023)
[00:06:42 -155462.502876] SLOW spr round 6 (radius: 5)
    busy_ratio: 0.826699
    stats_step: slow_spr
    wait_time_ms  (0, 3833) (1, 4113) (2, 2676) (3, 4342) (4, 5198) (5, 6988) (6, 5219) (7, 4215) (8, 5024) (9, 4135) (10, 5251) (11, 4016) (12, 5031) (13, 3935) (14, 2083) (15, 2639)
    cpu_time_ms  (0, 20940) (1, 20665) (2, 22101) (3, 20435) (4, 19579) (5, 17789) (6, 19559) (7, 20562) (8, 19754) (9, 20643) (10, 19525) (11, 20758) (12, 19746) (13, 20843) (14, 22695) (15, 22139)
[00:07:07 -155461.557619] SLOW spr round 7 (radius: 5)
    busy_ratio: 0.833412
    stats_step: slow_spr
    wait_time_ms  (0, 4030) (1, 4169) (2, 2622) (3, 4472) (4, 5399) (5, 7249) (6, 5382) (7, 4323) (8, 5214) (9, 4284) (10, 5471) (11, 4070) (12, 5042) (13, 4059) (14, 2310) (15, 2870)
    cpu_time_ms  (0, 22594) (1, 22458) (2, 24004) (3, 22155) (4, 21229) (5, 19379) (6, 21245) (7, 22305) (8, 21413) (9, 22344) (10, 21155) (11, 22552) (12, 21586) (13, 22569) (14, 24318) (15, 23757)
[00:07:33 -155304.259049] SLOW spr round 8 (radius: 5)
    busy_ratio: 0.807123
    stats_step: slow_spr
    wait_time_ms  (0, 4345) (1, 5232) (2, 3641) (3, 5500) (4, 6348) (5, 8368) (6, 6254) (7, 5297) (8, 6180) (9, 5233) (10, 6385) (11, 5103) (12, 6098) (13, 5011) (14, 3037) (15, 2812)
    cpu_time_ms  (0, 23147) (1, 22264) (2, 23853) (3, 21995) (4, 21148) (5, 19128) (6, 21241) (7, 22198) (8, 21316) (9, 22263) (10, 21109) (11, 22384) (12, 21397) (13, 22484) (14, 24458) (15, 24683)
[00:08:01 -155092.081275] SLOW spr round 9 (radius: 5)
    busy_ratio: 0.837714
    stats_step: slow_spr
    wait_time_ms  (0, 3835) (1, 3993) (2, 2307) (3, 4091) (4, 4928) (5, 6820) (6, 4806) (7, 3810) (8, 4341) (9, 3749) (10, 4970) (11, 3595) (12, 4746) (13, 3598) (14, 1965) (15, 2980)
    cpu_time_ms  (0, 21016) (1, 20863) (2, 22549) (3, 20764) (4, 19928) (5, 18035) (6, 20049) (7, 21045) (8, 20514) (9, 21106) (10, 19885) (11, 21256) (12, 20110) (13, 21258) (14, 22890) (15, 21876)
[00:08:25 -155078.479663] SLOW spr round 10 (radius: 5)
    busy_ratio: 0.826138
    stats_step: slow_spr
    wait_time_ms  (0, 4007) (1, 4074) (2, 2612) (3, 4328) (4, 5045) (5, 6885) (6, 4981) (7, 4138) (8, 4767) (9, 4043) (10, 5080) (11, 3981) (12, 4915) (13, 3792) (14, 2176) (15, 2305)
    cpu_time_ms  (0, 20123) (1, 20060) (2, 21522) (3, 19806) (4, 19089) (5, 17248) (6, 19152) (7, 19996) (8, 19367) (9, 20091) (10, 19053) (11, 20151) (12, 19218) (13, 20341) (14, 21958) (15, 21829)
[00:08:50 -155078.477173] SLOW spr round 11 (radius: 10)
    busy_ratio: 0.807639
    stats_step: slow_spr
    wait_time_ms  (0, 4987) (1, 5115) (2, 3560) (3, 5225) (4, 6155) (5, 7236) (6, 5377) (7, 5042) (8, 5960) (9, 5018) (10, 6202) (11, 4865) (12, 5996) (13, 4815) (14, 3119) (15, 2993)
    cpu_time_ms  (0, 21545) (1, 21421) (2, 22977) (3, 21311) (4, 20381) (5, 19299) (6, 21159) (7, 21494) (8, 20577) (9, 21518) (10, 20333) (11, 21667) (12, 20540) (13, 21721) (14, 23417) (15, 23544)
[00:09:16 -155042.140436] SLOW spr round 12 (radius: 5)
    busy_ratio: 0.840827
    stats_step: slow_spr
    wait_time_ms  (0, 6782) (1, 6491) (2, 3862) (3, 6368) (4, 7596) (5, 10663) (6, 7679) (7, 6289) (8, 7473) (9, 6429) (10, 7739) (11, 6008) (12, 7488) (13, 6085) (14, 3306) (15, 4395)
    cpu_time_ms  (0, 34310) (1, 34605) (2, 37234) (3, 34728) (4, 33499) (5, 30433) (6, 33416) (7, 34807) (8, 33624) (9, 34667) (10, 33354) (11, 35080) (12, 33609) (13, 35011) (14, 37790) (15, 36701)
[00:09:57 -154998.103295] SLOW spr round 13 (radius: 5)
    busy_ratio: 0.828693
    stats_step: slow_spr
    wait_time_ms  (0, 5742) (1, 5574) (2, 3575) (3, 5654) (4, 6662) (5, 9071) (6, 6677) (7, 5471) (8, 6536) (9, 5579) (10, 6736) (11, 5386) (12, 6537) (13, 5310) (14, 3123) (15, 2998)
    cpu_time_ms  (0, 27323) (1, 27495) (2, 29494) (3, 27415) (4, 26406) (5, 23998) (6, 26391) (7, 27597) (8, 26533) (9, 27490) (10, 26331) (11, 27678) (12, 26531) (13, 27759) (14, 29946) (15, 30071)
[00:10:30 -154998.101359] SLOW spr round 14 (radius: 10)
    busy_ratio: 0.825082
    stats_step: slow_spr
    wait_time_ms  (0, 4529) (1, 4647) (2, 2932) (3, 4808) (4, 5648) (5, 7567) (6, 5577) (7, 4589) (8, 5476) (9, 4559) (10, 5669) (11, 4356) (12, 5436) (13, 4268) (14, 2536) (15, 2508)
    cpu_time_ms  (0, 22306) (1, 22192) (2, 23907) (3, 22031) (4, 21191) (5, 19272) (6, 21262) (7, 22250) (8, 21363) (9, 22280) (10, 21167) (11, 22477) (12, 21403) (13, 22571) (14, 24303) (15, 24331)
[00:10:57 -154998.101175] SLOW spr round 15 (radius: 15)
    busy_ratio: 0.817969
    stats_step: slow_spr
    wait_time_ms  (0, 11497) (1, 10974) (2, 7373) (3, 10676) (4, 12427) (5, 16668) (6, 12493) (7, 10690) (8, 12449) (9, 11066) (10, 12365) (11, 10208) (12, 12253) (13, 10689) (14, 6702) (15, 4871)
    cpu_time_ms  (0, 48039) (1, 48566) (2, 52167) (3, 48864) (4, 47113) (5, 42871) (6, 47047) (7, 48850) (8, 47090) (9, 48474) (10, 47169) (11, 49319) (12, 47287) (13, 48851) (14, 52837) (15, 54668)
[00:11:56 -154998.101155] SLOW spr round 16 (radius: 20)
    busy_ratio: 0.817782
    stats_step: slow_spr
    wait_time_ms  (0, 17444) (1, 16405) (2, 11108) (3, 15985) (4, 18278) (5, 24731) (6, 18574) (7, 16003) (8, 18570) (9, 16646) (10, 18302) (11, 15149) (12, 18251) (13, 16556) (14, 10764) (15, 6684)
    cpu_time_ms  (0, 71547) (1, 72591) (2, 77888) (3, 73011) (4, 70714) (5, 64265) (6, 70421) (7, 72993) (8, 70426) (9, 72350) (10, 70678) (11, 73818) (12, 70745) (13, 72440) (14, 78231) (15, 82312)
[00:13:25 -154998.101152] SLOW spr round 17 (radius: 25)
    busy_ratio: 0.823755
    stats_step: slow_spr
    wait_time_ms  (0, 21334) (1, 20014) (2, 13283) (3, 19004) (4, 22449) (5, 30346) (6, 22545) (7, 19247) (8, 22401) (9, 20457) (10, 22396) (11, 18727) (12, 22130) (13, 20244) (14, 12902) (15, 8700)
    cpu_time_ms  (0, 90790) (1, 92113) (2, 98847) (3, 93123) (4, 89679) (5, 81783) (6, 89583) (7, 92880) (8, 89728) (9, 91671) (10, 89721) (11, 93378) (12, 89998) (13, 91884) (14, 99226) (15, 103428)
[00:15:17 -154998.101151] Model parameter optimization (eps = 0.100000)
    busy_ratio: 0.798765
    stats_step: model_param4
    wait_time_ms  (0, 296) (1, 410) (2, 285) (3, 594) (4, 728) (5, 922) (6, 698) (7, 510) (8, 660) (9, 412) (10, 734) (11, 463) (12, 701) (13, 276) (14, 152) (15, 454)
    cpu_time_ms  (0, 2279) (1, 2169) (2, 2294) (3, 1985) (4, 1851) (5, 1657) (6, 1881) (7, 2069) (8, 1919) (9, 2167) (10, 1844) (11, 2115) (12, 1878) (13, 2303) (14, 2427) (15, 2125)

Optimized model parameters:

   Partition 0: PARTITION_0
   Rate heterogeneity: GAMMA (4 cats),  alpha: 0.385 (ML),  weights&rates: (0.250,0.015) (0.250,0.171) (0.250,0.715) (0.250,3.100) 
   Base frequencies (empirical): 0.278 0.163 0.173 0.386 
   Substitution rates (ML): 1.867 4.570 0.556 1.449 3.799 1.000 

   Partition 1: PARTITION_1
   Rate heterogeneity: GAMMA (4 cats),  alpha: 0.843 (ML),  weights&rates: (0.250,0.105) (0.250,0.424) (0.250,0.968) (0.250,2.503) 
   Base frequencies (empirical): 0.406 0.143 0.283 0.169 
   Substitution rates (ML): 1.125 1.983 0.293 0.918 6.030 1.000 

   Partition 2: PARTITION_2
   Rate heterogeneity: GAMMA (4 cats),  alpha: 0.486 (ML),  weights&rates: (0.250,0.031) (0.250,0.242) (0.250,0.809) (0.250,2.917) 
   Base frequencies (empirical): 0.338 0.167 0.164 0.331 
   Substitution rates (ML): 0.798 1.476 0.708 0.770 1.320 1.000 

   Partition 3: PARTITION_3
   Rate heterogeneity: GAMMA (4 cats),  alpha: 0.161 (ML),  weights&rates: (0.250,0.000) (0.250,0.015) (0.250,0.276) (0.250,3.709) 
   Base frequencies (empirical): 0.349 0.177 0.193 0.281 
   Substitution rates (ML): 1.671 2.063 0.185 1.611 24.709 1.000 

   Partition 4: PARTITION_4
   Rate heterogeneity: GAMMA (4 cats),  alpha: 0.292 (ML),  weights&rates: (0.250,0.005) (0.250,0.098) (0.250,0.582) (0.250,3.316) 
   Base frequencies (empirical): 0.245 0.219 0.282 0.254 
   Substitution rates (ML): 1.580 5.094 1.677 1.773 9.069 1.000 

   Partition 5: PARTITION_5
   Rate heterogeneity: GAMMA (4 cats),  alpha: 0.278 (ML),  weights&rates: (0.250,0.004) (0.250,0.088) (0.250,0.558) (0.250,3.351) 
   Base frequencies (empirical): 0.198 0.326 0.304 0.172 
   Substitution rates (ML): 1.032 2.007 1.810 0.701 3.295 1.000 

   Partition 6: PARTITION_6
   Rate heterogeneity: GAMMA (4 cats),  alpha: 0.231 (ML),  weights&rates: (0.250,0.001) (0.250,0.053) (0.250,0.460) (0.250,3.486) 
   Base frequencies (empirical): 0.272 0.192 0.249 0.286 
   Substitution rates (ML): 1.097 2.429 0.694 1.045 5.445 1.000 

   Partition 7: PARTITION_7
   Rate heterogeneity: GAMMA (4 cats),  alpha: 0.370 (ML),  weights&rates: (0.250,0.013) (0.250,0.159) (0.250,0.696) (0.250,3.132) 
   Base frequencies (empirical): 0.215 0.266 0.291 0.228 
   Substitution rates (ML): 1.168 3.905 0.942 0.892 4.920 1.000 

   Partition 8: PARTITION_8
   Rate heterogeneity: GAMMA (4 cats),  alpha: 0.145 (ML),  weights&rates: (0.250,0.000) (0.250,0.009) (0.250,0.226) (0.250,3.765) 
   Base frequencies (empirical): 0.340 0.167 0.199 0.294 
   Substitution rates (ML): 2.440 2.111 0.612 2.468 19.995 1.000 

   Partition 9: PARTITION_9
   Rate heterogeneity: GAMMA (4 cats),  alpha: 0.536 (ML),  weights&rates: (0.250,0.040) (0.250,0.275) (0.250,0.845) (0.250,2.840) 
   Base frequencies (empirical): 0.365 0.139 0.187 0.309 
   Substitution rates (ML): 0.948 1.348 0.351 1.174 2.672 1.000 

   Partition 10: PARTITION_10
   Rate heterogeneity: GAMMA (4 cats),  alpha: 0.441 (ML),  weights&rates: (0.250,0.023) (0.250,0.212) (0.250,0.772) (0.250,2.993) 
   Base frequencies (empirical): 0.300 0.178 0.159 0.363 
   Substitution rates (ML): 1.096 2.936 0.476 1.355 2.480 1.000 

Final LogLikelihood: -154996.669733

Elapsed time: 920.581 seconds

Final tree saved to: /home/morelbt/github/raxml-ng-1/bin/data/404/404.phy.raxml.bestTree

Execution log saved to: /home/morelbt/github/raxml-ng-1/bin/data/404/404.phy.raxml.log

