
RAxML-NG v. 0.1.0 BETA released on 18.03.2017 by The Exelixis Lab.
Authors: Alexey Kozlov, Alexandros Stamatakis, Diego Darriba, Tomas Flouri, Benoit Morel.
Latest version: https://github.com/amkozlov/raxml-ng
Questions/problems/suggestions? Please visit: https://groups.google.com/forum/#!forum/raxml

WARNING: This is a BETA release, please use at your own risk!

RAxML-NG was called as follows:

./raxml-ng-mpi --seed=42 --msa /home/morelbt/github/raxml-ng/bin/results/404_repeats_T16/404.phy --model /home/morelbt/github/raxml-ng/bin/results/404_repeats_T16/404.part --simd AVX --threads 16 --repeats on --tree /home/morelbt/github/raxml-ng/bin/results/404_repeats_T16/unrooted.newick --redo

Analysis options:
  run mode: ML tree search
  start tree(s): user
  random seed: 42
  tip-inner: OFF
  repeats: ON
  pattern compression: ON
  fast spr radius: AUTO
  spr subtree cutoff: 1.000000
  branch lengths: ML estimate (linked)
  SIMD kernels: AVX
  parallelization: PTHREADS (16 threads)

WARNING: Running in REDO mode: existing checkpoints are ignored, and all result files will be overwritten!

[00:00:00] Reading alignment from file: /home/morelbt/github/raxml-ng/bin/results/404_repeats_T16/404.phy
[00:00:00] Loaded alignment with 404 taxa and 13158 sites

WARNING: Fully undetermined sequences found: 246

NOTE: Reduced alignment (with gap-only sequences and columns removed) was printed to:
/home/morelbt/github/raxml-ng/bin/results/404_repeats_T16/404.phy.raxml.reduced.phy

NOTE: The corresponding reduced partition file was printed to:
/home/morelbt/github/raxml-ng/bin/results/404_repeats_T16/404.phy.raxml.reduced.partition

Alignment comprises 11 partitions and 7444 patterns

Partition 0: PARTITION_0
Model: GTR+F+G4
Alignment sites / patterns: 2161 / 1454
Gaps: 66.23 %
Invariant sites: 43.41 %

Partition 1: PARTITION_1
Model: GTR+F+G4
Alignment sites / patterns: 802 / 660
Gaps: 84.88 %
Invariant sites: 39.15 %

Partition 2: PARTITION_2
Model: GTR+F+G4
Alignment sites / patterns: 1646 / 1291
Gaps: 76.95 %
Invariant sites: 41.92 %

Partition 3: PARTITION_3
Model: GTR+F+G4
Alignment sites / patterns: 588 / 109
Gaps: 90.84 %
Invariant sites: 80.61 %

Partition 4: PARTITION_4
Model: GTR+F+G4
Alignment sites / patterns: 852 / 339
Gaps: 96.47 %
Invariant sites: 65.02 %

Partition 5: PARTITION_5
Model: GTR+F+G4
Alignment sites / patterns: 828 / 718
Gaps: 72.68 %
Invariant sites: 22.71 %

Partition 6: PARTITION_6
Model: GTR+F+G4
Alignment sites / patterns: 1437 / 725
Gaps: 66.87 %
Invariant sites: 62.00 %

Partition 7: PARTITION_7
Model: GTR+F+G4
Alignment sites / patterns: 1218 / 700
Gaps: 83.79 %
Invariant sites: 47.04 %

Partition 8: PARTITION_8
Model: GTR+F+G4
Alignment sites / patterns: 1020 / 99
Gaps: 94.06 %
Invariant sites: 86.67 %

Partition 9: PARTITION_9
Model: GTR+F+G4
Alignment sites / patterns: 1025 / 431
Gaps: 95.35 %
Invariant sites: 62.63 %

Partition 10: PARTITION_10
Model: GTR+F+G4
Alignment sites / patterns: 1581 / 918
Gaps: 71.48 %
Invariant sites: 40.10 %


[00:00:01] Loading user starting tree(s) from: /home/morelbt/github/raxml-ng/bin/results/404_repeats_T16/unrooted.newick
thread#	part#	start	length
0	7	0	368
0	8	0	99

1	1	0	366
1	3	0	109

2	1	366	107
2	4	0	339

3	1	473	50
3	9	0	431

4	0	0	466

5	0	466	465

6	0	931	465

7	0	1396	54
7	2	0	409

8	2	409	468

9	2	877	414
9	10	0	47

10	10	47	468

11	6	0	60
11	10	515	403

12	6	60	482

13	5	0	263
13	6	542	183

14	5	263	455

15	1	523	137
15	7	368	332


[00:00:01] Data distribution: partitions/thread: 1-2, patterns/thread: 467-139842623356419

Starting ML tree search with 1 distinct starting trees

[00:00:01 -198453.296698] Initial branch length optimization
    busy_ratio: 0.948183
    stats_step: initial_blo
    wait_time_ms  (0, 127) (1, 28) (2, 76) (3, 84) (4, 118) (5, 159) (6, 120) (7, 96) (8, 115) (9, 109) (10, 120) (11, 98) (12, 104) (13, 117) (14, 121) (15, 102)
    cpu_time_ms  (0, 1003) (1, 2117) (2, 2027) (3, 2020) (4, 1993) (5, 1947) (6, 1989) (7, 2010) (8, 1992) (9, 2006) (10, 1989) (11, 2007) (12, 2000) (13, 2027) (14, 1982) (15, 2002)
[00:00:02 -162369.242432] Model parameter optimization (eps = 10.000000)
    busy_ratio: 0.805306
    stats_step: modelopt1
    wait_time_ms  (0, 669) (1, 788) (2, 661) (3, 1072) (4, 1366) (5, 1786) (6, 1409) (7, 846) (8, 1210) (9, 958) (10, 1431) (11, 993) (12, 1267) (13, 635) (14, 1052) (15, 980)
    cpu_time_ms  (0, 4811) (1, 4711) (2, 4839) (3, 4427) (4, 4133) (5, 3713) (6, 4091) (7, 4653) (8, 4290) (9, 4541) (10, 4069) (11, 4506) (12, 4232) (13, 4864) (14, 4447) (15, 4520)
[00:00:07 -155513.724529] AUTODETECT spr round 1 (radius: 5)
    busy_ratio: 0.880677
    stats_step: autodetect_spr
    wait_time_ms  (0, 521) (1, 501) (2, 414) (3, 800) (4, 1538) (5, 1935) (6, 1582) (7, 513) (8, 1336) (9, 781) (10, 1537) (11, 828) (12, 1385) (13, 339) (14, 1241) (15, 646)
    cpu_time_ms  (0, 7794) (1, 7829) (2, 7916) (3, 7530) (4, 6792) (5, 6395) (6, 6747) (7, 7817) (8, 6993) (9, 7549) (10, 6794) (11, 7502) (12, 6942) (13, 7991) (14, 7089) (15, 7685)
[00:00:16 -155214.927342] AUTODETECT spr round 2 (radius: 10)
    busy_ratio: 0.878044
    stats_step: autodetect_spr
    wait_time_ms  (0, 1186) (1, 712) (2, 1061) (3, 978) (4, 2742) (5, 3303) (6, 2705) (7, 771) (8, 2466) (9, 1128) (10, 2654) (11, 1095) (12, 2338) (13, 605) (14, 2254) (15, 997)
    cpu_time_ms  (0, 12635) (1, 13127) (2, 12778) (3, 12861) (4, 11097) (5, 10535) (6, 11134) (7, 13068) (8, 11371) (9, 12711) (10, 11185) (11, 12745) (12, 11501) (13, 13234) (14, 11585) (15, 12842)
[00:00:30 -155205.173536] AUTODETECT spr round 3 (radius: 15)
    busy_ratio: 0.878699
    stats_step: autodetect_spr
    wait_time_ms  (0, 1771) (1, 1769) (2, 1390) (3, 1826) (4, 3790) (5, 4284) (6, 3710) (7, 1247) (8, 3172) (9, 1325) (10, 3345) (11, 2040) (12, 3125) (13, 1650) (14, 3273) (15, 1583)
    cpu_time_ms  (0, 18463) (1, 18484) (2, 18865) (3, 18429) (4, 16463) (5, 15970) (6, 16544) (7, 19008) (8, 17083) (9, 18928) (10, 16907) (11, 18214) (12, 17128) (13, 18605) (14, 16982) (15, 18671)
[00:00:50 -155205.128485] SPR radius for FAST iterations: 10 (autodetect)
[00:00:50 -155205.128485] Model parameter optimization (eps = 3.000000)
    busy_ratio: 0.799639
    stats_step: modelopt2
    wait_time_ms  (0, 294) (1, 349) (2, 264) (3, 494) (4, 619) (5, 720) (6, 638) (7, 381) (8, 545) (9, 351) (10, 632) (11, 480) (12, 580) (13, 233) (14, 488) (15, 391)
    cpu_time_ms  (0, 2019) (1, 1981) (2, 2066) (3, 1836) (4, 1711) (5, 1610) (6, 1690) (7, 1949) (8, 1785) (9, 1979) (10, 1698) (11, 1850) (12, 1750) (13, 2097) (14, 1842) (15, 1939)
[00:00:52 -155201.449841] FAST spr round 1 (radius: 10)
    busy_ratio: 0.866607
    stats_step: spr_FAST_1
    wait_time_ms  (0, 1366) (1, 1174) (2, 1027) (3, 1479) (4, 2799) (5, 3391) (6, 2860) (7, 1046) (8, 2617) (9, 1405) (10, 2918) (11, 1700) (12, 2530) (13, 949) (14, 2682) (15, 1013)
    cpu_time_ms  (0, 13125) (1, 13339) (2, 13485) (3, 13033) (4, 11714) (5, 11121) (6, 11652) (7, 13467) (8, 11896) (9, 13108) (10, 11594) (11, 12813) (12, 11983) (13, 13564) (14, 11829) (15, 13500)
[00:01:07 -155178.685534] FAST spr round 2 (radius: 10)
    busy_ratio: 0.868155
    stats_step: spr_FAST_1
    wait_time_ms  (0, 851) (1, 1074) (2, 508) (3, 913) (4, 1997) (5, 2635) (6, 1999) (7, 917) (8, 2017) (9, 1347) (10, 2071) (11, 1112) (12, 2093) (13, 582) (14, 1987) (15, 1045)
    cpu_time_ms  (0, 10120) (1, 9906) (2, 10472) (3, 10066) (4, 8982) (5, 8344) (6, 8978) (7, 10063) (8, 8960) (9, 9633) (10, 8908) (11, 9868) (12, 8884) (13, 10398) (14, 8992) (15, 9935)
[00:01:18 -155175.144515] FAST spr round 3 (radius: 10)
    busy_ratio: 0.661151
    stats_step: spr_FAST_1
    wait_time_ms  (0, 3880) (1, 3982) (2, 3439) (3, 4155) (4, 4831) (5, 5393) (6, 4651) (7, 4007) (8, 4815) (9, 4378) (10, 2634) (11, 4112) (12, 4830) (13, 175) (14, 4602) (15, 4209)
    cpu_time_ms  (0, 7938) (1, 7842) (2, 8388) (3, 7669) (4, 6995) (5, 6432) (6, 7174) (7, 7819) (8, 7011) (9, 7448) (10, 9192) (11, 7714) (12, 6996) (13, 11649) (14, 7224) (15, 7617)
[00:01:30 -155174.730420] FAST spr round 4 (radius: 10)
    busy_ratio: 0.780516
    stats_step: spr_FAST_1
    wait_time_ms  (0, 1824) (1, 1730) (2, 1572) (3, 1991) (4, 2334) (5, 3232) (6, 2708) (7, 2032) (8, 2527) (9, 425) (10, 2033) (11, 2192) (12, 2645) (13, 1796) (14, 2594) (15, 1802)
    cpu_time_ms  (0, 7693) (1, 7797) (2, 7953) (3, 7536) (4, 7193) (5, 6294) (6, 6818) (7, 7495) (8, 7000) (9, 9102) (10, 7491) (11, 7335) (12, 6882) (13, 7731) (14, 6933) (15, 7725)
[00:01:39 -155174.701941] Model parameter optimization (eps = 1.000000)
    busy_ratio: 0.721729
    stats_step: modelopt3
    wait_time_ms  (0, 226) (1, 224) (2, 157) (3, 278) (4, 309) (5, 382) (6, 330) (7, 250) (8, 280) (9, 257) (10, 276) (11, 264) (12, 291) (13, 80) (14, 282) (15, 258)
    cpu_time_ms  (0, 701) (1, 708) (2, 775) (3, 654) (4, 623) (5, 550) (6, 602) (7, 682) (8, 652) (9, 675) (10, 656) (11, 668) (12, 641) (13, 852) (14, 650) (15, 674)
[00:01:40 -155174.534477] SLOW spr round 1 (radius: 5)
    busy_ratio: 0.852560
    stats_step: spr_SLOW_2
    wait_time_ms  (0, 4266) (1, 3705) (2, 2283) (3, 3278) (4, 4596) (5, 6521) (6, 4688) (7, 3330) (8, 3847) (9, 4128) (10, 4404) (11, 3473) (12, 3621) (13, 3404) (14, 4536) (15, 3150)
    cpu_time_ms  (0, 22528) (1, 23105) (2, 24527) (3, 23530) (4, 22214) (5, 20289) (6, 22122) (7, 23481) (8, 22963) (9, 22682) (10, 22406) (11, 23337) (12, 23189) (13, 23406) (14, 22274) (15, 23657)
[00:02:07 -155155.312384] SLOW spr round 2 (radius: 5)
    busy_ratio: 0.869319
    stats_step: spr_SLOW_2
    wait_time_ms  (0, 3105) (1, 2813) (2, 1483) (3, 2492) (4, 3622) (5, 5405) (6, 3895) (7, 2277) (8, 3091) (9, 3302) (10, 3763) (11, 2705) (12, 2967) (13, 3089) (14, 3657) (15, 2638)
    cpu_time_ms  (0, 20951) (1, 21253) (2, 22582) (3, 21574) (4, 20444) (5, 18660) (6, 20170) (7, 21789) (8, 20972) (9, 20764) (10, 20300) (11, 21360) (12, 21099) (13, 20977) (14, 20409) (15, 21428)
[00:02:31 -155152.608721] SLOW spr round 3 (radius: 5)
    busy_ratio: 0.863479
    stats_step: spr_SLOW_2
    wait_time_ms  (0, 3362) (1, 2964) (2, 1610) (3, 2228) (4, 3407) (5, 5235) (6, 3901) (7, 1819) (8, 3289) (9, 2520) (10, 3714) (11, 2870) (12, 2770) (13, 3009) (14, 3328) (15, 2941)
    cpu_time_ms  (0, 19053) (1, 19460) (2, 20814) (3, 20196) (4, 19016) (5, 17189) (6, 18523) (7, 20606) (8, 19136) (9, 19904) (10, 18710) (11, 19554) (12, 19654) (13, 19416) (14, 19096) (15, 19483)
[00:02:54 -155152.229452] SLOW spr round 4 (radius: 5)
    busy_ratio: 0.866858
    stats_step: spr_SLOW_2
    wait_time_ms  (0, 2853) (1, 2300) (2, 1333) (3, 2177) (4, 3193) (5, 4948) (6, 3544) (7, 2079) (8, 3153) (9, 2953) (10, 3493) (11, 2483) (12, 2736) (13, 2849) (14, 3120) (15, 2693)
    cpu_time_ms  (0, 18693) (1, 19256) (2, 20223) (3, 19379) (4, 18361) (5, 16607) (6, 18011) (7, 19478) (8, 18403) (9, 18603) (10, 18063) (11, 19074) (12, 18819) (13, 18708) (14, 18436) (15, 18864)
[00:03:15 -155152.228663] SLOW spr round 5 (radius: 10)
    busy_ratio: 0.858593
    stats_step: spr_SLOW_2
    wait_time_ms  (0, 3303) (1, 1695) (2, 2713) (3, 1639) (4, 4105) (5, 3932) (6, 4530) (7, 1603) (8, 4154) (9, 1856) (10, 4463) (11, 1859) (12, 3670) (13, 1702) (14, 4112) (15, 1976)
    cpu_time_ms  (0, 17605) (1, 19223) (2, 18204) (3, 19279) (4, 16812) (5, 16982) (6, 16387) (7, 19314) (8, 16762) (9, 19061) (10, 16453) (11, 19059) (12, 17247) (13, 19216) (14, 16804) (15, 18941)
[00:03:36 -155152.227988] SLOW spr round 6 (radius: 15)
    busy_ratio: 0.851403
    stats_step: spr_SLOW_2
    wait_time_ms  (0, 10311) (1, 4795) (2, 8609) (3, 4450) (4, 12153) (5, 8487) (6, 12673) (7, 5054) (8, 12104) (9, 5012) (10, 12711) (11, 5459) (12, 10765) (13, 6118) (14, 12387) (15, 5485)
    cpu_time_ms  (0, 47124) (1, 52655) (2, 48841) (3, 53001) (4, 45294) (5, 48962) (6, 44774) (7, 52396) (8, 45345) (9, 52438) (10, 44738) (11, 51991) (12, 46684) (13, 51332) (14, 45062) (15, 51965)
[00:04:34 -155152.227309] SLOW spr round 7 (radius: 20)
    busy_ratio: 0.860619
    stats_step: spr_SLOW_2
    wait_time_ms  (0, 14415) (1, 5062) (2, 11677) (3, 5760) (4, 15289) (5, 11666) (6, 16052) (7, 6564) (8, 15550) (9, 5882) (10, 16103) (11, 6725) (12, 13643) (13, 6112) (14, 16387) (15, 6562)
    cpu_time_ms  (0, 63356) (1, 72722) (2, 66107) (3, 72024) (4, 62494) (5, 66117) (6, 61732) (7, 71221) (8, 62233) (9, 71902) (10, 61680) (11, 71059) (12, 64140) (13, 71672) (14, 61396) (15, 71222)
[00:05:51 -155146.648642] SLOW spr round 8 (radius: 5)
    busy_ratio: 0.853964
    stats_step: spr_SLOW_2
    wait_time_ms  (0, 7535) (1, 3041) (2, 5759) (3, 2969) (4, 8076) (5, 6201) (6, 8503) (7, 2977) (8, 7720) (9, 3202) (10, 8853) (11, 3540) (12, 7557) (13, 3723) (14, 8530) (15, 3536)
    cpu_time_ms  (0, 31714) (1, 36221) (2, 33502) (3, 36292) (4, 31184) (5, 33060) (6, 30758) (7, 36284) (8, 31541) (9, 36059) (10, 30407) (11, 35721) (12, 31704) (13, 35539) (14, 30731) (15, 35725)
[00:06:31 -155146.597693] SLOW spr round 9 (radius: 10)
    busy_ratio: 0.816722
    stats_step: spr_SLOW_2
    wait_time_ms  (0, 7987) (1, 4353) (2, 6895) (3, 4403) (4, 8819) (5, 4163) (6, 8980) (7, 4493) (8, 8808) (9, 4574) (10, 5498) (11, 4877) (12, 8166) (13, 4347) (14, 8966) (15, 4808)
    cpu_time_ms  (0, 26156) (1, 29801) (2, 27258) (3, 29750) (4, 25333) (5, 29990) (6, 25172) (7, 29661) (8, 25345) (9, 29580) (10, 28655) (11, 29277) (12, 25986) (13, 29807) (14, 25187) (15, 29346)
[00:07:05 -155146.596563] SLOW spr round 10 (radius: 15)
    busy_ratio: 0.857822
    stats_step: spr_SLOW_2
    wait_time_ms  (0, 8320) (1, 3178) (2, 6416) (3, 3268) (4, 9492) (5, 7214) (6, 9273) (7, 3461) (8, 8862) (9, 3662) (10, 9811) (11, 3941) (12, 7997) (13, 4285) (14, 9561) (15, 3957)
    cpu_time_ms  (0, 36820) (1, 41974) (2, 38735) (3, 41884) (4, 35658) (5, 37937) (6, 35877) (7, 41690) (8, 36286) (9, 41489) (10, 35339) (11, 41210) (12, 37153) (13, 40867) (14, 35590) (15, 41194)
[00:07:50 -155146.595526] SLOW spr round 11 (radius: 20)
    busy_ratio: 0.855783
    stats_step: spr_SLOW_2
    wait_time_ms  (0, 15737) (1, 5923) (2, 12029) (3, 6471) (4, 16430) (5, 13472) (6, 17388) (7, 6899) (8, 16611) (9, 6870) (10, 17555) (11, 7675) (12, 15060) (13, 5807) (14, 18119) (15, 7906)
    cpu_time_ms  (0, 66576) (1, 76404) (2, 70297) (3, 75855) (4, 65895) (5, 68853) (6, 64937) (7, 75427) (8, 65715) (9, 75456) (10, 64770) (11, 74651) (12, 67265) (13, 76519) (14, 64207) (15, 74420)
[00:09:12 -155146.594560] SLOW spr round 12 (radius: 25)
    busy_ratio: 0.855650
    stats_step: spr_SLOW_2
    wait_time_ms  (0, 18032) (1, 7163) (2, 13187) (3, 7382) (4, 19306) (5, 15277) (6, 18672) (7, 8001) (8, 18769) (9, 8033) (10, 19482) (11, 8880) (12, 16980) (13, 9694) (14, 20006) (15, 8433)
    cpu_time_ms  (0, 76045) (1, 86928) (2, 80903) (3, 86709) (4, 74784) (5, 78813) (6, 75417) (7, 86090) (8, 75321) (9, 86058) (10, 74608) (11, 85210) (12, 77110) (13, 84397) (14, 74084) (15, 85658)
[00:10:46 -155140.463556] SLOW spr round 13 (radius: 5)
    busy_ratio: 0.851732
    stats_step: spr_SLOW_2
    wait_time_ms  (0, 7513) (1, 2919) (2, 6057) (3, 3248) (4, 8818) (5, 7238) (6, 9141) (7, 3493) (8, 8630) (9, 3478) (10, 9159) (11, 3952) (12, 7679) (13, 3224) (14, 9223) (15, 3773)
    cpu_time_ms  (0, 33600) (1, 38206) (2, 35068) (3, 37877) (4, 32306) (5, 33887) (6, 31983) (7, 37632) (8, 32494) (9, 37647) (10, 31966) (11, 37173) (12, 33445) (13, 37901) (14, 31902) (15, 37353)
[00:11:28 -155091.137844] SLOW spr round 14 (radius: 5)
    busy_ratio: 0.855732
    stats_step: spr_SLOW_2
    wait_time_ms  (0, 6007) (1, 2177) (2, 4759) (3, 2261) (4, 7050) (5, 5582) (6, 7066) (7, 2551) (8, 6653) (9, 2494) (10, 7231) (11, 2821) (12, 6231) (13, 2775) (14, 7185) (15, 2746)
    cpu_time_ms  (0, 26737) (1, 30576) (2, 27994) (3, 30492) (4, 25702) (5, 27171) (6, 25686) (7, 30203) (8, 26099) (9, 30259) (10, 25521) (11, 29933) (12, 26521) (13, 29979) (14, 25568) (15, 30008)
[00:12:00 -155084.210735] SLOW spr round 15 (radius: 5)
    busy_ratio: 0.846044
    stats_step: spr_SLOW_2
    wait_time_ms  (0, 5287) (1, 2048) (2, 4204) (3, 2198) (4, 5829) (5, 5114) (6, 6282) (7, 2371) (8, 5982) (9, 2101) (10, 6358) (11, 2740) (12, 5687) (13, 2151) (14, 6332) (15, 2638)
    cpu_time_ms  (0, 22040) (1, 25289) (2, 23133) (3, 25139) (4, 21507) (5, 22222) (6, 21053) (7, 24966) (8, 21354) (9, 25234) (10, 20978) (11, 24597) (12, 21648) (13, 25186) (14, 21005) (15, 24699)
[00:12:28 -155084.199680] SLOW spr round 16 (radius: 10)
    busy_ratio: 0.854134
    stats_step: spr_SLOW_2
    wait_time_ms  (0, 3988) (1, 1510) (2, 3252) (3, 1631) (4, 5003) (5, 4085) (6, 4959) (7, 1762) (8, 4684) (9, 1804) (10, 5211) (11, 2013) (12, 4523) (13, 1564) (14, 5013) (15, 1828)
    cpu_time_ms  (0, 18644) (1, 21133) (2, 19390) (3, 21012) (4, 17639) (5, 18557) (6, 17681) (7, 20881) (8, 17957) (9, 20838) (10, 17431) (11, 20629) (12, 18118) (13, 21079) (14, 17629) (15, 20815)
[00:12:50 -155032.464986] SLOW spr round 17 (radius: 5)
    busy_ratio: 0.852220
    stats_step: spr_SLOW_2
    wait_time_ms  (0, 6892) (1, 2577) (2, 5585) (3, 2863) (4, 8174) (5, 6407) (6, 8079) (7, 2921) (8, 7453) (9, 3018) (10, 8189) (11, 3438) (12, 7294) (13, 2808) (14, 8147) (15, 2963)
    cpu_time_ms  (0, 29819) (1, 34144) (2, 31137) (3, 33859) (4, 28546) (5, 30314) (6, 28634) (7, 33801) (8, 29268) (9, 33703) (10, 28531) (11, 33284) (12, 29426) (13, 33914) (14, 28574) (15, 33758)
[00:13:27 -154988.651410] SLOW spr round 18 (radius: 5)
    busy_ratio: 0.852758
    stats_step: spr_SLOW_2
    wait_time_ms  (0, 5676) (1, 2161) (2, 4495) (3, 2266) (4, 6700) (5, 5368) (6, 6732) (7, 2525) (8, 6088) (9, 2476) (10, 6907) (11, 2749) (12, 5988) (13, 2318) (14, 6809) (15, 2487)
    cpu_time_ms  (0, 24775) (1, 28300) (2, 25965) (3, 28195) (4, 23760) (5, 25092) (6, 23722) (7, 27936) (8, 24372) (9, 27985) (10, 23553) (11, 27711) (12, 24471) (13, 28143) (14, 23651) (15, 27974)
[00:13:58 -154974.310430] SLOW spr round 19 (radius: 5)
    busy_ratio: 0.840033
    stats_step: spr_SLOW_2
    wait_time_ms  (0, 5202) (1, 2176) (2, 4037) (3, 2407) (4, 5465) (5, 5064) (6, 6112) (7, 2455) (8, 5731) (9, 2522) (10, 6197) (11, 2827) (12, 5607) (13, 2251) (14, 6196) (15, 2205)
    cpu_time_ms  (0, 20758) (1, 23795) (2, 21933) (3, 23564) (4, 20505) (5, 20906) (6, 19852) (7, 23516) (8, 20239) (9, 23448) (10, 19773) (11, 23144) (12, 20362) (13, 23720) (14, 19774) (15, 23765)
[00:14:24 -154974.252339] SLOW spr round 20 (radius: 10)
    busy_ratio: 0.728167
    stats_step: spr_SLOW_2
    wait_time_ms  (0, 8389) (1, 6111) (2, 2104) (3, 3807) (4, 9506) (5, 8753) (6, 9401) (7, 6415) (8, 9041) (9, 3643) (10, 9544) (11, 6792) (12, 9001) (13, 6417) (14, 9504) (15, 6573)
    cpu_time_ms  (0, 18047) (1, 20335) (2, 24342) (3, 22639) (4, 16939) (5, 17693) (6, 17039) (7, 20032) (8, 17405) (9, 22804) (10, 16902) (11, 19654) (12, 17444) (13, 20030) (14, 16942) (15, 19874)
[00:14:50 -154974.249965] SLOW spr round 21 (radius: 15)
    busy_ratio: 0.732221
    stats_step: spr_SLOW_2
    wait_time_ms  (0, 21123) (1, 14222) (2, 19084) (3, 7115) (4, 22320) (5, 19826) (6, 9120) (7, 15368) (8, 21930) (9, 15240) (10, 22306) (11, 10791) (12, 20962) (13, 15215) (14, 22576) (15, 15511)
    cpu_time_ms  (0, 42522) (1, 49435) (2, 44572) (3, 56541) (4, 41335) (5, 43830) (6, 54521) (7, 48289) (8, 41726) (9, 48417) (10, 41349) (11, 52866) (12, 42693) (13, 48442) (14, 41080) (15, 48145)
[00:15:54 -154974.249857] SLOW spr round 22 (radius: 20)
    busy_ratio: 0.733723
    stats_step: spr_SLOW_2
    wait_time_ms  (0, 29258) (1, 21109) (2, 26636) (3, 12440) (4, 27339) (5, 27587) (6, 14226) (7, 21833) (8, 30126) (9, 21836) (10, 31307) (11, 17350) (12, 22198) (13, 22755) (14, 31310) (15, 22017)
    cpu_time_ms  (0, 59769) (1, 67933) (2, 62406) (3, 76601) (4, 61702) (5, 61453) (6, 74794) (7, 67209) (8, 58915) (9, 67205) (10, 57734) (11, 71691) (12, 66842) (13, 66287) (14, 57731) (15, 67024)
[00:17:23 -154974.249839] SLOW spr round 23 (radius: 25)
    busy_ratio: 0.762096
    stats_step: spr_SLOW_2
    wait_time_ms  (0, 30421) (1, 22104) (2, 29640) (3, 18711) (4, 13789) (5, 30982) (6, 33195) (7, 23053) (8, 34396) (9, 23110) (10, 35131) (11, 24230) (12, 16388) (13, 22972) (14, 35651) (15, 23724)
    cpu_time_ms  (0, 79253) (1, 87584) (2, 80048) (3, 90976) (4, 95885) (5, 78705) (6, 76482) (7, 86635) (8, 75292) (9, 86578) (10, 74556) (11, 85458) (12, 93299) (13, 86716) (14, 74036) (15, 85964)
[00:19:13 -154974.249830] Model parameter optimization (eps = 0.100000)
    busy_ratio: 0.733225
    stats_step: modelopt4
    wait_time_ms  (0, 527) (1, 413) (2, 466) (3, 161) (4, 812) (5, 787) (6, 782) (7, 317) (8, 676) (9, 427) (10, 793) (11, 453) (12, 744) (13, 236) (14, 704) (15, 365)
    cpu_time_ms  (0, 1498) (1, 1618) (2, 1565) (3, 1869) (4, 1219) (5, 1244) (6, 1249) (7, 1714) (8, 1355) (9, 1604) (10, 1238) (11, 1577) (12, 1287) (13, 1794) (14, 1327) (15, 1665)

[00:19:15] ML tree search #1, logLikelihood: -154973.877041


Optimized model parameters:

   Partition 0: PARTITION_0
   Rate heterogeneity: GAMMA (4 cats),  alpha: 0.391 (ML),  weights&rates: (0.250,0.015) (0.250,0.175) (0.250,0.721) (0.250,3.089) 
   Base frequencies (empirical): 0.278 0.163 0.173 0.386 
   Substitution rates (ML): 1.853 4.575 0.553 1.452 3.774 1.000 

   Partition 1: PARTITION_1
   Rate heterogeneity: GAMMA (4 cats),  alpha: 0.844 (ML),  weights&rates: (0.250,0.105) (0.250,0.424) (0.250,0.968) (0.250,2.503) 
   Base frequencies (empirical): 0.406 0.143 0.283 0.169 
   Substitution rates (ML): 1.127 1.985 0.294 0.918 6.027 1.000 

   Partition 2: PARTITION_2
   Rate heterogeneity: GAMMA (4 cats),  alpha: 0.490 (ML),  weights&rates: (0.250,0.032) (0.250,0.245) (0.250,0.813) (0.250,2.910) 
   Base frequencies (empirical): 0.338 0.167 0.164 0.331 
   Substitution rates (ML): 0.792 1.479 0.705 0.765 1.310 1.000 

   Partition 3: PARTITION_3
   Rate heterogeneity: GAMMA (4 cats),  alpha: 0.156 (ML),  weights&rates: (0.250,0.000) (0.250,0.013) (0.250,0.258) (0.250,3.729) 
   Base frequencies (empirical): 0.349 0.177 0.193 0.281 
   Substitution rates (ML): 1.081 16.320 0.153 1.349 1.935 1.000 

   Partition 4: PARTITION_4
   Rate heterogeneity: GAMMA (4 cats),  alpha: 0.291 (ML),  weights&rates: (0.250,0.005) (0.250,0.097) (0.250,0.580) (0.250,3.318) 
   Base frequencies (empirical): 0.245 0.219 0.282 0.254 
   Substitution rates (ML): 1.580 5.107 1.670 1.764 9.024 1.000 

   Partition 5: PARTITION_5
   Rate heterogeneity: GAMMA (4 cats),  alpha: 0.277 (ML),  weights&rates: (0.250,0.004) (0.250,0.087) (0.250,0.555) (0.250,3.355) 
   Base frequencies (empirical): 0.198 0.326 0.304 0.172 
   Substitution rates (ML): 1.049 2.020 1.823 0.705 3.323 1.000 

   Partition 6: PARTITION_6
   Rate heterogeneity: GAMMA (4 cats),  alpha: 0.231 (ML),  weights&rates: (0.250,0.001) (0.250,0.054) (0.250,0.460) (0.250,3.485) 
   Base frequencies (empirical): 0.272 0.192 0.249 0.286 
   Substitution rates (ML): 1.115 2.421 0.694 1.032 5.490 1.000 

   Partition 7: PARTITION_7
   Rate heterogeneity: GAMMA (4 cats),  alpha: 0.368 (ML),  weights&rates: (0.250,0.012) (0.250,0.158) (0.250,0.695) (0.250,3.135) 
   Base frequencies (empirical): 0.215 0.266 0.291 0.228 
   Substitution rates (ML): 1.157 3.903 0.926 0.883 4.851 1.000 

   Partition 8: PARTITION_8
   Rate heterogeneity: GAMMA (4 cats),  alpha: 0.146 (ML),  weights&rates: (0.250,0.000) (0.250,0.009) (0.250,0.229) (0.250,3.762) 
   Base frequencies (empirical): 0.340 0.167 0.199 0.294 
   Substitution rates (ML): 2.407 2.092 0.603 2.413 19.167 1.000 

   Partition 9: PARTITION_9
   Rate heterogeneity: GAMMA (4 cats),  alpha: 0.549 (ML),  weights&rates: (0.250,0.043) (0.250,0.283) (0.250,0.853) (0.250,2.822) 
   Base frequencies (empirical): 0.365 0.139 0.187 0.309 
   Substitution rates (ML): 0.933 1.360 0.355 1.202 2.659 1.000 

   Partition 10: PARTITION_10
   Rate heterogeneity: GAMMA (4 cats),  alpha: 0.440 (ML),  weights&rates: (0.250,0.023) (0.250,0.211) (0.250,0.771) (0.250,2.995) 
   Base frequencies (empirical): 0.300 0.178 0.159 0.363 
   Substitution rates (ML): 1.077 2.898 0.470 1.330 2.436 1.000 

Final LogLikelihood: -154973.877041

Best ML tree saved to: /home/morelbt/github/raxml-ng/bin/results/404_repeats_T16/404.phy.raxml.bestTree

Execution log saved to: /home/morelbt/github/raxml-ng/bin/results/404_repeats_T16/404.phy.raxml.log

Elapsed time: 1155.174 seconds

