RAxML-NG v. 0.1alpha (c) 2017 The Exelixis Lab

WARNING: This is an EXPERIMENTAL version of RAxML which has not been released yet!

RAxML-NG was called as follows:

./raxml-ng-mpi --seed=42 --msa data/404/404.phy --model data/404/404.part --simd AVX --threads 16 --repeats off

Analysis options:
  run mode: Tree search
  start tree: random
  random seed: 42
  tip-inner: ON
  repeats: OFF
  pattern compression: ON
  fast spr radius: AUTO
  spr subtree cutoff: 1.000000
  branch lengths: ML estimate (linked)
  SIMD kernels: AVX
  parallelization: PTHREADS (16 threads)

Reading alignment from file: data/404/404.phy
Loaded alignment with 404 taxa and 13158 sites

Alignment comprises 11 partitions and 7444 patterns

Partition 0: PARTITION_0
Model: GTR+F+G4
Alignment sites / patterns: 2161 / 1454
Gaps: 66.23 %
Invariant sites: 43.41 %

Partition 1: PARTITION_1
Model: GTR+F+G4
Alignment sites / patterns: 802 / 660
Gaps: 84.88 %
Invariant sites: 39.15 %

Partition 2: PARTITION_2
Model: GTR+F+G4
Alignment sites / patterns: 1646 / 1291
Gaps: 76.95 %
Invariant sites: 41.92 %

Partition 3: PARTITION_3
Model: GTR+F+G4
Alignment sites / patterns: 588 / 109
Gaps: 90.84 %
Invariant sites: 80.61 %

Partition 4: PARTITION_4
Model: GTR+F+G4
Alignment sites / patterns: 852 / 339
Gaps: 96.47 %
Invariant sites: 65.02 %

Partition 5: PARTITION_5
Model: GTR+F+G4
Alignment sites / patterns: 828 / 718
Gaps: 72.68 %
Invariant sites: 22.71 %

Partition 6: PARTITION_6
Model: GTR+F+G4
Alignment sites / patterns: 1437 / 725
Gaps: 66.87 %
Invariant sites: 62.00 %

Partition 7: PARTITION_7
Model: GTR+F+G4
Alignment sites / patterns: 1218 / 700
Gaps: 83.79 %
Invariant sites: 47.04 %

Partition 8: PARTITION_8
Model: GTR+F+G4
Alignment sites / patterns: 1020 / 99
Gaps: 94.06 %
Invariant sites: 86.67 %

Partition 9: PARTITION_9
Model: GTR+F+G4
Alignment sites / patterns: 1025 / 431
Gaps: 95.35 %
Invariant sites: 62.63 %

Partition 10: PARTITION_10
Model: GTR+F+G4
Alignment sites / patterns: 1581 / 918
Gaps: 71.48 %
Invariant sites: 40.10 %


Generating a random starting tree with 404 taxa

Data distribution:
thread#	part#	start	length
0	8	0	99
0	7	325	366

1	3	0	109
1	1	162	357

2	4	0	339
2	1	35	127

3	9	0	431
3	1	0	35

4	0	989	465

5	0	524	465

6	0	59	465

7	2	885	406
7	0	0	59

8	2	420	465

9	10	873	45
9	2	0	420

10	10	408	465

11	6	668	57
11	10	0	408

12	6	203	465

13	5	456	262
13	6	0	203

14	7	691	9
14	5	0	456

15	1	519	141
15	7	0	325


Initial LogLikelihood: -317452.41
[00:00:00 -317452.407670] Initial branch length optimization
    busy_ratio: -nan
    stats_step: initial_blo
    wait_time_ms  (0, 0) (1, 0) (2, 0) (3, 0) (4, 0) (5, 0) (6, 0) (7, 0) (8, 0) (9, 0) (10, 0) (11, 0) (12, 0) (13, 0) (14, 0) (15, 0)
    cpu_time_ms  (0, 0) (1, 0) (2, 0) (3, 0) (4, 0) (5, 0) (6, 0) (7, 0) (8, 0) (9, 0) (10, 0) (11, 0) (12, 0) (13, 0) (14, 0) (15, 0)
[00:00:01 -257990.733483] Model parameter optimization (eps = 10.000000)
    busy_ratio: 0.894107
    stats_step: model_param1
    wait_time_ms  (0, 1341) (1, 1669) (2, 722) (3, 1657) (4, 3205) (5, 5385) (6, 3218) (7, 1639) (8, 3160) (9, 1790) (10, 3151) (11, 1799) (12, 3162) (13, 1664) (14, 161) (15, 1638)
    cpu_time_ms  (0, 19530) (1, 19205) (2, 20153) (3, 19215) (4, 17670) (5, 15490) (6, 17657) (7, 19236) (8, 17715) (9, 19085) (10, 17723) (11, 19076) (12, 17713) (13, 19211) (14, 20714) (15, 19237)
[00:00:22 -236124.962648] AUTODETECT spr round 1 (radius: 5)
    busy_ratio: 0.891334
    stats_step: autodetect_spr
    wait_time_ms  (0, 1415) (1, 1429) (2, 649) (3, 1482) (4, 3136) (5, 4796) (6, 3154) (7, 1496) (8, 3064) (9, 1641) (10, 3121) (11, 1641) (12, 3113) (13, 1459) (14, 293) (15, 1357)
    cpu_time_ms  (0, 17707) (1, 17684) (2, 18476) (3, 17642) (4, 15990) (5, 14330) (6, 15972) (7, 17629) (8, 16062) (9, 17485) (10, 16003) (11, 17484) (12, 16013) (13, 17667) (14, 18833) (15, 17769)
[00:00:41 -206665.195646] AUTODETECT spr round 2 (radius: 10)
    busy_ratio: 0.901701
    stats_step: autodetect_spr
    wait_time_ms  (0, 1548) (1, 1687) (2, 851) (3, 1423) (4, 3706) (5, 5356) (6, 3518) (7, 1621) (8, 3602) (9, 1735) (10, 3659) (11, 1697) (12, 3648) (13, 1550) (14, 414) (15, 1413)
    cpu_time_ms  (0, 22250) (1, 22115) (2, 22951) (3, 22376) (4, 20096) (5, 18446) (6, 20284) (7, 22181) (8, 20200) (9, 22067) (10, 20142) (11, 22105) (12, 20154) (13, 22252) (14, 23388) (15, 22389)
[00:01:05 -178137.906517] AUTODETECT spr round 3 (radius: 15)
    busy_ratio: 0.859545
    stats_step: autodetect_spr
    wait_time_ms  (0, 3079) (1, 3474) (2, 2557) (3, 3188) (4, 5662) (5, 7316) (6, 3930) (7, 3386) (8, 5541) (9, 3480) (10, 5613) (11, 3424) (12, 5627) (13, 3266) (14, 2140) (15, 1400)
    cpu_time_ms  (0, 24991) (1, 24599) (2, 25516) (3, 24883) (4, 22411) (5, 20758) (6, 24143) (7, 24687) (8, 22533) (9, 24594) (10, 22459) (11, 24650) (12, 22447) (13, 24808) (14, 25934) (15, 26673)
[00:01:33 -170705.301046] AUTODETECT spr round 4 (radius: 20)
    busy_ratio: 0.896118
    stats_step: autodetect_spr
    wait_time_ms  (0, 2654) (1, 3165) (2, 1855) (3, 2362) (4, 5520) (5, 7532) (6, 5197) (7, 2766) (8, 5458) (9, 3117) (10, 5400) (11, 2886) (12, 5577) (13, 2851) (14, 1142) (15, 2482)
    cpu_time_ms  (0, 33422) (1, 32915) (2, 34226) (3, 33716) (4, 30562) (5, 28549) (6, 30880) (7, 33315) (8, 30623) (9, 32965) (10, 30679) (11, 33195) (12, 30505) (13, 33230) (14, 34939) (15, 33600)
[00:02:09 -166357.695771] AUTODETECT spr round 5 (radius: 25)
    busy_ratio: 0.910938
    stats_step: autodetect_spr
    wait_time_ms  (0, 2001) (1, 2389) (2, 1465) (3, 1903) (4, 4921) (5, 6834) (6, 4836) (7, 2116) (8, 4846) (9, 2175) (10, 4840) (11, 2137) (12, 4759) (13, 1965) (14, 719) (15, 1959)
    cpu_time_ms  (0, 32994) (1, 32609) (2, 33534) (3, 33092) (4, 30078) (5, 28165) (6, 30155) (7, 32882) (8, 30153) (9, 32824) (10, 30157) (11, 32861) (12, 30240) (13, 33033) (14, 34279) (15, 33039)
[00:02:44 -165777.187085] SPR radius for FAST iterations: 25 (autodetect)
    busy_ratio: -nan
    stats_step: fast_spr
    wait_time_ms  (0, 0) (1, 0) (2, 0) (3, 0) (4, 0) (5, 0) (6, 0) (7, 0) (8, 0) (9, 0) (10, 0) (11, 0) (12, 0) (13, 0) (14, 0) (15, 0)
    cpu_time_ms  (0, 0) (1, 0) (2, 0) (3, 0) (4, 0) (5, 0) (6, 0) (7, 0) (8, 0) (9, 0) (10, 0) (11, 0) (12, 0) (13, 0) (14, 0) (15, 0)
[00:02:44 -165777.187085] Model parameter optimization (eps = 3.000000)
    busy_ratio: 0.900116
    stats_step: model_param2
    wait_time_ms  (0, 922) (1, 1146) (2, 364) (3, 1035) (4, 2452) (5, 3969) (6, 2367) (7, 1156) (8, 2384) (9, 1162) (10, 2431) (11, 1181) (12, 2365) (13, 1057) (14, 46) (15, 1051)
    cpu_time_ms  (0, 14777) (1, 14557) (2, 15340) (3, 14666) (4, 13252) (5, 11734) (6, 13332) (7, 14547) (8, 13319) (9, 14541) (10, 13271) (11, 14523) (12, 13338) (13, 14646) (14, 15657) (15, 14652)
[00:02:59 -165197.037719] FAST spr round 1 (radius: 25)
    busy_ratio: 0.898116
    stats_step: fast_spr
    wait_time_ms  (0, 2322) (1, 2905) (2, 1495) (3, 2225) (4, 5588) (5, 7852) (6, 5668) (7, 2487) (8, 5654) (9, 2919) (10, 5598) (11, 2684) (12, 5574) (13, 2728) (14, 946) (15, 2584)
    cpu_time_ms  (0, 34013) (1, 33433) (2, 34843) (3, 34110) (4, 30751) (5, 28487) (6, 30663) (7, 33851) (8, 30685) (9, 33419) (10, 30739) (11, 33655) (12, 30765) (13, 33610) (14, 35392) (15, 33755)
[00:03:36 -157338.781909] FAST spr round 2 (radius: 25)
    busy_ratio: 0.896175
    stats_step: fast_spr
    wait_time_ms  (0, 2167) (1, 2408) (2, 1000) (3, 1889) (4, 4676) (5, 6737) (6, 4722) (7, 2162) (8, 4717) (9, 2409) (10, 4676) (11, 2250) (12, 4645) (13, 2191) (14, 728) (15, 2127)
    cpu_time_ms  (0, 27634) (1, 27397) (2, 28805) (3, 27913) (4, 25129) (5, 23068) (6, 25076) (7, 27643) (8, 25088) (9, 27396) (10, 25127) (11, 27555) (12, 25160) (13, 27614) (14, 29076) (15, 27678)
[00:04:05 -156023.098302] FAST spr round 3 (radius: 25)
    busy_ratio: 0.895710
    stats_step: fast_spr
    wait_time_ms  (0, 2011) (1, 2283) (2, 897) (3, 1757) (4, 4280) (5, 6268) (6, 4316) (7, 1985) (8, 4314) (9, 2217) (10, 4303) (11, 2146) (12, 4234) (13, 2094) (14, 692) (15, 2062)
    cpu_time_ms  (0, 25472) (1, 25204) (2, 26590) (3, 25727) (4, 23207) (5, 21219) (6, 23164) (7, 25501) (8, 23173) (9, 25269) (10, 23182) (11, 25341) (12, 23253) (13, 25393) (14, 26795) (15, 25425)
[00:04:33 -155648.034378] FAST spr round 4 (radius: 25)
    busy_ratio: 0.892899
    stats_step: fast_spr
    wait_time_ms  (0, 1892) (1, 2192) (2, 884) (3, 1762) (4, 4140) (5, 6145) (6, 4208) (7, 2002) (8, 4214) (9, 2218) (10, 4167) (11, 2080) (12, 4137) (13, 2070) (14, 683) (15, 1967)
    cpu_time_ms  (0, 24229) (1, 23933) (2, 25242) (3, 24361) (4, 21985) (5, 19980) (6, 21912) (7, 24124) (8, 21911) (9, 23907) (10, 21958) (11, 24045) (12, 21989) (13, 24055) (14, 25442) (15, 24159)
[00:04:59 -155465.986348] FAST spr round 5 (radius: 25)
    busy_ratio: 0.902312
    stats_step: fast_spr
    wait_time_ms  (0, 1104) (1, 1279) (2, 438) (3, 1138) (4, 2916) (5, 4497) (6, 2881) (7, 1296) (8, 2868) (9, 1291) (10, 2882) (11, 1330) (12, 2857) (13, 1174) (14, 220) (15, 1192)
    cpu_time_ms  (0, 17684) (1, 17512) (2, 18353) (3, 17651) (4, 15875) (5, 14294) (6, 15906) (7, 17495) (8, 15923) (9, 17500) (10, 15908) (11, 17461) (12, 15934) (13, 17617) (14, 18571) (15, 17599)
[00:05:18 -155465.983268] Model parameter optimization (eps = 1.000000)
    busy_ratio: 0.899500
    stats_step: model_param3
    wait_time_ms  (0, 698) (1, 801) (2, 219) (3, 739) (4, 1801) (5, 2877) (6, 1774) (7, 774) (8, 1770) (9, 796) (10, 1786) (11, 820) (12, 1761) (13, 769) (14, 33) (15, 717)
    cpu_time_ms  (0, 10580) (1, 10481) (2, 11063) (3, 10541) (4, 9481) (5, 8405) (6, 9505) (7, 10507) (8, 9512) (9, 10485) (10, 9495) (11, 10462) (12, 9521) (13, 10513) (14, 11249) (15, 10565)
[00:05:29 -155439.642755] SLOW spr round 1 (radius: 5)
    busy_ratio: 0.887191
    stats_step: slow_spr
    wait_time_ms  (0, 4121) (1, 3681) (2, 1613) (3, 3018) (4, 5418) (5, 8446) (6, 5578) (7, 3378) (8, 5561) (9, 3792) (10, 5489) (11, 3519) (12, 5370) (13, 3720) (14, 1432) (15, 3330)
    cpu_time_ms  (0, 33259) (1, 33702) (2, 35771) (3, 34362) (4, 31965) (5, 28938) (6, 31799) (7, 34006) (8, 31823) (9, 33591) (10, 31893) (11, 33865) (12, 32013) (13, 33664) (14, 35952) (15, 34054)
[00:06:06 -155407.760515] SLOW spr round 2 (radius: 5)
    busy_ratio: 0.882084
    stats_step: slow_spr
    wait_time_ms  (0, 4088) (1, 3682) (2, 1763) (3, 3080) (4, 4640) (5, 8314) (6, 5608) (7, 3409) (8, 5588) (9, 3823) (10, 5463) (11, 3602) (12, 5410) (13, 3626) (14, 1618) (15, 3541)
    cpu_time_ms  (0, 31560) (1, 31970) (2, 33888) (3, 32569) (4, 31012) (5, 27337) (6, 30036) (7, 32243) (8, 30063) (9, 31829) (10, 30187) (11, 32050) (12, 30241) (13, 32026) (14, 34034) (15, 32111)
[00:06:42 -155393.606477] SLOW spr round 3 (radius: 5)
    busy_ratio: 0.880820
    stats_step: slow_spr
    wait_time_ms  (0, 4073) (1, 3802) (2, 1792) (3, 3134) (4, 5380) (5, 8403) (6, 5611) (7, 3554) (8, 5576) (9, 3286) (10, 5497) (11, 3387) (12, 5426) (13, 3785) (14, 1469) (15, 3440)
    cpu_time_ms  (0, 31386) (1, 31661) (2, 33671) (3, 32325) (4, 30083) (5, 27060) (6, 29845) (7, 31909) (8, 29887) (9, 32176) (10, 29964) (11, 32075) (12, 30036) (13, 31677) (14, 33993) (15, 32023)
[00:07:17 -155387.722373] SLOW spr round 4 (radius: 5)
    busy_ratio: 0.883308
    stats_step: slow_spr
    wait_time_ms  (0, 3853) (1, 3699) (2, 1568) (3, 2994) (4, 5102) (5, 8244) (6, 5363) (7, 3334) (8, 5357) (9, 3747) (10, 5209) (11, 3526) (12, 5186) (13, 3687) (14, 1285) (15, 3470)
    cpu_time_ms  (0, 31296) (1, 31453) (2, 33584) (3, 32155) (4, 30050) (5, 26909) (6, 29783) (7, 31818) (8, 29796) (9, 31405) (10, 29941) (11, 31627) (12, 29966) (13, 31465) (14, 33867) (15, 31682)
[00:07:53 -155001.227087] SLOW spr round 5 (radius: 5)
    busy_ratio: 0.883532
    stats_step: slow_spr
    wait_time_ms  (0, 3826) (1, 3723) (2, 1547) (3, 3038) (4, 5096) (5, 8226) (6, 5239) (7, 3061) (8, 5220) (9, 3229) (10, 5152) (11, 3560) (12, 5054) (13, 3675) (14, 1321) (15, 3348)
    cpu_time_ms  (0, 30687) (1, 30794) (2, 32971) (3, 31476) (4, 29421) (5, 26291) (6, 29272) (7, 31456) (8, 29297) (9, 31289) (10, 29363) (11, 30958) (12, 29464) (13, 30842) (14, 33197) (15, 31169)
[00:08:27 -154991.429755] SLOW spr round 6 (radius: 5)
    busy_ratio: 0.882324
    stats_step: slow_spr
    wait_time_ms  (0, 3656) (1, 3550) (2, 1464) (3, 2740) (4, 4930) (5, 7954) (6, 5042) (7, 3272) (8, 5022) (9, 3728) (10, 4967) (11, 3356) (12, 4853) (13, 3505) (14, 1039) (15, 3315)
    cpu_time_ms  (0, 29483) (1, 29593) (2, 31679) (3, 30400) (4, 28213) (5, 25189) (6, 28094) (7, 29871) (8, 28121) (9, 29415) (10, 28174) (11, 29787) (12, 28290) (13, 29638) (14, 32104) (15, 29828)
[00:09:00 -154991.427487] SLOW spr round 7 (radius: 10)
    busy_ratio: 0.883692
    stats_step: slow_spr
    wait_time_ms  (0, 3257) (1, 3579) (2, 1511) (3, 2923) (4, 4849) (5, 7879) (6, 4972) (7, 2914) (8, 4948) (9, 3631) (10, 4895) (11, 3369) (12, 4792) (13, 3290) (14, 1168) (15, 3183)
    cpu_time_ms  (0, 29609) (1, 29291) (2, 31359) (3, 29944) (4, 28021) (5, 24991) (6, 27891) (7, 29956) (8, 27922) (9, 29239) (10, 27973) (11, 29501) (12, 28078) (13, 29580) (14, 31702) (15, 29686)
[00:09:33 -154991.427303] SLOW spr round 8 (radius: 15)
    busy_ratio: 0.878533
    stats_step: slow_spr
    wait_time_ms  (0, 9265) (1, 9243) (2, 3911) (3, 7143) (4, 10600) (5, 17255) (6, 10915) (7, 7998) (8, 10904) (9, 9440) (10, 10704) (11, 7837) (12, 10378) (13, 9088) (14, 3673) (15, 7562)
    cpu_time_ms  (0, 65816) (1, 65841) (2, 71173) (3, 67936) (4, 64484) (5, 57830) (6, 64157) (7, 67087) (8, 64180) (9, 65645) (10, 64377) (11, 67248) (12, 64707) (13, 65997) (14, 71412) (15, 67523)
[00:10:48 -154991.427231] SLOW spr round 9 (radius: 20)
    busy_ratio: 0.877878
    stats_step: slow_spr
    wait_time_ms  (0, 12054) (1, 12111) (2, 5336) (3, 9344) (4, 13119) (5, 21534) (6, 13738) (7, 9043) (8, 13657) (9, 12370) (10, 13329) (11, 10623) (12, 13036) (13, 10887) (14, 4858) (15, 10626)
    cpu_time_ms  (0, 82967) (1, 82914) (2, 89689) (3, 85673) (4, 81906) (5, 73491) (6, 81270) (7, 85982) (8, 81368) (9, 82655) (10, 81691) (11, 84401) (12, 81989) (13, 84138) (14, 90167) (15, 84399)
[00:12:23 -154991.427163] SLOW spr round 10 (radius: 25)
    busy_ratio: 0.863206
    stats_step: slow_spr
    wait_time_ms  (0, 17662) (1, 17578) (2, 8394) (3, 14425) (4, 14035) (5, 28530) (6, 19622) (7, 14395) (8, 19594) (9, 18270) (10, 18331) (11, 15796) (12, 18766) (13, 17563) (14, 9185) (15, 14732)
    cpu_time_ms  (0, 104274) (1, 104362) (2, 113545) (3, 107505) (4, 107905) (5, 93410) (6, 102296) (7, 107545) (8, 102346) (9, 103670) (10, 103602) (11, 106143) (12, 103174) (13, 104377) (14, 112754) (15, 107207)
[00:14:25 -154991.427097] Model parameter optimization (eps = 0.100000)
    busy_ratio: 0.899433
    stats_step: model_param4
    wait_time_ms  (0, 358) (1, 391) (2, 110) (3, 368) (4, 912) (5, 1453) (6, 884) (7, 375) (8, 882) (9, 384) (10, 900) (11, 396) (12, 874) (13, 344) (14, 14) (15, 345)
    cpu_time_ms  (0, 5230) (1, 5201) (2, 5481) (3, 5223) (4, 4679) (5, 4139) (6, 4706) (7, 5216) (8, 4710) (9, 5208) (10, 4691) (11, 5196) (12, 4717) (13, 5247) (14, 5577) (15, 5247)

Optimized model parameters:

   Partition 0: PARTITION_0
   Rate heterogeneity: GAMMA (4 cats),  alpha: 0.385 (ML),  weights&rates: (0.250,0.015) (0.250,0.171) (0.250,0.715) (0.250,3.100) 
   Base frequencies (empirical): 0.278 0.163 0.173 0.386 
   Substitution rates (ML): 1.841 4.562 0.550 1.460 3.818 1.000 

   Partition 1: PARTITION_1
   Rate heterogeneity: GAMMA (4 cats),  alpha: 0.840 (ML),  weights&rates: (0.250,0.104) (0.250,0.423) (0.250,0.968) (0.250,2.505) 
   Base frequencies (empirical): 0.406 0.143 0.283 0.169 
   Substitution rates (ML): 1.145 2.010 0.294 0.923 6.077 1.000 

   Partition 2: PARTITION_2
   Rate heterogeneity: GAMMA (4 cats),  alpha: 0.486 (ML),  weights&rates: (0.250,0.031) (0.250,0.243) (0.250,0.810) (0.250,2.917) 
   Base frequencies (empirical): 0.338 0.167 0.164 0.331 
   Substitution rates (ML): 0.799 1.482 0.710 0.770 1.317 1.000 

   Partition 3: PARTITION_3
   Rate heterogeneity: GAMMA (4 cats),  alpha: 0.164 (ML),  weights&rates: (0.250,0.000) (0.250,0.016) (0.250,0.284) (0.250,3.700) 
   Base frequencies (empirical): 0.349 0.177 0.193 0.281 
   Substitution rates (ML): 1.665 2.068 0.185 1.606 23.997 1.000 

   Partition 4: PARTITION_4
   Rate heterogeneity: GAMMA (4 cats),  alpha: 0.289 (ML),  weights&rates: (0.250,0.004) (0.250,0.096) (0.250,0.577) (0.250,3.322) 
   Base frequencies (empirical): 0.245 0.219 0.282 0.254 
   Substitution rates (ML): 1.579 5.090 1.661 1.759 9.038 1.000 

   Partition 5: PARTITION_5
   Rate heterogeneity: GAMMA (4 cats),  alpha: 0.277 (ML),  weights&rates: (0.250,0.004) (0.250,0.087) (0.250,0.556) (0.250,3.354) 
   Base frequencies (empirical): 0.198 0.326 0.304 0.172 
   Substitution rates (ML): 1.042 2.011 1.800 0.705 3.305 1.000 

   Partition 6: PARTITION_6
   Rate heterogeneity: GAMMA (4 cats),  alpha: 0.230 (ML),  weights&rates: (0.250,0.001) (0.250,0.053) (0.250,0.457) (0.250,3.489) 
   Base frequencies (empirical): 0.272 0.192 0.249 0.286 
   Substitution rates (ML): 1.106 2.369 0.701 1.016 5.557 1.000 

   Partition 7: PARTITION_7
   Rate heterogeneity: GAMMA (4 cats),  alpha: 0.366 (ML),  weights&rates: (0.250,0.012) (0.250,0.156) (0.250,0.692) (0.250,3.140) 
   Base frequencies (empirical): 0.215 0.266 0.291 0.228 
   Substitution rates (ML): 1.172 3.938 0.960 0.901 4.957 1.000 

   Partition 8: PARTITION_8
   Rate heterogeneity: GAMMA (4 cats),  alpha: 0.146 (ML),  weights&rates: (0.250,0.000) (0.250,0.009) (0.250,0.229) (0.250,3.761) 
   Base frequencies (empirical): 0.340 0.167 0.199 0.294 
   Substitution rates (ML): 2.851 2.452 0.714 2.933 23.263 1.000 

   Partition 9: PARTITION_9
   Rate heterogeneity: GAMMA (4 cats),  alpha: 0.534 (ML),  weights&rates: (0.250,0.040) (0.250,0.274) (0.250,0.844) (0.250,2.843) 
   Base frequencies (empirical): 0.365 0.139 0.187 0.309 
   Substitution rates (ML): 0.965 1.378 0.357 1.259 2.750 1.000 

   Partition 10: PARTITION_10
   Rate heterogeneity: GAMMA (4 cats),  alpha: 0.437 (ML),  weights&rates: (0.250,0.022) (0.250,0.209) (0.250,0.769) (0.250,3.000) 
   Base frequencies (empirical): 0.300 0.178 0.159 0.363 
   Substitution rates (ML): 1.069 2.887 0.458 1.329 2.445 1.000 

Final LogLikelihood: -154990.619539

Elapsed time: 870.931 seconds

Final tree saved to: /home/morelbt/github/raxml-ng-1/bin/data/404/404.phy.raxml.bestTree

Execution log saved to: /home/morelbt/github/raxml-ng-1/bin/data/404/404.phy.raxml.log

