
RAxML-NG v. 0.1.0 BETA released on 18.03.2017 by The Exelixis Lab.
Authors: Alexey Kozlov, Alexandros Stamatakis, Diego Darriba, Tomas Flouri, Benoit Morel.
Latest version: https://github.com/amkozlov/raxml-ng
Questions/problems/suggestions? Please visit: https://groups.google.com/forum/#!forum/raxml

WARNING: This is a BETA release, please use at your own risk!

RAxML-NG was called as follows:

./raxml-ng-mpi --seed=42 --msa /home/morelbt/github/raxml-ng/bin/results/404_repeats_T16/404.phy --model /home/morelbt/github/raxml-ng/bin/results/404_repeats_T16/404.part --simd AVX --threads 16 --repeats on --tree /home/morelbt/github/raxml-ng/bin/results/404_repeats_T16/unrooted.newick --redo

Analysis options:
  run mode: ML tree search
  start tree(s): user
  random seed: 42
  tip-inner: OFF
  repeats: ON
  pattern compression: ON
  fast spr radius: AUTO
  spr subtree cutoff: 1.000000
  branch lengths: ML estimate (linked)
  SIMD kernels: AVX
  parallelization: PTHREADS (16 threads)

WARNING: Running in REDO mode: existing checkpoints are ignored, and all result files will be overwritten!

[00:00:00] Reading alignment from file: /home/morelbt/github/raxml-ng/bin/results/404_repeats_T16/404.phy
[00:00:00] Loaded alignment with 404 taxa and 13158 sites

WARNING: Fully undetermined sequences found: 246

NOTE: Reduced alignment (with gap-only sequences and columns removed) was printed to:
/home/morelbt/github/raxml-ng/bin/results/404_repeats_T16/404.phy.raxml.reduced.phy

NOTE: The corresponding reduced partition file was printed to:
/home/morelbt/github/raxml-ng/bin/results/404_repeats_T16/404.phy.raxml.reduced.partition

Alignment comprises 11 partitions and 7444 patterns

Partition 0: PARTITION_0
Model: GTR+F+G4
Alignment sites / patterns: 2161 / 1454
Gaps: 66.23 %
Invariant sites: 43.41 %

Partition 1: PARTITION_1
Model: GTR+F+G4
Alignment sites / patterns: 802 / 660
Gaps: 84.88 %
Invariant sites: 39.15 %

Partition 2: PARTITION_2
Model: GTR+F+G4
Alignment sites / patterns: 1646 / 1291
Gaps: 76.95 %
Invariant sites: 41.92 %

Partition 3: PARTITION_3
Model: GTR+F+G4
Alignment sites / patterns: 588 / 109
Gaps: 90.84 %
Invariant sites: 80.61 %

Partition 4: PARTITION_4
Model: GTR+F+G4
Alignment sites / patterns: 852 / 339
Gaps: 96.47 %
Invariant sites: 65.02 %

Partition 5: PARTITION_5
Model: GTR+F+G4
Alignment sites / patterns: 828 / 718
Gaps: 72.68 %
Invariant sites: 22.71 %

Partition 6: PARTITION_6
Model: GTR+F+G4
Alignment sites / patterns: 1437 / 725
Gaps: 66.87 %
Invariant sites: 62.00 %

Partition 7: PARTITION_7
Model: GTR+F+G4
Alignment sites / patterns: 1218 / 700
Gaps: 83.79 %
Invariant sites: 47.04 %

Partition 8: PARTITION_8
Model: GTR+F+G4
Alignment sites / patterns: 1020 / 99
Gaps: 94.06 %
Invariant sites: 86.67 %

Partition 9: PARTITION_9
Model: GTR+F+G4
Alignment sites / patterns: 1025 / 431
Gaps: 95.35 %
Invariant sites: 62.63 %

Partition 10: PARTITION_10
Model: GTR+F+G4
Alignment sites / patterns: 1581 / 918
Gaps: 71.48 %
Invariant sites: 40.10 %


[00:00:01] Loading user starting tree(s) from: /home/morelbt/github/raxml-ng/bin/results/404_repeats_T16/unrooted.newick
thread#	part#	start	length
0	7	0	353
0	8	0	99

1	1	0	362
1	3	0	109

2	1	362	111
2	4	0	339

3	1	473	74
3	9	0	431

4	0	0	466

5	0	466	466

6	0	932	465

7	0	1397	53
7	2	0	408

8	2	408	469

9	2	877	414
9	10	0	47

10	10	47	467

11	6	0	61
11	10	514	404

12	6	61	488

13	5	0	256
13	6	549	176

14	5	256	462

15	1	547	113
15	7	353	347


[00:00:01] Data distribution: partitions/thread: 1-2, patterns/thread: 467-139645327076867

Starting ML tree search with 1 distinct starting trees

[00:00:01 -198453.296698] Initial branch length optimization
    busy_ratio: 0.860120
    stats_step: initial_blo
    wait_time_ms  (0, 366) (1, 23) (2, 308) (3, 342) (4, 353) (5, 413) (6, 365) (7, 344) (8, 352) (9, 366) (10, 357) (11, 344) (12, 348) (13, 371) (14, 368) (15, 84)
    cpu_time_ms  (0, 959) (1, 2326) (2, 2050) (3, 2008) (4, 1995) (5, 1934) (6, 1980) (7, 1989) (8, 2004) (9, 1997) (10, 1991) (11, 2002) (12, 2002) (13, 1962) (14, 1971) (15, 2265)
[00:00:02 -162369.242432] Model parameter optimization (eps = 10.000000)
    busy_ratio: 0.730365
    stats_step: modelopt1
    wait_time_ms  (0, 1265) (1, 618) (2, 1399) (3, 1807) (4, 1982) (5, 2974) (6, 2418) (7, 1406) (8, 1996) (9, 1960) (10, 2191) (11, 1657) (12, 2288) (13, 1501) (14, 1897) (15, 685)
    cpu_time_ms  (0, 5220) (1, 5885) (2, 5104) (3, 4695) (4, 4520) (5, 3529) (6, 4085) (7, 5097) (8, 4506) (9, 4542) (10, 4311) (11, 4846) (12, 4215) (13, 5001) (14, 4605) (15, 5818)
[00:00:09 -155513.724529] AUTODETECT spr round 1 (radius: 5)
    busy_ratio: 0.867828
    stats_step: autodetect_spr
    wait_time_ms  (0, 384) (1, 671) (2, 706) (3, 973) (4, 1621) (5, 1926) (6, 1886) (7, 554) (8, 1504) (9, 980) (10, 1644) (11, 885) (12, 1567) (13, 510) (14, 1400) (15, 930)
    cpu_time_ms  (0, 8184) (1, 7910) (2, 7875) (3, 7608) (4, 6961) (5, 6655) (6, 6695) (7, 8025) (8, 7078) (9, 7600) (10, 6938) (11, 7696) (12, 7014) (13, 8071) (14, 7180) (15, 7651)
[00:00:17 -155214.927342] AUTODETECT spr round 2 (radius: 10)
    busy_ratio: 0.880671
    stats_step: autodetect_spr
    wait_time_ms  (0, 925) (1, 638) (2, 920) (3, 1243) (4, 2503) (5, 2707) (6, 2809) (7, 852) (8, 2224) (9, 933) (10, 2409) (11, 1392) (12, 2388) (13, 712) (14, 2094) (15, 1526)
    cpu_time_ms  (0, 12828) (1, 13129) (2, 12845) (3, 12523) (4, 11263) (5, 11060) (6, 10955) (7, 12914) (8, 11542) (9, 12831) (10, 11358) (11, 12376) (12, 11378) (13, 13056) (14, 11673) (15, 12242)
[00:00:31 -155205.173536] AUTODETECT spr round 3 (radius: 15)
    busy_ratio: 0.882965
    stats_step: autodetect_spr
    wait_time_ms  (0, 1335) (1, 1072) (2, 1490) (3, 1722) (4, 3226) (5, 4471) (6, 3795) (7, 1776) (8, 2899) (9, 1359) (10, 3475) (11, 2503) (12, 3258) (13, 1014) (14, 2934) (15, 1601)
    cpu_time_ms  (0, 18912) (1, 19186) (2, 18769) (3, 18538) (4, 17032) (5, 15789) (6, 16465) (7, 18483) (8, 17360) (9, 18896) (10, 16785) (11, 17757) (12, 17002) (13, 19246) (14, 17324) (15, 18658)
[00:00:51 -155205.128485] SPR radius for FAST iterations: 10 (autodetect)
[00:00:51 -155205.128485] Model parameter optimization (eps = 3.000000)
    busy_ratio: 0.790452
    stats_step: modelopt2
    wait_time_ms  (0, 289) (1, 341) (2, 305) (3, 487) (4, 631) (5, 864) (6, 701) (7, 361) (8, 586) (9, 504) (10, 689) (11, 503) (12, 664) (13, 232) (14, 495) (15, 414)
    cpu_time_ms  (0, 2103) (1, 2067) (2, 2102) (3, 1921) (4, 1777) (5, 1545) (6, 1707) (7, 2046) (8, 1822) (9, 1904) (10, 1719) (11, 1906) (12, 1744) (13, 2176) (14, 1913) (15, 1995)
[00:00:54 -155201.449841] FAST spr round 1 (radius: 10)
    busy_ratio: 0.870485
    stats_step: spr_FAST_1
    wait_time_ms  (0, 854) (1, 1511) (2, 892) (3, 1149) (4, 2710) (5, 3543) (6, 2765) (7, 1160) (8, 2486) (9, 1633) (10, 2876) (11, 1569) (12, 2593) (13, 883) (14, 2232) (15, 1177)
    cpu_time_ms  (0, 13627) (1, 12988) (2, 13609) (3, 13349) (4, 11788) (5, 10957) (6, 11736) (7, 13341) (8, 12014) (9, 12867) (10, 11625) (11, 12932) (12, 11908) (13, 13617) (14, 12268) (15, 13324)
[00:01:08 -155178.685534] FAST spr round 2 (radius: 10)
    busy_ratio: 0.852182
    stats_step: spr_FAST_1
    wait_time_ms  (0, 904) (1, 1149) (2, 1014) (3, 1477) (4, 2092) (5, 2990) (6, 2454) (7, 1033) (8, 2283) (9, 1177) (10, 2384) (11, 1041) (12, 2262) (13, 929) (14, 2109) (15, 1379)
    cpu_time_ms  (0, 10374) (1, 10137) (2, 10272) (3, 9808) (4, 9193) (5, 8296) (6, 8831) (7, 10253) (8, 9002) (9, 10109) (10, 8901) (11, 10244) (12, 9022) (13, 10357) (14, 9177) (15, 9906)
[00:01:20 -155175.144515] FAST spr round 3 (radius: 10)
    busy_ratio: 0.869582
    stats_step: spr_FAST_1
    wait_time_ms  (0, 419) (1, 605) (2, 634) (3, 925) (4, 1506) (5, 2334) (6, 1863) (7, 616) (8, 1575) (9, 837) (10, 1958) (11, 908) (12, 1758) (13, 361) (14, 1550) (15, 940)
    cpu_time_ms  (0, 8584) (1, 8406) (2, 8377) (3, 8086) (4, 7502) (5, 6676) (6, 7147) (7, 8395) (8, 7435) (9, 8173) (10, 7052) (11, 8103) (12, 7252) (13, 8650) (14, 7460) (15, 8071)
[00:01:29 -155174.730420] FAST spr round 4 (radius: 10)
    busy_ratio: 0.862752
    stats_step: spr_FAST_1
    wait_time_ms  (0, 421) (1, 795) (2, 717) (3, 832) (4, 1460) (5, 2336) (6, 1883) (7, 560) (8, 1409) (9, 1013) (10, 1851) (11, 897) (12, 1684) (13, 429) (14, 1474) (15, 792)
    cpu_time_ms  (0, 8025) (1, 7661) (2, 7738) (3, 7623) (4, 6995) (5, 6118) (6, 6572) (7, 7896) (8, 7046) (9, 7442) (10, 6604) (11, 7558) (12, 6771) (13, 8027) (14, 6981) (15, 7664)
[00:01:37 -155174.701941] Model parameter optimization (eps = 1.000000)
    busy_ratio: 0.801613
    stats_step: modelopt3
    wait_time_ms  (0, 89) (1, 126) (2, 106) (3, 149) (4, 204) (5, 301) (6, 238) (7, 110) (8, 189) (9, 147) (10, 237) (11, 154) (12, 224) (13, 82) (14, 182) (15, 133)
    cpu_time_ms  (0, 750) (1, 717) (2, 737) (3, 694) (4, 639) (5, 542) (6, 606) (7, 733) (8, 654) (9, 697) (10, 606) (11, 689) (12, 620) (13, 761) (14, 661) (15, 711)
[00:01:38 -155174.534477] SLOW spr round 1 (radius: 5)
    busy_ratio: 0.863889
    stats_step: spr_SLOW_2
    wait_time_ms  (0, 3096) (1, 3509) (2, 2124) (3, 2794) (4, 4178) (5, 6353) (6, 4493) (7, 2865) (8, 3882) (9, 3376) (10, 4224) (11, 3388) (12, 3716) (13, 3648) (14, 3216) (15, 3515)
    cpu_time_ms  (0, 23702) (1, 23304) (2, 24689) (3, 24019) (4, 22635) (5, 20460) (6, 22317) (7, 23949) (8, 22930) (9, 23437) (10, 22588) (11, 23425) (12, 23097) (13, 23165) (14, 23597) (15, 23298)
[00:02:05 -155155.312384] SLOW spr round 2 (radius: 5)
    busy_ratio: 0.864730
    stats_step: spr_SLOW_2
    wait_time_ms  (0, 3012) (1, 3077) (2, 1850) (3, 2655) (4, 3601) (5, 5540) (6, 3967) (7, 2432) (8, 3457) (9, 3398) (10, 3907) (11, 2996) (12, 3237) (13, 3107) (14, 3529) (15, 3103)
    cpu_time_ms  (0, 21413) (1, 21357) (2, 22584) (3, 21779) (4, 20833) (5, 18894) (6, 20467) (7, 22000) (8, 20976) (9, 21037) (10, 20527) (11, 21437) (12, 21197) (13, 21327) (14, 20905) (15, 21331)
[00:02:29 -155152.608721] SLOW spr round 3 (radius: 5)
    busy_ratio: 0.867517
    stats_step: spr_SLOW_2
    wait_time_ms  (0, 2719) (1, 2789) (2, 1757) (3, 2482) (4, 3264) (5, 5127) (6, 3703) (7, 2254) (8, 3195) (9, 2839) (10, 3637) (11, 2728) (12, 2984) (13, 2870) (14, 2397) (15, 2917)
    cpu_time_ms  (0, 19763) (1, 19703) (2, 20734) (3, 20009) (4, 19227) (5, 17364) (6, 18788) (7, 20237) (8, 19296) (9, 19652) (10, 18854) (11, 19763) (12, 19507) (13, 19622) (14, 20094) (15, 19574)
[00:02:52 -155152.229452] SLOW spr round 4 (radius: 5)
    busy_ratio: 0.864607
    stats_step: spr_SLOW_2
    wait_time_ms  (0, 2694) (1, 2756) (2, 1644) (3, 2437) (4, 3204) (5, 4963) (6, 3654) (7, 2223) (8, 3094) (9, 2741) (10, 3523) (11, 2676) (12, 2916) (13, 2748) (14, 3108) (15, 2879)
    cpu_time_ms  (0, 19121) (1, 19067) (2, 20180) (3, 19386) (4, 18619) (5, 16860) (6, 18169) (7, 19601) (8, 18729) (9, 19082) (10, 18300) (11, 19148) (12, 18907) (13, 19076) (14, 18716) (15, 18944)
[00:03:14 -155152.228663] SLOW spr round 5 (radius: 10)
    busy_ratio: 0.864975
    stats_step: spr_SLOW_2
    wait_time_ms  (0, 2787) (1, 2680) (2, 1509) (3, 2437) (4, 3141) (5, 4748) (6, 3627) (7, 2150) (8, 3001) (9, 2941) (10, 3586) (11, 2613) (12, 2923) (13, 2666) (14, 2409) (15, 2818)
    cpu_time_ms  (0, 18520) (1, 18636) (2, 19807) (3, 18879) (4, 18175) (5, 16567) (6, 17688) (7, 19166) (8, 18314) (9, 18375) (10, 17729) (11, 18703) (12, 18392) (13, 18650) (14, 18907) (15, 18498)
[00:03:35 -155152.227988] SLOW spr round 6 (radius: 15)
    busy_ratio: 0.868515
    stats_step: spr_SLOW_2
    wait_time_ms  (0, 7105) (1, 7539) (2, 4301) (3, 5905) (4, 7919) (5, 12787) (6, 8614) (7, 5993) (8, 7573) (9, 8133) (10, 8333) (11, 6796) (12, 6736) (13, 8220) (14, 7996) (15, 7680)
    cpu_time_ms  (0, 50708) (1, 50282) (2, 53520) (3, 51917) (4, 49902) (5, 45034) (6, 49207) (7, 51829) (8, 50248) (9, 49688) (10, 49488) (11, 51026) (12, 51085) (13, 49602) (14, 49825) (15, 50141)
[00:04:33 -155152.227309] SLOW spr round 7 (radius: 20)
    busy_ratio: 0.869305
    stats_step: spr_SLOW_2
    wait_time_ms  (0, 11311) (1, 10618) (2, 6364) (3, 8350) (4, 10611) (5, 17427) (6, 11461) (7, 8447) (8, 10250) (9, 10300) (10, 11453) (11, 9445) (12, 9156) (13, 11817) (14, 8073) (15, 10704)
    cpu_time_ms  (0, 67969) (1, 68671) (2, 72925) (3, 70939) (4, 68678) (5, 61861) (6, 67827) (7, 70842) (8, 69039) (9, 68989) (10, 67836) (11, 69844) (12, 70132) (13, 67472) (14, 71216) (15, 68586)
[00:05:52 -155146.648642] SLOW spr round 8 (radius: 5)
    busy_ratio: 0.861643
    stats_step: spr_SLOW_2
    wait_time_ms  (0, 5862) (1, 5340) (2, 3122) (3, 4441) (4, 5813) (5, 9209) (6, 6384) (7, 4401) (8, 5559) (9, 5802) (10, 6123) (11, 5040) (12, 4441) (13, 5582) (14, 5773) (15, 5538)
    cpu_time_ms  (0, 34082) (1, 34614) (2, 36831) (3, 35511) (4, 34140) (5, 30743) (6, 33568) (7, 35552) (8, 34394) (9, 34151) (10, 33829) (11, 34913) (12, 35512) (13, 34371) (14, 34180) (15, 34415)
[00:06:32 -155146.597693] SLOW spr round 9 (radius: 10)
    busy_ratio: 0.865176
    stats_step: spr_SLOW_2
    wait_time_ms  (0, 4304) (1, 4254) (2, 2640) (3, 3632) (4, 4725) (5, 7529) (6, 5238) (7, 3456) (8, 4507) (9, 4673) (10, 5053) (11, 4033) (12, 4167) (13, 4455) (14, 3562) (15, 4360)
    cpu_time_ms  (0, 28416) (1, 28476) (2, 30090) (3, 29097) (4, 28004) (5, 25200) (6, 27491) (7, 29274) (8, 28222) (9, 28057) (10, 27676) (11, 28696) (12, 28563) (13, 28275) (14, 29167) (15, 28369)
[00:07:05 -155146.596563] SLOW spr round 10 (radius: 15)
    busy_ratio: 0.866276
    stats_step: spr_SLOW_2
    wait_time_ms  (0, 6516) (1, 5982) (2, 3414) (3, 4846) (4, 6332) (5, 10453) (6, 6893) (7, 4885) (8, 6067) (9, 6451) (10, 6705) (11, 5552) (12, 5418) (13, 6436) (14, 6197) (15, 6232)
    cpu_time_ms  (0, 39464) (1, 40005) (2, 42573) (3, 41141) (4, 39655) (5, 35533) (6, 39093) (7, 41102) (8, 39920) (9, 39535) (10, 39281) (11, 40434) (12, 40568) (13, 39551) (14, 39790) (15, 39755)
[00:07:51 -155146.595526] SLOW spr round 11 (radius: 20)
    busy_ratio: 0.860803
    stats_step: spr_SLOW_2
    wait_time_ms  (0, 14542) (1, 6219) (2, 13139) (3, 4769) (4, 16410) (5, 12886) (6, 17031) (7, 6697) (8, 16160) (9, 6736) (10, 17498) (11, 7597) (12, 14663) (13, 7092) (14, 12936) (15, 8077)
    cpu_time_ms  (0, 67378) (1, 75710) (2, 68789) (3, 77159) (4, 65517) (5, 69042) (6, 64897) (7, 75232) (8, 65768) (9, 75193) (10, 64429) (11, 74332) (12, 67265) (13, 74837) (14, 68992) (15, 73852)
[00:09:13 -155146.594560] SLOW spr round 12 (radius: 25)
    busy_ratio: 0.865912
    stats_step: spr_SLOW_2
    wait_time_ms  (0, 15242) (1, 6184) (2, 13695) (3, 6427) (4, 18050) (5, 12132) (6, 18996) (7, 6775) (8, 17753) (9, 6509) (10, 19253) (11, 7696) (12, 16118) (13, 8453) (14, 17876) (15, 8572)
    cpu_time_ms  (0, 77853) (1, 86919) (2, 79408) (3, 86676) (4, 75053) (5, 80971) (6, 74107) (7, 86329) (8, 75350) (9, 86594) (10, 73849) (11, 85408) (12, 76985) (13, 84650) (14, 75226) (15, 84531)
[00:10:46 -155140.463556] SLOW spr round 13 (radius: 5)
    busy_ratio: 0.856557
    stats_step: spr_SLOW_2
    wait_time_ms  (0, 6838) (1, 2982) (2, 6740) (3, 2439) (4, 8647) (5, 6821) (6, 9225) (7, 3244) (8, 8551) (9, 3328) (10, 9347) (11, 3808) (12, 7998) (13, 3786) (14, 6937) (15, 3269)
    cpu_time_ms  (0, 34099) (1, 37964) (2, 34205) (3, 38506) (4, 32297) (5, 34124) (6, 31720) (7, 37701) (8, 32394) (9, 37617) (10, 31597) (11, 37138) (12, 32947) (13, 37160) (14, 34008) (15, 37676)
[00:11:27 -155091.137844] SLOW spr round 14 (radius: 5)
    busy_ratio: 0.857776
    stats_step: spr_SLOW_2
    wait_time_ms  (0, 5693) (1, 2218) (2, 4915) (3, 2468) (4, 6935) (5, 5346) (6, 6785) (7, 2316) (8, 6785) (9, 2324) (10, 7289) (11, 2767) (12, 6331) (13, 2708) (14, 6618) (15, 3026)
    cpu_time_ms  (0, 27055) (1, 30538) (2, 27841) (3, 30288) (4, 25820) (5, 27409) (6, 25970) (7, 30440) (8, 25970) (9, 30431) (10, 25466) (11, 29989) (12, 26424) (13, 30049) (14, 26137) (15, 29730)
[00:12:00 -155084.210735] SLOW spr round 15 (radius: 5)
    busy_ratio: 0.858564
    stats_step: spr_SLOW_2
    wait_time_ms  (0, 4355) (1, 1765) (2, 4206) (3, 2047) (4, 5703) (5, 4488) (6, 6107) (7, 1793) (8, 5627) (9, 2000) (10, 6121) (11, 2260) (12, 5306) (13, 2114) (14, 4592) (15, 2451)
    cpu_time_ms  (0, 22570) (1, 25169) (2, 22727) (3, 24887) (4, 21229) (5, 22445) (6, 20826) (7, 25141) (8, 21306) (9, 24934) (10, 20812) (11, 24673) (12, 21627) (13, 24820) (14, 22340) (15, 24482)
[00:12:27 -155084.199680] SLOW spr round 16 (radius: 10)
    busy_ratio: 0.854575
    stats_step: spr_SLOW_2
    wait_time_ms  (0, 3748) (1, 1560) (2, 3493) (3, 1835) (4, 4901) (5, 3908) (6, 4945) (7, 1539) (8, 4822) (9, 1712) (10, 5231) (11, 1961) (12, 4593) (13, 1729) (14, 4689) (15, 2127)
    cpu_time_ms  (0, 18939) (1, 21136) (2, 19202) (3, 20860) (4, 17793) (5, 18786) (6, 17749) (7, 21157) (8, 17872) (9, 20983) (10, 17464) (11, 20734) (12, 18102) (13, 20967) (14, 18006) (15, 20568)
[00:12:49 -155032.464986] SLOW spr round 17 (radius: 5)
    busy_ratio: 0.858815
    stats_step: spr_SLOW_2
    wait_time_ms  (0, 6433) (1, 2569) (2, 5314) (3, 2841) (4, 7628) (5, 6032) (6, 8146) (7, 2636) (8, 7386) (9, 2330) (10, 8209) (11, 3172) (12, 7143) (13, 3159) (14, 6193) (15, 3408)
    cpu_time_ms  (0, 30130) (1, 34003) (2, 31258) (3, 33730) (4, 28943) (5, 30539) (6, 28425) (7, 33936) (8, 29185) (9, 34241) (10, 28362) (11, 33399) (12, 29428) (13, 33414) (14, 30378) (15, 33163)
[00:13:26 -154988.651410] SLOW spr round 18 (radius: 5)
    busy_ratio: 0.856748
    stats_step: spr_SLOW_2
    wait_time_ms  (0, 4915) (1, 2115) (2, 4648) (3, 2324) (4, 6464) (5, 5025) (6, 6408) (7, 2148) (8, 6422) (9, 2066) (10, 6867) (11, 2604) (12, 6019) (13, 2465) (14, 6239) (15, 2893)
    cpu_time_ms  (0, 25459) (1, 28267) (2, 25733) (3, 28058) (4, 23918) (5, 25356) (6, 23973) (7, 28234) (8, 23959) (9, 28316) (10, 23514) (11, 27778) (12, 24363) (13, 27918) (14, 24142) (15, 27489)
[00:13:56 -154974.310430] SLOW spr round 19 (radius: 5)
    busy_ratio: 0.857771
    stats_step: spr_SLOW_2
    wait_time_ms  (0, 4263) (1, 1710) (2, 3637) (3, 1976) (4, 5463) (5, 4292) (6, 5773) (7, 1708) (8, 5376) (9, 1905) (10, 5878) (11, 2119) (12, 5087) (13, 1984) (14, 4262) (15, 2356)
    cpu_time_ms  (0, 21129) (1, 23690) (2, 21763) (3, 23424) (4, 19937) (5, 21108) (6, 19626) (7, 23693) (8, 20024) (9, 23495) (10, 19521) (11, 23281) (12, 20313) (13, 23417) (14, 21137) (15, 23045)
[00:14:22 -154974.252339] SLOW spr round 20 (radius: 10)
    busy_ratio: 0.844380
    stats_step: spr_SLOW_2
    wait_time_ms  (0, 3540) (1, 1506) (2, 3717) (3, 2027) (4, 4978) (5, 4034) (6, 5444) (7, 1737) (8, 4937) (9, 1979) (10, 5395) (11, 2172) (12, 4739) (13, 1888) (14, 4840) (15, 2351)
    cpu_time_ms  (0, 18661) (1, 20704) (2, 18492) (3, 20183) (4, 17230) (5, 18175) (6, 16765) (7, 20473) (8, 17272) (9, 20230) (10, 16814) (11, 20037) (12, 17469) (13, 20321) (14, 17369) (15, 19858)
[00:14:44 -154974.249965] SLOW spr round 21 (radius: 15)
    busy_ratio: 0.860066
    stats_step: spr_SLOW_2
    wait_time_ms  (0, 9382) (1, 3495) (2, 8452) (3, 3998) (4, 10806) (5, 8303) (6, 11397) (7, 3958) (8, 10720) (9, 3994) (10, 11587) (11, 4499) (12, 9777) (13, 4661) (14, 8463) (15, 4895)
    cpu_time_ms  (0, 43492) (1, 49389) (2, 44431) (3, 48886) (4, 42077) (5, 44580) (6, 41486) (7, 48926) (8, 42163) (9, 48890) (10, 41286) (11, 48385) (12, 43104) (13, 48223) (14, 44420) (15, 47989)
[00:15:37 -154974.249857] SLOW spr round 22 (radius: 20)
    busy_ratio: 0.859484
    stats_step: spr_SLOW_2
    wait_time_ms  (0, 12824) (1, 4918) (2, 11411) (3, 5457) (4, 14833) (5, 11389) (6, 15656) (7, 5616) (8, 14810) (9, 5390) (10, 15861) (11, 6450) (12, 13390) (13, 6822) (14, 14644) (15, 7131)
    cpu_time_ms  (0, 61278) (1, 69192) (2, 62699) (3, 68653) (4, 59277) (5, 62721) (6, 58453) (7, 68494) (8, 59300) (9, 68721) (10, 58229) (11, 67660) (12, 60718) (13, 67288) (14, 59465) (15, 66980)
[00:16:51 -154974.249839] SLOW spr round 23 (radius: 25)
    busy_ratio: 0.863469
    stats_step: spr_SLOW_2
    wait_time_ms  (0, 16168) (1, 6284) (2, 15214) (3, 7077) (4, 18954) (5, 14529) (6, 19828) (7, 7316) (8, 18912) (9, 6801) (10, 20080) (11, 8198) (12, 16977) (13, 7792) (14, 14201) (15, 8967)
    cpu_time_ms  (0, 78727) (1, 88619) (2, 79689) (3, 87826) (4, 75948) (5, 80374) (6, 75074) (7, 87587) (8, 75991) (9, 88102) (10, 74798) (11, 86705) (12, 77923) (13, 87112) (14, 80701) (15, 85936)
[00:18:26 -154974.249830] Model parameter optimization (eps = 0.100000)
    busy_ratio: 0.768410
    stats_step: modelopt4
    wait_time_ms  (0, 368) (1, 241) (2, 383) (3, 321) (4, 641) (5, 624) (6, 719) (7, 217) (8, 622) (9, 303) (10, 701) (11, 293) (12, 670) (13, 146) (14, 560) (15, 258)
    cpu_time_ms  (0, 1536) (1, 1667) (2, 1526) (3, 1588) (4, 1268) (5, 1284) (6, 1190) (7, 1692) (8, 1287) (9, 1606) (10, 1208) (11, 1616) (12, 1238) (13, 1763) (14, 1349) (15, 1650)

[00:18:28] ML tree search #1, logLikelihood: -154973.877041


Optimized model parameters:

   Partition 0: PARTITION_0
   Rate heterogeneity: GAMMA (4 cats),  alpha: 0.391 (ML),  weights&rates: (0.250,0.015) (0.250,0.175) (0.250,0.721) (0.250,3.089) 
   Base frequencies (empirical): 0.278 0.163 0.173 0.386 
   Substitution rates (ML): 1.853 4.575 0.553 1.452 3.774 1.000 

   Partition 1: PARTITION_1
   Rate heterogeneity: GAMMA (4 cats),  alpha: 0.844 (ML),  weights&rates: (0.250,0.105) (0.250,0.424) (0.250,0.968) (0.250,2.503) 
   Base frequencies (empirical): 0.406 0.143 0.283 0.169 
   Substitution rates (ML): 1.127 1.985 0.294 0.918 6.027 1.000 

   Partition 2: PARTITION_2
   Rate heterogeneity: GAMMA (4 cats),  alpha: 0.490 (ML),  weights&rates: (0.250,0.032) (0.250,0.245) (0.250,0.813) (0.250,2.910) 
   Base frequencies (empirical): 0.338 0.167 0.164 0.331 
   Substitution rates (ML): 0.792 1.479 0.705 0.765 1.310 1.000 

   Partition 3: PARTITION_3
   Rate heterogeneity: GAMMA (4 cats),  alpha: 0.156 (ML),  weights&rates: (0.250,0.000) (0.250,0.013) (0.250,0.258) (0.250,3.729) 
   Base frequencies (empirical): 0.349 0.177 0.193 0.281 
   Substitution rates (ML): 1.081 16.320 0.153 1.349 1.935 1.000 

   Partition 4: PARTITION_4
   Rate heterogeneity: GAMMA (4 cats),  alpha: 0.291 (ML),  weights&rates: (0.250,0.005) (0.250,0.097) (0.250,0.580) (0.250,3.318) 
   Base frequencies (empirical): 0.245 0.219 0.282 0.254 
   Substitution rates (ML): 1.580 5.107 1.670 1.764 9.024 1.000 

   Partition 5: PARTITION_5
   Rate heterogeneity: GAMMA (4 cats),  alpha: 0.277 (ML),  weights&rates: (0.250,0.004) (0.250,0.087) (0.250,0.555) (0.250,3.355) 
   Base frequencies (empirical): 0.198 0.326 0.304 0.172 
   Substitution rates (ML): 1.049 2.020 1.823 0.705 3.323 1.000 

   Partition 6: PARTITION_6
   Rate heterogeneity: GAMMA (4 cats),  alpha: 0.231 (ML),  weights&rates: (0.250,0.001) (0.250,0.054) (0.250,0.460) (0.250,3.485) 
   Base frequencies (empirical): 0.272 0.192 0.249 0.286 
   Substitution rates (ML): 1.115 2.421 0.694 1.032 5.490 1.000 

   Partition 7: PARTITION_7
   Rate heterogeneity: GAMMA (4 cats),  alpha: 0.368 (ML),  weights&rates: (0.250,0.012) (0.250,0.158) (0.250,0.695) (0.250,3.135) 
   Base frequencies (empirical): 0.215 0.266 0.291 0.228 
   Substitution rates (ML): 1.157 3.903 0.926 0.883 4.851 1.000 

   Partition 8: PARTITION_8
   Rate heterogeneity: GAMMA (4 cats),  alpha: 0.146 (ML),  weights&rates: (0.250,0.000) (0.250,0.009) (0.250,0.229) (0.250,3.762) 
   Base frequencies (empirical): 0.340 0.167 0.199 0.294 
   Substitution rates (ML): 2.407 2.092 0.603 2.413 19.167 1.000 

   Partition 9: PARTITION_9
   Rate heterogeneity: GAMMA (4 cats),  alpha: 0.549 (ML),  weights&rates: (0.250,0.043) (0.250,0.283) (0.250,0.853) (0.250,2.822) 
   Base frequencies (empirical): 0.365 0.139 0.187 0.309 
   Substitution rates (ML): 0.933 1.360 0.355 1.202 2.659 1.000 

   Partition 10: PARTITION_10
   Rate heterogeneity: GAMMA (4 cats),  alpha: 0.440 (ML),  weights&rates: (0.250,0.023) (0.250,0.211) (0.250,0.771) (0.250,2.995) 
   Base frequencies (empirical): 0.300 0.178 0.159 0.363 
   Substitution rates (ML): 1.077 2.898 0.470 1.330 2.436 1.000 

Final LogLikelihood: -154973.877041

Best ML tree saved to: /home/morelbt/github/raxml-ng/bin/results/404_repeats_T16/404.phy.raxml.bestTree

Execution log saved to: /home/morelbt/github/raxml-ng/bin/results/404_repeats_T16/404.phy.raxml.log

Elapsed time: 1108.527 seconds

