
RAxML-NG v. 0.1.0 BETA released on 18.03.2017 by The Exelixis Lab.
Authors: Alexey Kozlov, Alexandros Stamatakis, Diego Darriba, Tomas Flouri, Benoit Morel.
Latest version: https://github.com/amkozlov/raxml-ng
Questions/problems/suggestions? Please visit: https://groups.google.com/forum/#!forum/raxml

WARNING: This is a BETA release, please use at your own risk!

RAxML-NG was called as follows:

./raxml-ng-mpi --seed=42 --msa /home/morelbt/github/raxml-ng/bin/results/404_repeats_T16/404.phy --model /home/morelbt/github/raxml-ng/bin/results/404_repeats_T16/404.part --simd AVX --threads 16 --repeats on -tree /home/morelbt/github/raxml-ng/bin/results/404_repeats_T16/unrooted.newick --redo

Analysis options:
  run mode: ML tree search
  start tree(s): user
  random seed: 42
  tip-inner: OFF
  repeats: ON
  pattern compression: ON
  fast spr radius: AUTO
  spr subtree cutoff: 1.000000
  branch lengths: ML estimate (linked)
  SIMD kernels: AVX
  parallelization: PTHREADS (16 threads)

WARNING: Running in REDO mode: existing checkpoints are ignored, and all result files will be overwritten!

[00:00:00] Reading alignment from file: /home/morelbt/github/raxml-ng/bin/results/404_repeats_T16/404.phy
[00:00:00] Loaded alignment with 404 taxa and 13158 sites

WARNING: Fully undetermined sequences found: 285

NOTE: Reduced alignment (with gap-only sequences and columns removed) was printed to:
/home/morelbt/github/raxml-ng/bin/results/404_repeats_T16/404.phy.raxml.reduced.phy

NOTE: The corresponding reduced partition file was printed to:
/home/morelbt/github/raxml-ng/bin/results/404_repeats_T16/404.phy.raxml.reduced.partition

Alignment comprises 11 partitions and 7444 patterns

Partition 0: PARTITION_0
Model: GTR+F+G4
Alignment sites / patterns: 2161 / 1454
Gaps: 66.23 %
Invariant sites: 43.41 %

Partition 1: PARTITION_1
Model: GTR+F+G4
Alignment sites / patterns: 802 / 660
Gaps: 84.88 %
Invariant sites: 39.15 %

Partition 2: PARTITION_2
Model: GTR+F+G4
Alignment sites / patterns: 1646 / 1291
Gaps: 76.95 %
Invariant sites: 41.92 %

Partition 3: PARTITION_3
Model: GTR+F+G4
Alignment sites / patterns: 588 / 109
Gaps: 90.84 %
Invariant sites: 80.61 %

Partition 4: PARTITION_4
Model: GTR+F+G4
Alignment sites / patterns: 852 / 339
Gaps: 96.47 %
Invariant sites: 65.02 %

Partition 5: PARTITION_5
Model: GTR+F+G4
Alignment sites / patterns: 828 / 718
Gaps: 72.68 %
Invariant sites: 22.71 %

Partition 6: PARTITION_6
Model: GTR+F+G4
Alignment sites / patterns: 1437 / 725
Gaps: 66.87 %
Invariant sites: 62.00 %

Partition 7: PARTITION_7
Model: GTR+F+G4
Alignment sites / patterns: 1218 / 700
Gaps: 83.79 %
Invariant sites: 47.04 %

Partition 8: PARTITION_8
Model: GTR+F+G4
Alignment sites / patterns: 1020 / 99
Gaps: 94.06 %
Invariant sites: 86.67 %

Partition 9: PARTITION_9
Model: GTR+F+G4
Alignment sites / patterns: 1025 / 431
Gaps: 95.35 %
Invariant sites: 62.63 %

Partition 10: PARTITION_10
Model: GTR+F+G4
Alignment sites / patterns: 1581 / 918
Gaps: 71.48 %
Invariant sites: 40.10 %


[00:00:01] Loading user starting tree(s) from: /home/morelbt/github/raxml-ng/bin/results/404_repeats_T16/unrooted.newick
[00:00:01] Data distribution: partitions/thread: 1-2, patterns/thread: 465-466

Starting ML tree search with 1 distinct starting trees

[00:00:01 -198468.079315] Initial branch length optimization
    busy_ratio: 0.882760
    stats_step: initial_blo
    wait_time_ms  (0, 119) (1, 268) (2, 28) (3, 268) (4, 316) (5, 338) (6, 306) (7, 279) (8, 319) (9, 291) (10, 246) (11, 274) (12, 292) (13, 286) (14, 259) (15, 285)
    cpu_time_ms  (0, 1134) (1, 2018) (2, 2262) (3, 2030) (4, 1977) (5, 1958) (6, 1988) (7, 2020) (8, 1982) (9, 2000) (10, 2051) (11, 2025) (12, 2001) (13, 2008) (14, 2016) (15, 2009)
[00:00:02 -162384.025048] Model parameter optimization (eps = 10.000000)
    busy_ratio: 0.741216
    stats_step: modelopt1
    wait_time_ms  (0, 1377) (1, 1365) (2, 1007) (3, 1712) (4, 2133) (5, 2392) (6, 2199) (7, 1854) (8, 2132) (9, 1567) (10, 2111) (11, 1697) (12, 2062) (13, 1293) (14, 966) (15, 1659)
    cpu_time_ms  (0, 5254) (1, 5285) (2, 5643) (3, 4939) (4, 4518) (5, 4258) (6, 4451) (7, 4797) (8, 4518) (9, 5083) (10, 4538) (11, 4953) (12, 4589) (13, 5357) (14, 5685) (15, 4991)
[00:00:09 -155528.506444] AUTODETECT spr round 1 (radius: 5)
    busy_ratio: 0.846837
    stats_step: autodetect_spr
    wait_time_ms  (0, 753) (1, 1076) (2, 668) (3, 1374) (4, 2042) (5, 2403) (6, 1903) (7, 1126) (8, 1701) (9, 1062) (10, 2237) (11, 1189) (12, 1992) (13, 823) (14, 263) (15, 1327)
    cpu_time_ms  (0, 8187) (1, 7881) (2, 8288) (3, 7582) (4, 6914) (5, 6553) (6, 7053) (7, 7830) (8, 7256) (9, 7894) (10, 6717) (11, 7767) (12, 6964) (13, 8133) (14, 8693) (15, 7629)
[00:00:18 -155229.708549] AUTODETECT spr round 2 (radius: 10)
    busy_ratio: 0.830027
    stats_step: autodetect_spr
    wait_time_ms  (0, 1768) (1, 2132) (2, 1345) (3, 2360) (4, 3670) (5, 4130) (6, 3509) (7, 1818) (8, 3205) (9, 2133) (10, 3919) (11, 2026) (12, 3393) (13, 1880) (14, 847) (15, 2124)
    cpu_time_ms  (0, 13024) (1, 12675) (2, 13462) (3, 12446) (4, 11137) (5, 10678) (6, 11299) (7, 12990) (8, 11601) (9, 12672) (10, 10883) (11, 12780) (12, 11415) (13, 12927) (14, 13960) (15, 12683)
[00:00:33 -155219.954742] AUTODETECT spr round 3 (radius: 15)
    busy_ratio: 0.853107
    stats_step: autodetect_spr
    wait_time_ms  (0, 2538) (1, 2366) (2, 2153) (3, 3000) (4, 4460) (5, 5154) (6, 4229) (7, 2694) (8, 4173) (9, 2343) (10, 4290) (11, 2536) (12, 4002) (13, 2419) (14, 794) (15, 2497)
    cpu_time_ms  (0, 18574) (1, 18762) (2, 18976) (3, 18128) (4, 16669) (5, 15975) (6, 16901) (7, 18436) (8, 16953) (9, 18787) (10, 16834) (11, 18592) (12, 17125) (13, 18711) (14, 20334) (15, 18628)
[00:00:54 -155219.909692] SPR radius for FAST iterations: 10 (autodetect)
[00:00:54 -155219.909692] Model parameter optimization (eps = 3.000000)
    busy_ratio: 0.756560
    stats_step: modelopt2
    wait_time_ms  (0, 379) (1, 537) (2, 434) (3, 712) (4, 741) (5, 977) (6, 801) (7, 649) (8, 732) (9, 474) (10, 824) (11, 611) (12, 725) (13, 495) (14, 248) (15, 635)
    cpu_time_ms  (0, 2169) (1, 2026) (2, 2129) (3, 1851) (4, 1822) (5, 1587) (6, 1762) (7, 1912) (8, 1831) (9, 2089) (10, 1739) (11, 1953) (12, 1839) (13, 2069) (14, 2315) (15, 1926)
[00:00:56 -155216.232573] FAST spr round 1 (radius: 10)
    busy_ratio: 0.846795
    stats_step: spr_FAST_1
    wait_time_ms  (0, 1636) (1, 1957) (2, 1358) (3, 2298) (4, 3089) (5, 3952) (6, 3249) (7, 2343) (8, 3293) (9, 1709) (10, 3113) (11, 1925) (12, 3091) (13, 1499) (14, 548) (15, 1918)
    cpu_time_ms  (0, 13433) (1, 13135) (2, 13735) (3, 12794) (4, 12004) (5, 11140) (6, 11844) (7, 12748) (8, 11800) (9, 13379) (10, 11979) (11, 13168) (12, 12002) (13, 13594) (14, 14545) (15, 13173)
[00:01:11 -155193.468268] FAST spr round 2 (radius: 10)
    busy_ratio: 0.843479
    stats_step: spr_FAST_1
    wait_time_ms  (0, 1072) (1, 1582) (2, 960) (3, 1930) (4, 2619) (5, 3110) (6, 2439) (7, 1855) (8, 2307) (9, 1201) (10, 2535) (11, 1601) (12, 2333) (13, 1392) (14, 458) (15, 1564)
    cpu_time_ms  (0, 10483) (1, 9987) (2, 10610) (3, 9639) (4, 8950) (5, 8459) (6, 9130) (7, 9715) (8, 9263) (9, 10368) (10, 9034) (11, 9969) (12, 9237) (13, 10178) (14, 11112) (15, 10005)
[00:01:23 -155189.927251] FAST spr round 3 (radius: 10)
    busy_ratio: 0.845733
    stats_step: spr_FAST_1
    wait_time_ms  (0, 763) (1, 1167) (2, 795) (3, 1405) (4, 2119) (5, 2660) (6, 2099) (7, 1332) (8, 1841) (9, 914) (10, 2049) (11, 1391) (12, 1912) (13, 1116) (14, 306) (15, 1283)
    cpu_time_ms  (0, 8612) (1, 8219) (2, 8591) (3, 7981) (4, 7267) (5, 6725) (6, 7287) (7, 8052) (8, 7546) (9, 8473) (10, 7337) (11, 7995) (12, 7472) (13, 8270) (14, 9080) (15, 8100)
[00:01:32 -155189.513160] FAST spr round 4 (radius: 10)
    busy_ratio: 0.819408
    stats_step: spr_FAST_1
    wait_time_ms  (0, 1329) (1, 1372) (2, 1130) (3, 1644) (4, 2310) (5, 2936) (6, 2216) (7, 1448) (8, 2258) (9, 1184) (10, 1895) (11, 1368) (12, 2055) (13, 1190) (14, 649) (15, 1314)
    cpu_time_ms  (0, 7767) (1, 7735) (2, 7977) (3, 7462) (4, 6796) (5, 6171) (6, 6890) (7, 7658) (8, 6849) (9, 7922) (10, 7211) (11, 7738) (12, 7051) (13, 7917) (14, 8458) (15, 7793)
[00:01:42 -155189.484681] Model parameter optimization (eps = 1.000000)
    busy_ratio: 0.766051
    stats_step: modelopt3
    wait_time_ms  (0, 153) (1, 169) (2, 156) (3, 232) (4, 262) (5, 350) (6, 271) (7, 209) (8, 248) (9, 167) (10, 282) (11, 177) (12, 263) (13, 157) (14, 80) (15, 213)
    cpu_time_ms  (0, 748) (1, 738) (2, 752) (3, 675) (4, 645) (5, 557) (6, 636) (7, 698) (8, 659) (9, 740) (10, 625) (11, 730) (12, 644) (13, 750) (14, 827) (15, 694)
[00:01:43 -155189.317278] SLOW spr round 1 (radius: 5)
    busy_ratio: 0.828010
    stats_step: spr_SLOW_2
    wait_time_ms  (0, 4628) (1, 5211) (2, 3099) (3, 4470) (4, 5245) (5, 7924) (6, 5705) (7, 4405) (8, 5639) (9, 3905) (10, 5461) (11, 4408) (12, 5490) (13, 4789) (14, 2494) (15, 4425)
    cpu_time_ms  (0, 23445) (1, 22885) (2, 24998) (3, 23626) (4, 22851) (5, 20172) (6, 22392) (7, 23691) (8, 22457) (9, 24189) (10, 22635) (11, 23688) (12, 22606) (13, 23308) (14, 25602) (15, 23671)
[00:02:11 -155170.095214] SLOW spr round 2 (radius: 5)
    busy_ratio: 0.848336
    stats_step: spr_SLOW_2
    wait_time_ms  (0, 3807) (1, 4261) (2, 1886) (3, 3427) (4, 4452) (5, 6165) (6, 4340) (7, 3427) (8, 4229) (9, 3673) (10, 4624) (11, 3357) (12, 4355) (13, 3726) (14, 1458) (15, 3730)
    cpu_time_ms  (0, 21288) (1, 20849) (2, 23224) (3, 21683) (4, 20658) (5, 18944) (6, 20769) (7, 21683) (8, 20881) (9, 21437) (10, 20485) (11, 21753) (12, 20755) (13, 21385) (14, 23653) (15, 21380)
[00:02:36 -155167.391547] SLOW spr round 3 (radius: 5)
    busy_ratio: 0.846112
    stats_step: spr_SLOW_2
    wait_time_ms  (0, 3458) (1, 3806) (2, 2084) (3, 3547) (4, 4450) (5, 5697) (6, 4196) (7, 3243) (8, 4014) (9, 3068) (10, 4340) (11, 3180) (12, 4100) (13, 3437) (14, 1512) (15, 3072)
    cpu_time_ms  (0, 19767) (1, 19433) (2, 21156) (3, 19692) (4, 18788) (5, 17541) (6, 19043) (7, 19995) (8, 19225) (9, 20171) (10, 18899) (11, 20059) (12, 19139) (13, 19802) (14, 21727) (15, 20166)
[00:02:59 -155167.012276] SLOW spr round 4 (radius: 5)
    busy_ratio: 0.843757
    stats_step: spr_SLOW_2
    wait_time_ms  (0, 3315) (1, 3767) (2, 1974) (3, 3726) (4, 4243) (5, 5969) (6, 4092) (7, 3304) (8, 3994) (9, 3404) (10, 4282) (11, 2957) (12, 3894) (13, 2971) (14, 1480) (15, 2998)
    cpu_time_ms  (0, 19226) (1, 18789) (2, 20582) (3, 18830) (4, 18312) (5, 16585) (6, 18463) (7, 19252) (8, 18561) (9, 19151) (10, 18273) (11, 19599) (12, 18661) (13, 19585) (14, 21075) (15, 19557)
[00:03:22 -155167.011487] SLOW spr round 5 (radius: 10)
    busy_ratio: 0.827297
    stats_step: spr_SLOW_2
    wait_time_ms  (0, 3441) (1, 4060) (2, 2429) (3, 3934) (4, 4521) (5, 6249) (6, 4577) (7, 3220) (8, 4489) (9, 3702) (10, 4832) (11, 3364) (12, 4383) (13, 3447) (14, 1919) (15, 3550)
    cpu_time_ms  (0, 19031) (1, 18426) (2, 20058) (3, 18552) (4, 17965) (5, 16237) (6, 17908) (7, 19266) (8, 17997) (9, 18784) (10, 17654) (11, 19122) (12, 18103) (13, 19037) (14, 20567) (15, 18936)
[00:03:44 -155167.010812] SLOW spr round 6 (radius: 15)
    busy_ratio: 0.780864
    stats_step: spr_SLOW_2
    wait_time_ms  (0, 7216) (1, 16133) (2, 11347) (3, 14685) (4, 16377) (5, 20354) (6, 16525) (7, 4657) (8, 16044) (9, 15798) (10, 16464) (11, 14768) (12, 15812) (13, 16042) (14, 10549) (15, 15530)
    cpu_time_ms  (0, 57878) (1, 48987) (2, 53774) (3, 50435) (4, 48743) (5, 44765) (6, 48596) (7, 60463) (8, 49076) (9, 49323) (10, 48657) (11, 50352) (12, 49308) (13, 49079) (14, 54571) (15, 49591)
[00:04:49 -155167.010133] SLOW spr round 7 (radius: 20)
    busy_ratio: 0.743178
    stats_step: spr_SLOW_2
    wait_time_ms  (0, 8485) (1, 27551) (2, 21606) (3, 24251) (4, 27381) (5, 34000) (6, 27891) (7, 4830) (8, 27412) (9, 27107) (10, 27233) (11, 25507) (12, 26966) (13, 27926) (14, 20185) (15, 27318)
    cpu_time_ms  (0, 85336) (1, 66307) (2, 72253) (3, 69607) (4, 66477) (5, 59858) (6, 65967) (7, 89027) (8, 66444) (9, 66751) (10, 66625) (11, 68351) (12, 66892) (13, 65933) (14, 73672) (15, 66538)
[00:06:23 -155161.431466] SLOW spr round 8 (radius: 5)
    busy_ratio: 0.798245
    stats_step: spr_SLOW_2
    wait_time_ms  (0, 5177) (1, 9552) (2, 6626) (3, 8866) (4, 10084) (5, 13382) (6, 10233) (7, 2721) (8, 9864) (9, 9321) (10, 10260) (11, 8721) (12, 10028) (13, 9415) (14, 6222) (15, 9239)
    cpu_time_ms  (0, 38100) (1, 33734) (2, 36658) (3, 34420) (4, 33202) (5, 29901) (6, 33052) (7, 40559) (8, 33422) (9, 33965) (10, 33026) (11, 34565) (12, 33258) (13, 33871) (14, 37064) (15, 34044)
[00:07:06 -155161.380518] SLOW spr round 9 (radius: 10)
    busy_ratio: 0.851576
    stats_step: spr_SLOW_2
    wait_time_ms  (0, 4562) (1, 4928) (2, 3038) (3, 4367) (4, 5900) (5, 8276) (6, 5836) (7, 3385) (8, 5598) (9, 4470) (10, 5857) (11, 4563) (12, 5647) (13, 4981) (14, 2270) (15, 5047)
    cpu_time_ms  (0, 28578) (1, 28229) (2, 30120) (3, 28790) (4, 27254) (5, 24880) (6, 27321) (7, 29772) (8, 27559) (9, 28687) (10, 27299) (11, 28594) (12, 27510) (13, 28176) (14, 30886) (15, 28110)
[00:07:40 -155161.379388] SLOW spr round 10 (radius: 15)
    busy_ratio: 0.805776
    stats_step: spr_SLOW_2
    wait_time_ms  (0, 5282) (1, 10325) (2, 7583) (3, 9597) (4, 11245) (5, 14781) (6, 10961) (7, 4612) (8, 10983) (9, 10282) (10, 10303) (11, 9804) (12, 11056) (13, 9704) (14, 6882) (15, 10466)
    cpu_time_ms  (0, 44215) (1, 39195) (2, 41936) (3, 39922) (4, 38274) (5, 34738) (6, 38558) (7, 44907) (8, 38536) (9, 39238) (10, 39216) (11, 39716) (12, 38463) (13, 39816) (14, 42637) (15, 39053)
[00:08:29 -155161.378351] SLOW spr round 11 (radius: 20)
    busy_ratio: 0.769541
    stats_step: spr_SLOW_2
    wait_time_ms  (0, 9331) (1, 24758) (2, 18716) (3, 23039) (4, 24577) (5, 31421) (6, 24627) (7, 6044) (8, 24303) (9, 22965) (10, 24305) (11, 23099) (12, 24648) (13, 23673) (14, 17674) (15, 24344)
    cpu_time_ms  (0, 84888) (1, 69497) (2, 75539) (3, 71215) (4, 69677) (5, 62833) (6, 69627) (7, 88210) (8, 69951) (9, 71290) (10, 69949) (11, 71156) (12, 69606) (13, 70582) (14, 76579) (15, 69909)
[00:10:03 -155161.377384] SLOW spr round 12 (radius: 25)
    busy_ratio: 0.790691
    stats_step: spr_SLOW_2
    wait_time_ms  (0, 11354) (1, 24447) (2, 18236) (3, 22886) (4, 25324) (5, 32822) (6, 24582) (7, 7527) (8, 24711) (9, 23973) (10, 24582) (11, 23237) (12, 24351) (13, 23926) (14, 16403) (15, 23438)
    cpu_time_ms  (0, 93670) (1, 80608) (2, 86819) (3, 82168) (4, 79730) (5, 72232) (6, 80472) (7, 97521) (8, 80344) (9, 81082) (10, 80472) (11, 81818) (12, 80703) (13, 81129) (14, 88650) (15, 81616)
[00:11:49 -155155.246388] SLOW spr round 13 (radius: 5)
    busy_ratio: 0.812919
    stats_step: spr_SLOW_2
    wait_time_ms  (0, 5387) (1, 8904) (2, 6280) (3, 8597) (4, 10037) (5, 12657) (6, 9640) (7, 3675) (8, 9458) (9, 8215) (10, 9559) (11, 8576) (12, 9478) (13, 7959) (14, 5050) (15, 8854)
    cpu_time_ms  (0, 38806) (1, 35310) (2, 37935) (3, 35617) (4, 34177) (5, 31557) (6, 34574) (7, 40539) (8, 34756) (9, 36000) (10, 34655) (11, 35638) (12, 34734) (13, 36256) (14, 39164) (15, 35360)
[00:12:33 -155105.920681] SLOW spr round 14 (radius: 5)
    busy_ratio: 0.800705
    stats_step: spr_SLOW_2
    wait_time_ms  (0, 4223) (1, 7185) (2, 5829) (3, 7503) (4, 8524) (5, 10468) (6, 8449) (7, 3127) (8, 8350) (9, 7949) (10, 8350) (11, 7276) (12, 8372) (13, 7322) (14, 4769) (15, 7765)
    cpu_time_ms  (0, 31974) (1, 29031) (2, 30387) (3, 28712) (4, 27691) (5, 25747) (6, 27766) (7, 33088) (8, 27865) (9, 28267) (10, 27865) (11, 28940) (12, 27844) (13, 28894) (14, 31446) (15, 28451)
[00:13:09 -155098.993578] SLOW spr round 15 (radius: 5)
    busy_ratio: 0.855649
    stats_step: spr_SLOW_2
    wait_time_ms  (0, 3866) (1, 4066) (2, 2267) (3, 3743) (4, 4758) (5, 6235) (6, 4916) (7, 2937) (8, 4698) (9, 4185) (10, 4776) (11, 3613) (12, 4814) (13, 3571) (14, 1778) (15, 3664)
    cpu_time_ms  (0, 23791) (1, 23603) (2, 25402) (3, 23925) (4, 22910) (5, 21433) (6, 22753) (7, 24731) (8, 22970) (9, 23484) (10, 22893) (11, 24053) (12, 22854) (13, 24098) (14, 25888) (15, 24004)
[00:13:37 -155098.982523] SLOW spr round 16 (radius: 10)
    busy_ratio: 0.764392
    stats_step: spr_SLOW_2
    wait_time_ms  (0, 2598) (1, 6575) (2, 4916) (3, 6391) (4, 7253) (5, 8903) (6, 7274) (7, 1767) (8, 7173) (9, 6783) (10, 7471) (11, 6583) (12, 7462) (13, 6389) (14, 4810) (15, 6512)
    cpu_time_ms  (0, 23616) (1, 19655) (2, 21314) (3, 19840) (4, 18977) (5, 17327) (6, 18956) (7, 24464) (8, 19057) (9, 19447) (10, 18759) (11, 19648) (12, 18768) (13, 19842) (14, 21421) (15, 19718)
[00:14:03 -155047.247841] SLOW spr round 17 (radius: 5)
    busy_ratio: 0.832376
    stats_step: spr_SLOW_2
    wait_time_ms  (0, 6020) (1, 6447) (2, 4124) (3, 6025) (4, 7649) (5, 10098) (6, 7608) (7, 3903) (8, 7418) (9, 6729) (10, 6845) (11, 6285) (12, 7937) (13, 6207) (14, 3917) (15, 6239)
    cpu_time_ms  (0, 32551) (1, 32132) (2, 34455) (3, 32554) (4, 30930) (5, 28480) (6, 30971) (7, 34674) (8, 31159) (9, 31851) (10, 31730) (11, 32294) (12, 30642) (13, 32373) (14, 34662) (15, 32340)
[00:14:42 -155003.434252] SLOW spr round 18 (radius: 5)
    busy_ratio: 0.830798
    stats_step: spr_SLOW_2
    wait_time_ms  (0, 5855) (1, 5575) (2, 3380) (3, 5296) (4, 6551) (5, 8469) (6, 6202) (7, 3159) (8, 6311) (9, 5354) (10, 5286) (11, 5067) (12, 6591) (13, 5185) (14, 3246) (15, 5293)
    cpu_time_ms  (0, 26213) (1, 26502) (2, 28697) (3, 26780) (4, 25525) (5, 23607) (6, 25872) (7, 28915) (8, 25765) (9, 26723) (10, 26790) (11, 27009) (12, 25485) (13, 26892) (14, 28830) (15, 26784)
[00:15:14 -154989.093266] SLOW spr round 19 (radius: 5)
    busy_ratio: 0.849800
    stats_step: spr_SLOW_2
    wait_time_ms  (0, 3987) (1, 4036) (2, 2234) (3, 3193) (4, 4938) (5, 6355) (6, 4594) (7, 3192) (8, 4630) (9, 3751) (10, 4712) (11, 3559) (12, 4873) (13, 3652) (14, 1784) (15, 3699)
    cpu_time_ms  (0, 22305) (1, 22265) (2, 24067) (3, 23105) (4, 21360) (5, 19943) (6, 21706) (7, 23108) (8, 21671) (9, 22550) (10, 21588) (11, 22741) (12, 21428) (13, 22648) (14, 24517) (15, 22601)
[00:15:40 -154989.035176] SLOW spr round 20 (radius: 10)
    busy_ratio: 0.821712
    stats_step: spr_SLOW_2
    wait_time_ms  (0, 4122) (1, 4290) (2, 2678) (3, 4147) (4, 5064) (5, 6637) (6, 4781) (7, 2256) (8, 4829) (9, 3988) (10, 4213) (11, 4002) (12, 4923) (13, 4107) (14, 2455) (15, 4205)
    cpu_time_ms  (0, 19257) (1, 19097) (2, 20710) (3, 19240) (4, 18323) (5, 16749) (6, 18605) (7, 21130) (8, 18558) (9, 19399) (10, 19174) (11, 19386) (12, 18464) (13, 19281) (14, 20932) (15, 19182)
[00:16:04 -154989.032801] SLOW spr round 21 (radius: 15)
    busy_ratio: 0.853049
    stats_step: spr_SLOW_2
    wait_time_ms  (0, 8120) (1, 8591) (2, 4532) (3, 6820) (4, 9073) (5, 12843) (6, 9039) (7, 6329) (8, 9213) (9, 8701) (10, 9167) (11, 6866) (12, 9050) (13, 8211) (14, 3509) (15, 7950)
    cpu_time_ms  (0, 46324) (1, 45862) (2, 49921) (3, 47633) (4, 45380) (5, 41609) (6, 45413) (7, 48122) (8, 45240) (9, 45753) (10, 45286) (11, 47587) (12, 45402) (13, 46243) (14, 50944) (15, 46503)
[00:16:58 -154989.032693] SLOW spr round 22 (radius: 20)
    busy_ratio: 0.845949
    stats_step: spr_SLOW_2
    wait_time_ms  (0, 12158) (1, 12576) (2, 6847) (3, 10571) (4, 13370) (5, 18743) (6, 13029) (7, 9700) (8, 13359) (9, 13011) (10, 12312) (11, 11232) (12, 13161) (13, 12284) (14, 5573) (15, 11148)
    cpu_time_ms  (0, 64549) (1, 64139) (2, 69869) (3, 66144) (4, 63345) (5, 57972) (6, 63686) (7, 67014) (8, 63356) (9, 63705) (10, 64403) (11, 65483) (12, 63554) (13, 64431) (14, 71141) (15, 65567)
[00:18:15 -154989.032676] SLOW spr round 23 (radius: 25)
    busy_ratio: 0.858236
    stats_step: spr_SLOW_2
    wait_time_ms  (0, 14474) (1, 15262) (2, 7476) (3, 11389) (4, 14470) (5, 21848) (6, 15220) (7, 11002) (8, 15323) (9, 15113) (10, 15951) (11, 12400) (12, 15119) (13, 14334) (14, 6802) (15, 13519)
    cpu_time_ms  (0, 82367) (1, 81607) (2, 89393) (3, 85480) (4, 82398) (5, 75021) (6, 81648) (7, 85866) (8, 81546) (9, 81756) (10, 80918) (11, 84469) (12, 81750) (13, 82535) (14, 90066) (15, 83350)
[00:19:52 -154989.032667] Model parameter optimization (eps = 0.100000)
    busy_ratio: 0.767658
    stats_step: modelopt4
    wait_time_ms  (0, 310) (1, 343) (2, 303) (3, 514) (4, 569) (5, 740) (6, 571) (7, 484) (8, 552) (9, 359) (10, 623) (11, 451) (12, 587) (13, 323) (14, 189) (15, 443)
    cpu_time_ms  (0, 1667) (1, 1639) (2, 1678) (3, 1468) (4, 1412) (5, 1242) (6, 1411) (7, 1498) (8, 1430) (9, 1623) (10, 1359) (11, 1531) (12, 1395) (13, 1659) (14, 1792) (15, 1539)

[00:19:54] ML tree search #1, logLikelihood: -154988.659645


Optimized model parameters:

   Partition 0: PARTITION_0
   Rate heterogeneity: GAMMA (4 cats),  alpha: 0.391 (ML),  weights&rates: (0.250,0.015) (0.250,0.175) (0.250,0.721) (0.250,3.089) 
   Base frequencies (empirical): 0.278 0.163 0.173 0.386 
   Substitution rates (ML): 1.853 4.575 0.553 1.452 3.774 1.000 

   Partition 1: PARTITION_1
   Rate heterogeneity: GAMMA (4 cats),  alpha: 0.844 (ML),  weights&rates: (0.250,0.105) (0.250,0.424) (0.250,0.968) (0.250,2.503) 
   Base frequencies (empirical): 0.406 0.143 0.283 0.169 
   Substitution rates (ML): 1.127 1.985 0.294 0.918 6.027 1.000 

   Partition 2: PARTITION_2
   Rate heterogeneity: GAMMA (4 cats),  alpha: 0.490 (ML),  weights&rates: (0.250,0.032) (0.250,0.245) (0.250,0.813) (0.250,2.910) 
   Base frequencies (empirical): 0.338 0.167 0.164 0.331 
   Substitution rates (ML): 0.792 1.479 0.705 0.765 1.310 1.000 

   Partition 3: PARTITION_3
   Rate heterogeneity: GAMMA (4 cats),  alpha: 0.156 (ML),  weights&rates: (0.250,0.000) (0.250,0.013) (0.250,0.258) (0.250,3.729) 
   Base frequencies (empirical): 0.349 0.177 0.193 0.281 
   Substitution rates (ML): 1.082 16.321 0.153 1.349 1.935 1.000 

   Partition 4: PARTITION_4
   Rate heterogeneity: GAMMA (4 cats),  alpha: 0.291 (ML),  weights&rates: (0.250,0.005) (0.250,0.097) (0.250,0.580) (0.250,3.318) 
   Base frequencies (empirical): 0.245 0.219 0.282 0.254 
   Substitution rates (ML): 1.580 5.107 1.670 1.764 9.024 1.000 

   Partition 5: PARTITION_5
   Rate heterogeneity: GAMMA (4 cats),  alpha: 0.277 (ML),  weights&rates: (0.250,0.004) (0.250,0.087) (0.250,0.555) (0.250,3.355) 
   Base frequencies (empirical): 0.198 0.326 0.304 0.172 
   Substitution rates (ML): 1.049 2.020 1.823 0.705 3.323 1.000 

   Partition 6: PARTITION_6
   Rate heterogeneity: GAMMA (4 cats),  alpha: 0.231 (ML),  weights&rates: (0.250,0.001) (0.250,0.054) (0.250,0.460) (0.250,3.485) 
   Base frequencies (empirical): 0.272 0.192 0.249 0.286 
   Substitution rates (ML): 1.115 2.422 0.694 1.032 5.490 1.000 

   Partition 7: PARTITION_7
   Rate heterogeneity: GAMMA (4 cats),  alpha: 0.368 (ML),  weights&rates: (0.250,0.012) (0.250,0.158) (0.250,0.695) (0.250,3.135) 
   Base frequencies (empirical): 0.215 0.266 0.291 0.228 
   Substitution rates (ML): 1.157 3.903 0.926 0.883 4.851 1.000 

   Partition 8: PARTITION_8
   Rate heterogeneity: GAMMA (4 cats),  alpha: 0.146 (ML),  weights&rates: (0.250,0.000) (0.250,0.009) (0.250,0.229) (0.250,3.762) 
   Base frequencies (empirical): 0.340 0.167 0.199 0.294 
   Substitution rates (ML): 2.408 2.092 0.603 2.413 19.168 1.000 

   Partition 9: PARTITION_9
   Rate heterogeneity: GAMMA (4 cats),  alpha: 0.549 (ML),  weights&rates: (0.250,0.043) (0.250,0.283) (0.250,0.853) (0.250,2.822) 
   Base frequencies (empirical): 0.365 0.139 0.187 0.309 
   Substitution rates (ML): 0.933 1.360 0.355 1.202 2.659 1.000 

   Partition 10: PARTITION_10
   Rate heterogeneity: GAMMA (4 cats),  alpha: 0.440 (ML),  weights&rates: (0.250,0.023) (0.250,0.211) (0.250,0.771) (0.250,2.995) 
   Base frequencies (empirical): 0.300 0.178 0.159 0.363 
   Substitution rates (ML): 1.077 2.898 0.470 1.330 2.436 1.000 

Final LogLikelihood: -154988.659645

Best ML tree saved to: /home/morelbt/github/raxml-ng/bin/results/404_repeats_T16/404.phy.raxml.bestTree

Execution log saved to: /home/morelbt/github/raxml-ng/bin/results/404_repeats_T16/404.phy.raxml.log

Elapsed time: 1194.097 seconds

