RAxML-NG v. 0.1alpha (c) 2017 The Exelixis Lab

WARNING: This is an EXPERIMENTAL version of RAxML which has not been released yet!

RAxML-NG was called as follows:

./raxml-ng-mpi --seed=42 --msa data/59/59.phy --model data/59/59.part --simd AVX --threads 16 --repeats off

Analysis options:
  run mode: Tree search
  start tree: random
  random seed: 42
  tip-inner: ON
  repeats: OFF
  pattern compression: ON
  fast spr radius: AUTO
  spr subtree cutoff: 1.000000
  branch lengths: ML estimate (linked)
  SIMD kernels: AVX
  parallelization: PTHREADS (16 threads)

Reading alignment from file: data/59/59.phy
Loaded alignment with 59 taxa and 6951 sites

Alignment comprises 7 partitions and 3238 patterns

Partition 0: ndhf1st
Model: GTR+F+G4
Alignment sites / patterns: 2183 / 988
Gaps: 26.32 %
Invariant sites: 62.67 %

Partition 1: rbcl1st
Model: GTR+F+G4
Alignment sites / patterns: 1344 / 354
Gaps: 49.98 %
Invariant sites: 75.00 %

Partition 2: rpoc23rd
Model: GTR+F+G4
Alignment sites / patterns: 1044 / 740
Gaps: 56.64 %
Invariant sites: 41.57 %

Partition 3: phyb3rd
Model: GTR+F+G4
Alignment sites / patterns: 1182 / 614
Gaps: 41.68 %
Invariant sites: 49.75 %

Partition 4: 5.8S
Model: GTR+F+G4
Alignment sites / patterns: 160 / 33
Gaps: 29.31 %
Invariant sites: 81.88 %

Partition 5: its2
Model: GTR+F+G4
Alignment sites / patterns: 264 / 241
Gaps: 40.27 %
Invariant sites: 12.88 %

Partition 6: gbss13rd
Model: GTR+F+G4
Alignment sites / patterns: 774 / 268
Gaps: 76.44 %
Invariant sites: 60.21 %


Generating a random starting tree with 59 taxa

Data distribution:
thread#	part#	start	length
0	4	0	33
0	5	0	170

1	0	786	202

2	0	584	202

3	0	382	202

4	0	180	202

5	2	718	22
5	0	0	180

6	2	516	202

7	2	314	202

8	2	112	202

9	3	524	90
9	2	0	112

10	3	322	202

11	3	119	203

12	1	270	84
12	3	0	119

13	1	67	203

14	6	132	136
14	1	0	67

15	5	170	71
15	6	0	132


Initial LogLikelihood: -76653.43
[00:00:00 -76653.425472] Initial branch length optimization
    busy_ratio: 1.000000
    stats_step: initial_blo
    wait_time_ms  (0, 0) (1, 0) (2, 0) (3, 0) (4, 0) (5, 0) (6, 0) (7, 0) (8, 0) (9, 0) (10, 0) (11, 0) (12, 0) (13, 0) (14, 0) (15, 0)
    cpu_time_ms  (0, 0) (1, 76) (2, 0) (3, 76) (4, 0) (5, 0) (6, 0) (7, 76) (8, 0) (9, 0) (10, 0) (11, 0) (12, 0) (13, 76) (14, 0) (15, 0)
[00:00:00 -67893.385650] Model parameter optimization (eps = 10.000000)
    busy_ratio: 0.776625
    stats_step: model_param1
    wait_time_ms  (0, 199) (1, 367) (2, 307) (3, 359) (4, 302) (5, 81) (6, 307) (7, 364) (8, 307) (9, 81) (10, 310) (11, 362) (12, 13) (13, 363) (14, 16) (15, 90)
    cpu_time_ms  (0, 870) (1, 706) (2, 766) (3, 714) (4, 771) (5, 992) (6, 766) (7, 709) (8, 765) (9, 992) (10, 763) (11, 711) (12, 1060) (13, 710) (14, 1057) (15, 983)
[00:00:01 -62189.689425] AUTODETECT spr round 1 (radius: 5)
    busy_ratio: 0.836958
    stats_step: autodetect_spr
    wait_time_ms  (0, 50) (1, 110) (2, 89) (3, 110) (4, 88) (5, 39) (6, 87) (7, 108) (8, 88) (9, 36) (10, 88) (11, 106) (12, 13) (13, 108) (14, 13) (15, 39)
    cpu_time_ms  (0, 398) (1, 341) (2, 363) (3, 342) (4, 363) (5, 412) (6, 364) (7, 344) (8, 364) (9, 416) (10, 363) (11, 345) (12, 438) (13, 344) (14, 438) (15, 412)
[00:00:01 -55076.157683] AUTODETECT spr round 2 (radius: 10)
    busy_ratio: 0.852375
    stats_step: autodetect_spr
    wait_time_ms  (0, 65) (1, 115) (2, 96) (3, 112) (4, 94) (5, 37) (6, 94) (7, 113) (8, 94) (9, 32) (10, 95) (11, 111) (12, 13) (13, 111) (14, 12) (15, 37)
    cpu_time_ms  (0, 456) (1, 409) (2, 428) (3, 411) (4, 430) (5, 487) (6, 429) (7, 411) (8, 430) (9, 491) (10, 429) (11, 413) (12, 510) (13, 413) (14, 512) (15, 487)
[00:00:02 -53324.897541] AUTODETECT spr round 3 (radius: 15)
    busy_ratio: 0.844815
    stats_step: autodetect_spr
    wait_time_ms  (0, 50) (1, 87) (2, 75) (3, 87) (4, 75) (5, 23) (6, 75) (7, 87) (8, 75) (9, 19) (10, 75) (11, 85) (12, 6) (13, 86) (14, 6) (15, 23)
    cpu_time_ms  (0, 326) (1, 291) (2, 303) (3, 292) (4, 303) (5, 355) (6, 304) (7, 292) (8, 304) (9, 359) (10, 303) (11, 293) (12, 373) (13, 292) (14, 372) (15, 356)
[00:00:02 -53324.880235] SPR radius for FAST iterations: 10 (autodetect)
    busy_ratio: -nan
    stats_step: fast_spr
    wait_time_ms  (0, 0) (1, 0) (2, 0) (3, 0) (4, 0) (5, 0) (6, 0) (7, 0) (8, 0) (9, 0) (10, 0) (11, 0) (12, 0) (13, 0) (14, 0) (15, 0)
    cpu_time_ms  (0, 0) (1, 0) (2, 0) (3, 0) (4, 0) (5, 0) (6, 0) (7, 0) (8, 0) (9, 0) (10, 0) (11, 0) (12, 0) (13, 0) (14, 0) (15, 0)
[00:00:02 -53324.880235] Model parameter optimization (eps = 3.000000)
    busy_ratio: 0.780532
    stats_step: model_param2
    wait_time_ms  (0, 132) (1, 229) (2, 197) (3, 228) (4, 197) (5, 47) (6, 195) (7, 227) (8, 195) (9, 41) (10, 198) (11, 228) (12, 7) (13, 227) (14, 8) (15, 50)
    cpu_time_ms  (0, 551) (1, 457) (2, 489) (3, 458) (4, 490) (5, 640) (6, 492) (7, 459) (8, 492) (9, 645) (10, 489) (11, 459) (12, 680) (13, 459) (14, 679) (15, 637)
[00:00:03 -53169.964843] FAST spr round 1 (radius: 10)
    busy_ratio: 0.809078
    stats_step: fast_spr
    wait_time_ms  (0, 141) (1, 338) (2, 226) (3, 344) (4, 227) (5, 173) (6, 225) (7, 341) (8, 227) (9, 167) (10, 227) (11, 335) (12, 53) (13, 338) (14, 50) (15, 164)
    cpu_time_ms  (0, 1029) (1, 834) (2, 947) (3, 828) (4, 945) (5, 1000) (6, 947) (7, 831) (8, 946) (9, 1005) (10, 945) (11, 837) (12, 1119) (13, 835) (14, 1122) (15, 1008)
[00:00:04 -52341.283183] FAST spr round 2 (radius: 10)
    busy_ratio: 0.749682
    stats_step: fast_spr
    wait_time_ms  (0, 167) (1, 293) (2, 226) (3, 297) (4, 227) (5, 178) (6, 225) (7, 296) (8, 227) (9, 172) (10, 227) (11, 185) (12, 24) (13, 292) (14, 108) (15, 172)
    cpu_time_ms  (0, 659) (1, 536) (2, 603) (3, 532) (4, 602) (5, 652) (6, 604) (7, 534) (8, 602) (9, 657) (10, 602) (11, 644) (12, 805) (13, 537) (14, 722) (15, 657)
[00:00:05 -52329.884039] FAST spr round 3 (radius: 10)
    busy_ratio: 0.686561
    stats_step: fast_spr
    wait_time_ms  (0, 247) (1, 356) (2, 294) (3, 356) (4, 295) (5, 244) (6, 293) (7, 356) (8, 294) (9, 241) (10, 293) (11, 174) (12, 30) (13, 353) (14, 180) (15, 224)
    cpu_time_ms  (0, 595) (1, 489) (2, 550) (3, 488) (4, 550) (5, 600) (6, 551) (7, 489) (8, 551) (9, 603) (10, 551) (11, 670) (12, 814) (13, 491) (14, 664) (15, 620)
[00:00:06 -52326.476504] FAST spr round 4 (radius: 10)
    busy_ratio: 0.814087
    stats_step: fast_spr
    wait_time_ms  (0, 91) (1, 198) (2, 141) (3, 199) (4, 142) (5, 87) (6, 139) (7, 199) (8, 141) (9, 83) (10, 142) (11, 188) (12, 26) (13, 195) (14, 24) (15, 83)
    cpu_time_ms  (0, 606) (1, 502) (2, 559) (3, 501) (4, 558) (5, 613) (6, 561) (7, 501) (8, 559) (9, 617) (10, 558) (11, 512) (12, 674) (13, 505) (14, 676) (15, 617)
[00:00:06 -52324.754043] FAST spr round 5 (radius: 10)
    busy_ratio: 0.814024
    stats_step: fast_spr
    wait_time_ms  (0, 87) (1, 199) (2, 141) (3, 199) (4, 142) (5, 88) (6, 141) (7, 200) (8, 142) (9, 85) (10, 142) (11, 196) (12, 26) (13, 196) (14, 25) (15, 84)
    cpu_time_ms  (0, 616) (1, 506) (2, 564) (3, 506) (4, 564) (5, 617) (6, 564) (7, 506) (8, 564) (9, 621) (10, 564) (11, 509) (12, 679) (13, 510) (14, 680) (15, 621)
[00:00:07 -52324.557165] FAST spr round 6 (radius: 10)
    busy_ratio: 0.813686
    stats_step: fast_spr
    wait_time_ms  (0, 95) (1, 204) (2, 146) (3, 207) (4, 146) (5, 92) (6, 145) (7, 206) (8, 146) (9, 88) (10, 146) (11, 202) (12, 26) (13, 203) (14, 26) (15, 87)
    cpu_time_ms  (0, 631) (1, 524) (2, 582) (3, 521) (4, 582) (5, 636) (6, 583) (7, 522) (8, 582) (9, 640) (10, 582) (11, 526) (12, 702) (13, 525) (14, 702) (15, 641)
[00:00:08 -52324.459854] Model parameter optimization (eps = 1.000000)
    busy_ratio: 0.772754
    stats_step: model_param3
    wait_time_ms  (0, 128) (1, 212) (2, 186) (3, 211) (4, 186) (5, 39) (6, 185) (7, 211) (8, 185) (9, 33) (10, 187) (11, 210) (12, 6) (13, 209) (14, 6) (15, 39)
    cpu_time_ms  (0, 486) (1, 404) (2, 430) (3, 405) (4, 430) (5, 577) (6, 431) (7, 405) (8, 431) (9, 583) (10, 429) (11, 406) (12, 610) (13, 407) (14, 610) (15, 577)
[00:00:08 -52318.737193] SLOW spr round 1 (radius: 5)
    busy_ratio: 0.812064
    stats_step: slow_spr
    wait_time_ms  (0, 336) (1, 758) (2, 467) (3, 757) (4, 471) (5, 475) (6, 468) (7, 764) (8, 473) (9, 485) (10, 473) (11, 747) (12, 176) (13, 750) (14, 169) (15, 460)
    cpu_time_ms  (0, 2400) (1, 1980) (2, 2271) (3, 1981) (4, 2268) (5, 2263) (6, 2270) (7, 1975) (8, 2266) (9, 2254) (10, 2265) (11, 1991) (12, 2563) (13, 1989) (14, 2569) (15, 2279)
[00:00:11 -52318.688279] SLOW spr round 2 (radius: 10)
    busy_ratio: 0.808235
    stats_step: slow_spr
    wait_time_ms  (0, 256) (1, 610) (2, 380) (3, 619) (4, 387) (5, 373) (6, 382) (7, 613) (8, 386) (9, 370) (10, 384) (11, 598) (12, 130) (13, 607) (14, 124) (15, 353)
    cpu_time_ms  (0, 1885) (1, 1534) (2, 1764) (3, 1525) (4, 1757) (5, 1771) (6, 1762) (7, 1531) (8, 1758) (9, 1774) (10, 1760) (11, 1547) (12, 2014) (13, 1537) (14, 2020) (15, 1791)
[00:00:13 -52318.671820] SLOW spr round 3 (radius: 15)
    busy_ratio: 0.805980
    stats_step: slow_spr
    wait_time_ms  (0, 273) (1, 609) (2, 385) (3, 623) (4, 393) (5, 364) (6, 388) (7, 614) (8, 391) (9, 352) (10, 388) (11, 606) (12, 127) (13, 614) (14, 125) (15, 353)
    cpu_time_ms  (0, 1854) (1, 1521) (2, 1744) (3, 1506) (4, 1737) (5, 1766) (6, 1741) (7, 1516) (8, 1739) (9, 1777) (10, 1742) (11, 1523) (12, 2003) (13, 1515) (14, 2005) (15, 1777)
[00:00:15 -52318.661725] SLOW spr round 4 (radius: 20)
    busy_ratio: 0.792026
    stats_step: slow_spr
    wait_time_ms  (0, 60) (1, 131) (2, 95) (3, 132) (4, 95) (5, 54) (6, 95) (7, 132) (8, 95) (9, 52) (10, 95) (11, 129) (12, 16) (13, 130) (14, 13) (15, 52)
    cpu_time_ms  (0, 352) (1, 283) (2, 320) (3, 283) (4, 319) (5, 360) (6, 320) (7, 283) (8, 319) (9, 363) (10, 320) (11, 286) (12, 399) (13, 285) (14, 402) (15, 363)
[00:00:16 -52318.655542] SLOW spr round 5 (radius: 25)
    busy_ratio: 0.779912
    stats_step: slow_spr
    wait_time_ms  (0, 33) (1, 57) (2, 49) (3, 57) (4, 49) (5, 10) (6, 49) (7, 57) (8, 49) (9, 9) (10, 49) (11, 57) (12, 1) (13, 57) (14, 1) (15, 10)
    cpu_time_ms  (0, 135) (1, 113) (2, 121) (3, 113) (4, 121) (5, 160) (6, 121) (7, 113) (8, 121) (9, 161) (10, 121) (11, 113) (12, 170) (13, 114) (14, 169) (15, 160)
[00:00:16 -52318.651790] Model parameter optimization (eps = 0.100000)
    busy_ratio: 0.773925
    stats_step: model_param4
    wait_time_ms  (0, 38) (1, 61) (2, 53) (3, 61) (4, 54) (5, 11) (6, 54) (7, 61) (8, 54) (9, 10) (10, 54) (11, 61) (12, 1) (13, 60) (14, 1) (15, 11)
    cpu_time_ms  (0, 140) (1, 118) (2, 126) (3, 119) (4, 126) (5, 169) (6, 126) (7, 119) (8, 126) (9, 170) (10, 126) (11, 119) (12, 178) (13, 119) (14, 178) (15, 168)

Optimized model parameters:

   Partition 0: ndhf1st
   Rate heterogeneity: GAMMA (4 cats),  alpha: 0.341 (ML),  weights&rates: (0.250,0.009) (0.250,0.137) (0.250,0.659) (0.250,3.195) 
   Base frequencies (empirical): 0.274 0.163 0.177 0.386 
   Substitution rates (ML): 2.040 5.540 0.495 1.621 4.772 1.000 

   Partition 1: rbcl1st
   Rate heterogeneity: GAMMA (4 cats),  alpha: 0.188 (ML),  weights&rates: (0.250,0.000) (0.250,0.027) (0.250,0.353) (0.250,3.620) 
   Base frequencies (empirical): 0.271 0.193 0.249 0.287 
   Substitution rates (ML): 0.841 2.173 0.530 1.009 5.727 1.000 

   Partition 2: rpoc23rd
   Rate heterogeneity: GAMMA (4 cats),  alpha: 1.704 (ML),  weights&rates: (0.250,0.255) (0.250,0.619) (0.250,1.060) (0.250,2.065) 
   Base frequencies (empirical): 0.488 0.287 0.142 0.084 
   Substitution rates (ML): 2.534 1.113 0.015 0.248 1.883 1.000 

   Partition 3: phyb3rd
   Rate heterogeneity: GAMMA (4 cats),  alpha: 0.323 (ML),  weights&rates: (0.250,0.007) (0.250,0.122) (0.250,0.632) (0.250,3.239) 
   Base frequencies (empirical): 0.215 0.270 0.292 0.223 
   Substitution rates (ML): 1.284 4.169 1.065 0.914 4.392 1.000 

   Partition 4: 5.8S
   Rate heterogeneity: GAMMA (4 cats),  alpha: 0.136 (ML),  weights&rates: (0.250,0.000) (0.250,0.007) (0.250,0.200) (0.250,3.793) 
   Base frequencies (empirical): 0.228 0.286 0.287 0.198 
   Substitution rates (ML): 15.364 29.771 36.410 14.849 298.436 1.000 

   Partition 5: its2
   Rate heterogeneity: GAMMA (4 cats),  alpha: 0.184 (ML),  weights&rates: (0.250,0.000) (0.250,0.025) (0.250,0.342) (0.250,3.633) 
   Base frequencies (empirical): 0.166 0.346 0.340 0.149 
   Substitution rates (ML): 1.724 2.655 3.231 0.667 3.772 1.000 

   Partition 6: gbss13rd
   Rate heterogeneity: GAMMA (4 cats),  alpha: 0.267 (ML),  weights&rates: (0.250,0.003) (0.250,0.080) (0.250,0.537) (0.250,3.380) 
   Base frequencies (empirical): 0.214 0.297 0.336 0.153 
   Substitution rates (ML): 1.803 3.624 1.044 2.372 5.980 1.000 

Final LogLikelihood: -52318.633075

Elapsed time: 16.751 seconds

Final tree saved to: /home/morelbt/github/raxml-ng-1/bin/data/59/59.phy.raxml.bestTree

Execution log saved to: /home/morelbt/github/raxml-ng-1/bin/data/59/59.phy.raxml.log

