RAxML-NG v. 0.1alpha (c) 2017 The Exelixis Lab

WARNING: This is an EXPERIMENTAL version of RAxML which has not been released yet!

RAxML-NG was called as follows:

./raxml-ng-mpi --seed=42 --msa data/59/59.phy --model data/59/59.part --simd AVX --threads 16 --repeats on

Analysis options:
  run mode: Tree search
  start tree: random
  random seed: 42
  tip-inner: OFF
  repeats: ON
  pattern compression: ON
  fast spr radius: AUTO
  spr subtree cutoff: 1.000000
  branch lengths: ML estimate (linked)
  SIMD kernels: AVX
  parallelization: PTHREADS (16 threads)

Reading alignment from file: data/59/59.phy
Loaded alignment with 59 taxa and 6951 sites

Alignment comprises 7 partitions and 3238 patterns

Partition 0: ndhf1st
Model: GTR+F+G4
Alignment sites / patterns: 2183 / 988
Gaps: 26.32 %
Invariant sites: 62.67 %

Partition 1: rbcl1st
Model: GTR+F+G4
Alignment sites / patterns: 1344 / 354
Gaps: 49.98 %
Invariant sites: 75.00 %

Partition 2: rpoc23rd
Model: GTR+F+G4
Alignment sites / patterns: 1044 / 740
Gaps: 56.64 %
Invariant sites: 41.57 %

Partition 3: phyb3rd
Model: GTR+F+G4
Alignment sites / patterns: 1182 / 614
Gaps: 41.68 %
Invariant sites: 49.75 %

Partition 4: 5.8S
Model: GTR+F+G4
Alignment sites / patterns: 160 / 33
Gaps: 29.31 %
Invariant sites: 81.88 %

Partition 5: its2
Model: GTR+F+G4
Alignment sites / patterns: 264 / 241
Gaps: 40.27 %
Invariant sites: 12.88 %

Partition 6: gbss13rd
Model: GTR+F+G4
Alignment sites / patterns: 774 / 268
Gaps: 76.44 %
Invariant sites: 60.21 %


Generating a random starting tree with 59 taxa

Data distribution:
thread#	part#	start	length
0	4	0	33
0	5	0	170

1	0	786	202

2	0	584	202

3	0	382	202

4	0	180	202

5	2	718	22
5	0	0	180

6	2	516	202

7	2	314	202

8	2	112	202

9	3	524	90
9	2	0	112

10	3	322	202

11	3	119	203

12	1	270	84
12	3	0	119

13	1	67	203

14	6	132	136
14	1	0	67

15	5	170	71
15	6	0	132

PLOP REPEATS
PLOP REPEATS

Initial LogLikelihood: -76653.43
[00:00:00 -76653.425472] Initial branch length optimization
    busy_ratio: 1.000000
    stats_step: initial_blo
    wait_time_ms  (0, 0) (1, 0) (2, 0) (3, 0) (4, 0) (5, 0) (6, 0) (7, 0) (8, 0) (9, 0) (10, 0) (11, 0) (12, 0) (13, 0) (14, 0) (15, 0)
    cpu_time_ms  (0, 0) (1, 83) (2, 82) (3, 90) (4, 82) (5, 81) (6, 90) (7, 91) (8, 90) (9, 79) (10, 82) (11, 91) (12, 81) (13, 82) (14, 77) (15, 80)
[00:00:00 -67893.385650] Model parameter optimization (eps = 10.000000)
    busy_ratio: 0.701121
    stats_step: model_param1
    wait_time_ms  (0, 105) (1, 294) (2, 94) (3, 251) (4, 234) (5, 191) (6, 251) (7, 278) (8, 236) (9, 183) (10, 261) (11, 287) (12, 136) (13, 297) (14, 13) (15, 191)
    cpu_time_ms  (0, 584) (1, 397) (2, 596) (3, 440) (4, 456) (5, 500) (6, 439) (7, 412) (8, 455) (9, 510) (10, 431) (11, 404) (12, 556) (13, 394) (14, 680) (15, 501)
[00:00:00 -62189.734759] AUTODETECT spr round 1 (radius: 5)
    busy_ratio: 0.708912
    stats_step: autodetect_spr
    wait_time_ms  (0, 112) (1, 177) (2, 60) (3, 173) (4, 152) (5, 137) (6, 157) (7, 175) (8, 155) (9, 132) (10, 155) (11, 174) (12, 110) (13, 179) (14, 9) (15, 141)
    cpu_time_ms  (0, 358) (1, 294) (2, 412) (3, 300) (4, 320) (5, 335) (6, 315) (7, 298) (8, 318) (9, 341) (10, 318) (11, 298) (12, 363) (13, 293) (14, 464) (15, 332)
[00:00:01 -55076.029645] AUTODETECT spr round 2 (radius: 10)
    busy_ratio: 0.696708
    stats_step: autodetect_spr
    wait_time_ms  (0, 153) (1, 226) (2, 79) (3, 224) (4, 201) (5, 181) (6, 208) (7, 227) (8, 204) (9, 173) (10, 203) (11, 223) (12, 146) (13, 231) (14, 6) (15, 182)
    cpu_time_ms  (0, 436) (1, 364) (2, 513) (3, 367) (4, 389) (5, 410) (6, 384) (7, 365) (8, 388) (9, 419) (10, 388) (11, 368) (12, 446) (13, 360) (14, 585) (15, 410)
[00:00:02 -53324.774768] AUTODETECT spr round 3 (radius: 15)
    busy_ratio: 0.725809
    stats_step: autodetect_spr
    wait_time_ms  (0, 108) (1, 124) (2, 51) (3, 125) (4, 147) (5, 88) (6, 157) (7, 128) (8, 157) (9, 85) (10, 156) (11, 115) (12, 110) (13, 125) (14, 8) (15, 90)
    cpu_time_ms  (0, 297) (1, 279) (2, 352) (3, 282) (4, 255) (5, 315) (6, 248) (7, 279) (8, 251) (9, 323) (10, 251) (11, 286) (12, 298) (13, 277) (14, 399) (15, 317)
[00:00:02 -53324.757663] SPR radius for FAST iterations: 10 (autodetect)
    busy_ratio: -nan
    stats_step: fast_spr
    wait_time_ms  (0, 0) (1, 0) (2, 0) (3, 0) (4, 0) (5, 0) (6, 0) (7, 0) (8, 0) (9, 0) (10, 0) (11, 0) (12, 0) (13, 0) (14, 0) (15, 0)
    cpu_time_ms  (0, 0) (1, 0) (2, 0) (3, 0) (4, 0) (5, 0) (6, 0) (7, 0) (8, 0) (9, 0) (10, 0) (11, 0) (12, 0) (13, 0) (14, 0) (15, 0)
[00:00:02 -53324.757663] Model parameter optimization (eps = 3.000000)
    busy_ratio: 0.726806
    stats_step: model_param2
    wait_time_ms  (0, 96) (1, 133) (2, 75) (3, 118) (4, 190) (5, 67) (6, 198) (7, 125) (8, 189) (9, 55) (10, 189) (11, 123) (12, 119) (13, 142) (14, 7) (15, 59)
    cpu_time_ms  (0, 333) (1, 299) (2, 356) (3, 314) (4, 242) (5, 365) (6, 234) (7, 307) (8, 243) (9, 377) (10, 243) (11, 309) (12, 313) (13, 290) (14, 426) (15, 373)
[00:00:02 -53169.956482] FAST spr round 1 (radius: 10)
    busy_ratio: 0.720794
    stats_step: fast_spr
    wait_time_ms  (0, 387) (1, 344) (2, 183) (3, 372) (4, 502) (5, 243) (6, 490) (7, 375) (8, 511) (9, 246) (10, 485) (11, 326) (12, 383) (13, 345) (14, 74) (15, 248)
    cpu_time_ms  (0, 855) (1, 879) (2, 1042) (3, 873) (4, 737) (5, 982) (6, 735) (7, 869) (8, 734) (9, 998) (10, 741) (11, 892) (12, 861) (13, 883) (14, 1170) (15, 996)
[00:00:04 -52341.263441] FAST spr round 2 (radius: 10)
    busy_ratio: 0.722342
    stats_step: fast_spr
    wait_time_ms  (0, 237) (1, 219) (2, 115) (3, 234) (4, 314) (5, 156) (6, 314) (7, 236) (8, 320) (9, 153) (10, 310) (11, 212) (12, 237) (13, 216) (14, 40) (15, 155)
    cpu_time_ms  (0, 546) (1, 555) (2, 662) (3, 552) (4, 469) (5, 624) (6, 464) (7, 550) (8, 467) (9, 634) (10, 468) (11, 562) (12, 549) (13, 558) (14, 747) (15, 631)
[00:00:04 -52329.864232] FAST spr round 3 (radius: 10)
    busy_ratio: 0.737684
    stats_step: fast_spr
    wait_time_ms  (0, 197) (1, 185) (2, 136) (3, 194) (4, 265) (5, 121) (6, 268) (7, 196) (8, 271) (9, 121) (10, 251) (11, 175) (12, 195) (13, 181) (14, 57) (15, 123)
    cpu_time_ms  (0, 506) (1, 511) (2, 558) (3, 510) (4, 436) (5, 575) (6, 431) (7, 509) (8, 434) (9, 584) (10, 447) (11, 519) (12, 510) (13, 515) (14, 648) (15, 582)
[00:00:05 -52326.456390] FAST spr round 4 (radius: 10)
    busy_ratio: 0.802465
    stats_step: fast_spr
    wait_time_ms  (0, 117) (1, 114) (2, 180) (3, 124) (4, 190) (5, 52) (6, 186) (7, 127) (8, 192) (9, 55) (10, 179) (11, 105) (12, 115) (13, 110) (14, 113) (15, 54)
    cpu_time_ms  (0, 523) (1, 519) (2, 455) (3, 519) (4, 451) (5, 581) (6, 449) (7, 516) (8, 451) (9, 588) (10, 454) (11, 526) (12, 528) (13, 522) (14, 529) (15, 588)
[00:00:06 -52324.733841] FAST spr round 5 (radius: 10)
    busy_ratio: 0.808311
    stats_step: fast_spr
    wait_time_ms  (0, 110) (1, 108) (2, 175) (3, 120) (4, 186) (5, 50) (6, 185) (7, 122) (8, 187) (9, 50) (10, 178) (11, 103) (12, 110) (13, 106) (14, 114) (15, 51)
    cpu_time_ms  (0, 531) (1, 524) (2, 461) (3, 523) (4, 456) (5, 584) (6, 451) (7, 521) (8, 456) (9, 593) (10, 458) (11, 530) (12, 533) (13, 527) (14, 529) (15, 592)
[00:00:06 -52324.536911] FAST spr round 6 (radius: 10)
    busy_ratio: 0.810872
    stats_step: fast_spr
    wait_time_ms  (0, 112) (1, 111) (2, 176) (3, 121) (4, 193) (5, 53) (6, 192) (7, 124) (8, 192) (9, 50) (10, 180) (11, 105) (12, 112) (13, 110) (14, 117) (15, 50)
    cpu_time_ms  (0, 551) (1, 545) (2, 480) (3, 544) (4, 472) (5, 607) (6, 468) (7, 541) (8, 473) (9, 615) (10, 476) (11, 550) (12, 553) (13, 546) (14, 548) (15, 616)
[00:00:07 -52324.439553] Model parameter optimization (eps = 1.000000)
    busy_ratio: 0.805230
    stats_step: model_param3
    wait_time_ms  (0, 24) (1, 69) (2, 89) (3, 56) (4, 91) (5, 19) (6, 101) (7, 64) (8, 90) (9, 10) (10, 95) (11, 59) (12, 37) (13, 69) (14, 51) (15, 12)
    cpu_time_ms  (0, 275) (1, 233) (2, 214) (3, 246) (4, 212) (5, 283) (6, 201) (7, 238) (8, 212) (9, 292) (10, 208) (11, 243) (12, 266) (13, 234) (14, 251) (15, 290)
[00:00:07 -52318.737047] SLOW spr round 1 (radius: 5)
    busy_ratio: 0.812272
    stats_step: slow_spr
    wait_time_ms  (0, 519) (1, 437) (2, 745) (3, 436) (4, 754) (5, 227) (6, 774) (7, 443) (8, 758) (9, 193) (10, 754) (11, 415) (12, 490) (13, 414) (14, 484) (15, 195)
    cpu_time_ms  (0, 2157) (1, 2241) (2, 1930) (3, 2243) (4, 1923) (5, 2451) (6, 1904) (7, 2236) (8, 1921) (9, 2486) (10, 1922) (11, 2260) (12, 2189) (13, 2261) (14, 2194) (15, 2484)
[00:00:10 -52318.688577] SLOW spr round 2 (radius: 10)
    busy_ratio: 0.808289
    stats_step: slow_spr
    wait_time_ms  (0, 408) (1, 350) (2, 591) (3, 356) (4, 600) (5, 178) (6, 611) (7, 353) (8, 601) (9, 158) (10, 594) (11, 328) (12, 389) (13, 326) (14, 384) (15, 152)
    cpu_time_ms  (0, 1671) (1, 1733) (2, 1487) (3, 1727) (4, 1480) (5, 1900) (6, 1469) (7, 1730) (8, 1483) (9, 1925) (10, 1486) (11, 1748) (12, 1694) (13, 1750) (14, 1699) (15, 1931)
[00:00:12 -52318.672171] SLOW spr round 3 (radius: 15)
    busy_ratio: 0.808665
    stats_step: slow_spr
    wait_time_ms  (0, 399) (1, 332) (2, 585) (3, 345) (4, 593) (5, 173) (6, 604) (7, 341) (8, 598) (9, 152) (10, 598) (11, 319) (12, 384) (13, 318) (14, 376) (15, 148)
    cpu_time_ms  (0, 1649) (1, 1713) (2, 1460) (3, 1707) (4, 1454) (5, 1875) (6, 1443) (7, 1710) (8, 1454) (9, 1899) (10, 1449) (11, 1725) (12, 1668) (13, 1727) (14, 1675) (15, 1904)
[00:00:14 -52318.662106] SLOW spr round 4 (radius: 20)
    busy_ratio: 0.790076
    stats_step: slow_spr
    wait_time_ms  (0, 63) (1, 66) (2, 104) (3, 68) (4, 107) (5, 33) (6, 109) (7, 70) (8, 108) (9, 29) (10, 107) (11, 64) (12, 65) (13, 64) (14, 39) (15, 29)
    cpu_time_ms  (0, 271) (1, 268) (2, 231) (3, 269) (4, 229) (5, 302) (6, 226) (7, 267) (8, 229) (9, 308) (10, 228) (11, 271) (12, 272) (13, 270) (14, 298) (15, 308)
[00:00:15 -52318.655942] SLOW spr round 5 (radius: 25)
    busy_ratio: 0.823967
    stats_step: slow_spr
    wait_time_ms  (0, 4) (1, 18) (2, 24) (3, 15) (4, 25) (5, 4) (6, 27) (7, 16) (8, 24) (9, 1) (10, 25) (11, 15) (12, 9) (13, 17) (14, 12) (15, 1)
    cpu_time_ms  (0, 80) (1, 68) (2, 62) (3, 71) (4, 61) (5, 82) (6, 59) (7, 70) (8, 62) (9, 85) (10, 61) (11, 71) (12, 77) (13, 68) (14, 74) (15, 85)
[00:00:15 -52318.652201] Model parameter optimization (eps = 0.100000)
    busy_ratio: 0.804963
    stats_step: model_param4
    wait_time_ms  (0, 7) (1, 20) (2, 26) (3, 17) (4, 27) (5, 5) (6, 30) (7, 19) (8, 27) (9, 3) (10, 28) (11, 18) (12, 11) (13, 20) (14, 15) (15, 4)
    cpu_time_ms  (0, 82) (1, 70) (2, 64) (3, 74) (4, 63) (5, 85) (6, 61) (7, 72) (8, 64) (9, 87) (10, 62) (11, 73) (12, 79) (13, 71) (14, 75) (15, 87)

Optimized model parameters:

   Partition 0: ndhf1st
   Rate heterogeneity: GAMMA (4 cats),  alpha: 0.341 (ML),  weights&rates: (0.250,0.009) (0.250,0.137) (0.250,0.659) (0.250,3.195) 
   Base frequencies (empirical): 0.274 0.163 0.177 0.386 
   Substitution rates (ML): 2.040 5.540 0.495 1.620 4.771 1.000 

   Partition 1: rbcl1st
   Rate heterogeneity: GAMMA (4 cats),  alpha: 0.188 (ML),  weights&rates: (0.250,0.000) (0.250,0.027) (0.250,0.353) (0.250,3.620) 
   Base frequencies (empirical): 0.271 0.193 0.249 0.287 
   Substitution rates (ML): 0.841 2.173 0.530 1.009 5.727 1.000 

   Partition 2: rpoc23rd
   Rate heterogeneity: GAMMA (4 cats),  alpha: 1.694 (ML),  weights&rates: (0.250,0.254) (0.250,0.618) (0.250,1.060) (0.250,2.068) 
   Base frequencies (empirical): 0.488 0.287 0.142 0.084 
   Substitution rates (ML): 2.533 1.112 0.015 0.248 1.883 1.000 

   Partition 3: phyb3rd
   Rate heterogeneity: GAMMA (4 cats),  alpha: 0.323 (ML),  weights&rates: (0.250,0.007) (0.250,0.122) (0.250,0.632) (0.250,3.239) 
   Base frequencies (empirical): 0.215 0.270 0.292 0.223 
   Substitution rates (ML): 1.285 4.172 1.066 0.915 4.396 1.000 

   Partition 4: 5.8S
   Rate heterogeneity: GAMMA (4 cats),  alpha: 0.136 (ML),  weights&rates: (0.250,0.000) (0.250,0.007) (0.250,0.200) (0.250,3.793) 
   Base frequencies (empirical): 0.228 0.286 0.287 0.198 
   Substitution rates (ML): 15.298 29.648 36.283 14.780 297.238 1.000 

   Partition 5: its2
   Rate heterogeneity: GAMMA (4 cats),  alpha: 0.184 (ML),  weights&rates: (0.250,0.000) (0.250,0.025) (0.250,0.342) (0.250,3.633) 
   Base frequencies (empirical): 0.166 0.346 0.340 0.149 
   Substitution rates (ML): 1.724 2.655 3.231 0.667 3.772 1.000 

   Partition 6: gbss13rd
   Rate heterogeneity: GAMMA (4 cats),  alpha: 0.267 (ML),  weights&rates: (0.250,0.003) (0.250,0.080) (0.250,0.537) (0.250,3.381) 
   Base frequencies (empirical): 0.214 0.297 0.336 0.153 
   Substitution rates (ML): 1.803 3.624 1.044 2.372 5.980 1.000 

Final LogLikelihood: -52318.632298

Elapsed time: 15.231 seconds

Final tree saved to: /home/morelbt/github/raxml-ng-1/bin/data/59/59.phy.raxml.bestTree

Execution log saved to: /home/morelbt/github/raxml-ng-1/bin/data/59/59.phy.raxml.log

