
RAxML-NG pre-release, build: 2017.01.17 (c) 2017 The Exelixis Lab http://exelixis-lab.org

!!! WARNING: This is an EXPERIMENTAL code which should NEVER be used for production runs!
!!! Please check out the official release (available Q1 2017): https://github.com/amkozlov/raxml-ng

RAxML-NG was called as follows:

../src/raxml-ng-static --seed=42 --msa ../../repeats-balance/data/128/128.phy --simd AVX --threads 16 

Analysis options:
  run mode: Tree search
  random seed: 42
  tip-inner: ON
  repeats: OFF
  pattern compression: ON
  fast spr radius: AUTO
  spr subtree cutoff: 1.000
  SIMD kernels: AVX
  parallelization: PTHREADS (16 threads)

0ms [0:00:00 0.000000000000000] Loading alignment from file: ../../repeats-balance/data/128/128.phy
128ms [0:00:00 0.000000000000000] Taxa: 128, sites: 29198
1ms [0:00:00 0.000000000000000] Checking the alignment...

WARNING: Duplicate sequences found: 2
WARNING: Sequences Elephas_Prob1 and Elephas_Prob6 are exactly identical!
WARNING: Sequences Tupaia_Scand1 and Tupaia_Scand2 are exactly identical!

WARNING: Fully undetermined columns found: 49

Reduced alignment (with gap-only sequences and columns removed) was printed to:
/home/morelbt/github/raxml-ng/test/128.phy.reduced

80ms [0:00:00 0.000000000000000] Generating a random starting tree with 128 taxa

Partition 0: noname
Model: GTR+G
Alignment sites / patterns: 29149 / 19436
Gaps: 32.37 %
Invariant sites: 34.05 %

P0 T0, range: 1-1214, patterns: 1214

P0 T6, range: 7285-8498, patterns: 1214

P0 T13, range: 15783-16996, patterns: 1214

P0 T3, range: 3643-4856, patterns: 1214

P0 T12, range: 14569-15782, patterns: 1214

P0 T9, range: 10927-12140, patterns: 1214

P0 T1, range: 1215-2428, patterns: 1214

P0 T10, range: 12141-13354, patterns: 1214

P0 T14, range: 16997-18210, patterns: 1214

P0 T7, range: 8499-9712, patterns: 1214

P0 T2, range: 2429-3642, patterns: 1214

P0 T15, range: 18211-19436, patterns: 1226

P0 T8, range: 9713-10926, patterns: 1214

P0 T5, range: 6071-7284, patterns: 1214

P0 T4, range: 4857-6070, patterns: 1214

P0 T11, range: 13355-14568, patterns: 1214

1ms [0:00:00 0.000000000000000] ML tree search started.
0ms [0:00:00 -1377979.216042242944241] Initial branch length optimization
reinit stats 16
    (thread 0: tagwait: 29 ms tagcpu: 362 ms
    (thread 1: tagwait: 32 ms tagcpu: 359 ms
    (thread 2: tagwait: 33 ms tagcpu: 358 ms
    (thread 3: tagwait: 30 ms tagcpu: 361 ms
    (thread 4: tagwait: 32 ms tagcpu: 359 ms
    (thread 5: tagwait: 32 ms tagcpu: 359 ms
    (thread 6: tagwait: 33 ms tagcpu: 358 ms
    (thread 7: tagwait: 13 ms tagcpu: 378 ms
    (thread 8: tagwait: 33 ms tagcpu: 359 ms
    (thread 9: tagwait: 30 ms tagcpu: 361 ms
    (thread 10: tagwait: 29 ms tagcpu: 362 ms
    (thread 11: tagwait: 34 ms tagcpu: 357 ms
    (thread 12: tagwait: 30 ms tagcpu: 361 ms
    (thread 13: tagwait: 30 ms tagcpu: 361 ms
    (thread 14: tagwait: 31 ms tagcpu: 361 ms
    (thread 15: tagwait: 25 ms tagcpu: 366 ms
    wait_time_ms  (0, 29) (1, 32) (2, 33) (3, 30) (4, 32) (5, 32) (6, 33) (7, 13) (8, 33) (9, 30) (10, 29) (11, 34) (12, 30) (13, 30) (14, 31) (15, 25)
    cpu_time_ms  (0, 362) (1, 359) (2, 358) (3, 361) (4, 359) (5, 359) (6, 358) (7, 378) (8, 359) (9, 361) (10, 362) (11, 357) (12, 361) (13, 361) (14, 361) (15, 366)
reinit stats 16
402ms [0:00:00 -1253344.341535015730187] Model parameter optimization (eps = 10.0)
    (thread 0: tagwait: 509 ms tagcpu: 38042 ms
    (thread 1: tagwait: 834 ms tagcpu: 37730 ms
    (thread 2: tagwait: 784 ms tagcpu: 37780 ms
    (thread 3: tagwait: 666 ms tagcpu: 37898 ms
    (thread 4: tagwait: 744 ms tagcpu: 37820 ms
    (thread 5: tagwait: 761 ms tagcpu: 37804 ms
    (thread 6: tagwait: 724 ms tagcpu: 37841 ms
    (thread 7: tagwait: 746 ms tagcpu: 37818 ms
    (thread 8: tagwait: 814 ms tagcpu: 37750 ms
    (thread 9: tagwait: 683 ms tagcpu: 37882 ms
    (thread 10: tagwait: 653 ms tagcpu: 37911 ms
    (thread 11: tagwait: 744 ms tagcpu: 37820 ms
    (thread 12: tagwait: 657 ms tagcpu: 37908 ms
    (thread 13: tagwait: 747 ms tagcpu: 37816 ms
    (thread 14: tagwait: 721 ms tagcpu: 37837 ms
    (thread 15: tagwait: 381 ms tagcpu: 38183 ms
    wait_time_ms  (0, 509) (1, 834) (2, 784) (3, 666) (4, 744) (5, 761) (6, 724) (7, 746) (8, 814) (9, 683) (10, 653) (11, 744) (12, 657) (13, 747) (14, 721) (15, 381)
    cpu_time_ms  (0, 38042) (1, 37730) (2, 37780) (3, 37898) (4, 37820) (5, 37804) (6, 37841) (7, 37818) (8, 37750) (9, 37882) (10, 37911) (11, 37820) (12, 37908) (13, 37816) (14, 37837) (15, 38183)
0ms [0:00:39 -1163660.347874895436689] AUTODETECT spr round 1 (radius: 5)
reinit stats 16
    (thread 0: tagwait: 87 ms tagcpu: 4556 ms
    (thread 1: tagwait: 127 ms tagcpu: 4516 ms
    (thread 2: tagwait: 121 ms tagcpu: 4522 ms
    (thread 3: tagwait: 112 ms tagcpu: 4530 ms
    (thread 4: tagwait: 108 ms tagcpu: 4535 ms
    (thread 5: tagwait: 108 ms tagcpu: 4535 ms
    (thread 6: tagwait: 106 ms tagcpu: 4537 ms
    (thread 7: tagwait: 108 ms tagcpu: 4535 ms
    (thread 8: tagwait: 127 ms tagcpu: 4516 ms
    (thread 9: tagwait: 96 ms tagcpu: 4547 ms
    (thread 10: tagwait: 102 ms tagcpu: 4540 ms
    (thread 11: tagwait: 110 ms tagcpu: 4533 ms
    (thread 12: tagwait: 98 ms tagcpu: 4545 ms
    (thread 13: tagwait: 106 ms tagcpu: 4537 ms
    (thread 14: tagwait: 120 ms tagcpu: 4519 ms
    (thread 15: tagwait: 65 ms tagcpu: 4570 ms
    wait_time_ms  (0, 87) (1, 127) (2, 121) (3, 112) (4, 108) (5, 108) (6, 106) (7, 108) (8, 127) (9, 96) (10, 102) (11, 110) (12, 98) (13, 106) (14, 120) (15, 65)
    cpu_time_ms  (0, 4556) (1, 4516) (2, 4522) (3, 4530) (4, 4535) (5, 4535) (6, 4537) (7, 4535) (8, 4516) (9, 4547) (10, 4540) (11, 4533) (12, 4545) (13, 4537) (14, 4519) (15, 4570)
0ms [0:00:43 -959270.512456031632610] AUTODETECT spr round 2 (radius: 10)
reinit stats 16
    (thread 0: tagwait: 93 ms tagcpu: 8181 ms
    (thread 1: tagwait: 270 ms tagcpu: 8004 ms
    (thread 2: tagwait: 259 ms tagcpu: 8015 ms
    (thread 3: tagwait: 251 ms tagcpu: 8022 ms
    (thread 4: tagwait: 256 ms tagcpu: 8017 ms
    (thread 5: tagwait: 247 ms tagcpu: 8026 ms
    (thread 6: tagwait: 266 ms tagcpu: 8008 ms
    (thread 7: tagwait: 260 ms tagcpu: 8014 ms
    (thread 8: tagwait: 259 ms tagcpu: 8015 ms
    (thread 9: tagwait: 259 ms tagcpu: 8015 ms
    (thread 10: tagwait: 261 ms tagcpu: 8011 ms
    (thread 11: tagwait: 262 ms tagcpu: 8011 ms
    (thread 12: tagwait: 262 ms tagcpu: 8012 ms
    (thread 13: tagwait: 265 ms tagcpu: 8008 ms
    (thread 14: tagwait: 289 ms tagcpu: 7985 ms
    (thread 15: tagwait: 214 ms tagcpu: 8055 ms
    wait_time_ms  (0, 93) (1, 270) (2, 259) (3, 251) (4, 256) (5, 247) (6, 266) (7, 260) (8, 259) (9, 259) (10, 261) (11, 262) (12, 262) (13, 265) (14, 289) (15, 214)
    cpu_time_ms  (0, 8181) (1, 8004) (2, 8015) (3, 8022) (4, 8017) (5, 8026) (6, 8008) (7, 8014) (8, 8015) (9, 8015) (10, 8011) (11, 8011) (12, 8012) (13, 8008) (14, 7985) (15, 8055)
0ms [0:00:52 -856885.613521984429099] AUTODETECT spr round 3 (radius: 15)
reinit stats 16
    (thread 0: tagwait: 139 ms tagcpu: 10386 ms
    (thread 1: tagwait: 217 ms tagcpu: 10308 ms
    (thread 2: tagwait: 187 ms tagcpu: 10338 ms
    (thread 3: tagwait: 191 ms tagcpu: 10334 ms
    (thread 4: tagwait: 204 ms tagcpu: 10321 ms
    (thread 5: tagwait: 190 ms tagcpu: 10335 ms
    (thread 6: tagwait: 219 ms tagcpu: 10306 ms
    (thread 7: tagwait: 203 ms tagcpu: 10322 ms
    (thread 8: tagwait: 197 ms tagcpu: 10328 ms
    (thread 9: tagwait: 206 ms tagcpu: 10319 ms
    (thread 10: tagwait: 232 ms tagcpu: 10287 ms
    (thread 11: tagwait: 203 ms tagcpu: 10322 ms
    (thread 12: tagwait: 216 ms tagcpu: 10309 ms
    (thread 13: tagwait: 224 ms tagcpu: 10300 ms
    (thread 14: tagwait: 229 ms tagcpu: 10297 ms
    (thread 15: tagwait: 163 ms tagcpu: 10362 ms
    wait_time_ms  (0, 139) (1, 217) (2, 187) (3, 191) (4, 204) (5, 190) (6, 219) (7, 203) (8, 197) (9, 206) (10, 232) (11, 203) (12, 216) (13, 224) (14, 229) (15, 163)
    cpu_time_ms  (0, 10386) (1, 10308) (2, 10338) (3, 10334) (4, 10321) (5, 10335) (6, 10306) (7, 10322) (8, 10328) (9, 10319) (10, 10287) (11, 10322) (12, 10309) (13, 10300) (14, 10297) (15, 10362)
0ms [0:01:02 -855502.516675688559189] AUTODETECT spr round 4 (radius: 20)
reinit stats 16
    (thread 0: tagwait: 64 ms tagcpu: 7372 ms
    (thread 1: tagwait: 122 ms tagcpu: 7315 ms
    (thread 2: tagwait: 136 ms tagcpu: 7301 ms
    (thread 3: tagwait: 103 ms tagcpu: 7333 ms
    (thread 4: tagwait: 131 ms tagcpu: 7306 ms
    (thread 5: tagwait: 128 ms tagcpu: 7308 ms
    (thread 6: tagwait: 107 ms tagcpu: 7330 ms
    (thread 7: tagwait: 134 ms tagcpu: 7302 ms
    (thread 8: tagwait: 143 ms tagcpu: 7294 ms
    (thread 9: tagwait: 103 ms tagcpu: 7333 ms
    (thread 10: tagwait: 158 ms tagcpu: 7279 ms
    (thread 11: tagwait: 127 ms tagcpu: 7309 ms
    (thread 12: tagwait: 112 ms tagcpu: 7325 ms
    (thread 13: tagwait: 121 ms tagcpu: 7315 ms
    (thread 14: tagwait: 173 ms tagcpu: 7264 ms
    (thread 15: tagwait: 130 ms tagcpu: 7307 ms
    wait_time_ms  (0, 64) (1, 122) (2, 136) (3, 103) (4, 131) (5, 128) (6, 107) (7, 134) (8, 143) (9, 103) (10, 158) (11, 127) (12, 112) (13, 121) (14, 173) (15, 130)
    cpu_time_ms  (0, 7372) (1, 7315) (2, 7301) (3, 7333) (4, 7306) (5, 7308) (6, 7330) (7, 7302) (8, 7294) (9, 7333) (10, 7279) (11, 7309) (12, 7325) (13, 7315) (14, 7264) (15, 7307)
0ms [0:01:10 -855502.449490384431556] SPR radius for FAST iterations: 15 (autodetect)
2ms [0:01:10 -855502.449490384431556] Model parameter optimization (eps = 3.0)
reinit stats 16
    (thread 0: tagwait: 263 ms tagcpu: 38292 ms
    (thread 1: tagwait: 313 ms tagcpu: 38242 ms
    (thread 2: tagwait: 656 ms tagcpu: 37900 ms
    (thread 3: tagwait: 215 ms tagcpu: 38340 ms
    (thread 4: tagwait: 713 ms tagcpu: 37843 ms
    (thread 5: tagwait: 698 ms tagcpu: 37858 ms
    (thread 6: tagwait: 292 ms tagcpu: 38263 ms
    (thread 7: tagwait: 704 ms tagcpu: 37851 ms
    (thread 8: tagwait: 648 ms tagcpu: 37907 ms
    (thread 9: tagwait: 305 ms tagcpu: 38240 ms
    (thread 10: tagwait: 507 ms tagcpu: 38049 ms
    (thread 11: tagwait: 678 ms tagcpu: 37869 ms
    (thread 12: tagwait: 586 ms tagcpu: 37960 ms
    (thread 13: tagwait: 701 ms tagcpu: 37845 ms
    (thread 14: tagwait: 872 ms tagcpu: 37684 ms
    (thread 15: tagwait: 631 ms tagcpu: 37924 ms
    wait_time_ms  (0, 263) (1, 313) (2, 656) (3, 215) (4, 713) (5, 698) (6, 292) (7, 704) (8, 648) (9, 305) (10, 507) (11, 678) (12, 586) (13, 701) (14, 872) (15, 631)
    cpu_time_ms  (0, 38292) (1, 38242) (2, 37900) (3, 38340) (4, 37843) (5, 37858) (6, 38263) (7, 37851) (8, 37907) (9, 38240) (10, 38049) (11, 37869) (12, 37960) (13, 37845) (14, 37684) (15, 37924)
0ms [0:01:48 -853183.777585918549448] FAST spr round 1 (radius: 15)
reinit stats 16
    (thread 0: tagwait: 321 ms tagcpu: 9926 ms
    (thread 1: tagwait: 405 ms tagcpu: 9842 ms
    (thread 2: tagwait: 440 ms tagcpu: 9808 ms
    (thread 3: tagwait: 360 ms tagcpu: 9887 ms
    (thread 4: tagwait: 438 ms tagcpu: 9810 ms
    (thread 5: tagwait: 422 ms tagcpu: 9826 ms
    (thread 6: tagwait: 407 ms tagcpu: 9840 ms
    (thread 7: tagwait: 424 ms tagcpu: 9821 ms
    (thread 8: tagwait: 435 ms tagcpu: 9813 ms
    (thread 9: tagwait: 406 ms tagcpu: 9842 ms
    (thread 10: tagwait: 417 ms tagcpu: 9830 ms
    (thread 11: tagwait: 478 ms tagcpu: 9764 ms
    (thread 12: tagwait: 447 ms tagcpu: 9800 ms
    (thread 13: tagwait: 449 ms tagcpu: 9799 ms
    (thread 14: tagwait: 444 ms tagcpu: 9803 ms
    (thread 15: tagwait: 299 ms tagcpu: 9949 ms
    wait_time_ms  (0, 321) (1, 405) (2, 440) (3, 360) (4, 438) (5, 422) (6, 407) (7, 424) (8, 435) (9, 406) (10, 417) (11, 478) (12, 447) (13, 449) (14, 444) (15, 299)
    cpu_time_ms  (0, 9926) (1, 9842) (2, 9808) (3, 9887) (4, 9810) (5, 9826) (6, 9840) (7, 9821) (8, 9813) (9, 9842) (10, 9830) (11, 9764) (12, 9800) (13, 9799) (14, 9803) (15, 9949)
0ms [0:01:59 -824387.758193078567274] FAST spr round 2 (radius: 15)
reinit stats 16
    (thread 0: tagwait: 153 ms tagcpu: 6404 ms
    (thread 1: tagwait: 192 ms tagcpu: 6364 ms
    (thread 2: tagwait: 221 ms tagcpu: 6336 ms
    (thread 3: tagwait: 167 ms tagcpu: 6389 ms
    (thread 4: tagwait: 222 ms tagcpu: 6334 ms
    (thread 5: tagwait: 214 ms tagcpu: 6342 ms
    (thread 6: tagwait: 194 ms tagcpu: 6362 ms
    (thread 7: tagwait: 208 ms tagcpu: 6344 ms
    (thread 8: tagwait: 215 ms tagcpu: 6341 ms
    (thread 9: tagwait: 197 ms tagcpu: 6359 ms
    (thread 10: tagwait: 208 ms tagcpu: 6348 ms
    (thread 11: tagwait: 251 ms tagcpu: 6305 ms
    (thread 12: tagwait: 236 ms tagcpu: 6320 ms
    (thread 13: tagwait: 238 ms tagcpu: 6317 ms
    (thread 14: tagwait: 238 ms tagcpu: 6318 ms
    (thread 15: tagwait: 149 ms tagcpu: 6407 ms
    wait_time_ms  (0, 153) (1, 192) (2, 221) (3, 167) (4, 222) (5, 214) (6, 194) (7, 208) (8, 215) (9, 197) (10, 208) (11, 251) (12, 236) (13, 238) (14, 238) (15, 149)
    cpu_time_ms  (0, 6404) (1, 6364) (2, 6336) (3, 6389) (4, 6334) (5, 6342) (6, 6362) (7, 6344) (8, 6341) (9, 6359) (10, 6348) (11, 6305) (12, 6320) (13, 6317) (14, 6318) (15, 6407)
0ms [0:02:05 -823947.364348524482921] FAST spr round 3 (radius: 15)
reinit stats 16
    (thread 0: tagwait: 124 ms tagcpu: 6016 ms
    (thread 1: tagwait: 153 ms tagcpu: 5986 ms
    (thread 2: tagwait: 193 ms tagcpu: 5946 ms
    (thread 3: tagwait: 133 ms tagcpu: 6006 ms
    (thread 4: tagwait: 191 ms tagcpu: 5948 ms
    (thread 5: tagwait: 184 ms tagcpu: 5955 ms
    (thread 6: tagwait: 155 ms tagcpu: 5984 ms
    (thread 7: tagwait: 197 ms tagcpu: 5942 ms
    (thread 8: tagwait: 184 ms tagcpu: 5956 ms
    (thread 9: tagwait: 167 ms tagcpu: 5972 ms
    (thread 10: tagwait: 178 ms tagcpu: 5962 ms
    (thread 11: tagwait: 226 ms tagcpu: 5913 ms
    (thread 12: tagwait: 199 ms tagcpu: 5940 ms
    (thread 13: tagwait: 202 ms tagcpu: 5937 ms
    (thread 14: tagwait: 211 ms tagcpu: 5929 ms
    (thread 15: tagwait: 132 ms tagcpu: 6007 ms
    wait_time_ms  (0, 124) (1, 153) (2, 193) (3, 133) (4, 191) (5, 184) (6, 155) (7, 197) (8, 184) (9, 167) (10, 178) (11, 226) (12, 199) (13, 202) (14, 211) (15, 132)
    cpu_time_ms  (0, 6016) (1, 5986) (2, 5946) (3, 6006) (4, 5948) (5, 5955) (6, 5984) (7, 5942) (8, 5956) (9, 5972) (10, 5962) (11, 5913) (12, 5940) (13, 5937) (14, 5929) (15, 6007)
0ms [0:02:11 -823917.833875837619416] FAST spr round 4 (radius: 15)
reinit stats 16
    (thread 0: tagwait: 209 ms tagcpu: 6085 ms
    (thread 1: tagwait: 239 ms tagcpu: 6055 ms
    (thread 2: tagwait: 262 ms tagcpu: 6032 ms
    (thread 3: tagwait: 168 ms tagcpu: 6125 ms
    (thread 4: tagwait: 261 ms tagcpu: 6033 ms
    (thread 5: tagwait: 251 ms tagcpu: 6034 ms
    (thread 6: tagwait: 240 ms tagcpu: 6053 ms
    (thread 7: tagwait: 251 ms tagcpu: 6043 ms
    (thread 8: tagwait: 183 ms tagcpu: 6111 ms
    (thread 9: tagwait: 250 ms tagcpu: 6044 ms
    (thread 10: tagwait: 262 ms tagcpu: 6031 ms
    (thread 11: tagwait: 278 ms tagcpu: 6016 ms
    (thread 12: tagwait: 273 ms tagcpu: 6021 ms
    (thread 13: tagwait: 291 ms tagcpu: 6003 ms
    (thread 14: tagwait: 294 ms tagcpu: 6000 ms
    (thread 15: tagwait: 192 ms tagcpu: 6102 ms
    wait_time_ms  (0, 209) (1, 239) (2, 262) (3, 168) (4, 261) (5, 251) (6, 240) (7, 251) (8, 183) (9, 250) (10, 262) (11, 278) (12, 273) (13, 291) (14, 294) (15, 192)
    cpu_time_ms  (0, 6085) (1, 6055) (2, 6032) (3, 6125) (4, 6033) (5, 6034) (6, 6053) (7, 6043) (8, 6111) (9, 6044) (10, 6031) (11, 6016) (12, 6021) (13, 6003) (14, 6000) (15, 6102)
0ms [0:02:18 -823910.211385313537903] FAST spr round 5 (radius: 15)
reinit stats 16
    (thread 0: tagwait: 133 ms tagcpu: 6055 ms
    (thread 1: tagwait: 163 ms tagcpu: 6025 ms
    (thread 2: tagwait: 181 ms tagcpu: 6007 ms
    (thread 3: tagwait: 140 ms tagcpu: 6048 ms
    (thread 4: tagwait: 179 ms tagcpu: 6009 ms
    (thread 5: tagwait: 178 ms tagcpu: 6007 ms
    (thread 6: tagwait: 169 ms tagcpu: 6015 ms
    (thread 7: tagwait: 167 ms tagcpu: 6021 ms
    (thread 8: tagwait: 172 ms tagcpu: 6016 ms
    (thread 9: tagwait: 169 ms tagcpu: 6019 ms
    (thread 10: tagwait: 192 ms tagcpu: 5997 ms
    (thread 11: tagwait: 197 ms tagcpu: 5992 ms
    (thread 12: tagwait: 208 ms tagcpu: 5980 ms
    (thread 13: tagwait: 220 ms tagcpu: 5968 ms
    (thread 14: tagwait: 212 ms tagcpu: 5977 ms
    (thread 15: tagwait: 127 ms tagcpu: 6061 ms
    wait_time_ms  (0, 133) (1, 163) (2, 181) (3, 140) (4, 179) (5, 178) (6, 169) (7, 167) (8, 172) (9, 169) (10, 192) (11, 197) (12, 208) (13, 220) (14, 212) (15, 127)
    cpu_time_ms  (0, 6055) (1, 6025) (2, 6007) (3, 6048) (4, 6009) (5, 6007) (6, 6015) (7, 6021) (8, 6016) (9, 6019) (10, 5997) (11, 5992) (12, 5980) (13, 5968) (14, 5977) (15, 6061)
0ms [0:02:24 -823904.290725170518272] FAST spr round 6 (radius: 15)
reinit stats 16
    (thread 0: tagwait: 139 ms tagcpu: 6072 ms
    (thread 1: tagwait: 163 ms tagcpu: 6049 ms
    (thread 2: tagwait: 189 ms tagcpu: 6023 ms
    (thread 3: tagwait: 146 ms tagcpu: 6065 ms
    (thread 4: tagwait: 192 ms tagcpu: 6019 ms
    (thread 5: tagwait: 197 ms tagcpu: 6015 ms
    (thread 6: tagwait: 197 ms tagcpu: 6015 ms
    (thread 7: tagwait: 180 ms tagcpu: 6031 ms
    (thread 8: tagwait: 178 ms tagcpu: 6034 ms
    (thread 9: tagwait: 153 ms tagcpu: 6059 ms
    (thread 10: tagwait: 201 ms tagcpu: 6011 ms
    (thread 11: tagwait: 209 ms tagcpu: 6003 ms
    (thread 12: tagwait: 214 ms tagcpu: 5998 ms
    (thread 13: tagwait: 226 ms tagcpu: 5985 ms
    (thread 14: tagwait: 221 ms tagcpu: 5991 ms
    (thread 15: tagwait: 138 ms tagcpu: 6074 ms
    wait_time_ms  (0, 139) (1, 163) (2, 189) (3, 146) (4, 192) (5, 197) (6, 197) (7, 180) (8, 178) (9, 153) (10, 201) (11, 209) (12, 214) (13, 226) (14, 221) (15, 138)
    cpu_time_ms  (0, 6072) (1, 6049) (2, 6023) (3, 6065) (4, 6019) (5, 6015) (6, 6015) (7, 6031) (8, 6034) (9, 6059) (10, 6011) (11, 6003) (12, 5998) (13, 5985) (14, 5991) (15, 6074)
0ms [0:02:30 -823900.347448618733324] FAST spr round 7 (radius: 15)
reinit stats 16
    (thread 0: tagwait: 159 ms tagcpu: 6074 ms
    (thread 1: tagwait: 187 ms tagcpu: 6046 ms
    (thread 2: tagwait: 189 ms tagcpu: 6044 ms
    (thread 3: tagwait: 165 ms tagcpu: 6068 ms
    (thread 4: tagwait: 171 ms tagcpu: 6058 ms
    (thread 5: tagwait: 187 ms tagcpu: 6046 ms
    (thread 6: tagwait: 226 ms tagcpu: 6006 ms
    (thread 7: tagwait: 171 ms tagcpu: 6062 ms
    (thread 8: tagwait: 179 ms tagcpu: 6054 ms
    (thread 9: tagwait: 174 ms tagcpu: 6059 ms
    (thread 10: tagwait: 221 ms tagcpu: 6012 ms
    (thread 11: tagwait: 198 ms tagcpu: 6035 ms
    (thread 12: tagwait: 228 ms tagcpu: 6005 ms
    (thread 13: tagwait: 244 ms tagcpu: 5989 ms
    (thread 14: tagwait: 213 ms tagcpu: 6021 ms
    (thread 15: tagwait: 127 ms tagcpu: 6106 ms
    wait_time_ms  (0, 159) (1, 187) (2, 189) (3, 165) (4, 171) (5, 187) (6, 226) (7, 171) (8, 179) (9, 174) (10, 221) (11, 198) (12, 228) (13, 244) (14, 213) (15, 127)
    cpu_time_ms  (0, 6074) (1, 6046) (2, 6044) (3, 6068) (4, 6058) (5, 6046) (6, 6006) (7, 6062) (8, 6054) (9, 6059) (10, 6012) (11, 6035) (12, 6005) (13, 5989) (14, 6021) (15, 6106)
reinit stats 16
6240ms [0:02:36 -823900.347189615713432] Model parameter optimization (eps = 1.0)
    (thread 0: tagwait: 193 ms tagcpu: 11802 ms
    (thread 1: tagwait: 161 ms tagcpu: 11836 ms
    (thread 2: tagwait: 117 ms tagcpu: 11872 ms
    (thread 3: tagwait: 143 ms tagcpu: 11854 ms
    (thread 4: tagwait: 105 ms tagcpu: 11885 ms
    (thread 5: tagwait: 65 ms tagcpu: 11932 ms
    (thread 6: tagwait: 277 ms tagcpu: 11720 ms
    (thread 7: tagwait: 90 ms tagcpu: 11906 ms
    (thread 8: tagwait: 84 ms tagcpu: 11913 ms
    (thread 9: tagwait: 116 ms tagcpu: 11881 ms
    (thread 10: tagwait: 241 ms tagcpu: 11756 ms
    (thread 11: tagwait: 90 ms tagcpu: 11907 ms
    (thread 12: tagwait: 289 ms tagcpu: 11708 ms
    (thread 13: tagwait: 323 ms tagcpu: 11673 ms
    (thread 14: tagwait: 208 ms tagcpu: 11788 ms
    (thread 15: tagwait: 66 ms tagcpu: 11931 ms
    wait_time_ms  (0, 193) (1, 161) (2, 117) (3, 143) (4, 105) (5, 65) (6, 277) (7, 90) (8, 84) (9, 116) (10, 241) (11, 90) (12, 289) (13, 323) (14, 208) (15, 66)
    cpu_time_ms  (0, 11802) (1, 11836) (2, 11872) (3, 11854) (4, 11885) (5, 11932) (6, 11720) (7, 11906) (8, 11913) (9, 11881) (10, 11756) (11, 11907) (12, 11708) (13, 11673) (14, 11788) (15, 11931)
0ms [0:02:48 -823836.531335099483840] SLOW spr round 1 (radius: 5)
reinit stats 16
    (thread 0: tagwait: 915 ms tagcpu: 18332 ms
    (thread 1: tagwait: 1027 ms tagcpu: 18220 ms
    (thread 2: tagwait: 1062 ms tagcpu: 18181 ms
    (thread 3: tagwait: 932 ms tagcpu: 18313 ms
    (thread 4: tagwait: 1014 ms tagcpu: 18233 ms
    (thread 5: tagwait: 963 ms tagcpu: 18284 ms
    (thread 6: tagwait: 1114 ms tagcpu: 18133 ms
    (thread 7: tagwait: 967 ms tagcpu: 18280 ms
    (thread 8: tagwait: 969 ms tagcpu: 18269 ms
    (thread 9: tagwait: 921 ms tagcpu: 18326 ms
    (thread 10: tagwait: 962 ms tagcpu: 18285 ms
    (thread 11: tagwait: 1066 ms tagcpu: 18181 ms
    (thread 12: tagwait: 990 ms tagcpu: 18257 ms
    (thread 13: tagwait: 1008 ms tagcpu: 18238 ms
    (thread 14: tagwait: 959 ms tagcpu: 18288 ms
    (thread 15: tagwait: 626 ms tagcpu: 18621 ms
    wait_time_ms  (0, 915) (1, 1027) (2, 1062) (3, 932) (4, 1014) (5, 963) (6, 1114) (7, 967) (8, 969) (9, 921) (10, 962) (11, 1066) (12, 990) (13, 1008) (14, 959) (15, 626)
    cpu_time_ms  (0, 18332) (1, 18220) (2, 18181) (3, 18313) (4, 18233) (5, 18284) (6, 18133) (7, 18280) (8, 18269) (9, 18326) (10, 18285) (11, 18181) (12, 18257) (13, 18238) (14, 18288) (15, 18621)
0ms [0:03:07 -823836.364224623772316] SLOW spr round 2 (radius: 5)
reinit stats 16
    (thread 0: tagwait: 872 ms tagcpu: 17292 ms
    (thread 1: tagwait: 968 ms tagcpu: 17196 ms
    (thread 2: tagwait: 1073 ms tagcpu: 17091 ms
    (thread 3: tagwait: 861 ms tagcpu: 17299 ms
    (thread 4: tagwait: 979 ms tagcpu: 17185 ms
    (thread 5: tagwait: 945 ms tagcpu: 17219 ms
    (thread 6: tagwait: 1071 ms tagcpu: 17093 ms
    (thread 7: tagwait: 957 ms tagcpu: 17207 ms
    (thread 8: tagwait: 1033 ms tagcpu: 17131 ms
    (thread 9: tagwait: 859 ms tagcpu: 17305 ms
    (thread 10: tagwait: 907 ms tagcpu: 17257 ms
    (thread 11: tagwait: 1026 ms tagcpu: 17138 ms
    (thread 12: tagwait: 925 ms tagcpu: 17239 ms
    (thread 13: tagwait: 962 ms tagcpu: 17201 ms
    (thread 14: tagwait: 954 ms tagcpu: 17210 ms
    (thread 15: tagwait: 680 ms tagcpu: 17484 ms
    wait_time_ms  (0, 872) (1, 968) (2, 1073) (3, 861) (4, 979) (5, 945) (6, 1071) (7, 957) (8, 1033) (9, 859) (10, 907) (11, 1026) (12, 925) (13, 962) (14, 954) (15, 680)
    cpu_time_ms  (0, 17292) (1, 17196) (2, 17091) (3, 17299) (4, 17185) (5, 17219) (6, 17093) (7, 17207) (8, 17131) (9, 17305) (10, 17257) (11, 17138) (12, 17239) (13, 17201) (14, 17210) (15, 17484)
0ms [0:03:26 -823836.361257606884465] SLOW spr round 3 (radius: 10)
reinit stats 16
    (thread 0: tagwait: 725 ms tagcpu: 16202 ms
    (thread 1: tagwait: 817 ms tagcpu: 16107 ms
    (thread 2: tagwait: 937 ms tagcpu: 15990 ms
    (thread 3: tagwait: 751 ms tagcpu: 16177 ms
    (thread 4: tagwait: 847 ms tagcpu: 16080 ms
    (thread 5: tagwait: 815 ms tagcpu: 16113 ms
    (thread 6: tagwait: 918 ms tagcpu: 16010 ms
    (thread 7: tagwait: 821 ms tagcpu: 16107 ms
    (thread 8: tagwait: 899 ms tagcpu: 16028 ms
    (thread 9: tagwait: 720 ms tagcpu: 16208 ms
    (thread 10: tagwait: 774 ms tagcpu: 16154 ms
    (thread 11: tagwait: 894 ms tagcpu: 16033 ms
    (thread 12: tagwait: 787 ms tagcpu: 16141 ms
    (thread 13: tagwait: 830 ms tagcpu: 16097 ms
    (thread 14: tagwait: 827 ms tagcpu: 16101 ms
    (thread 15: tagwait: 526 ms tagcpu: 16402 ms
    wait_time_ms  (0, 725) (1, 817) (2, 937) (3, 751) (4, 847) (5, 815) (6, 918) (7, 821) (8, 899) (9, 720) (10, 774) (11, 894) (12, 787) (13, 830) (14, 827) (15, 526)
    cpu_time_ms  (0, 16202) (1, 16107) (2, 15990) (3, 16177) (4, 16080) (5, 16113) (6, 16010) (7, 16107) (8, 16028) (9, 16208) (10, 16154) (11, 16033) (12, 16141) (13, 16097) (14, 16101) (15, 16402)
0ms [0:03:43 -823836.361072343541309] SLOW spr round 4 (radius: 15)
reinit stats 16
    (thread 0: tagwait: 1425 ms tagcpu: 30349 ms
    (thread 1: tagwait: 1646 ms tagcpu: 30124 ms
    (thread 2: tagwait: 1819 ms tagcpu: 29956 ms
    (thread 3: tagwait: 1501 ms tagcpu: 30273 ms
    (thread 4: tagwait: 1661 ms tagcpu: 30113 ms
    (thread 5: tagwait: 1609 ms tagcpu: 30166 ms
    (thread 6: tagwait: 1790 ms tagcpu: 29984 ms
    (thread 7: tagwait: 1616 ms tagcpu: 30158 ms
    (thread 8: tagwait: 1747 ms tagcpu: 30028 ms
    (thread 9: tagwait: 1454 ms tagcpu: 30320 ms
    (thread 10: tagwait: 1486 ms tagcpu: 30288 ms
    (thread 11: tagwait: 1749 ms tagcpu: 30025 ms
    (thread 12: tagwait: 1485 ms tagcpu: 30289 ms
    (thread 13: tagwait: 1574 ms tagcpu: 30199 ms
    (thread 14: tagwait: 1578 ms tagcpu: 30197 ms
    (thread 15: tagwait: 1027 ms tagcpu: 30747 ms
    wait_time_ms  (0, 1425) (1, 1646) (2, 1819) (3, 1501) (4, 1661) (5, 1609) (6, 1790) (7, 1616) (8, 1747) (9, 1454) (10, 1486) (11, 1749) (12, 1485) (13, 1574) (14, 1578) (15, 1027)
    cpu_time_ms  (0, 30349) (1, 30124) (2, 29956) (3, 30273) (4, 30113) (5, 30166) (6, 29984) (7, 30158) (8, 30028) (9, 30320) (10, 30288) (11, 30025) (12, 30289) (13, 30199) (14, 30197) (15, 30747)
0ms [0:04:14 -823836.361060610855930] SLOW spr round 5 (radius: 20)
reinit stats 16
    (thread 0: tagwait: 696 ms tagcpu: 14271 ms
    (thread 1: tagwait: 768 ms tagcpu: 14198 ms
    (thread 2: tagwait: 902 ms tagcpu: 14065 ms
    (thread 3: tagwait: 700 ms tagcpu: 14266 ms
    (thread 4: tagwait: 820 ms tagcpu: 14147 ms
    (thread 5: tagwait: 793 ms tagcpu: 14174 ms
    (thread 6: tagwait: 850 ms tagcpu: 14116 ms
    (thread 7: tagwait: 801 ms tagcpu: 14166 ms
    (thread 8: tagwait: 875 ms tagcpu: 14091 ms
    (thread 9: tagwait: 684 ms tagcpu: 14282 ms
    (thread 10: tagwait: 705 ms tagcpu: 14261 ms
    (thread 11: tagwait: 846 ms tagcpu: 14121 ms
    (thread 12: tagwait: 718 ms tagcpu: 14249 ms
    (thread 13: tagwait: 784 ms tagcpu: 14182 ms
    (thread 14: tagwait: 812 ms tagcpu: 14155 ms
    (thread 15: tagwait: 554 ms tagcpu: 14413 ms
    wait_time_ms  (0, 696) (1, 768) (2, 902) (3, 700) (4, 820) (5, 793) (6, 850) (7, 801) (8, 875) (9, 684) (10, 705) (11, 846) (12, 718) (13, 784) (14, 812) (15, 554)
    cpu_time_ms  (0, 14271) (1, 14198) (2, 14065) (3, 14266) (4, 14147) (5, 14174) (6, 14116) (7, 14166) (8, 14091) (9, 14282) (10, 14261) (11, 14121) (12, 14249) (13, 14182) (14, 14155) (15, 14413)
0ms [0:04:29 -823836.361059842631221] SLOW spr round 6 (radius: 25)
reinit stats 16
    (thread 0: tagwait: 302 ms tagcpu: 7093 ms
    (thread 1: tagwait: 323 ms tagcpu: 7072 ms
    (thread 2: tagwait: 447 ms tagcpu: 6948 ms
    (thread 3: tagwait: 243 ms tagcpu: 7152 ms
    (thread 4: tagwait: 409 ms tagcpu: 6986 ms
    (thread 5: tagwait: 401 ms tagcpu: 6994 ms
    (thread 6: tagwait: 383 ms tagcpu: 7011 ms
    (thread 7: tagwait: 410 ms tagcpu: 6985 ms
    (thread 8: tagwait: 455 ms tagcpu: 6940 ms
    (thread 9: tagwait: 294 ms tagcpu: 7100 ms
    (thread 10: tagwait: 317 ms tagcpu: 7077 ms
    (thread 11: tagwait: 406 ms tagcpu: 6988 ms
    (thread 12: tagwait: 328 ms tagcpu: 7066 ms
    (thread 13: tagwait: 381 ms tagcpu: 7014 ms
    (thread 14: tagwait: 357 ms tagcpu: 7037 ms
    (thread 15: tagwait: 304 ms tagcpu: 7091 ms
    wait_time_ms  (0, 302) (1, 323) (2, 447) (3, 243) (4, 409) (5, 401) (6, 383) (7, 410) (8, 455) (9, 294) (10, 317) (11, 406) (12, 328) (13, 381) (14, 357) (15, 304)
    cpu_time_ms  (0, 7093) (1, 7072) (2, 6948) (3, 7152) (4, 6986) (5, 6994) (6, 7011) (7, 6985) (8, 6940) (9, 7100) (10, 7077) (11, 6988) (12, 7066) (13, 7014) (14, 7037) (15, 7091)
0ms [0:04:37 -823836.361059796297923] Model parameter optimization (eps = 0.100000)
reinit stats 16
    (thread 0: tagwait: 23 ms tagcpu: 2654 ms
    (thread 1: tagwait: 21 ms tagcpu: 2656 ms
    (thread 2: tagwait: 113 ms tagcpu: 2564 ms
    (thread 3: tagwait: 16 ms tagcpu: 2661 ms
    (thread 4: tagwait: 82 ms tagcpu: 2595 ms
    (thread 5: tagwait: 81 ms tagcpu: 2596 ms
    (thread 6: tagwait: 49 ms tagcpu: 2628 ms
    (thread 7: tagwait: 84 ms tagcpu: 2593 ms
    (thread 8: tagwait: 115 ms tagcpu: 2562 ms
    (thread 9: tagwait: 16 ms tagcpu: 2661 ms
    (thread 10: tagwait: 22 ms tagcpu: 2654 ms
    (thread 11: tagwait: 72 ms tagcpu: 2605 ms
    (thread 12: tagwait: 27 ms tagcpu: 2650 ms
    (thread 13: tagwait: 65 ms tagcpu: 2612 ms
    (thread 14: tagwait: 112 ms tagcpu: 2565 ms
    (thread 15: tagwait: 74 ms tagcpu: 2603 ms
    wait_time_ms  (0, 23) (1, 21) (2, 113) (3, 16) (4, 82) (5, 81) (6, 49) (7, 84) (8, 115) (9, 16) (10, 22) (11, 72) (12, 27) (13, 65) (14, 112) (15, 74)
    cpu_time_ms  (0, 2654) (1, 2656) (2, 2564) (3, 2661) (4, 2595) (5, 2596) (6, 2628) (7, 2593) (8, 2562) (9, 2661) (10, 2654) (11, 2605) (12, 2650) (13, 2612) (14, 2565) (15, 2603)

Model parameters:
   Branch lengths (ML): linked
   Rate heterogeneity: GAMMA (4 cats),  alpha: 0.374368 (ML),  weights&rates: (0.250000,0.013197) (0.250000,0.162365) (0.250000,0.701984) (0.250000,3.122453) 
   Base frequencies (ML): 0.358636 0.309232 0.067257 0.264875 
   Substitution rates (ML): 0.296512 4.511060 0.303365 0.605616 2.303477 1.000000 


Final LogLikelihood: -823835.987076

Elapsed time: 279.855 seconds

Final tree saved to: /home/morelbt/github/raxml-ng/test/128.phy.raxml.bestTree
Execution log saved to: /home/morelbt/github/raxml-ng/test/128.phy.raxml.log

