
RAxML-NG pre-release, build: 2017.01.17 (c) 2017 The Exelixis Lab http://exelixis-lab.org

!!! WARNING: This is an EXPERIMENTAL code which should NEVER be used for production runs!
!!! Please check out the official release (available Q1 2017): https://github.com/amkozlov/raxml-ng

RAxML-NG was called as follows:

../src/raxml-ng-static --seed=42 --msa ../../repeats-balance/data/404/404.phy --simd AVX --threads 16 --repeats 

Analysis options:
  run mode: Tree search
  random seed: 42
  tip-inner: OFF
  repeats: ON
  pattern compression: ON
  fast spr radius: AUTO
  spr subtree cutoff: 1.000
  SIMD kernels: AVX
  parallelization: PTHREADS (16 threads)

0ms [0:00:00 0.000000000000000] Loading alignment from file: ../../repeats-balance/data/404/404.phy
116ms [0:00:00 0.000000000000000] Taxa: 404, sites: 13158
1ms [0:00:00 0.000000000000000] Checking the alignment...
46ms [0:00:00 0.000000000000000] Generating a random starting tree with 404 taxa

Partition 0: noname
Model: GTR+G
Alignment sites / patterns: 13158 / 7429
Gaps: 78.92 %
Invariant sites: 51.54 %

P0 T0, range: 1-464, patterns: 464

P0 T8, range: 3713-4176, patterns: 464

P0 T1, range: 465-928, patterns: 464

P0 T11, range: 5105-5568, patterns: 464

P0 T13, range: 6033-6496, patterns: 464

P0 T12, range: 5569-6032, patterns: 464

P0 T2, range: 929-1392, patterns: 464

P0 T4, range: 1857-2320, patterns: 464

P0 T6, range: 2785-3248, patterns: 464

P0 T5, range: 2321-2784, patterns: 464

P0 T3, range: 1393-1856, patterns: 464

P0 T7, range: 3249-3712, patterns: 464

P0 T9, range: 4177-4640, patterns: 464

P0 T10, range: 4641-5104, patterns: 464

P0 T14, range: 6497-6960, patterns: 464

P0 T15, range: 6961-7429, patterns: 469

1ms [0:00:00 0.000000000000000] ML tree search started.
0ms [0:00:00 -289721.632242834602948] Initial branch length optimization
reinit stats 16
    (thread 0: tagwait: 87 ms tagcpu: 720 ms
    (thread 1: tagwait: 229 ms tagcpu: 580 ms
    (thread 2: tagwait: 103 ms tagcpu: 704 ms
    (thread 3: tagwait: 240 ms tagcpu: 568 ms
    (thread 4: tagwait: 233 ms tagcpu: 574 ms
    (thread 5: tagwait: 244 ms tagcpu: 565 ms
    (thread 6: tagwait: 233 ms tagcpu: 575 ms
    (thread 7: tagwait: 229 ms tagcpu: 579 ms
    (thread 8: tagwait: 243 ms tagcpu: 565 ms
    (thread 9: tagwait: 224 ms tagcpu: 583 ms
    (thread 10: tagwait: 234 ms tagcpu: 574 ms
    (thread 11: tagwait: 234 ms tagcpu: 574 ms
    (thread 12: tagwait: 229 ms tagcpu: 579 ms
    (thread 13: tagwait: 230 ms tagcpu: 578 ms
    (thread 14: tagwait: 228 ms tagcpu: 581 ms
    (thread 15: tagwait: 196 ms tagcpu: 612 ms
    wait_time_ms  (0, 87) (1, 229) (2, 103) (3, 240) (4, 233) (5, 244) (6, 233) (7, 229) (8, 243) (9, 224) (10, 234) (11, 234) (12, 229) (13, 230) (14, 228) (15, 196)
    cpu_time_ms  (0, 720) (1, 580) (2, 704) (3, 568) (4, 574) (5, 565) (6, 575) (7, 579) (8, 565) (9, 583) (10, 574) (11, 574) (12, 579) (13, 578) (14, 581) (15, 612)
reinit stats 16
815ms [0:00:01 -248566.338149490591604] Model parameter optimization (eps = 10.0)
    (thread 0: tagwait: 300 ms tagcpu: 3701 ms
    (thread 1: tagwait: 593 ms tagcpu: 3410 ms
    (thread 2: tagwait: 628 ms tagcpu: 3375 ms
    (thread 3: tagwait: 500 ms tagcpu: 3502 ms
    (thread 4: tagwait: 777 ms tagcpu: 3226 ms
    (thread 5: tagwait: 638 ms tagcpu: 3364 ms
    (thread 6: tagwait: 865 ms tagcpu: 3137 ms
    (thread 7: tagwait: 735 ms tagcpu: 3268 ms
    (thread 8: tagwait: 828 ms tagcpu: 3175 ms
    (thread 9: tagwait: 815 ms tagcpu: 3188 ms
    (thread 10: tagwait: 727 ms tagcpu: 3276 ms
    (thread 11: tagwait: 757 ms tagcpu: 3246 ms
    (thread 12: tagwait: 649 ms tagcpu: 3354 ms
    (thread 13: tagwait: 1073 ms tagcpu: 2931 ms
    (thread 14: tagwait: 1314 ms tagcpu: 2689 ms
    (thread 15: tagwait: 1248 ms tagcpu: 2755 ms
    wait_time_ms  (0, 300) (1, 593) (2, 628) (3, 500) (4, 777) (5, 638) (6, 865) (7, 735) (8, 828) (9, 815) (10, 727) (11, 757) (12, 649) (13, 1073) (14, 1314) (15, 1248)
    cpu_time_ms  (0, 3701) (1, 3410) (2, 3375) (3, 3502) (4, 3226) (5, 3364) (6, 3137) (7, 3268) (8, 3175) (9, 3188) (10, 3276) (11, 3246) (12, 3354) (13, 2931) (14, 2689) (15, 2755)
0ms [0:00:05 -238077.057798556925263] AUTODETECT spr round 1 (radius: 5)
reinit stats 16
    (thread 0: tagwait: 164 ms tagcpu: 7696 ms
    (thread 1: tagwait: 1865 ms tagcpu: 5996 ms
    (thread 2: tagwait: 1895 ms tagcpu: 5966 ms
    (thread 3: tagwait: 1718 ms tagcpu: 6143 ms
    (thread 4: tagwait: 2027 ms tagcpu: 5835 ms
    (thread 5: tagwait: 1869 ms tagcpu: 5992 ms
    (thread 6: tagwait: 2120 ms tagcpu: 5741 ms
    (thread 7: tagwait: 1891 ms tagcpu: 5970 ms
    (thread 8: tagwait: 2099 ms tagcpu: 5762 ms
    (thread 9: tagwait: 2015 ms tagcpu: 5846 ms
    (thread 10: tagwait: 1973 ms tagcpu: 5889 ms
    (thread 11: tagwait: 2069 ms tagcpu: 5792 ms
    (thread 12: tagwait: 1911 ms tagcpu: 5950 ms
    (thread 13: tagwait: 2325 ms tagcpu: 5536 ms
    (thread 14: tagwait: 1351 ms tagcpu: 6510 ms
    (thread 15: tagwait: 2511 ms tagcpu: 5351 ms
    wait_time_ms  (0, 164) (1, 1865) (2, 1895) (3, 1718) (4, 2027) (5, 1869) (6, 2120) (7, 1891) (8, 2099) (9, 2015) (10, 1973) (11, 2069) (12, 1911) (13, 2325) (14, 1351) (15, 2511)
    cpu_time_ms  (0, 7696) (1, 5996) (2, 5966) (3, 6143) (4, 5835) (5, 5992) (6, 5741) (7, 5970) (8, 5762) (9, 5846) (10, 5889) (11, 5792) (12, 5950) (13, 5536) (14, 6510) (15, 5351)
0ms [0:00:13 -203069.979984717501793] AUTODETECT spr round 2 (radius: 10)
reinit stats 16
    (thread 0: tagwait: 374 ms tagcpu: 9502 ms
    (thread 1: tagwait: 776 ms tagcpu: 9100 ms
    (thread 2: tagwait: 785 ms tagcpu: 9092 ms
    (thread 3: tagwait: 635 ms tagcpu: 9241 ms
    (thread 4: tagwait: 923 ms tagcpu: 8954 ms
    (thread 5: tagwait: 851 ms tagcpu: 9026 ms
    (thread 6: tagwait: 1113 ms tagcpu: 8763 ms
    (thread 7: tagwait: 762 ms tagcpu: 9115 ms
    (thread 8: tagwait: 932 ms tagcpu: 8944 ms
    (thread 9: tagwait: 866 ms tagcpu: 9010 ms
    (thread 10: tagwait: 956 ms tagcpu: 8920 ms
    (thread 11: tagwait: 1063 ms tagcpu: 8813 ms
    (thread 12: tagwait: 758 ms tagcpu: 9118 ms
    (thread 13: tagwait: 1334 ms tagcpu: 8543 ms
    (thread 14: tagwait: 1412 ms tagcpu: 8465 ms
    (thread 15: tagwait: 1496 ms tagcpu: 8381 ms
    wait_time_ms  (0, 374) (1, 776) (2, 785) (3, 635) (4, 923) (5, 851) (6, 1113) (7, 762) (8, 932) (9, 866) (10, 956) (11, 1063) (12, 758) (13, 1334) (14, 1412) (15, 1496)
    cpu_time_ms  (0, 9502) (1, 9100) (2, 9092) (3, 9241) (4, 8954) (5, 9026) (6, 8763) (7, 9115) (8, 8944) (9, 9010) (10, 8920) (11, 8813) (12, 9118) (13, 8543) (14, 8465) (15, 8381)
0ms [0:00:22 -175103.611322603363078] AUTODETECT spr round 3 (radius: 15)
reinit stats 16
    (thread 0: tagwait: 474 ms tagcpu: 12076 ms
    (thread 1: tagwait: 985 ms tagcpu: 11568 ms
    (thread 2: tagwait: 993 ms tagcpu: 11560 ms
    (thread 3: tagwait: 841 ms tagcpu: 11712 ms
    (thread 4: tagwait: 1033 ms tagcpu: 11520 ms
    (thread 5: tagwait: 896 ms tagcpu: 11657 ms
    (thread 6: tagwait: 1213 ms tagcpu: 11341 ms
    (thread 7: tagwait: 979 ms tagcpu: 11574 ms
    (thread 8: tagwait: 1232 ms tagcpu: 11322 ms
    (thread 9: tagwait: 1145 ms tagcpu: 11408 ms
    (thread 10: tagwait: 1057 ms tagcpu: 11497 ms
    (thread 11: tagwait: 1192 ms tagcpu: 11361 ms
    (thread 12: tagwait: 927 ms tagcpu: 11626 ms
    (thread 13: tagwait: 1555 ms tagcpu: 10998 ms
    (thread 14: tagwait: 1637 ms tagcpu: 10916 ms
    (thread 15: tagwait: 1699 ms tagcpu: 10855 ms
    wait_time_ms  (0, 474) (1, 985) (2, 993) (3, 841) (4, 1033) (5, 896) (6, 1213) (7, 979) (8, 1232) (9, 1145) (10, 1057) (11, 1192) (12, 927) (13, 1555) (14, 1637) (15, 1699)
    cpu_time_ms  (0, 12076) (1, 11568) (2, 11560) (3, 11712) (4, 11520) (5, 11657) (6, 11341) (7, 11574) (8, 11322) (9, 11408) (10, 11497) (11, 11361) (12, 11626) (13, 10998) (14, 10916) (15, 10855)
0ms [0:00:35 -167684.741881730413297] AUTODETECT spr round 4 (radius: 20)
reinit stats 16
    (thread 0: tagwait: 969 ms tagcpu: 19219 ms
    (thread 1: tagwait: 1571 ms tagcpu: 18617 ms
    (thread 2: tagwait: 1599 ms tagcpu: 18589 ms
    (thread 3: tagwait: 1332 ms tagcpu: 18856 ms
    (thread 4: tagwait: 1589 ms tagcpu: 18599 ms
    (thread 5: tagwait: 1516 ms tagcpu: 18671 ms
    (thread 6: tagwait: 1819 ms tagcpu: 18368 ms
    (thread 7: tagwait: 1545 ms tagcpu: 18643 ms
    (thread 8: tagwait: 1864 ms tagcpu: 18323 ms
    (thread 9: tagwait: 1595 ms tagcpu: 18592 ms
    (thread 10: tagwait: 1718 ms tagcpu: 18469 ms
    (thread 11: tagwait: 1816 ms tagcpu: 18372 ms
    (thread 12: tagwait: 1367 ms tagcpu: 18820 ms
    (thread 13: tagwait: 2310 ms tagcpu: 17873 ms
    (thread 14: tagwait: 2509 ms tagcpu: 17676 ms
    (thread 15: tagwait: 2707 ms tagcpu: 17476 ms
    wait_time_ms  (0, 969) (1, 1571) (2, 1599) (3, 1332) (4, 1589) (5, 1516) (6, 1819) (7, 1545) (8, 1864) (9, 1595) (10, 1718) (11, 1816) (12, 1367) (13, 2310) (14, 2509) (15, 2707)
    cpu_time_ms  (0, 19219) (1, 18617) (2, 18589) (3, 18856) (4, 18599) (5, 18671) (6, 18368) (7, 18643) (8, 18323) (9, 18592) (10, 18469) (11, 18372) (12, 18820) (13, 17873) (14, 17676) (15, 17476)
0ms [0:00:55 -163742.834767117805313] AUTODETECT spr round 5 (radius: 25)
reinit stats 16
    (thread 0: tagwait: 1004 ms tagcpu: 19770 ms
    (thread 1: tagwait: 1581 ms tagcpu: 19193 ms
    (thread 2: tagwait: 1711 ms tagcpu: 19063 ms
    (thread 3: tagwait: 1609 ms tagcpu: 19165 ms
    (thread 4: tagwait: 1806 ms tagcpu: 18968 ms
    (thread 5: tagwait: 1542 ms tagcpu: 19232 ms
    (thread 6: tagwait: 1949 ms tagcpu: 18825 ms
    (thread 7: tagwait: 1618 ms tagcpu: 19156 ms
    (thread 8: tagwait: 1994 ms tagcpu: 18780 ms
    (thread 9: tagwait: 1867 ms tagcpu: 18907 ms
    (thread 10: tagwait: 1773 ms tagcpu: 19001 ms
    (thread 11: tagwait: 2003 ms tagcpu: 18772 ms
    (thread 12: tagwait: 1641 ms tagcpu: 19133 ms
    (thread 13: tagwait: 2951 ms tagcpu: 17824 ms
    (thread 14: tagwait: 2964 ms tagcpu: 17811 ms
    (thread 15: tagwait: 3012 ms tagcpu: 17762 ms
    wait_time_ms  (0, 1004) (1, 1581) (2, 1711) (3, 1609) (4, 1806) (5, 1542) (6, 1949) (7, 1618) (8, 1994) (9, 1867) (10, 1773) (11, 2003) (12, 1641) (13, 2951) (14, 2964) (15, 3012)
    cpu_time_ms  (0, 19770) (1, 19193) (2, 19063) (3, 19165) (4, 18968) (5, 19232) (6, 18825) (7, 19156) (8, 18780) (9, 18907) (10, 19001) (11, 18772) (12, 19133) (13, 17824) (14, 17811) (15, 17762)
0ms [0:01:16 -163610.824294777383329] SPR radius for FAST iterations: 25 (autodetect)
3ms [0:01:16 -163610.824294777383329] Model parameter optimization (eps = 3.0)
reinit stats 16
    (thread 0: tagwait: 299 ms tagcpu: 3437 ms
    (thread 1: tagwait: 646 ms tagcpu: 3091 ms
    (thread 2: tagwait: 667 ms tagcpu: 3069 ms
    (thread 3: tagwait: 575 ms tagcpu: 3161 ms
    (thread 4: tagwait: 735 ms tagcpu: 3001 ms
    (thread 5: tagwait: 642 ms tagcpu: 3094 ms
    (thread 6: tagwait: 858 ms tagcpu: 2879 ms
    (thread 7: tagwait: 659 ms tagcpu: 3077 ms
    (thread 8: tagwait: 830 ms tagcpu: 2907 ms
    (thread 9: tagwait: 737 ms tagcpu: 2999 ms
    (thread 10: tagwait: 823 ms tagcpu: 2914 ms
    (thread 11: tagwait: 830 ms tagcpu: 2906 ms
    (thread 12: tagwait: 650 ms tagcpu: 3086 ms
    (thread 13: tagwait: 1135 ms tagcpu: 2602 ms
    (thread 14: tagwait: 1201 ms tagcpu: 2536 ms
    (thread 15: tagwait: 1165 ms tagcpu: 2572 ms
    wait_time_ms  (0, 299) (1, 646) (2, 667) (3, 575) (4, 735) (5, 642) (6, 858) (7, 659) (8, 830) (9, 737) (10, 823) (11, 830) (12, 650) (13, 1135) (14, 1201) (15, 1165)
    cpu_time_ms  (0, 3437) (1, 3091) (2, 3069) (3, 3161) (4, 3001) (5, 3094) (6, 2879) (7, 3077) (8, 2907) (9, 2999) (10, 2914) (11, 2906) (12, 3086) (13, 2602) (14, 2536) (15, 2572)
0ms [0:01:20 -163032.736747618298978] FAST spr round 1 (radius: 25)
reinit stats 16
    (thread 0: tagwait: 1332 ms tagcpu: 15800 ms
    (thread 1: tagwait: 1705 ms tagcpu: 15427 ms
    (thread 2: tagwait: 1765 ms tagcpu: 15368 ms
    (thread 3: tagwait: 1594 ms tagcpu: 15538 ms
    (thread 4: tagwait: 1803 ms tagcpu: 15329 ms
    (thread 5: tagwait: 1807 ms tagcpu: 15325 ms
    (thread 6: tagwait: 1963 ms tagcpu: 15169 ms
    (thread 7: tagwait: 1643 ms tagcpu: 15489 ms
    (thread 8: tagwait: 1989 ms tagcpu: 15143 ms
    (thread 9: tagwait: 1798 ms tagcpu: 15335 ms
    (thread 10: tagwait: 1956 ms tagcpu: 15177 ms
    (thread 11: tagwait: 2056 ms tagcpu: 15073 ms
    (thread 12: tagwait: 1677 ms tagcpu: 15452 ms
    (thread 13: tagwait: 2347 ms tagcpu: 14786 ms
    (thread 14: tagwait: 2461 ms tagcpu: 14671 ms
    (thread 15: tagwait: 2556 ms tagcpu: 14576 ms
    wait_time_ms  (0, 1332) (1, 1705) (2, 1765) (3, 1594) (4, 1803) (5, 1807) (6, 1963) (7, 1643) (8, 1989) (9, 1798) (10, 1956) (11, 2056) (12, 1677) (13, 2347) (14, 2461) (15, 2556)
    cpu_time_ms  (0, 15800) (1, 15427) (2, 15368) (3, 15538) (4, 15329) (5, 15325) (6, 15169) (7, 15489) (8, 15143) (9, 15335) (10, 15177) (11, 15073) (12, 15452) (13, 14786) (14, 14671) (15, 14576)
0ms [0:01:37 -157934.523645043256693] FAST spr round 2 (radius: 25)
reinit stats 16
    (thread 0: tagwait: 975 ms tagcpu: 11577 ms
    (thread 1: tagwait: 1318 ms tagcpu: 11235 ms
    (thread 2: tagwait: 1344 ms tagcpu: 11209 ms
    (thread 3: tagwait: 1289 ms tagcpu: 11263 ms
    (thread 4: tagwait: 1438 ms tagcpu: 11115 ms
    (thread 5: tagwait: 1448 ms tagcpu: 11104 ms
    (thread 6: tagwait: 1543 ms tagcpu: 11010 ms
    (thread 7: tagwait: 1264 ms tagcpu: 11289 ms
    (thread 8: tagwait: 1646 ms tagcpu: 10907 ms
    (thread 9: tagwait: 1409 ms tagcpu: 11144 ms
    (thread 10: tagwait: 1546 ms tagcpu: 11002 ms
    (thread 11: tagwait: 1643 ms tagcpu: 10910 ms
    (thread 12: tagwait: 1456 ms tagcpu: 11097 ms
    (thread 13: tagwait: 1838 ms tagcpu: 10715 ms
    (thread 14: tagwait: 1920 ms tagcpu: 10633 ms
    (thread 15: tagwait: 1960 ms tagcpu: 10593 ms
    wait_time_ms  (0, 975) (1, 1318) (2, 1344) (3, 1289) (4, 1438) (5, 1448) (6, 1543) (7, 1264) (8, 1646) (9, 1409) (10, 1546) (11, 1643) (12, 1456) (13, 1838) (14, 1920) (15, 1960)
    cpu_time_ms  (0, 11577) (1, 11235) (2, 11209) (3, 11263) (4, 11115) (5, 11104) (6, 11010) (7, 11289) (8, 10907) (9, 11144) (10, 11002) (11, 10910) (12, 11097) (13, 10715) (14, 10633) (15, 10593)
0ms [0:01:49 -157566.043289299122989] FAST spr round 3 (radius: 25)
reinit stats 16
    (thread 0: tagwait: 785 ms tagcpu: 9530 ms
    (thread 1: tagwait: 1093 ms tagcpu: 9222 ms
    (thread 2: tagwait: 1110 ms tagcpu: 9205 ms
    (thread 3: tagwait: 1016 ms tagcpu: 9299 ms
    (thread 4: tagwait: 1197 ms tagcpu: 9118 ms
    (thread 5: tagwait: 1166 ms tagcpu: 9149 ms
    (thread 6: tagwait: 1283 ms tagcpu: 9032 ms
    (thread 7: tagwait: 1031 ms tagcpu: 9283 ms
    (thread 8: tagwait: 1363 ms tagcpu: 8952 ms
    (thread 9: tagwait: 1134 ms tagcpu: 9181 ms
    (thread 10: tagwait: 1309 ms tagcpu: 9006 ms
    (thread 11: tagwait: 1372 ms tagcpu: 8943 ms
    (thread 12: tagwait: 1198 ms tagcpu: 9117 ms
    (thread 13: tagwait: 1533 ms tagcpu: 8782 ms
    (thread 14: tagwait: 1635 ms tagcpu: 8680 ms
    (thread 15: tagwait: 1633 ms tagcpu: 8682 ms
    wait_time_ms  (0, 785) (1, 1093) (2, 1110) (3, 1016) (4, 1197) (5, 1166) (6, 1283) (7, 1031) (8, 1363) (9, 1134) (10, 1309) (11, 1372) (12, 1198) (13, 1533) (14, 1635) (15, 1633)
    cpu_time_ms  (0, 9530) (1, 9222) (2, 9205) (3, 9299) (4, 9118) (5, 9149) (6, 9032) (7, 9283) (8, 8952) (9, 9181) (10, 9006) (11, 8943) (12, 9117) (13, 8782) (14, 8680) (15, 8682)
0ms [0:02:00 -157126.409201578586362] FAST spr round 4 (radius: 25)
reinit stats 16
    (thread 0: tagwait: 509 ms tagcpu: 7343 ms
    (thread 1: tagwait: 822 ms tagcpu: 7031 ms
    (thread 2: tagwait: 835 ms tagcpu: 7018 ms
    (thread 3: tagwait: 745 ms tagcpu: 7108 ms
    (thread 4: tagwait: 909 ms tagcpu: 6943 ms
    (thread 5: tagwait: 868 ms tagcpu: 6984 ms
    (thread 6: tagwait: 990 ms tagcpu: 6863 ms
    (thread 7: tagwait: 787 ms tagcpu: 7065 ms
    (thread 8: tagwait: 1085 ms tagcpu: 6768 ms
    (thread 9: tagwait: 896 ms tagcpu: 6957 ms
    (thread 10: tagwait: 1016 ms tagcpu: 6837 ms
    (thread 11: tagwait: 1073 ms tagcpu: 6779 ms
    (thread 12: tagwait: 914 ms tagcpu: 6939 ms
    (thread 13: tagwait: 1241 ms tagcpu: 6612 ms
    (thread 14: tagwait: 1344 ms tagcpu: 6509 ms
    (thread 15: tagwait: 1328 ms tagcpu: 6526 ms
    wait_time_ms  (0, 509) (1, 822) (2, 835) (3, 745) (4, 909) (5, 868) (6, 990) (7, 787) (8, 1085) (9, 896) (10, 1016) (11, 1073) (12, 914) (13, 1241) (14, 1344) (15, 1328)
    cpu_time_ms  (0, 7343) (1, 7031) (2, 7018) (3, 7108) (4, 6943) (5, 6984) (6, 6863) (7, 7065) (8, 6768) (9, 6957) (10, 6837) (11, 6779) (12, 6939) (13, 6612) (14, 6509) (15, 6526)
0ms [0:02:07 -157046.508733526687138] FAST spr round 5 (radius: 25)
reinit stats 16
    (thread 0: tagwait: 582 ms tagcpu: 7645 ms
    (thread 1: tagwait: 880 ms tagcpu: 7348 ms
    (thread 2: tagwait: 880 ms tagcpu: 7348 ms
    (thread 3: tagwait: 804 ms tagcpu: 7423 ms
    (thread 4: tagwait: 977 ms tagcpu: 7250 ms
    (thread 5: tagwait: 932 ms tagcpu: 7296 ms
    (thread 6: tagwait: 1044 ms tagcpu: 7184 ms
    (thread 7: tagwait: 849 ms tagcpu: 7379 ms
    (thread 8: tagwait: 1154 ms tagcpu: 7074 ms
    (thread 9: tagwait: 960 ms tagcpu: 7268 ms
    (thread 10: tagwait: 1088 ms tagcpu: 7140 ms
    (thread 11: tagwait: 1138 ms tagcpu: 7090 ms
    (thread 12: tagwait: 977 ms tagcpu: 7251 ms
    (thread 13: tagwait: 1293 ms tagcpu: 6935 ms
    (thread 14: tagwait: 1404 ms tagcpu: 6824 ms
    (thread 15: tagwait: 1380 ms tagcpu: 6848 ms
    wait_time_ms  (0, 582) (1, 880) (2, 880) (3, 804) (4, 977) (5, 932) (6, 1044) (7, 849) (8, 1154) (9, 960) (10, 1088) (11, 1138) (12, 977) (13, 1293) (14, 1404) (15, 1380)
    cpu_time_ms  (0, 7645) (1, 7348) (2, 7348) (3, 7423) (4, 7250) (5, 7296) (6, 7184) (7, 7379) (8, 7074) (9, 7268) (10, 7140) (11, 7090) (12, 7251) (13, 6935) (14, 6824) (15, 6848)
0ms [0:02:16 -156961.366206445090938] FAST spr round 6 (radius: 25)
reinit stats 16
    (thread 0: tagwait: 561 ms tagcpu: 7639 ms
    (thread 1: tagwait: 901 ms tagcpu: 7299 ms
    (thread 2: tagwait: 897 ms tagcpu: 7303 ms
    (thread 3: tagwait: 798 ms tagcpu: 7402 ms
    (thread 4: tagwait: 962 ms tagcpu: 7239 ms
    (thread 5: tagwait: 929 ms tagcpu: 7272 ms
    (thread 6: tagwait: 1066 ms tagcpu: 7134 ms
    (thread 7: tagwait: 835 ms tagcpu: 7365 ms
    (thread 8: tagwait: 1150 ms tagcpu: 7051 ms
    (thread 9: tagwait: 992 ms tagcpu: 7202 ms
    (thread 10: tagwait: 1090 ms tagcpu: 7110 ms
    (thread 11: tagwait: 1126 ms tagcpu: 7074 ms
    (thread 12: tagwait: 965 ms tagcpu: 7235 ms
    (thread 13: tagwait: 1286 ms tagcpu: 6915 ms
    (thread 14: tagwait: 1380 ms tagcpu: 6821 ms
    (thread 15: tagwait: 1386 ms tagcpu: 6815 ms
    wait_time_ms  (0, 561) (1, 901) (2, 897) (3, 798) (4, 962) (5, 929) (6, 1066) (7, 835) (8, 1150) (9, 992) (10, 1090) (11, 1126) (12, 965) (13, 1286) (14, 1380) (15, 1386)
    cpu_time_ms  (0, 7639) (1, 7299) (2, 7303) (3, 7402) (4, 7239) (5, 7272) (6, 7134) (7, 7365) (8, 7051) (9, 7202) (10, 7110) (11, 7074) (12, 7235) (13, 6915) (14, 6821) (15, 6815)
0ms [0:02:24 -156679.004811270075152] FAST spr round 7 (radius: 25)
reinit stats 16
    (thread 0: tagwait: 584 ms tagcpu: 7518 ms
    (thread 1: tagwait: 924 ms tagcpu: 7178 ms
    (thread 2: tagwait: 909 ms tagcpu: 7193 ms
    (thread 3: tagwait: 804 ms tagcpu: 7298 ms
    (thread 4: tagwait: 984 ms tagcpu: 7118 ms
    (thread 5: tagwait: 946 ms tagcpu: 7156 ms
    (thread 6: tagwait: 1066 ms tagcpu: 7036 ms
    (thread 7: tagwait: 840 ms tagcpu: 7262 ms
    (thread 8: tagwait: 1158 ms tagcpu: 6944 ms
    (thread 9: tagwait: 1063 ms tagcpu: 7039 ms
    (thread 10: tagwait: 1083 ms tagcpu: 7019 ms
    (thread 11: tagwait: 1150 ms tagcpu: 6952 ms
    (thread 12: tagwait: 989 ms tagcpu: 7114 ms
    (thread 13: tagwait: 1295 ms tagcpu: 6808 ms
    (thread 14: tagwait: 1395 ms tagcpu: 6707 ms
    (thread 15: tagwait: 1401 ms tagcpu: 6701 ms
    wait_time_ms  (0, 584) (1, 924) (2, 909) (3, 804) (4, 984) (5, 946) (6, 1066) (7, 840) (8, 1158) (9, 1063) (10, 1083) (11, 1150) (12, 989) (13, 1295) (14, 1395) (15, 1401)
    cpu_time_ms  (0, 7518) (1, 7178) (2, 7193) (3, 7298) (4, 7118) (5, 7156) (6, 7036) (7, 7262) (8, 6944) (9, 7039) (10, 7019) (11, 6952) (12, 7114) (13, 6808) (14, 6707) (15, 6701)
0ms [0:02:32 -156582.389227513049264] FAST spr round 8 (radius: 25)
reinit stats 16
    (thread 0: tagwait: 390 ms tagcpu: 6361 ms
    (thread 1: tagwait: 750 ms tagcpu: 6002 ms
    (thread 2: tagwait: 733 ms tagcpu: 6018 ms
    (thread 3: tagwait: 622 ms tagcpu: 6129 ms
    (thread 4: tagwait: 786 ms tagcpu: 5965 ms
    (thread 5: tagwait: 739 ms tagcpu: 6012 ms
    (thread 6: tagwait: 876 ms tagcpu: 5875 ms
    (thread 7: tagwait: 652 ms tagcpu: 6099 ms
    (thread 8: tagwait: 934 ms tagcpu: 5818 ms
    (thread 9: tagwait: 866 ms tagcpu: 5885 ms
    (thread 10: tagwait: 885 ms tagcpu: 5866 ms
    (thread 11: tagwait: 942 ms tagcpu: 5809 ms
    (thread 12: tagwait: 789 ms tagcpu: 5962 ms
    (thread 13: tagwait: 1088 ms tagcpu: 5663 ms
    (thread 14: tagwait: 1188 ms tagcpu: 5564 ms
    (thread 15: tagwait: 1188 ms tagcpu: 5564 ms
    wait_time_ms  (0, 390) (1, 750) (2, 733) (3, 622) (4, 786) (5, 739) (6, 876) (7, 652) (8, 934) (9, 866) (10, 885) (11, 942) (12, 789) (13, 1088) (14, 1188) (15, 1188)
    cpu_time_ms  (0, 6361) (1, 6002) (2, 6018) (3, 6129) (4, 5965) (5, 6012) (6, 5875) (7, 6099) (8, 5818) (9, 5885) (10, 5866) (11, 5809) (12, 5962) (13, 5663) (14, 5564) (15, 5564)
0ms [0:02:39 -156573.829367496626219] FAST spr round 9 (radius: 25)
reinit stats 16
    (thread 0: tagwait: 210 ms tagcpu: 5189 ms
    (thread 1: tagwait: 584 ms tagcpu: 4816 ms
    (thread 2: tagwait: 567 ms tagcpu: 4833 ms
    (thread 3: tagwait: 438 ms tagcpu: 4962 ms
    (thread 4: tagwait: 616 ms tagcpu: 4784 ms
    (thread 5: tagwait: 553 ms tagcpu: 4847 ms
    (thread 6: tagwait: 706 ms tagcpu: 4694 ms
    (thread 7: tagwait: 493 ms tagcpu: 4907 ms
    (thread 8: tagwait: 758 ms tagcpu: 4642 ms
    (thread 9: tagwait: 684 ms tagcpu: 4716 ms
    (thread 10: tagwait: 711 ms tagcpu: 4689 ms
    (thread 11: tagwait: 767 ms tagcpu: 4633 ms
    (thread 12: tagwait: 622 ms tagcpu: 4778 ms
    (thread 13: tagwait: 915 ms tagcpu: 4485 ms
    (thread 14: tagwait: 1005 ms tagcpu: 4395 ms
    (thread 15: tagwait: 984 ms tagcpu: 4416 ms
    wait_time_ms  (0, 210) (1, 584) (2, 567) (3, 438) (4, 616) (5, 553) (6, 706) (7, 493) (8, 758) (9, 684) (10, 711) (11, 767) (12, 622) (13, 915) (14, 1005) (15, 984)
    cpu_time_ms  (0, 5189) (1, 4816) (2, 4833) (3, 4962) (4, 4784) (5, 4847) (6, 4694) (7, 4907) (8, 4642) (9, 4716) (10, 4689) (11, 4633) (12, 4778) (13, 4485) (14, 4395) (15, 4416)
0ms [0:02:44 -156573.726611309597502] FAST spr round 10 (radius: 25)
reinit stats 16
    (thread 0: tagwait: 216 ms tagcpu: 5102 ms
    (thread 1: tagwait: 566 ms tagcpu: 4753 ms
    (thread 2: tagwait: 545 ms tagcpu: 4774 ms
    (thread 3: tagwait: 423 ms tagcpu: 4896 ms
    (thread 4: tagwait: 596 ms tagcpu: 4723 ms
    (thread 5: tagwait: 551 ms tagcpu: 4767 ms
    (thread 6: tagwait: 680 ms tagcpu: 4639 ms
    (thread 7: tagwait: 477 ms tagcpu: 4842 ms
    (thread 8: tagwait: 722 ms tagcpu: 4597 ms
    (thread 9: tagwait: 680 ms tagcpu: 4639 ms
    (thread 10: tagwait: 684 ms tagcpu: 4634 ms
    (thread 11: tagwait: 733 ms tagcpu: 4586 ms
    (thread 12: tagwait: 611 ms tagcpu: 4708 ms
    (thread 13: tagwait: 895 ms tagcpu: 4424 ms
    (thread 14: tagwait: 984 ms tagcpu: 4335 ms
    (thread 15: tagwait: 1000 ms tagcpu: 4319 ms
    wait_time_ms  (0, 216) (1, 566) (2, 545) (3, 423) (4, 596) (5, 551) (6, 680) (7, 477) (8, 722) (9, 680) (10, 684) (11, 733) (12, 611) (13, 895) (14, 984) (15, 1000)
    cpu_time_ms  (0, 5102) (1, 4753) (2, 4774) (3, 4896) (4, 4723) (5, 4767) (6, 4639) (7, 4842) (8, 4597) (9, 4639) (10, 4634) (11, 4586) (12, 4708) (13, 4424) (14, 4335) (15, 4319)
reinit stats 16
5321ms [0:02:49 -156573.725465978146531] Model parameter optimization (eps = 1.0)
    (thread 0: tagwait: 145 ms tagcpu: 1526 ms
    (thread 1: tagwait: 332 ms tagcpu: 1342 ms
    (thread 2: tagwait: 331 ms tagcpu: 1342 ms
    (thread 3: tagwait: 265 ms tagcpu: 1408 ms
    (thread 4: tagwait: 356 ms tagcpu: 1318 ms
    (thread 5: tagwait: 327 ms tagcpu: 1347 ms
    (thread 6: tagwait: 412 ms tagcpu: 1262 ms
    (thread 7: tagwait: 297 ms tagcpu: 1377 ms
    (thread 8: tagwait: 408 ms tagcpu: 1266 ms
    (thread 9: tagwait: 393 ms tagcpu: 1280 ms
    (thread 10: tagwait: 399 ms tagcpu: 1275 ms
    (thread 11: tagwait: 437 ms tagcpu: 1237 ms
    (thread 12: tagwait: 354 ms tagcpu: 1320 ms
    (thread 13: tagwait: 519 ms tagcpu: 1155 ms
    (thread 14: tagwait: 550 ms tagcpu: 1124 ms
    (thread 15: tagwait: 546 ms tagcpu: 1128 ms
    wait_time_ms  (0, 145) (1, 332) (2, 331) (3, 265) (4, 356) (5, 327) (6, 412) (7, 297) (8, 408) (9, 393) (10, 399) (11, 437) (12, 354) (13, 519) (14, 550) (15, 546)
    cpu_time_ms  (0, 1526) (1, 1342) (2, 1342) (3, 1408) (4, 1318) (5, 1347) (6, 1262) (7, 1377) (8, 1266) (9, 1280) (10, 1275) (11, 1237) (12, 1320) (13, 1155) (14, 1124) (15, 1128)
0ms [0:02:51 -156569.389633975893958] SLOW spr round 1 (radius: 5)
reinit stats 16
    (thread 0: tagwait: 2284 ms tagcpu: 17118 ms
    (thread 1: tagwait: 2430 ms tagcpu: 16972 ms
    (thread 2: tagwait: 2489 ms tagcpu: 16913 ms
    (thread 3: tagwait: 2513 ms tagcpu: 16889 ms
    (thread 4: tagwait: 2610 ms tagcpu: 16791 ms
    (thread 5: tagwait: 2632 ms tagcpu: 16770 ms
    (thread 6: tagwait: 2708 ms tagcpu: 16690 ms
    (thread 7: tagwait: 2320 ms tagcpu: 17079 ms
    (thread 8: tagwait: 2904 ms tagcpu: 16494 ms
    (thread 9: tagwait: 2646 ms tagcpu: 16756 ms
    (thread 10: tagwait: 2806 ms tagcpu: 16596 ms
    (thread 11: tagwait: 2771 ms tagcpu: 16631 ms
    (thread 12: tagwait: 2574 ms tagcpu: 16828 ms
    (thread 13: tagwait: 2801 ms tagcpu: 16602 ms
    (thread 14: tagwait: 2900 ms tagcpu: 16502 ms
    (thread 15: tagwait: 3035 ms tagcpu: 16367 ms
    wait_time_ms  (0, 2284) (1, 2430) (2, 2489) (3, 2513) (4, 2610) (5, 2632) (6, 2708) (7, 2320) (8, 2904) (9, 2646) (10, 2806) (11, 2771) (12, 2574) (13, 2801) (14, 2900) (15, 3035)
    cpu_time_ms  (0, 17118) (1, 16972) (2, 16913) (3, 16889) (4, 16791) (5, 16770) (6, 16690) (7, 17079) (8, 16494) (9, 16756) (10, 16596) (11, 16631) (12, 16828) (13, 16602) (14, 16502) (15, 16367)
0ms [0:03:11 -156536.666488816001220] SLOW spr round 2 (radius: 5)
reinit stats 16
    (thread 0: tagwait: 2052 ms tagcpu: 15928 ms
    (thread 1: tagwait: 2182 ms tagcpu: 15799 ms
    (thread 2: tagwait: 2250 ms tagcpu: 15730 ms
    (thread 3: tagwait: 2299 ms tagcpu: 15682 ms
    (thread 4: tagwait: 2469 ms tagcpu: 15509 ms
    (thread 5: tagwait: 2378 ms tagcpu: 15599 ms
    (thread 6: tagwait: 2550 ms tagcpu: 15431 ms
    (thread 7: tagwait: 2247 ms tagcpu: 15734 ms
    (thread 8: tagwait: 2683 ms tagcpu: 15298 ms
    (thread 9: tagwait: 2396 ms tagcpu: 15584 ms
    (thread 10: tagwait: 2504 ms tagcpu: 15476 ms
    (thread 11: tagwait: 2514 ms tagcpu: 15467 ms
    (thread 12: tagwait: 2333 ms tagcpu: 15648 ms
    (thread 13: tagwait: 2564 ms tagcpu: 15417 ms
    (thread 14: tagwait: 2651 ms tagcpu: 15330 ms
    (thread 15: tagwait: 2722 ms tagcpu: 15258 ms
    wait_time_ms  (0, 2052) (1, 2182) (2, 2250) (3, 2299) (4, 2469) (5, 2378) (6, 2550) (7, 2247) (8, 2683) (9, 2396) (10, 2504) (11, 2514) (12, 2333) (13, 2564) (14, 2651) (15, 2722)
    cpu_time_ms  (0, 15928) (1, 15799) (2, 15730) (3, 15682) (4, 15509) (5, 15599) (6, 15431) (7, 15734) (8, 15298) (9, 15584) (10, 15476) (11, 15467) (12, 15648) (13, 15417) (14, 15330) (15, 15258)
0ms [0:03:29 -156527.575097046268638] SLOW spr round 3 (radius: 5)
reinit stats 16
    (thread 0: tagwait: 1820 ms tagcpu: 14470 ms
    (thread 1: tagwait: 2180 ms tagcpu: 14107 ms
    (thread 2: tagwait: 2195 ms tagcpu: 14092 ms
    (thread 3: tagwait: 2176 ms tagcpu: 14110 ms
    (thread 4: tagwait: 2438 ms tagcpu: 13853 ms
    (thread 5: tagwait: 2378 ms tagcpu: 13913 ms
    (thread 6: tagwait: 2484 ms tagcpu: 13807 ms
    (thread 7: tagwait: 2224 ms tagcpu: 14067 ms
    (thread 8: tagwait: 2572 ms tagcpu: 13719 ms
    (thread 9: tagwait: 2317 ms tagcpu: 13974 ms
    (thread 10: tagwait: 2462 ms tagcpu: 13829 ms
    (thread 11: tagwait: 2335 ms tagcpu: 13956 ms
    (thread 12: tagwait: 2262 ms tagcpu: 14029 ms
    (thread 13: tagwait: 2511 ms tagcpu: 13780 ms
    (thread 14: tagwait: 2565 ms tagcpu: 13726 ms
    (thread 15: tagwait: 2674 ms tagcpu: 13617 ms
    wait_time_ms  (0, 1820) (1, 2180) (2, 2195) (3, 2176) (4, 2438) (5, 2378) (6, 2484) (7, 2224) (8, 2572) (9, 2317) (10, 2462) (11, 2335) (12, 2262) (13, 2511) (14, 2565) (15, 2674)
    cpu_time_ms  (0, 14470) (1, 14107) (2, 14092) (3, 14110) (4, 13853) (5, 13913) (6, 13807) (7, 14067) (8, 13719) (9, 13974) (10, 13829) (11, 13956) (12, 14029) (13, 13780) (14, 13726) (15, 13617)
0ms [0:03:45 -156527.513911443355028] SLOW spr round 4 (radius: 10)
reinit stats 16
    (thread 0: tagwait: 2015 ms tagcpu: 16181 ms
    (thread 1: tagwait: 2327 ms tagcpu: 15870 ms
    (thread 2: tagwait: 2366 ms tagcpu: 15831 ms
    (thread 3: tagwait: 2442 ms tagcpu: 15755 ms
    (thread 4: tagwait: 2505 ms tagcpu: 15692 ms
    (thread 5: tagwait: 2490 ms tagcpu: 15707 ms
    (thread 6: tagwait: 2602 ms tagcpu: 15595 ms
    (thread 7: tagwait: 2297 ms tagcpu: 15900 ms
    (thread 8: tagwait: 2702 ms tagcpu: 15495 ms
    (thread 9: tagwait: 2419 ms tagcpu: 15778 ms
    (thread 10: tagwait: 2580 ms tagcpu: 15617 ms
    (thread 11: tagwait: 2522 ms tagcpu: 15675 ms
    (thread 12: tagwait: 2310 ms tagcpu: 15886 ms
    (thread 13: tagwait: 2574 ms tagcpu: 15623 ms
    (thread 14: tagwait: 2674 ms tagcpu: 15523 ms
    (thread 15: tagwait: 2781 ms tagcpu: 15416 ms
    wait_time_ms  (0, 2015) (1, 2327) (2, 2366) (3, 2442) (4, 2505) (5, 2490) (6, 2602) (7, 2297) (8, 2702) (9, 2419) (10, 2580) (11, 2522) (12, 2310) (13, 2574) (14, 2674) (15, 2781)
    cpu_time_ms  (0, 16181) (1, 15870) (2, 15831) (3, 15755) (4, 15692) (5, 15707) (6, 15595) (7, 15900) (8, 15495) (9, 15778) (10, 15617) (11, 15675) (12, 15886) (13, 15623) (14, 15523) (15, 15416)
0ms [0:04:03 -156277.225835881428793] SLOW spr round 5 (radius: 5)
reinit stats 16
    (thread 0: tagwait: 3404 ms tagcpu: 26257 ms
    (thread 1: tagwait: 3562 ms tagcpu: 26098 ms
    (thread 2: tagwait: 3647 ms tagcpu: 26013 ms
    (thread 3: tagwait: 3833 ms tagcpu: 25828 ms
    (thread 4: tagwait: 3890 ms tagcpu: 25771 ms
    (thread 5: tagwait: 3915 ms tagcpu: 25746 ms
    (thread 6: tagwait: 3982 ms tagcpu: 25679 ms
    (thread 7: tagwait: 3558 ms tagcpu: 26103 ms
    (thread 8: tagwait: 4200 ms tagcpu: 25461 ms
    (thread 9: tagwait: 3741 ms tagcpu: 25920 ms
    (thread 10: tagwait: 3974 ms tagcpu: 25687 ms
    (thread 11: tagwait: 3917 ms tagcpu: 25744 ms
    (thread 12: tagwait: 3601 ms tagcpu: 26060 ms
    (thread 13: tagwait: 3833 ms tagcpu: 25828 ms
    (thread 14: tagwait: 3963 ms tagcpu: 25698 ms
    (thread 15: tagwait: 4133 ms tagcpu: 25529 ms
    wait_time_ms  (0, 3404) (1, 3562) (2, 3647) (3, 3833) (4, 3890) (5, 3915) (6, 3982) (7, 3558) (8, 4200) (9, 3741) (10, 3974) (11, 3917) (12, 3601) (13, 3833) (14, 3963) (15, 4133)
    cpu_time_ms  (0, 26257) (1, 26098) (2, 26013) (3, 25828) (4, 25771) (5, 25746) (6, 25679) (7, 26103) (8, 25461) (9, 25920) (10, 25687) (11, 25744) (12, 26060) (13, 25828) (14, 25698) (15, 25529)
0ms [0:04:33 -156186.905399480834603] SLOW spr round 6 (radius: 5)
reinit stats 16
    (thread 0: tagwait: 2734 ms tagcpu: 19806 ms
    (thread 1: tagwait: 2955 ms tagcpu: 19585 ms
    (thread 2: tagwait: 3042 ms tagcpu: 19498 ms
    (thread 3: tagwait: 3020 ms tagcpu: 19520 ms
    (thread 4: tagwait: 3192 ms tagcpu: 19349 ms
    (thread 5: tagwait: 3214 ms tagcpu: 19326 ms
    (thread 6: tagwait: 3278 ms tagcpu: 19263 ms
    (thread 7: tagwait: 2960 ms tagcpu: 19580 ms
    (thread 8: tagwait: 3353 ms tagcpu: 19184 ms
    (thread 9: tagwait: 3075 ms tagcpu: 19465 ms
    (thread 10: tagwait: 3254 ms tagcpu: 19286 ms
    (thread 11: tagwait: 3130 ms tagcpu: 19410 ms
    (thread 12: tagwait: 3008 ms tagcpu: 19532 ms
    (thread 13: tagwait: 3238 ms tagcpu: 19302 ms
    (thread 14: tagwait: 3321 ms tagcpu: 19219 ms
    (thread 15: tagwait: 3411 ms tagcpu: 19129 ms
    wait_time_ms  (0, 2734) (1, 2955) (2, 3042) (3, 3020) (4, 3192) (5, 3214) (6, 3278) (7, 2960) (8, 3353) (9, 3075) (10, 3254) (11, 3130) (12, 3008) (13, 3238) (14, 3321) (15, 3411)
    cpu_time_ms  (0, 19806) (1, 19585) (2, 19498) (3, 19520) (4, 19349) (5, 19326) (6, 19263) (7, 19580) (8, 19184) (9, 19465) (10, 19286) (11, 19410) (12, 19532) (13, 19302) (14, 19219) (15, 19129)
0ms [0:04:55 -156184.110043781722197] SLOW spr round 7 (radius: 5)
reinit stats 16
    (thread 0: tagwait: 2805 ms tagcpu: 16696 ms
    (thread 1: tagwait: 3017 ms tagcpu: 16484 ms
    (thread 2: tagwait: 2960 ms tagcpu: 16542 ms
    (thread 3: tagwait: 3136 ms tagcpu: 16366 ms
    (thread 4: tagwait: 3249 ms tagcpu: 16252 ms
    (thread 5: tagwait: 3262 ms tagcpu: 16240 ms
    (thread 6: tagwait: 3346 ms tagcpu: 16156 ms
    (thread 7: tagwait: 2883 ms tagcpu: 16619 ms
    (thread 8: tagwait: 2636 ms tagcpu: 16861 ms
    (thread 9: tagwait: 3141 ms tagcpu: 16361 ms
    (thread 10: tagwait: 2494 ms tagcpu: 17007 ms
    (thread 11: tagwait: 3176 ms tagcpu: 16325 ms
    (thread 12: tagwait: 3046 ms tagcpu: 16455 ms
    (thread 13: tagwait: 3089 ms tagcpu: 16413 ms
    (thread 14: tagwait: 3344 ms tagcpu: 16156 ms
    (thread 15: tagwait: 3473 ms tagcpu: 16028 ms
    wait_time_ms  (0, 2805) (1, 3017) (2, 2960) (3, 3136) (4, 3249) (5, 3262) (6, 3346) (7, 2883) (8, 2636) (9, 3141) (10, 2494) (11, 3176) (12, 3046) (13, 3089) (14, 3344) (15, 3473)
    cpu_time_ms  (0, 16696) (1, 16484) (2, 16542) (3, 16366) (4, 16252) (5, 16240) (6, 16156) (7, 16619) (8, 16861) (9, 16361) (10, 17007) (11, 16325) (12, 16455) (13, 16413) (14, 16156) (15, 16028)
0ms [0:05:15 -156184.108926049520960] SLOW spr round 8 (radius: 10)
reinit stats 16
    (thread 0: tagwait: 5216 ms tagcpu: 15290 ms
    (thread 1: tagwait: 5491 ms tagcpu: 15015 ms
    (thread 2: tagwait: 5548 ms tagcpu: 14958 ms
    (thread 3: tagwait: 5654 ms tagcpu: 14852 ms
    (thread 4: tagwait: 5695 ms tagcpu: 14812 ms
    (thread 5: tagwait: 5735 ms tagcpu: 14772 ms
    (thread 6: tagwait: 5842 ms tagcpu: 14665 ms
    (thread 7: tagwait: 5552 ms tagcpu: 14955 ms
    (thread 8: tagwait: 2026 ms tagcpu: 18475 ms
    (thread 9: tagwait: 5700 ms tagcpu: 14807 ms
    (thread 10: tagwait: 1486 ms tagcpu: 19019 ms
    (thread 11: tagwait: 5712 ms tagcpu: 14794 ms
    (thread 12: tagwait: 5466 ms tagcpu: 15041 ms
    (thread 13: tagwait: 5835 ms tagcpu: 14672 ms
    (thread 14: tagwait: 5848 ms tagcpu: 14659 ms
    (thread 15: tagwait: 6007 ms tagcpu: 14500 ms
    wait_time_ms  (0, 5216) (1, 5491) (2, 5548) (3, 5654) (4, 5695) (5, 5735) (6, 5842) (7, 5552) (8, 2026) (9, 5700) (10, 1486) (11, 5712) (12, 5466) (13, 5835) (14, 5848) (15, 6007)
    cpu_time_ms  (0, 15290) (1, 15015) (2, 14958) (3, 14852) (4, 14812) (5, 14772) (6, 14665) (7, 14955) (8, 18475) (9, 14807) (10, 19019) (11, 14794) (12, 15041) (13, 14672) (14, 14659) (15, 14500)
0ms [0:05:35 -156094.520328441867605] SLOW spr round 9 (radius: 5)
reinit stats 16
    (thread 0: tagwait: 3186 ms tagcpu: 24777 ms
    (thread 1: tagwait: 3332 ms tagcpu: 24631 ms
    (thread 2: tagwait: 3421 ms tagcpu: 24543 ms
    (thread 3: tagwait: 3557 ms tagcpu: 24406 ms
    (thread 4: tagwait: 3607 ms tagcpu: 24357 ms
    (thread 5: tagwait: 3640 ms tagcpu: 24323 ms
    (thread 6: tagwait: 3691 ms tagcpu: 24272 ms
    (thread 7: tagwait: 3328 ms tagcpu: 24635 ms
    (thread 8: tagwait: 3842 ms tagcpu: 24116 ms
    (thread 9: tagwait: 3442 ms tagcpu: 24522 ms
    (thread 10: tagwait: 3674 ms tagcpu: 24288 ms
    (thread 11: tagwait: 3617 ms tagcpu: 24344 ms
    (thread 12: tagwait: 3374 ms tagcpu: 24589 ms
    (thread 13: tagwait: 3589 ms tagcpu: 24375 ms
    (thread 14: tagwait: 3655 ms tagcpu: 24309 ms
    (thread 15: tagwait: 3859 ms tagcpu: 24105 ms
    wait_time_ms  (0, 3186) (1, 3332) (2, 3421) (3, 3557) (4, 3607) (5, 3640) (6, 3691) (7, 3328) (8, 3842) (9, 3442) (10, 3674) (11, 3617) (12, 3374) (13, 3589) (14, 3655) (15, 3859)
    cpu_time_ms  (0, 24777) (1, 24631) (2, 24543) (3, 24406) (4, 24357) (5, 24323) (6, 24272) (7, 24635) (8, 24116) (9, 24522) (10, 24288) (11, 24344) (12, 24589) (13, 24375) (14, 24309) (15, 24105)
0ms [0:06:03 -156075.998679827258456] SLOW spr round 10 (radius: 5)
reinit stats 16
    (thread 0: tagwait: 2606 ms tagcpu: 19603 ms
    (thread 1: tagwait: 2761 ms tagcpu: 19448 ms
    (thread 2: tagwait: 2836 ms tagcpu: 19373 ms
    (thread 3: tagwait: 2983 ms tagcpu: 19226 ms
    (thread 4: tagwait: 3010 ms tagcpu: 19200 ms
    (thread 5: tagwait: 3098 ms tagcpu: 19111 ms
    (thread 6: tagwait: 3159 ms tagcpu: 19050 ms
    (thread 7: tagwait: 2807 ms tagcpu: 19402 ms
    (thread 8: tagwait: 3221 ms tagcpu: 18984 ms
    (thread 9: tagwait: 2910 ms tagcpu: 19299 ms
    (thread 10: tagwait: 3143 ms tagcpu: 19066 ms
    (thread 11: tagwait: 3029 ms tagcpu: 19180 ms
    (thread 12: tagwait: 2829 ms tagcpu: 19380 ms
    (thread 13: tagwait: 3070 ms tagcpu: 19139 ms
    (thread 14: tagwait: 3108 ms tagcpu: 19101 ms
    (thread 15: tagwait: 3283 ms tagcpu: 18927 ms
    wait_time_ms  (0, 2606) (1, 2761) (2, 2836) (3, 2983) (4, 3010) (5, 3098) (6, 3159) (7, 2807) (8, 3221) (9, 2910) (10, 3143) (11, 3029) (12, 2829) (13, 3070) (14, 3108) (15, 3283)
    cpu_time_ms  (0, 19603) (1, 19448) (2, 19373) (3, 19226) (4, 19200) (5, 19111) (6, 19050) (7, 19402) (8, 18984) (9, 19299) (10, 19066) (11, 19180) (12, 19380) (13, 19139) (14, 19101) (15, 18927)
0ms [0:06:25 -156075.683332995628007] SLOW spr round 11 (radius: 5)
reinit stats 16
    (thread 0: tagwait: 2119 ms tagcpu: 17273 ms
    (thread 1: tagwait: 2317 ms tagcpu: 17075 ms
    (thread 2: tagwait: 2414 ms tagcpu: 16978 ms
    (thread 3: tagwait: 2473 ms tagcpu: 16919 ms
    (thread 4: tagwait: 2565 ms tagcpu: 16828 ms
    (thread 5: tagwait: 2567 ms tagcpu: 16825 ms
    (thread 6: tagwait: 2657 ms tagcpu: 16736 ms
    (thread 7: tagwait: 2305 ms tagcpu: 17087 ms
    (thread 8: tagwait: 2724 ms tagcpu: 16663 ms
    (thread 9: tagwait: 2418 ms tagcpu: 16975 ms
    (thread 10: tagwait: 2615 ms tagcpu: 16777 ms
    (thread 11: tagwait: 2569 ms tagcpu: 16823 ms
    (thread 12: tagwait: 2374 ms tagcpu: 17018 ms
    (thread 13: tagwait: 2604 ms tagcpu: 16789 ms
    (thread 14: tagwait: 2669 ms tagcpu: 16724 ms
    (thread 15: tagwait: 2757 ms tagcpu: 16635 ms
    wait_time_ms  (0, 2119) (1, 2317) (2, 2414) (3, 2473) (4, 2565) (5, 2567) (6, 2657) (7, 2305) (8, 2724) (9, 2418) (10, 2615) (11, 2569) (12, 2374) (13, 2604) (14, 2669) (15, 2757)
    cpu_time_ms  (0, 17273) (1, 17075) (2, 16978) (3, 16919) (4, 16828) (5, 16825) (6, 16736) (7, 17087) (8, 16663) (9, 16975) (10, 16777) (11, 16823) (12, 17018) (13, 16789) (14, 16724) (15, 16635)
0ms [0:06:45 -156069.030297956458526] SLOW spr round 12 (radius: 5)
reinit stats 16
    (thread 0: tagwait: 1833 ms tagcpu: 15329 ms
    (thread 1: tagwait: 2085 ms tagcpu: 15077 ms
    (thread 2: tagwait: 2148 ms tagcpu: 15015 ms
    (thread 3: tagwait: 2166 ms tagcpu: 14996 ms
    (thread 4: tagwait: 2280 ms tagcpu: 14883 ms
    (thread 5: tagwait: 2287 ms tagcpu: 14875 ms
    (thread 6: tagwait: 2326 ms tagcpu: 14837 ms
    (thread 7: tagwait: 2060 ms tagcpu: 15103 ms
    (thread 8: tagwait: 2428 ms tagcpu: 14731 ms
    (thread 9: tagwait: 2189 ms tagcpu: 14973 ms
    (thread 10: tagwait: 2357 ms tagcpu: 14805 ms
    (thread 11: tagwait: 2237 ms tagcpu: 14925 ms
    (thread 12: tagwait: 2079 ms tagcpu: 15083 ms
    (thread 13: tagwait: 2341 ms tagcpu: 14821 ms
    (thread 14: tagwait: 2386 ms tagcpu: 14777 ms
    (thread 15: tagwait: 2528 ms tagcpu: 14634 ms
    wait_time_ms  (0, 1833) (1, 2085) (2, 2148) (3, 2166) (4, 2280) (5, 2287) (6, 2326) (7, 2060) (8, 2428) (9, 2189) (10, 2357) (11, 2237) (12, 2079) (13, 2341) (14, 2386) (15, 2528)
    cpu_time_ms  (0, 15329) (1, 15077) (2, 15015) (3, 14996) (4, 14883) (5, 14875) (6, 14837) (7, 15103) (8, 14731) (9, 14973) (10, 14805) (11, 14925) (12, 15083) (13, 14821) (14, 14777) (15, 14634)
0ms [0:07:02 -156069.029560022609076] SLOW spr round 13 (radius: 10)
reinit stats 16
    (thread 0: tagwait: 1732 ms tagcpu: 14416 ms
    (thread 1: tagwait: 2032 ms tagcpu: 14116 ms
    (thread 2: tagwait: 2073 ms tagcpu: 14076 ms
    (thread 3: tagwait: 2132 ms tagcpu: 14017 ms
    (thread 4: tagwait: 2224 ms tagcpu: 13924 ms
    (thread 5: tagwait: 2226 ms tagcpu: 13923 ms
    (thread 6: tagwait: 2294 ms tagcpu: 13855 ms
    (thread 7: tagwait: 2002 ms tagcpu: 14147 ms
    (thread 8: tagwait: 2352 ms tagcpu: 13793 ms
    (thread 9: tagwait: 2142 ms tagcpu: 14007 ms
    (thread 10: tagwait: 2275 ms tagcpu: 13874 ms
    (thread 11: tagwait: 2239 ms tagcpu: 13910 ms
    (thread 12: tagwait: 2033 ms tagcpu: 14116 ms
    (thread 13: tagwait: 2311 ms tagcpu: 13838 ms
    (thread 14: tagwait: 2390 ms tagcpu: 13759 ms
    (thread 15: tagwait: 2488 ms tagcpu: 13661 ms
    wait_time_ms  (0, 1732) (1, 2032) (2, 2073) (3, 2132) (4, 2224) (5, 2226) (6, 2294) (7, 2002) (8, 2352) (9, 2142) (10, 2275) (11, 2239) (12, 2033) (13, 2311) (14, 2390) (15, 2488)
    cpu_time_ms  (0, 14416) (1, 14116) (2, 14076) (3, 14017) (4, 13924) (5, 13923) (6, 13855) (7, 14147) (8, 13793) (9, 14007) (10, 13874) (11, 13910) (12, 14116) (13, 13838) (14, 13759) (15, 13661)
0ms [0:07:18 -156069.029465837869793] SLOW spr round 14 (radius: 15)
reinit stats 16
    (thread 0: tagwait: 4830 ms tagcpu: 36713 ms
    (thread 1: tagwait: 4852 ms tagcpu: 36690 ms
    (thread 2: tagwait: 4918 ms tagcpu: 36624 ms
    (thread 3: tagwait: 5285 ms tagcpu: 36258 ms
    (thread 4: tagwait: 5218 ms tagcpu: 36326 ms
    (thread 5: tagwait: 5348 ms tagcpu: 36196 ms
    (thread 6: tagwait: 5377 ms tagcpu: 36166 ms
    (thread 7: tagwait: 4880 ms tagcpu: 36663 ms
    (thread 8: tagwait: 5601 ms tagcpu: 35933 ms
    (thread 9: tagwait: 5102 ms tagcpu: 36442 ms
    (thread 10: tagwait: 5463 ms tagcpu: 36081 ms
    (thread 11: tagwait: 5238 ms tagcpu: 36304 ms
    (thread 12: tagwait: 4957 ms tagcpu: 36587 ms
    (thread 13: tagwait: 5149 ms tagcpu: 36395 ms
    (thread 14: tagwait: 5194 ms tagcpu: 36350 ms
    (thread 15: tagwait: 5560 ms tagcpu: 35984 ms
    wait_time_ms  (0, 4830) (1, 4852) (2, 4918) (3, 5285) (4, 5218) (5, 5348) (6, 5377) (7, 4880) (8, 5601) (9, 5102) (10, 5463) (11, 5238) (12, 4957) (13, 5149) (14, 5194) (15, 5560)
    cpu_time_ms  (0, 36713) (1, 36690) (2, 36624) (3, 36258) (4, 36326) (5, 36196) (6, 36166) (7, 36663) (8, 35933) (9, 36442) (10, 36081) (11, 36304) (12, 36587) (13, 36395) (14, 36350) (15, 35984)
0ms [0:07:59 -156069.029434913856676] SLOW spr round 15 (radius: 20)
reinit stats 16
    (thread 0: tagwait: 6512 ms tagcpu: 50003 ms
    (thread 1: tagwait: 6380 ms tagcpu: 50133 ms
    (thread 2: tagwait: 6648 ms tagcpu: 49866 ms
    (thread 3: tagwait: 7086 ms tagcpu: 49429 ms
    (thread 4: tagwait: 6866 ms tagcpu: 49648 ms
    (thread 5: tagwait: 7112 ms tagcpu: 49403 ms
    (thread 6: tagwait: 7061 ms tagcpu: 49453 ms
    (thread 7: tagwait: 6467 ms tagcpu: 50047 ms
    (thread 8: tagwait: 7370 ms tagcpu: 49132 ms
    (thread 9: tagwait: 6752 ms tagcpu: 49763 ms
    (thread 10: tagwait: 7151 ms tagcpu: 49364 ms
    (thread 11: tagwait: 6917 ms tagcpu: 49596 ms
    (thread 12: tagwait: 6532 ms tagcpu: 49982 ms
    (thread 13: tagwait: 6714 ms tagcpu: 49801 ms
    (thread 14: tagwait: 6779 ms tagcpu: 49736 ms
    (thread 15: tagwait: 7230 ms tagcpu: 49285 ms
    wait_time_ms  (0, 6512) (1, 6380) (2, 6648) (3, 7086) (4, 6866) (5, 7112) (6, 7061) (7, 6467) (8, 7370) (9, 6752) (10, 7151) (11, 6917) (12, 6532) (13, 6714) (14, 6779) (15, 7230)
    cpu_time_ms  (0, 50003) (1, 50133) (2, 49866) (3, 49429) (4, 49648) (5, 49403) (6, 49453) (7, 50047) (8, 49132) (9, 49763) (10, 49364) (11, 49596) (12, 49982) (13, 49801) (14, 49736) (15, 49285)
0ms [0:08:56 -156069.029413864860544] SLOW spr round 16 (radius: 25)
reinit stats 16
    (thread 0: tagwait: 9005 ms tagcpu: 65086 ms
    (thread 1: tagwait: 8703 ms tagcpu: 65385 ms
    (thread 2: tagwait: 9026 ms tagcpu: 65065 ms
    (thread 3: tagwait: 9592 ms tagcpu: 64499 ms
    (thread 4: tagwait: 9328 ms tagcpu: 64762 ms
    (thread 5: tagwait: 9590 ms tagcpu: 64501 ms
    (thread 6: tagwait: 9503 ms tagcpu: 64588 ms
    (thread 7: tagwait: 8775 ms tagcpu: 65316 ms
    (thread 8: tagwait: 9937 ms tagcpu: 64138 ms
    (thread 9: tagwait: 9110 ms tagcpu: 64981 ms
    (thread 10: tagwait: 9690 ms tagcpu: 64401 ms
    (thread 11: tagwait: 9319 ms tagcpu: 64769 ms
    (thread 12: tagwait: 8910 ms tagcpu: 65181 ms
    (thread 13: tagwait: 8999 ms tagcpu: 65091 ms
    (thread 14: tagwait: 9099 ms tagcpu: 64992 ms
    (thread 15: tagwait: 9745 ms tagcpu: 64346 ms
    wait_time_ms  (0, 9005) (1, 8703) (2, 9026) (3, 9592) (4, 9328) (5, 9590) (6, 9503) (7, 8775) (8, 9937) (9, 9110) (10, 9690) (11, 9319) (12, 8910) (13, 8999) (14, 9099) (15, 9745)
    cpu_time_ms  (0, 65086) (1, 65385) (2, 65065) (3, 64499) (4, 64762) (5, 64501) (6, 64588) (7, 65316) (8, 64138) (9, 64981) (10, 64401) (11, 64769) (12, 65181) (13, 65091) (14, 64992) (15, 64346)
0ms [0:10:10 -156069.029395243705949] Model parameter optimization (eps = 0.100000)
reinit stats 16
    (thread 0: tagwait: 146 ms tagcpu: 1675 ms
    (thread 1: tagwait: 363 ms tagcpu: 1458 ms
    (thread 2: tagwait: 364 ms tagcpu: 1457 ms
    (thread 3: tagwait: 317 ms tagcpu: 1504 ms
    (thread 4: tagwait: 410 ms tagcpu: 1412 ms
    (thread 5: tagwait: 376 ms tagcpu: 1445 ms
    (thread 6: tagwait: 442 ms tagcpu: 1379 ms
    (thread 7: tagwait: 361 ms tagcpu: 1461 ms
    (thread 8: tagwait: 421 ms tagcpu: 1400 ms
    (thread 9: tagwait: 408 ms tagcpu: 1413 ms
    (thread 10: tagwait: 442 ms tagcpu: 1379 ms
    (thread 11: tagwait: 401 ms tagcpu: 1420 ms
    (thread 12: tagwait: 346 ms tagcpu: 1475 ms
    (thread 13: tagwait: 558 ms tagcpu: 1263 ms
    (thread 14: tagwait: 565 ms tagcpu: 1257 ms
    (thread 15: tagwait: 560 ms tagcpu: 1261 ms
    wait_time_ms  (0, 146) (1, 363) (2, 364) (3, 317) (4, 410) (5, 376) (6, 442) (7, 361) (8, 421) (9, 408) (10, 442) (11, 401) (12, 346) (13, 558) (14, 565) (15, 560)
    cpu_time_ms  (0, 1675) (1, 1458) (2, 1457) (3, 1504) (4, 1412) (5, 1445) (6, 1379) (7, 1461) (8, 1400) (9, 1413) (10, 1379) (11, 1420) (12, 1475) (13, 1263) (14, 1257) (15, 1261)

Model parameters:
   Branch lengths (ML): linked
   Rate heterogeneity: GAMMA (4 cats),  alpha: 0.377971 (ML),  weights&rates: (0.250000,0.013669) (0.250000,0.165118) (0.250000,0.706298) (0.250000,3.114915) 
   Base frequencies (ML): 0.304191 0.181815 0.201761 0.312233 
   Substitution rates (ML): 1.244463 2.691263 0.725652 1.383045 3.438377 1.000000 


Final LogLikelihood: -156068.580684

Elapsed time: 612.357 seconds

Final tree saved to: /home/morelbt/github/raxml-ng/test/404.phy.raxml.bestTree
Execution log saved to: /home/morelbt/github/raxml-ng/test/404.phy.raxml.log

