
RAxML-NG pre-release, build: 2017.01.17 (c) 2017 The Exelixis Lab http://exelixis-lab.org

!!! WARNING: This is an EXPERIMENTAL code which should NEVER be used for production runs!
!!! Please check out the official release (available Q1 2017): https://github.com/amkozlov/raxml-ng

RAxML-NG was called as follows:

../src/raxml-ng-static --seed=42 --msa ../../repeats-balance/data/404/404.phy --simd AVX --threads 16 

Analysis options:
  run mode: Tree search
  random seed: 42
  tip-inner: ON
  repeats: OFF
  pattern compression: ON
  fast spr radius: AUTO
  spr subtree cutoff: 1.000
  SIMD kernels: AVX
  parallelization: PTHREADS (16 threads)

0ms [0:00:00 0.000000000000000] Loading alignment from file: ../../repeats-balance/data/404/404.phy
126ms [0:00:00 0.000000000000000] Taxa: 404, sites: 13158
2ms [0:00:00 0.000000000000000] Checking the alignment...
46ms [0:00:00 0.000000000000000] Generating a random starting tree with 404 taxa

Partition 0: noname
Model: GTR+G
Alignment sites / patterns: 13158 / 7429
Gaps: 78.92 %
Invariant sites: 51.54 %

P0 T0, range: 1-464, patterns: 464

P0 T3, range: 1393-1856, patterns: 464

P0 T12, range: 5569-6032, patterns: 464

P0 T14, range: 6497-6960, patterns: 464

P0 T6, range: 2785-3248, patterns: 464

P0 T11, range: 5105-5568, patterns: 464

P0 T2, range: 929-1392, patterns: 464

P0 T8, range: 3713-4176, patterns: 464

P0 T13, range: 6033-6496, patterns: 464

P0 T9, range: 4177-4640, patterns: 464

P0 T15, range: 6961-7429, patterns: 469

P0 T1, range: 465-928, patterns: 464

P0 T4, range: 1857-2320, patterns: 464

P0 T10, range: 4641-5104, patterns: 464

P0 T7, range: 3249-3712, patterns: 464

P0 T5, range: 2321-2784, patterns: 464

1ms [0:00:00 0.000000000000000] ML tree search started.
11ms [0:00:00 -289721.632242834602948] Initial branch length optimization
reinit stats 16
    (thread 0: tagwait: 100 ms tagcpu: 641 ms
    (thread 1: tagwait: 116 ms tagcpu: 625 ms
    (thread 2: tagwait: 116 ms tagcpu: 624 ms
    (thread 3: tagwait: 118 ms tagcpu: 623 ms
    (thread 4: tagwait: 89 ms tagcpu: 652 ms
    (thread 5: tagwait: 123 ms tagcpu: 618 ms
    (thread 6: tagwait: 100 ms tagcpu: 641 ms
    (thread 7: tagwait: 115 ms tagcpu: 625 ms
    (thread 8: tagwait: 104 ms tagcpu: 637 ms
    (thread 9: tagwait: 100 ms tagcpu: 641 ms
    (thread 10: tagwait: 79 ms tagcpu: 662 ms
    (thread 11: tagwait: 99 ms tagcpu: 642 ms
    (thread 12: tagwait: 100 ms tagcpu: 641 ms
    (thread 13: tagwait: 97 ms tagcpu: 644 ms
    (thread 14: tagwait: 95 ms tagcpu: 646 ms
    (thread 15: tagwait: 94 ms tagcpu: 647 ms
    wait_time_ms  (0, 100) (1, 116) (2, 116) (3, 118) (4, 89) (5, 123) (6, 100) (7, 115) (8, 104) (9, 100) (10, 79) (11, 99) (12, 100) (13, 97) (14, 95) (15, 94)
    cpu_time_ms  (0, 641) (1, 625) (2, 624) (3, 623) (4, 652) (5, 618) (6, 641) (7, 625) (8, 637) (9, 641) (10, 662) (11, 642) (12, 641) (13, 644) (14, 646) (15, 647)
reinit stats 16
753ms [0:00:01 -248566.338149490591604] Model parameter optimization (eps = 10.0)
    (thread 0: tagwait: 99 ms tagcpu: 8814 ms
    (thread 1: tagwait: 190 ms tagcpu: 8725 ms
    (thread 2: tagwait: 176 ms tagcpu: 8739 ms
    (thread 3: tagwait: 173 ms tagcpu: 8742 ms
    (thread 4: tagwait: 185 ms tagcpu: 8730 ms
    (thread 5: tagwait: 168 ms tagcpu: 8747 ms
    (thread 6: tagwait: 137 ms tagcpu: 8778 ms
    (thread 7: tagwait: 188 ms tagcpu: 8727 ms
    (thread 8: tagwait: 143 ms tagcpu: 8772 ms
    (thread 9: tagwait: 165 ms tagcpu: 8750 ms
    (thread 10: tagwait: 163 ms tagcpu: 8752 ms
    (thread 11: tagwait: 127 ms tagcpu: 8788 ms
    (thread 12: tagwait: 146 ms tagcpu: 8769 ms
    (thread 13: tagwait: 142 ms tagcpu: 8773 ms
    (thread 14: tagwait: 125 ms tagcpu: 8790 ms
    (thread 15: tagwait: 98 ms tagcpu: 8817 ms
    wait_time_ms  (0, 99) (1, 190) (2, 176) (3, 173) (4, 185) (5, 168) (6, 137) (7, 188) (8, 143) (9, 165) (10, 163) (11, 127) (12, 146) (13, 142) (14, 125) (15, 98)
    cpu_time_ms  (0, 8814) (1, 8725) (2, 8739) (3, 8742) (4, 8730) (5, 8747) (6, 8778) (7, 8727) (8, 8772) (9, 8750) (10, 8752) (11, 8788) (12, 8769) (13, 8773) (14, 8790) (15, 8817)
0ms [0:00:10 -238077.056534954055678] AUTODETECT spr round 1 (radius: 5)
reinit stats 16
    (thread 0: tagwait: 208 ms tagcpu: 13915 ms
    (thread 1: tagwait: 337 ms tagcpu: 13786 ms
    (thread 2: tagwait: 337 ms tagcpu: 13786 ms
    (thread 3: tagwait: 323 ms tagcpu: 13800 ms
    (thread 4: tagwait: 345 ms tagcpu: 13777 ms
    (thread 5: tagwait: 329 ms tagcpu: 13794 ms
    (thread 6: tagwait: 313 ms tagcpu: 13810 ms
    (thread 7: tagwait: 322 ms tagcpu: 13801 ms
    (thread 8: tagwait: 313 ms tagcpu: 13809 ms
    (thread 9: tagwait: 323 ms tagcpu: 13800 ms
    (thread 10: tagwait: 337 ms tagcpu: 13786 ms
    (thread 11: tagwait: 298 ms tagcpu: 13824 ms
    (thread 12: tagwait: 308 ms tagcpu: 13815 ms
    (thread 13: tagwait: 287 ms tagcpu: 13836 ms
    (thread 14: tagwait: 303 ms tagcpu: 13820 ms
    (thread 15: tagwait: 163 ms tagcpu: 13960 ms
    wait_time_ms  (0, 208) (1, 337) (2, 337) (3, 323) (4, 345) (5, 329) (6, 313) (7, 322) (8, 313) (9, 323) (10, 337) (11, 298) (12, 308) (13, 287) (14, 303) (15, 163)
    cpu_time_ms  (0, 13915) (1, 13786) (2, 13786) (3, 13800) (4, 13777) (5, 13794) (6, 13810) (7, 13801) (8, 13809) (9, 13800) (10, 13786) (11, 13824) (12, 13815) (13, 13836) (14, 13820) (15, 13960)
0ms [0:00:24 -203069.980124118039384] AUTODETECT spr round 2 (radius: 10)
reinit stats 16
    (thread 0: tagwait: 296 ms tagcpu: 17875 ms
    (thread 1: tagwait: 397 ms tagcpu: 17779 ms
    (thread 2: tagwait: 399 ms tagcpu: 17776 ms
    (thread 3: tagwait: 392 ms tagcpu: 17783 ms
    (thread 4: tagwait: 393 ms tagcpu: 17783 ms
    (thread 5: tagwait: 404 ms tagcpu: 17772 ms
    (thread 6: tagwait: 380 ms tagcpu: 17796 ms
    (thread 7: tagwait: 375 ms tagcpu: 17801 ms
    (thread 8: tagwait: 385 ms tagcpu: 17790 ms
    (thread 9: tagwait: 378 ms tagcpu: 17797 ms
    (thread 10: tagwait: 400 ms tagcpu: 17776 ms
    (thread 11: tagwait: 352 ms tagcpu: 17824 ms
    (thread 12: tagwait: 359 ms tagcpu: 17817 ms
    (thread 13: tagwait: 366 ms tagcpu: 17809 ms
    (thread 14: tagwait: 351 ms tagcpu: 17825 ms
    (thread 15: tagwait: 228 ms tagcpu: 17948 ms
    wait_time_ms  (0, 296) (1, 397) (2, 399) (3, 392) (4, 393) (5, 404) (6, 380) (7, 375) (8, 385) (9, 378) (10, 400) (11, 352) (12, 359) (13, 366) (14, 351) (15, 228)
    cpu_time_ms  (0, 17875) (1, 17779) (2, 17776) (3, 17783) (4, 17783) (5, 17772) (6, 17796) (7, 17801) (8, 17790) (9, 17797) (10, 17776) (11, 17824) (12, 17817) (13, 17809) (14, 17825) (15, 17948)
0ms [0:00:42 -175103.614463945414172] AUTODETECT spr round 3 (radius: 15)
reinit stats 16
    (thread 0: tagwait: 1051 ms tagcpu: 21447 ms
    (thread 1: tagwait: 671 ms tagcpu: 21832 ms
    (thread 2: tagwait: 937 ms tagcpu: 21567 ms
    (thread 3: tagwait: 906 ms tagcpu: 21598 ms
    (thread 4: tagwait: 1009 ms tagcpu: 21494 ms
    (thread 5: tagwait: 996 ms tagcpu: 21507 ms
    (thread 6: tagwait: 936 ms tagcpu: 21567 ms
    (thread 7: tagwait: 958 ms tagcpu: 21545 ms
    (thread 8: tagwait: 940 ms tagcpu: 21563 ms
    (thread 9: tagwait: 995 ms tagcpu: 21508 ms
    (thread 10: tagwait: 1019 ms tagcpu: 21484 ms
    (thread 11: tagwait: 844 ms tagcpu: 21659 ms
    (thread 12: tagwait: 903 ms tagcpu: 21600 ms
    (thread 13: tagwait: 958 ms tagcpu: 21545 ms
    (thread 14: tagwait: 925 ms tagcpu: 21573 ms
    (thread 15: tagwait: 333 ms tagcpu: 22153 ms
    wait_time_ms  (0, 1051) (1, 671) (2, 937) (3, 906) (4, 1009) (5, 996) (6, 936) (7, 958) (8, 940) (9, 995) (10, 1019) (11, 844) (12, 903) (13, 958) (14, 925) (15, 333)
    cpu_time_ms  (0, 21447) (1, 21832) (2, 21567) (3, 21598) (4, 21494) (5, 21507) (6, 21567) (7, 21545) (8, 21563) (9, 21508) (10, 21484) (11, 21659) (12, 21600) (13, 21545) (14, 21573) (15, 22153)
0ms [0:01:04 -167684.745296897774097] AUTODETECT spr round 4 (radius: 20)
reinit stats 16
    (thread 0: tagwait: 955 ms tagcpu: 31839 ms
    (thread 1: tagwait: 783 ms tagcpu: 32011 ms
    (thread 2: tagwait: 771 ms tagcpu: 32023 ms
    (thread 3: tagwait: 717 ms tagcpu: 32077 ms
    (thread 4: tagwait: 812 ms tagcpu: 31982 ms
    (thread 5: tagwait: 721 ms tagcpu: 32073 ms
    (thread 6: tagwait: 762 ms tagcpu: 32032 ms
    (thread 7: tagwait: 748 ms tagcpu: 32046 ms
    (thread 8: tagwait: 723 ms tagcpu: 32071 ms
    (thread 9: tagwait: 728 ms tagcpu: 32066 ms
    (thread 10: tagwait: 781 ms tagcpu: 32013 ms
    (thread 11: tagwait: 733 ms tagcpu: 32060 ms
    (thread 12: tagwait: 916 ms tagcpu: 31867 ms
    (thread 13: tagwait: 770 ms tagcpu: 32018 ms
    (thread 14: tagwait: 1097 ms tagcpu: 31693 ms
    (thread 15: tagwait: 867 ms tagcpu: 31927 ms
    wait_time_ms  (0, 955) (1, 783) (2, 771) (3, 717) (4, 812) (5, 721) (6, 762) (7, 748) (8, 723) (9, 728) (10, 781) (11, 733) (12, 916) (13, 770) (14, 1097) (15, 867)
    cpu_time_ms  (0, 31839) (1, 32011) (2, 32023) (3, 32077) (4, 31982) (5, 32073) (6, 32032) (7, 32046) (8, 32071) (9, 32066) (10, 32013) (11, 32060) (12, 31867) (13, 32018) (14, 31693) (15, 31927)
0ms [0:01:37 -163742.838555218128022] AUTODETECT spr round 5 (radius: 25)
reinit stats 16
    (thread 0: tagwait: 3463 ms tagcpu: 33408 ms
    (thread 1: tagwait: 2991 ms tagcpu: 33880 ms
    (thread 2: tagwait: 3136 ms tagcpu: 33735 ms
    (thread 3: tagwait: 3128 ms tagcpu: 33743 ms
    (thread 4: tagwait: 2992 ms tagcpu: 33879 ms
    (thread 5: tagwait: 2959 ms tagcpu: 33912 ms
    (thread 6: tagwait: 670 ms tagcpu: 36200 ms
    (thread 7: tagwait: 2925 ms tagcpu: 33945 ms
    (thread 8: tagwait: 3198 ms tagcpu: 33671 ms
    (thread 9: tagwait: 2925 ms tagcpu: 33945 ms
    (thread 10: tagwait: 3251 ms tagcpu: 33604 ms
    (thread 11: tagwait: 3138 ms tagcpu: 33722 ms
    (thread 12: tagwait: 3693 ms tagcpu: 33178 ms
    (thread 13: tagwait: 3465 ms tagcpu: 33397 ms
    (thread 14: tagwait: 3546 ms tagcpu: 33325 ms
    (thread 15: tagwait: 1034 ms tagcpu: 35837 ms
    wait_time_ms  (0, 3463) (1, 2991) (2, 3136) (3, 3128) (4, 2992) (5, 2959) (6, 670) (7, 2925) (8, 3198) (9, 2925) (10, 3251) (11, 3138) (12, 3693) (13, 3465) (14, 3546) (15, 1034)
    cpu_time_ms  (0, 33408) (1, 33880) (2, 33735) (3, 33743) (4, 33879) (5, 33912) (6, 36200) (7, 33945) (8, 33671) (9, 33945) (10, 33604) (11, 33722) (12, 33178) (13, 33397) (14, 33325) (15, 35837)
0ms [0:02:14 -163610.827912852633744] SPR radius for FAST iterations: 25 (autodetect)
3ms [0:02:14 -163610.827912852633744] Model parameter optimization (eps = 3.0)
reinit stats 16
    (thread 0: tagwait: 225 ms tagcpu: 12740 ms
    (thread 1: tagwait: 106 ms tagcpu: 12859 ms
    (thread 2: tagwait: 114 ms tagcpu: 12851 ms
    (thread 3: tagwait: 109 ms tagcpu: 12856 ms
    (thread 4: tagwait: 115 ms tagcpu: 12849 ms
    (thread 5: tagwait: 107 ms tagcpu: 12858 ms
    (thread 6: tagwait: 105 ms tagcpu: 12860 ms
    (thread 7: tagwait: 89 ms tagcpu: 12876 ms
    (thread 8: tagwait: 182 ms tagcpu: 12775 ms
    (thread 9: tagwait: 98 ms tagcpu: 12867 ms
    (thread 10: tagwait: 378 ms tagcpu: 12587 ms
    (thread 11: tagwait: 303 ms tagcpu: 12662 ms
    (thread 12: tagwait: 339 ms tagcpu: 12626 ms
    (thread 13: tagwait: 346 ms tagcpu: 12619 ms
    (thread 14: tagwait: 277 ms tagcpu: 12688 ms
    (thread 15: tagwait: 100 ms tagcpu: 12865 ms
    wait_time_ms  (0, 225) (1, 106) (2, 114) (3, 109) (4, 115) (5, 107) (6, 105) (7, 89) (8, 182) (9, 98) (10, 378) (11, 303) (12, 339) (13, 346) (14, 277) (15, 100)
    cpu_time_ms  (0, 12740) (1, 12859) (2, 12851) (3, 12856) (4, 12849) (5, 12858) (6, 12860) (7, 12876) (8, 12775) (9, 12867) (10, 12587) (11, 12662) (12, 12626) (13, 12619) (14, 12688) (15, 12865)
0ms [0:02:27 -163032.736672245431691] FAST spr round 1 (radius: 25)
reinit stats 16
    (thread 0: tagwait: 1247 ms tagcpu: 25613 ms
    (thread 1: tagwait: 1091 ms tagcpu: 25769 ms
    (thread 2: tagwait: 975 ms tagcpu: 25883 ms
    (thread 3: tagwait: 1120 ms tagcpu: 25740 ms
    (thread 4: tagwait: 1084 ms tagcpu: 25776 ms
    (thread 5: tagwait: 1087 ms tagcpu: 25773 ms
    (thread 6: tagwait: 1062 ms tagcpu: 25795 ms
    (thread 7: tagwait: 987 ms tagcpu: 25873 ms
    (thread 8: tagwait: 1312 ms tagcpu: 25544 ms
    (thread 9: tagwait: 1138 ms tagcpu: 25706 ms
    (thread 10: tagwait: 1424 ms tagcpu: 25436 ms
    (thread 11: tagwait: 1378 ms tagcpu: 25482 ms
    (thread 12: tagwait: 1389 ms tagcpu: 25471 ms
    (thread 13: tagwait: 1336 ms tagcpu: 25524 ms
    (thread 14: tagwait: 1154 ms tagcpu: 25706 ms
    (thread 15: tagwait: 1050 ms tagcpu: 25810 ms
    wait_time_ms  (0, 1247) (1, 1091) (2, 975) (3, 1120) (4, 1084) (5, 1087) (6, 1062) (7, 987) (8, 1312) (9, 1138) (10, 1424) (11, 1378) (12, 1389) (13, 1336) (14, 1154) (15, 1050)
    cpu_time_ms  (0, 25613) (1, 25769) (2, 25883) (3, 25740) (4, 25776) (5, 25773) (6, 25795) (7, 25873) (8, 25544) (9, 25706) (10, 25436) (11, 25482) (12, 25471) (13, 25524) (14, 25706) (15, 25810)
0ms [0:02:54 -157934.523444138438208] FAST spr round 2 (radius: 25)
reinit stats 16
    (thread 0: tagwait: 945 ms tagcpu: 20856 ms
    (thread 1: tagwait: 887 ms tagcpu: 20914 ms
    (thread 2: tagwait: 801 ms tagcpu: 21000 ms
    (thread 3: tagwait: 887 ms tagcpu: 20914 ms
    (thread 4: tagwait: 755 ms tagcpu: 21033 ms
    (thread 5: tagwait: 934 ms tagcpu: 20867 ms
    (thread 6: tagwait: 844 ms tagcpu: 20956 ms
    (thread 7: tagwait: 866 ms tagcpu: 20935 ms
    (thread 8: tagwait: 973 ms tagcpu: 20829 ms
    (thread 9: tagwait: 1139 ms tagcpu: 20663 ms
    (thread 10: tagwait: 1156 ms tagcpu: 20646 ms
    (thread 11: tagwait: 1121 ms tagcpu: 20681 ms
    (thread 12: tagwait: 1080 ms tagcpu: 20722 ms
    (thread 13: tagwait: 1079 ms tagcpu: 20722 ms
    (thread 14: tagwait: 829 ms tagcpu: 20972 ms
    (thread 15: tagwait: 908 ms tagcpu: 20893 ms
    wait_time_ms  (0, 945) (1, 887) (2, 801) (3, 887) (4, 755) (5, 934) (6, 844) (7, 866) (8, 973) (9, 1139) (10, 1156) (11, 1121) (12, 1080) (13, 1079) (14, 829) (15, 908)
    cpu_time_ms  (0, 20856) (1, 20914) (2, 21000) (3, 20914) (4, 21033) (5, 20867) (6, 20956) (7, 20935) (8, 20829) (9, 20663) (10, 20646) (11, 20681) (12, 20722) (13, 20722) (14, 20972) (15, 20893)
0ms [0:03:16 -157566.042747403727844] FAST spr round 3 (radius: 25)
reinit stats 16
    (thread 0: tagwait: 789 ms tagcpu: 18454 ms
    (thread 1: tagwait: 677 ms tagcpu: 18566 ms
    (thread 2: tagwait: 605 ms tagcpu: 18637 ms
    (thread 3: tagwait: 659 ms tagcpu: 18584 ms
    (thread 4: tagwait: 849 ms tagcpu: 18394 ms
    (thread 5: tagwait: 715 ms tagcpu: 18528 ms
    (thread 6: tagwait: 633 ms tagcpu: 18610 ms
    (thread 7: tagwait: 676 ms tagcpu: 18567 ms
    (thread 8: tagwait: 735 ms tagcpu: 18508 ms
    (thread 9: tagwait: 900 ms tagcpu: 18343 ms
    (thread 10: tagwait: 888 ms tagcpu: 18355 ms
    (thread 11: tagwait: 884 ms tagcpu: 18359 ms
    (thread 12: tagwait: 843 ms tagcpu: 18400 ms
    (thread 13: tagwait: 859 ms tagcpu: 18384 ms
    (thread 14: tagwait: 591 ms tagcpu: 18652 ms
    (thread 15: tagwait: 718 ms tagcpu: 18525 ms
    wait_time_ms  (0, 789) (1, 677) (2, 605) (3, 659) (4, 849) (5, 715) (6, 633) (7, 676) (8, 735) (9, 900) (10, 888) (11, 884) (12, 843) (13, 859) (14, 591) (15, 718)
    cpu_time_ms  (0, 18454) (1, 18566) (2, 18637) (3, 18584) (4, 18394) (5, 18528) (6, 18610) (7, 18567) (8, 18508) (9, 18343) (10, 18355) (11, 18359) (12, 18400) (13, 18384) (14, 18652) (15, 18525)
0ms [0:03:35 -157126.408294447086519] FAST spr round 4 (radius: 25)
reinit stats 16
    (thread 0: tagwait: 604 ms tagcpu: 15981 ms
    (thread 1: tagwait: 514 ms tagcpu: 16071 ms
    (thread 2: tagwait: 438 ms tagcpu: 16146 ms
    (thread 3: tagwait: 496 ms tagcpu: 16082 ms
    (thread 4: tagwait: 674 ms tagcpu: 15911 ms
    (thread 5: tagwait: 532 ms tagcpu: 16053 ms
    (thread 6: tagwait: 477 ms tagcpu: 16108 ms
    (thread 7: tagwait: 506 ms tagcpu: 16079 ms
    (thread 8: tagwait: 556 ms tagcpu: 16029 ms
    (thread 9: tagwait: 714 ms tagcpu: 15871 ms
    (thread 10: tagwait: 694 ms tagcpu: 15891 ms
    (thread 11: tagwait: 704 ms tagcpu: 15881 ms
    (thread 12: tagwait: 642 ms tagcpu: 15943 ms
    (thread 13: tagwait: 689 ms tagcpu: 15897 ms
    (thread 14: tagwait: 455 ms tagcpu: 16131 ms
    (thread 15: tagwait: 490 ms tagcpu: 16095 ms
    wait_time_ms  (0, 604) (1, 514) (2, 438) (3, 496) (4, 674) (5, 532) (6, 477) (7, 506) (8, 556) (9, 714) (10, 694) (11, 704) (12, 642) (13, 689) (14, 455) (15, 490)
    cpu_time_ms  (0, 15981) (1, 16071) (2, 16146) (3, 16082) (4, 15911) (5, 16053) (6, 16108) (7, 16079) (8, 16029) (9, 15871) (10, 15891) (11, 15881) (12, 15943) (13, 15897) (14, 16131) (15, 16095)
0ms [0:03:51 -157046.507733911130344] FAST spr round 5 (radius: 25)
reinit stats 16
    (thread 0: tagwait: 659 ms tagcpu: 16306 ms
    (thread 1: tagwait: 550 ms tagcpu: 16415 ms
    (thread 2: tagwait: 521 ms tagcpu: 16443 ms
    (thread 3: tagwait: 771 ms tagcpu: 16191 ms
    (thread 4: tagwait: 735 ms tagcpu: 16230 ms
    (thread 5: tagwait: 578 ms tagcpu: 16387 ms
    (thread 6: tagwait: 604 ms tagcpu: 16361 ms
    (thread 7: tagwait: 552 ms tagcpu: 16397 ms
    (thread 8: tagwait: 655 ms tagcpu: 16310 ms
    (thread 9: tagwait: 751 ms tagcpu: 16214 ms
    (thread 10: tagwait: 747 ms tagcpu: 16218 ms
    (thread 11: tagwait: 763 ms tagcpu: 16202 ms
    (thread 12: tagwait: 736 ms tagcpu: 16230 ms
    (thread 13: tagwait: 710 ms tagcpu: 16255 ms
    (thread 14: tagwait: 485 ms tagcpu: 16480 ms
    (thread 15: tagwait: 551 ms tagcpu: 16414 ms
    wait_time_ms  (0, 659) (1, 550) (2, 521) (3, 771) (4, 735) (5, 578) (6, 604) (7, 552) (8, 655) (9, 751) (10, 747) (11, 763) (12, 736) (13, 710) (14, 485) (15, 551)
    cpu_time_ms  (0, 16306) (1, 16415) (2, 16443) (3, 16191) (4, 16230) (5, 16387) (6, 16361) (7, 16397) (8, 16310) (9, 16214) (10, 16218) (11, 16202) (12, 16230) (13, 16255) (14, 16480) (15, 16414)
0ms [0:04:08 -156961.365163841197500] FAST spr round 6 (radius: 25)
reinit stats 16
    (thread 0: tagwait: 610 ms tagcpu: 16294 ms
    (thread 1: tagwait: 495 ms tagcpu: 16409 ms
    (thread 2: tagwait: 464 ms tagcpu: 16429 ms
    (thread 3: tagwait: 711 ms tagcpu: 16194 ms
    (thread 4: tagwait: 680 ms tagcpu: 16224 ms
    (thread 5: tagwait: 530 ms tagcpu: 16371 ms
    (thread 6: tagwait: 517 ms tagcpu: 16388 ms
    (thread 7: tagwait: 634 ms tagcpu: 16269 ms
    (thread 8: tagwait: 576 ms tagcpu: 16328 ms
    (thread 9: tagwait: 663 ms tagcpu: 16242 ms
    (thread 10: tagwait: 686 ms tagcpu: 16218 ms
    (thread 11: tagwait: 681 ms tagcpu: 16224 ms
    (thread 12: tagwait: 651 ms tagcpu: 16254 ms
    (thread 13: tagwait: 636 ms tagcpu: 16269 ms
    (thread 14: tagwait: 480 ms tagcpu: 16425 ms
    (thread 15: tagwait: 475 ms tagcpu: 16429 ms
    wait_time_ms  (0, 610) (1, 495) (2, 464) (3, 711) (4, 680) (5, 530) (6, 517) (7, 634) (8, 576) (9, 663) (10, 686) (11, 681) (12, 651) (13, 636) (14, 480) (15, 475)
    cpu_time_ms  (0, 16294) (1, 16409) (2, 16429) (3, 16194) (4, 16224) (5, 16371) (6, 16388) (7, 16269) (8, 16328) (9, 16242) (10, 16218) (11, 16224) (12, 16254) (13, 16269) (14, 16425) (15, 16429)
0ms [0:04:25 -156679.003679531830130] FAST spr round 7 (radius: 25)
reinit stats 16
    (thread 0: tagwait: 541 ms tagcpu: 16218 ms
    (thread 1: tagwait: 458 ms tagcpu: 16302 ms
    (thread 2: tagwait: 485 ms tagcpu: 16273 ms
    (thread 3: tagwait: 641 ms tagcpu: 16119 ms
    (thread 4: tagwait: 640 ms tagcpu: 16120 ms
    (thread 5: tagwait: 595 ms tagcpu: 16155 ms
    (thread 6: tagwait: 468 ms tagcpu: 16291 ms
    (thread 7: tagwait: 615 ms tagcpu: 16145 ms
    (thread 8: tagwait: 518 ms tagcpu: 16241 ms
    (thread 9: tagwait: 615 ms tagcpu: 16144 ms
    (thread 10: tagwait: 649 ms tagcpu: 16111 ms
    (thread 11: tagwait: 599 ms tagcpu: 16161 ms
    (thread 12: tagwait: 587 ms tagcpu: 16173 ms
    (thread 13: tagwait: 602 ms tagcpu: 16158 ms
    (thread 14: tagwait: 435 ms tagcpu: 16325 ms
    (thread 15: tagwait: 475 ms tagcpu: 16285 ms
    wait_time_ms  (0, 541) (1, 458) (2, 485) (3, 641) (4, 640) (5, 595) (6, 468) (7, 615) (8, 518) (9, 615) (10, 649) (11, 599) (12, 587) (13, 602) (14, 435) (15, 475)
    cpu_time_ms  (0, 16218) (1, 16302) (2, 16273) (3, 16119) (4, 16120) (5, 16155) (6, 16291) (7, 16145) (8, 16241) (9, 16144) (10, 16111) (11, 16161) (12, 16173) (13, 16158) (14, 16325) (15, 16285)
0ms [0:04:42 -156582.388058791460935] FAST spr round 8 (radius: 25)
reinit stats 16
    (thread 0: tagwait: 426 ms tagcpu: 14852 ms
    (thread 1: tagwait: 355 ms tagcpu: 14907 ms
    (thread 2: tagwait: 383 ms tagcpu: 14894 ms
    (thread 3: tagwait: 531 ms tagcpu: 14747 ms
    (thread 4: tagwait: 518 ms tagcpu: 14760 ms
    (thread 5: tagwait: 606 ms tagcpu: 14669 ms
    (thread 6: tagwait: 365 ms tagcpu: 14912 ms
    (thread 7: tagwait: 489 ms tagcpu: 14788 ms
    (thread 8: tagwait: 410 ms tagcpu: 14868 ms
    (thread 9: tagwait: 527 ms tagcpu: 14751 ms
    (thread 10: tagwait: 553 ms tagcpu: 14725 ms
    (thread 11: tagwait: 492 ms tagcpu: 14786 ms
    (thread 12: tagwait: 483 ms tagcpu: 14795 ms
    (thread 13: tagwait: 480 ms tagcpu: 14798 ms
    (thread 14: tagwait: 345 ms tagcpu: 14932 ms
    (thread 15: tagwait: 335 ms tagcpu: 14942 ms
    wait_time_ms  (0, 426) (1, 355) (2, 383) (3, 531) (4, 518) (5, 606) (6, 365) (7, 489) (8, 410) (9, 527) (10, 553) (11, 492) (12, 483) (13, 480) (14, 345) (15, 335)
    cpu_time_ms  (0, 14852) (1, 14907) (2, 14894) (3, 14747) (4, 14760) (5, 14669) (6, 14912) (7, 14788) (8, 14868) (9, 14751) (10, 14725) (11, 14786) (12, 14795) (13, 14798) (14, 14932) (15, 14942)
0ms [0:04:57 -156573.828190303349402] FAST spr round 9 (radius: 25)
reinit stats 16
    (thread 0: tagwait: 741 ms tagcpu: 13493 ms
    (thread 1: tagwait: 822 ms tagcpu: 13412 ms
    (thread 2: tagwait: 733 ms tagcpu: 13500 ms
    (thread 3: tagwait: 816 ms tagcpu: 13418 ms
    (thread 4: tagwait: 887 ms tagcpu: 13347 ms
    (thread 5: tagwait: 950 ms tagcpu: 13284 ms
    (thread 6: tagwait: 611 ms tagcpu: 13622 ms
    (thread 7: tagwait: 848 ms tagcpu: 13386 ms
    (thread 8: tagwait: 737 ms tagcpu: 13497 ms
    (thread 9: tagwait: 878 ms tagcpu: 13356 ms
    (thread 10: tagwait: 339 ms tagcpu: 13894 ms
    (thread 11: tagwait: 816 ms tagcpu: 13415 ms
    (thread 12: tagwait: 739 ms tagcpu: 13494 ms
    (thread 13: tagwait: 841 ms tagcpu: 13393 ms
    (thread 14: tagwait: 700 ms tagcpu: 13534 ms
    (thread 15: tagwait: 278 ms tagcpu: 13956 ms
    wait_time_ms  (0, 741) (1, 822) (2, 733) (3, 816) (4, 887) (5, 950) (6, 611) (7, 848) (8, 737) (9, 878) (10, 339) (11, 816) (12, 739) (13, 841) (14, 700) (15, 278)
    cpu_time_ms  (0, 13493) (1, 13412) (2, 13500) (3, 13418) (4, 13347) (5, 13284) (6, 13622) (7, 13386) (8, 13497) (9, 13356) (10, 13894) (11, 13415) (12, 13494) (13, 13393) (14, 13534) (15, 13956)
0ms [0:05:12 -156573.725426504650386] FAST spr round 10 (radius: 25)
reinit stats 16
    (thread 0: tagwait: 318 ms tagcpu: 13425 ms
    (thread 1: tagwait: 351 ms tagcpu: 13392 ms
    (thread 2: tagwait: 306 ms tagcpu: 13437 ms
    (thread 3: tagwait: 422 ms tagcpu: 13322 ms
    (thread 4: tagwait: 405 ms tagcpu: 13338 ms
    (thread 5: tagwait: 505 ms tagcpu: 13238 ms
    (thread 6: tagwait: 228 ms tagcpu: 13515 ms
    (thread 7: tagwait: 273 ms tagcpu: 13470 ms
    (thread 8: tagwait: 315 ms tagcpu: 13428 ms
    (thread 9: tagwait: 413 ms tagcpu: 13331 ms
    (thread 10: tagwait: 473 ms tagcpu: 13270 ms
    (thread 11: tagwait: 362 ms tagcpu: 13376 ms
    (thread 12: tagwait: 377 ms tagcpu: 13366 ms
    (thread 13: tagwait: 365 ms tagcpu: 13378 ms
    (thread 14: tagwait: 276 ms tagcpu: 13467 ms
    (thread 15: tagwait: 206 ms tagcpu: 13537 ms
    wait_time_ms  (0, 318) (1, 351) (2, 306) (3, 422) (4, 405) (5, 505) (6, 228) (7, 273) (8, 315) (9, 413) (10, 473) (11, 362) (12, 377) (13, 365) (14, 276) (15, 206)
    cpu_time_ms  (0, 13425) (1, 13392) (2, 13437) (3, 13322) (4, 13338) (5, 13238) (6, 13515) (7, 13470) (8, 13428) (9, 13331) (10, 13270) (11, 13376) (12, 13366) (13, 13378) (14, 13467) (15, 13537)
reinit stats 16
13746ms [0:05:25 -156573.724281189002795] Model parameter optimization (eps = 1.0)
    (thread 0: tagwait: 58 ms tagcpu: 5438 ms
    (thread 1: tagwait: 70 ms tagcpu: 5428 ms
    (thread 2: tagwait: 35 ms tagcpu: 5463 ms
    (thread 3: tagwait: 88 ms tagcpu: 5411 ms
    (thread 4: tagwait: 101 ms tagcpu: 5397 ms
    (thread 5: tagwait: 134 ms tagcpu: 5364 ms
    (thread 6: tagwait: 39 ms tagcpu: 5459 ms
    (thread 7: tagwait: 82 ms tagcpu: 5416 ms
    (thread 8: tagwait: 41 ms tagcpu: 5457 ms
    (thread 9: tagwait: 92 ms tagcpu: 5406 ms
    (thread 10: tagwait: 138 ms tagcpu: 5359 ms
    (thread 11: tagwait: 64 ms tagcpu: 5432 ms
    (thread 12: tagwait: 66 ms tagcpu: 5432 ms
    (thread 13: tagwait: 76 ms tagcpu: 5422 ms
    (thread 14: tagwait: 33 ms tagcpu: 5465 ms
    (thread 15: tagwait: 48 ms tagcpu: 5450 ms
    wait_time_ms  (0, 58) (1, 70) (2, 35) (3, 88) (4, 101) (5, 134) (6, 39) (7, 82) (8, 41) (9, 92) (10, 138) (11, 64) (12, 66) (13, 76) (14, 33) (15, 48)
    cpu_time_ms  (0, 5438) (1, 5428) (2, 5463) (3, 5411) (4, 5397) (5, 5364) (6, 5459) (7, 5416) (8, 5457) (9, 5406) (10, 5359) (11, 5432) (12, 5432) (13, 5422) (14, 5465) (15, 5450)
0ms [0:05:31 -156569.389542849443387] SLOW spr round 1 (radius: 5)
reinit stats 16
    (thread 0: tagwait: 2322 ms tagcpu: 25835 ms
    (thread 1: tagwait: 2056 ms tagcpu: 26101 ms
    (thread 2: tagwait: 2053 ms tagcpu: 26103 ms
    (thread 3: tagwait: 2299 ms tagcpu: 25858 ms
    (thread 4: tagwait: 2193 ms tagcpu: 25964 ms
    (thread 5: tagwait: 2347 ms tagcpu: 25809 ms
    (thread 6: tagwait: 2058 ms tagcpu: 26098 ms
    (thread 7: tagwait: 2079 ms tagcpu: 26078 ms
    (thread 8: tagwait: 2183 ms tagcpu: 25973 ms
    (thread 9: tagwait: 2105 ms tagcpu: 26051 ms
    (thread 10: tagwait: 2310 ms tagcpu: 25846 ms
    (thread 11: tagwait: 2173 ms tagcpu: 25976 ms
    (thread 12: tagwait: 2182 ms tagcpu: 25974 ms
    (thread 13: tagwait: 2013 ms tagcpu: 26144 ms
    (thread 14: tagwait: 1941 ms tagcpu: 26215 ms
    (thread 15: tagwait: 1923 ms tagcpu: 26234 ms
    wait_time_ms  (0, 2322) (1, 2056) (2, 2053) (3, 2299) (4, 2193) (5, 2347) (6, 2058) (7, 2079) (8, 2183) (9, 2105) (10, 2310) (11, 2173) (12, 2182) (13, 2013) (14, 1941) (15, 1923)
    cpu_time_ms  (0, 25835) (1, 26101) (2, 26103) (3, 25858) (4, 25964) (5, 25809) (6, 26098) (7, 26078) (8, 25973) (9, 26051) (10, 25846) (11, 25976) (12, 25974) (13, 26144) (14, 26215) (15, 26234)
0ms [0:05:59 -156536.666445098002441] SLOW spr round 2 (radius: 5)
reinit stats 16
    (thread 0: tagwait: 2022 ms tagcpu: 24326 ms
    (thread 1: tagwait: 1775 ms tagcpu: 24573 ms
    (thread 2: tagwait: 1762 ms tagcpu: 24585 ms
    (thread 3: tagwait: 1992 ms tagcpu: 24357 ms
    (thread 4: tagwait: 1907 ms tagcpu: 24442 ms
    (thread 5: tagwait: 2041 ms tagcpu: 24307 ms
    (thread 6: tagwait: 1766 ms tagcpu: 24582 ms
    (thread 7: tagwait: 1784 ms tagcpu: 24565 ms
    (thread 8: tagwait: 1883 ms tagcpu: 24466 ms
    (thread 9: tagwait: 1841 ms tagcpu: 24507 ms
    (thread 10: tagwait: 2016 ms tagcpu: 24332 ms
    (thread 11: tagwait: 1866 ms tagcpu: 24475 ms
    (thread 12: tagwait: 1872 ms tagcpu: 24476 ms
    (thread 13: tagwait: 1756 ms tagcpu: 24593 ms
    (thread 14: tagwait: 1651 ms tagcpu: 24698 ms
    (thread 15: tagwait: 1550 ms tagcpu: 24799 ms
    wait_time_ms  (0, 2022) (1, 1775) (2, 1762) (3, 1992) (4, 1907) (5, 2041) (6, 1766) (7, 1784) (8, 1883) (9, 1841) (10, 2016) (11, 1866) (12, 1872) (13, 1756) (14, 1651) (15, 1550)
    cpu_time_ms  (0, 24326) (1, 24573) (2, 24585) (3, 24357) (4, 24442) (5, 24307) (6, 24582) (7, 24565) (8, 24466) (9, 24507) (10, 24332) (11, 24475) (12, 24476) (13, 24593) (14, 24698) (15, 24799)
0ms [0:06:25 -156527.575045818404760] SLOW spr round 3 (radius: 5)
reinit stats 16
    (thread 0: tagwait: 1903 ms tagcpu: 22600 ms
    (thread 1: tagwait: 1619 ms tagcpu: 22884 ms
    (thread 2: tagwait: 1614 ms tagcpu: 22888 ms
    (thread 3: tagwait: 1845 ms tagcpu: 22658 ms
    (thread 4: tagwait: 1717 ms tagcpu: 22786 ms
    (thread 5: tagwait: 1864 ms tagcpu: 22640 ms
    (thread 6: tagwait: 1628 ms tagcpu: 22875 ms
    (thread 7: tagwait: 1623 ms tagcpu: 22880 ms
    (thread 8: tagwait: 1717 ms tagcpu: 22786 ms
    (thread 9: tagwait: 1660 ms tagcpu: 22842 ms
    (thread 10: tagwait: 1825 ms tagcpu: 22678 ms
    (thread 11: tagwait: 1710 ms tagcpu: 22787 ms
    (thread 12: tagwait: 1726 ms tagcpu: 22776 ms
    (thread 13: tagwait: 1596 ms tagcpu: 22907 ms
    (thread 14: tagwait: 1541 ms tagcpu: 22962 ms
    (thread 15: tagwait: 1585 ms tagcpu: 22918 ms
    wait_time_ms  (0, 1903) (1, 1619) (2, 1614) (3, 1845) (4, 1717) (5, 1864) (6, 1628) (7, 1623) (8, 1717) (9, 1660) (10, 1825) (11, 1710) (12, 1726) (13, 1596) (14, 1541) (15, 1585)
    cpu_time_ms  (0, 22600) (1, 22884) (2, 22888) (3, 22658) (4, 22786) (5, 22640) (6, 22875) (7, 22880) (8, 22786) (9, 22842) (10, 22678) (11, 22787) (12, 22776) (13, 22907) (14, 22962) (15, 22918)
0ms [0:06:50 -156527.513859863771359] SLOW spr round 4 (radius: 10)
reinit stats 16
    (thread 0: tagwait: 2116 ms tagcpu: 24612 ms
    (thread 1: tagwait: 1882 ms tagcpu: 24846 ms
    (thread 2: tagwait: 1849 ms tagcpu: 24872 ms
    (thread 3: tagwait: 2115 ms tagcpu: 24613 ms
    (thread 4: tagwait: 2014 ms tagcpu: 24714 ms
    (thread 5: tagwait: 2172 ms tagcpu: 24556 ms
    (thread 6: tagwait: 1862 ms tagcpu: 24866 ms
    (thread 7: tagwait: 1900 ms tagcpu: 24828 ms
    (thread 8: tagwait: 1965 ms tagcpu: 24763 ms
    (thread 9: tagwait: 1964 ms tagcpu: 24764 ms
    (thread 10: tagwait: 2129 ms tagcpu: 24600 ms
    (thread 11: tagwait: 2042 ms tagcpu: 24686 ms
    (thread 12: tagwait: 1990 ms tagcpu: 24738 ms
    (thread 13: tagwait: 1862 ms tagcpu: 24866 ms
    (thread 14: tagwait: 1750 ms tagcpu: 24978 ms
    (thread 15: tagwait: 1651 ms tagcpu: 25077 ms
    wait_time_ms  (0, 2116) (1, 1882) (2, 1849) (3, 2115) (4, 2014) (5, 2172) (6, 1862) (7, 1900) (8, 1965) (9, 1964) (10, 2129) (11, 2042) (12, 1990) (13, 1862) (14, 1750) (15, 1651)
    cpu_time_ms  (0, 24612) (1, 24846) (2, 24872) (3, 24613) (4, 24714) (5, 24556) (6, 24866) (7, 24828) (8, 24763) (9, 24764) (10, 24600) (11, 24686) (12, 24738) (13, 24866) (14, 24978) (15, 25077)
0ms [0:07:17 -156277.225776578939985] SLOW spr round 5 (radius: 5)
reinit stats 16
    (thread 0: tagwait: 3703 ms tagcpu: 35280 ms
    (thread 1: tagwait: 3287 ms tagcpu: 35696 ms
    (thread 2: tagwait: 3279 ms tagcpu: 35693 ms
    (thread 3: tagwait: 3634 ms tagcpu: 35349 ms
    (thread 4: tagwait: 3495 ms tagcpu: 35487 ms
    (thread 5: tagwait: 3686 ms tagcpu: 35297 ms
    (thread 6: tagwait: 3302 ms tagcpu: 35681 ms
    (thread 7: tagwait: 3304 ms tagcpu: 35678 ms
    (thread 8: tagwait: 3492 ms tagcpu: 35490 ms
    (thread 9: tagwait: 3366 ms tagcpu: 35616 ms
    (thread 10: tagwait: 3607 ms tagcpu: 35376 ms
    (thread 11: tagwait: 3438 ms tagcpu: 35544 ms
    (thread 12: tagwait: 3421 ms tagcpu: 35561 ms
    (thread 13: tagwait: 3205 ms tagcpu: 35778 ms
    (thread 14: tagwait: 3102 ms tagcpu: 35880 ms
    (thread 15: tagwait: 3027 ms tagcpu: 35955 ms
    wait_time_ms  (0, 3703) (1, 3287) (2, 3279) (3, 3634) (4, 3495) (5, 3686) (6, 3302) (7, 3304) (8, 3492) (9, 3366) (10, 3607) (11, 3438) (12, 3421) (13, 3205) (14, 3102) (15, 3027)
    cpu_time_ms  (0, 35280) (1, 35696) (2, 35693) (3, 35349) (4, 35487) (5, 35297) (6, 35681) (7, 35678) (8, 35490) (9, 35616) (10, 35376) (11, 35544) (12, 35561) (13, 35778) (14, 35880) (15, 35955)
0ms [0:07:56 -156186.905420036753640] SLOW spr round 6 (radius: 5)
reinit stats 16
    (thread 0: tagwait: 2595 ms tagcpu: 28281 ms
    (thread 1: tagwait: 2279 ms tagcpu: 28597 ms
    (thread 2: tagwait: 2263 ms tagcpu: 28604 ms
    (thread 3: tagwait: 2556 ms tagcpu: 28320 ms
    (thread 4: tagwait: 2441 ms tagcpu: 28435 ms
    (thread 5: tagwait: 2570 ms tagcpu: 28305 ms
    (thread 6: tagwait: 2277 ms tagcpu: 28598 ms
    (thread 7: tagwait: 2288 ms tagcpu: 28587 ms
    (thread 8: tagwait: 2431 ms tagcpu: 28444 ms
    (thread 9: tagwait: 2343 ms tagcpu: 28533 ms
    (thread 10: tagwait: 2550 ms tagcpu: 28325 ms
    (thread 11: tagwait: 2445 ms tagcpu: 28429 ms
    (thread 12: tagwait: 2383 ms tagcpu: 28492 ms
    (thread 13: tagwait: 2233 ms tagcpu: 28642 ms
    (thread 14: tagwait: 2132 ms tagcpu: 28744 ms
    (thread 15: tagwait: 2007 ms tagcpu: 28868 ms
    wait_time_ms  (0, 2595) (1, 2279) (2, 2263) (3, 2556) (4, 2441) (5, 2570) (6, 2277) (7, 2288) (8, 2431) (9, 2343) (10, 2550) (11, 2445) (12, 2383) (13, 2233) (14, 2132) (15, 2007)
    cpu_time_ms  (0, 28281) (1, 28597) (2, 28604) (3, 28320) (4, 28435) (5, 28305) (6, 28598) (7, 28587) (8, 28444) (9, 28533) (10, 28325) (11, 28429) (12, 28492) (13, 28642) (14, 28744) (15, 28868)
0ms [0:08:26 -156184.110070337454090] SLOW spr round 7 (radius: 5)
reinit stats 16
    (thread 0: tagwait: 2215 ms tagcpu: 25266 ms
    (thread 1: tagwait: 2145 ms tagcpu: 25336 ms
    (thread 2: tagwait: 2126 ms tagcpu: 25348 ms
    (thread 3: tagwait: 2375 ms tagcpu: 25107 ms
    (thread 4: tagwait: 2283 ms tagcpu: 25198 ms
    (thread 5: tagwait: 2413 ms tagcpu: 25068 ms
    (thread 6: tagwait: 2136 ms tagcpu: 25345 ms
    (thread 7: tagwait: 2163 ms tagcpu: 25318 ms
    (thread 8: tagwait: 2255 ms tagcpu: 25226 ms
    (thread 9: tagwait: 2194 ms tagcpu: 25287 ms
    (thread 10: tagwait: 2386 ms tagcpu: 25095 ms
    (thread 11: tagwait: 2302 ms tagcpu: 25179 ms
    (thread 12: tagwait: 2230 ms tagcpu: 25251 ms
    (thread 13: tagwait: 2103 ms tagcpu: 25378 ms
    (thread 14: tagwait: 2010 ms tagcpu: 25472 ms
    (thread 15: tagwait: 2031 ms tagcpu: 25450 ms
    wait_time_ms  (0, 2215) (1, 2145) (2, 2126) (3, 2375) (4, 2283) (5, 2413) (6, 2136) (7, 2163) (8, 2255) (9, 2194) (10, 2386) (11, 2302) (12, 2230) (13, 2103) (14, 2010) (15, 2031)
    cpu_time_ms  (0, 25266) (1, 25336) (2, 25348) (3, 25107) (4, 25198) (5, 25068) (6, 25345) (7, 25318) (8, 25226) (9, 25287) (10, 25095) (11, 25179) (12, 25251) (13, 25378) (14, 25472) (15, 25450)
0ms [0:08:54 -156184.108952610637061] SLOW spr round 8 (radius: 10)
reinit stats 16
    (thread 0: tagwait: 1995 ms tagcpu: 23643 ms
    (thread 1: tagwait: 1810 ms tagcpu: 23828 ms
    (thread 2: tagwait: 1763 ms tagcpu: 23867 ms
    (thread 3: tagwait: 2006 ms tagcpu: 23632 ms
    (thread 4: tagwait: 1945 ms tagcpu: 23692 ms
    (thread 5: tagwait: 2070 ms tagcpu: 23567 ms
    (thread 6: tagwait: 1777 ms tagcpu: 23860 ms
    (thread 7: tagwait: 1825 ms tagcpu: 23813 ms
    (thread 8: tagwait: 1889 ms tagcpu: 23749 ms
    (thread 9: tagwait: 1870 ms tagcpu: 23768 ms
    (thread 10: tagwait: 2032 ms tagcpu: 23605 ms
    (thread 11: tagwait: 1940 ms tagcpu: 23697 ms
    (thread 12: tagwait: 1882 ms tagcpu: 23755 ms
    (thread 13: tagwait: 1785 ms tagcpu: 23853 ms
    (thread 14: tagwait: 1673 ms tagcpu: 23964 ms
    (thread 15: tagwait: 1582 ms tagcpu: 24055 ms
    wait_time_ms  (0, 1995) (1, 1810) (2, 1763) (3, 2006) (4, 1945) (5, 2070) (6, 1777) (7, 1825) (8, 1889) (9, 1870) (10, 2032) (11, 1940) (12, 1882) (13, 1785) (14, 1673) (15, 1582)
    cpu_time_ms  (0, 23643) (1, 23828) (2, 23867) (3, 23632) (4, 23692) (5, 23567) (6, 23860) (7, 23813) (8, 23749) (9, 23768) (10, 23605) (11, 23697) (12, 23755) (13, 23853) (14, 23964) (15, 24055)
0ms [0:09:20 -156094.520388690085383] SLOW spr round 9 (radius: 5)
reinit stats 16
    (thread 0: tagwait: 3398 ms tagcpu: 33278 ms
    (thread 1: tagwait: 3074 ms tagcpu: 33602 ms
    (thread 2: tagwait: 3039 ms tagcpu: 33628 ms
    (thread 3: tagwait: 3361 ms tagcpu: 33316 ms
    (thread 4: tagwait: 3257 ms tagcpu: 33419 ms
    (thread 5: tagwait: 3427 ms tagcpu: 33250 ms
    (thread 6: tagwait: 3079 ms tagcpu: 33597 ms
    (thread 7: tagwait: 3095 ms tagcpu: 33581 ms
    (thread 8: tagwait: 3248 ms tagcpu: 33428 ms
    (thread 9: tagwait: 3112 ms tagcpu: 33564 ms
    (thread 10: tagwait: 3361 ms tagcpu: 33315 ms
    (thread 11: tagwait: 3257 ms tagcpu: 33418 ms
    (thread 12: tagwait: 3181 ms tagcpu: 33494 ms
    (thread 13: tagwait: 2978 ms tagcpu: 33699 ms
    (thread 14: tagwait: 2873 ms tagcpu: 33804 ms
    (thread 15: tagwait: 2875 ms tagcpu: 33801 ms
    wait_time_ms  (0, 3398) (1, 3074) (2, 3039) (3, 3361) (4, 3257) (5, 3427) (6, 3079) (7, 3095) (8, 3248) (9, 3112) (10, 3361) (11, 3257) (12, 3181) (13, 2978) (14, 2873) (15, 2875)
    cpu_time_ms  (0, 33278) (1, 33602) (2, 33628) (3, 33316) (4, 33419) (5, 33250) (6, 33597) (7, 33581) (8, 33428) (9, 33564) (10, 33315) (11, 33418) (12, 33494) (13, 33699) (14, 33804) (15, 33801)
0ms [0:09:56 -156075.998759055277333] SLOW spr round 10 (radius: 5)
reinit stats 16
    (thread 0: tagwait: 2599 ms tagcpu: 28283 ms
    (thread 1: tagwait: 2325 ms tagcpu: 28557 ms
    (thread 2: tagwait: 2297 ms tagcpu: 28575 ms
    (thread 3: tagwait: 2581 ms tagcpu: 28301 ms
    (thread 4: tagwait: 2471 ms tagcpu: 28411 ms
    (thread 5: tagwait: 2624 ms tagcpu: 28257 ms
    (thread 6: tagwait: 2319 ms tagcpu: 28562 ms
    (thread 7: tagwait: 2348 ms tagcpu: 28533 ms
    (thread 8: tagwait: 2438 ms tagcpu: 28443 ms
    (thread 9: tagwait: 2373 ms tagcpu: 28508 ms
    (thread 10: tagwait: 2593 ms tagcpu: 28289 ms
    (thread 11: tagwait: 2471 ms tagcpu: 28410 ms
    (thread 12: tagwait: 2409 ms tagcpu: 28472 ms
    (thread 13: tagwait: 2278 ms tagcpu: 28604 ms
    (thread 14: tagwait: 2162 ms tagcpu: 28719 ms
    (thread 15: tagwait: 2042 ms tagcpu: 28839 ms
    wait_time_ms  (0, 2599) (1, 2325) (2, 2297) (3, 2581) (4, 2471) (5, 2624) (6, 2319) (7, 2348) (8, 2438) (9, 2373) (10, 2593) (11, 2471) (12, 2409) (13, 2278) (14, 2162) (15, 2042)
    cpu_time_ms  (0, 28283) (1, 28557) (2, 28575) (3, 28301) (4, 28411) (5, 28257) (6, 28562) (7, 28533) (8, 28443) (9, 28508) (10, 28289) (11, 28410) (12, 28472) (13, 28604) (14, 28719) (15, 28839)
0ms [0:10:27 -156075.683411223377334] SLOW spr round 11 (radius: 5)
reinit stats 16
    (thread 0: tagwait: 2148 ms tagcpu: 25819 ms
    (thread 1: tagwait: 1966 ms tagcpu: 26001 ms
    (thread 2: tagwait: 1925 ms tagcpu: 26034 ms
    (thread 3: tagwait: 2185 ms tagcpu: 25782 ms
    (thread 4: tagwait: 2095 ms tagcpu: 25872 ms
    (thread 5: tagwait: 2233 ms tagcpu: 25734 ms
    (thread 6: tagwait: 1936 ms tagcpu: 26031 ms
    (thread 7: tagwait: 1971 ms tagcpu: 25996 ms
    (thread 8: tagwait: 2049 ms tagcpu: 25918 ms
    (thread 9: tagwait: 1986 ms tagcpu: 25982 ms
    (thread 10: tagwait: 2200 ms tagcpu: 25767 ms
    (thread 11: tagwait: 2100 ms tagcpu: 25867 ms
    (thread 12: tagwait: 2031 ms tagcpu: 25935 ms
    (thread 13: tagwait: 1906 ms tagcpu: 26062 ms
    (thread 14: tagwait: 1802 ms tagcpu: 26165 ms
    (thread 15: tagwait: 1779 ms tagcpu: 26188 ms
    wait_time_ms  (0, 2148) (1, 1966) (2, 1925) (3, 2185) (4, 2095) (5, 2233) (6, 1936) (7, 1971) (8, 2049) (9, 1986) (10, 2200) (11, 2100) (12, 2031) (13, 1906) (14, 1802) (15, 1779)
    cpu_time_ms  (0, 25819) (1, 26001) (2, 26034) (3, 25782) (4, 25872) (5, 25734) (6, 26031) (7, 25996) (8, 25918) (9, 25982) (10, 25767) (11, 25867) (12, 25935) (13, 26062) (14, 26165) (15, 26188)
0ms [0:10:55 -156069.030353935639141] SLOW spr round 12 (radius: 5)
reinit stats 16
    (thread 0: tagwait: 2045 ms tagcpu: 23644 ms
    (thread 1: tagwait: 1836 ms tagcpu: 23852 ms
    (thread 2: tagwait: 1797 ms tagcpu: 23885 ms
    (thread 3: tagwait: 2046 ms tagcpu: 23643 ms
    (thread 4: tagwait: 1954 ms tagcpu: 23735 ms
    (thread 5: tagwait: 2070 ms tagcpu: 23619 ms
    (thread 6: tagwait: 1812 ms tagcpu: 23877 ms
    (thread 7: tagwait: 1845 ms tagcpu: 23844 ms
    (thread 8: tagwait: 1898 ms tagcpu: 23791 ms
    (thread 9: tagwait: 1886 ms tagcpu: 23803 ms
    (thread 10: tagwait: 2060 ms tagcpu: 23628 ms
    (thread 11: tagwait: 1945 ms tagcpu: 23743 ms
    (thread 12: tagwait: 1894 ms tagcpu: 23793 ms
    (thread 13: tagwait: 1798 ms tagcpu: 23890 ms
    (thread 14: tagwait: 1684 ms tagcpu: 24004 ms
    (thread 15: tagwait: 1663 ms tagcpu: 24026 ms
    wait_time_ms  (0, 2045) (1, 1836) (2, 1797) (3, 2046) (4, 1954) (5, 2070) (6, 1812) (7, 1845) (8, 1898) (9, 1886) (10, 2060) (11, 1945) (12, 1894) (13, 1798) (14, 1684) (15, 1663)
    cpu_time_ms  (0, 23644) (1, 23852) (2, 23885) (3, 23643) (4, 23735) (5, 23619) (6, 23877) (7, 23844) (8, 23791) (9, 23803) (10, 23628) (11, 23743) (12, 23793) (13, 23890) (14, 24004) (15, 24026)
0ms [0:11:21 -156069.029616001178510] SLOW spr round 13 (radius: 10)
reinit stats 16
    (thread 0: tagwait: 1777 ms tagcpu: 22729 ms
    (thread 1: tagwait: 1679 ms tagcpu: 22826 ms
    (thread 2: tagwait: 1630 ms tagcpu: 22868 ms
    (thread 3: tagwait: 1861 ms tagcpu: 22644 ms
    (thread 4: tagwait: 1798 ms tagcpu: 22708 ms
    (thread 5: tagwait: 1919 ms tagcpu: 22586 ms
    (thread 6: tagwait: 1636 ms tagcpu: 22869 ms
    (thread 7: tagwait: 1687 ms tagcpu: 22818 ms
    (thread 8: tagwait: 1725 ms tagcpu: 22781 ms
    (thread 9: tagwait: 1710 ms tagcpu: 22796 ms
    (thread 10: tagwait: 1899 ms tagcpu: 22606 ms
    (thread 11: tagwait: 1800 ms tagcpu: 22705 ms
    (thread 12: tagwait: 1738 ms tagcpu: 22767 ms
    (thread 13: tagwait: 1640 ms tagcpu: 22866 ms
    (thread 14: tagwait: 1541 ms tagcpu: 22964 ms
    (thread 15: tagwait: 1527 ms tagcpu: 22978 ms
    wait_time_ms  (0, 1777) (1, 1679) (2, 1630) (3, 1861) (4, 1798) (5, 1919) (6, 1636) (7, 1687) (8, 1725) (9, 1710) (10, 1899) (11, 1800) (12, 1738) (13, 1640) (14, 1541) (15, 1527)
    cpu_time_ms  (0, 22729) (1, 22826) (2, 22868) (3, 22644) (4, 22708) (5, 22586) (6, 22869) (7, 22818) (8, 22781) (9, 22796) (10, 22606) (11, 22705) (12, 22767) (13, 22866) (14, 22964) (15, 22978)
0ms [0:11:45 -156069.029521817981731] SLOW spr round 14 (radius: 15)
reinit stats 16
    (thread 0: tagwait: 5649 ms tagcpu: 45514 ms
    (thread 1: tagwait: 4471 ms tagcpu: 46692 ms
    (thread 2: tagwait: 4490 ms tagcpu: 46660 ms
    (thread 3: tagwait: 5423 ms tagcpu: 45740 ms
    (thread 4: tagwait: 5215 ms tagcpu: 45948 ms
    (thread 5: tagwait: 5300 ms tagcpu: 45864 ms
    (thread 6: tagwait: 4993 ms tagcpu: 46171 ms
    (thread 7: tagwait: 4971 ms tagcpu: 46193 ms
    (thread 8: tagwait: 5233 ms tagcpu: 45930 ms
    (thread 9: tagwait: 5037 ms tagcpu: 46127 ms
    (thread 10: tagwait: 5371 ms tagcpu: 45792 ms
    (thread 11: tagwait: 5189 ms tagcpu: 45973 ms
    (thread 12: tagwait: 5155 ms tagcpu: 46007 ms
    (thread 13: tagwait: 4851 ms tagcpu: 46313 ms
    (thread 14: tagwait: 4699 ms tagcpu: 46464 ms
    (thread 15: tagwait: 4524 ms tagcpu: 46639 ms
    wait_time_ms  (0, 5649) (1, 4471) (2, 4490) (3, 5423) (4, 5215) (5, 5300) (6, 4993) (7, 4971) (8, 5233) (9, 5037) (10, 5371) (11, 5189) (12, 5155) (13, 4851) (14, 4699) (15, 4524)
    cpu_time_ms  (0, 45514) (1, 46692) (2, 46660) (3, 45740) (4, 45948) (5, 45864) (6, 46171) (7, 46193) (8, 45930) (9, 46127) (10, 45792) (11, 45973) (12, 46007) (13, 46313) (14, 46464) (15, 46639)
0ms [0:12:36 -156069.029490895452909] SLOW spr round 15 (radius: 20)
reinit stats 16
    (thread 0: tagwait: 6692 ms tagcpu: 59358 ms
    (thread 1: tagwait: 6058 ms tagcpu: 59992 ms
    (thread 2: tagwait: 6014 ms tagcpu: 60020 ms
    (thread 3: tagwait: 6667 ms tagcpu: 59384 ms
    (thread 4: tagwait: 6378 ms tagcpu: 59672 ms
    (thread 5: tagwait: 6624 ms tagcpu: 59426 ms
    (thread 6: tagwait: 6147 ms tagcpu: 59903 ms
    (thread 7: tagwait: 6067 ms tagcpu: 59983 ms
    (thread 8: tagwait: 6462 ms tagcpu: 59588 ms
    (thread 9: tagwait: 6129 ms tagcpu: 59921 ms
    (thread 10: tagwait: 6604 ms tagcpu: 59446 ms
    (thread 11: tagwait: 6416 ms tagcpu: 59632 ms
    (thread 12: tagwait: 6332 ms tagcpu: 59717 ms
    (thread 13: tagwait: 5888 ms tagcpu: 60163 ms
    (thread 14: tagwait: 5765 ms tagcpu: 60285 ms
    (thread 15: tagwait: 5675 ms tagcpu: 60375 ms
    wait_time_ms  (0, 6692) (1, 6058) (2, 6014) (3, 6667) (4, 6378) (5, 6624) (6, 6147) (7, 6067) (8, 6462) (9, 6129) (10, 6604) (11, 6416) (12, 6332) (13, 5888) (14, 5765) (15, 5675)
    cpu_time_ms  (0, 59358) (1, 59992) (2, 60020) (3, 59384) (4, 59672) (5, 59426) (6, 59903) (7, 59983) (8, 59588) (9, 59921) (10, 59446) (11, 59632) (12, 59717) (13, 60163) (14, 60285) (15, 60375)
0ms [0:13:42 -156069.029469847911969] SLOW spr round 16 (radius: 25)
reinit stats 16
    (thread 0: tagwait: 9571 ms tagcpu: 76256 ms
    (thread 1: tagwait: 8397 ms tagcpu: 77430 ms
    (thread 2: tagwait: 8494 ms tagcpu: 77312 ms
    (thread 3: tagwait: 9255 ms tagcpu: 76572 ms
    (thread 4: tagwait: 8873 ms tagcpu: 76954 ms
    (thread 5: tagwait: 9149 ms tagcpu: 76678 ms
    (thread 6: tagwait: 8571 ms tagcpu: 77256 ms
    (thread 7: tagwait: 8432 ms tagcpu: 77395 ms
    (thread 8: tagwait: 8996 ms tagcpu: 76831 ms
    (thread 9: tagwait: 8541 ms tagcpu: 77286 ms
    (thread 10: tagwait: 9111 ms tagcpu: 76716 ms
    (thread 11: tagwait: 8853 ms tagcpu: 76972 ms
    (thread 12: tagwait: 8831 ms tagcpu: 76994 ms
    (thread 13: tagwait: 8220 ms tagcpu: 77607 ms
    (thread 14: tagwait: 8065 ms tagcpu: 77762 ms
    (thread 15: tagwait: 7495 ms tagcpu: 78332 ms
    wait_time_ms  (0, 9571) (1, 8397) (2, 8494) (3, 9255) (4, 8873) (5, 9149) (6, 8571) (7, 8432) (8, 8996) (9, 8541) (10, 9111) (11, 8853) (12, 8831) (13, 8220) (14, 8065) (15, 7495)
    cpu_time_ms  (0, 76256) (1, 77430) (2, 77312) (3, 76572) (4, 76954) (5, 76678) (6, 77256) (7, 77395) (8, 76831) (9, 77286) (10, 76716) (11, 76972) (12, 76994) (13, 77607) (14, 77762) (15, 78332)
0ms [0:15:08 -156069.029451228037942] Model parameter optimization (eps = 0.100000)
reinit stats 16
    (thread 0: tagwait: 60 ms tagcpu: 6182 ms
    (thread 1: tagwait: 95 ms tagcpu: 6148 ms
    (thread 2: tagwait: 35 ms tagcpu: 6206 ms
    (thread 3: tagwait: 96 ms tagcpu: 6146 ms
    (thread 4: tagwait: 124 ms tagcpu: 6118 ms
    (thread 5: tagwait: 171 ms tagcpu: 6072 ms
    (thread 6: tagwait: 47 ms tagcpu: 6195 ms
    (thread 7: tagwait: 102 ms tagcpu: 6141 ms
    (thread 8: tagwait: 37 ms tagcpu: 6206 ms
    (thread 9: tagwait: 116 ms tagcpu: 6127 ms
    (thread 10: tagwait: 164 ms tagcpu: 6079 ms
    (thread 11: tagwait: 108 ms tagcpu: 6134 ms
    (thread 12: tagwait: 81 ms tagcpu: 6161 ms
    (thread 13: tagwait: 102 ms tagcpu: 6141 ms
    (thread 14: tagwait: 33 ms tagcpu: 6210 ms
    (thread 15: tagwait: 56 ms tagcpu: 6186 ms
    wait_time_ms  (0, 60) (1, 95) (2, 35) (3, 96) (4, 124) (5, 171) (6, 47) (7, 102) (8, 37) (9, 116) (10, 164) (11, 108) (12, 81) (13, 102) (14, 33) (15, 56)
    cpu_time_ms  (0, 6182) (1, 6148) (2, 6206) (3, 6146) (4, 6118) (5, 6072) (6, 6195) (7, 6141) (8, 6206) (9, 6127) (10, 6079) (11, 6134) (12, 6161) (13, 6141) (14, 6210) (15, 6186)

Model parameters:
   Branch lengths (ML): linked
   Rate heterogeneity: GAMMA (4 cats),  alpha: 0.377971 (ML),  weights&rates: (0.250000,0.013669) (0.250000,0.165118) (0.250000,0.706298) (0.250000,3.114915) 
   Base frequencies (ML): 0.304191 0.181815 0.201761 0.312233 
   Substitution rates (ML): 1.244462 2.691260 0.725651 1.383045 3.438376 1.000000 


Final LogLikelihood: -156068.580682

Elapsed time: 914.916 seconds

Final tree saved to: /home/morelbt/github/raxml-ng/test/404.phy.raxml.bestTree
Execution log saved to: /home/morelbt/github/raxml-ng/test/404.phy.raxml.log

