
RAxML-NG v. 0.1.0 BETA released on 18.03.2017 by The Exelixis Lab.
Authors: Alexey Kozlov, Alexandros Stamatakis, Diego Darriba, Tomas Flouri, Benoit Morel.
Latest version: https://github.com/amkozlov/raxml-ng
Questions/problems/suggestions? Please visit: https://groups.google.com/forum/#!forum/raxml

WARNING: This is a BETA release, please use at your own risk!

RAxML-NG was called as follows:

./raxml-ng-mpi --seed=42 --msa /home/morelbt/github/raxml-ng/bin/results/404_repeats_T16/404.phy --model /home/morelbt/github/raxml-ng/bin/results/404_repeats_T16/404.part --simd AVX --threads 16 --repeats on --tree /home/morelbt/github/raxml-ng/bin/results/404_repeats_T16/unrooted.newick --redo

Analysis options:
  run mode: ML tree search
  start tree(s): user
  random seed: 42
  tip-inner: OFF
  repeats: ON
  pattern compression: ON
  fast spr radius: AUTO
  spr subtree cutoff: 1.000000
  branch lengths: ML estimate (linked)
  SIMD kernels: AVX
  parallelization: PTHREADS (16 threads)

WARNING: Running in REDO mode: existing checkpoints are ignored, and all result files will be overwritten!

[00:00:00] Reading alignment from file: /home/morelbt/github/raxml-ng/bin/results/404_repeats_T16/404.phy
[00:00:00] Loaded alignment with 404 taxa and 13158 sites

WARNING: Fully undetermined sequences found: 22712672

NOTE: Reduced alignment (with gap-only sequences and columns removed) was printed to:
/home/morelbt/github/raxml-ng/bin/results/404_repeats_T16/404.phy.raxml.reduced.phy

NOTE: The corresponding reduced partition file was printed to:
/home/morelbt/github/raxml-ng/bin/results/404_repeats_T16/404.phy.raxml.reduced.partition

Alignment comprises 11 partitions and 7444 patterns

Partition 0: PARTITION_0
Model: GTR+F+G4
Alignment sites / patterns: 2161 / 1454
Gaps: 66.23 %
Invariant sites: 43.41 %

Partition 1: PARTITION_1
Model: GTR+F+G4
Alignment sites / patterns: 802 / 660
Gaps: 84.88 %
Invariant sites: 39.15 %

Partition 2: PARTITION_2
Model: GTR+F+G4
Alignment sites / patterns: 1646 / 1291
Gaps: 76.95 %
Invariant sites: 41.92 %

Partition 3: PARTITION_3
Model: GTR+F+G4
Alignment sites / patterns: 588 / 109
Gaps: 90.84 %
Invariant sites: 80.61 %

Partition 4: PARTITION_4
Model: GTR+F+G4
Alignment sites / patterns: 852 / 339
Gaps: 96.47 %
Invariant sites: 65.02 %

Partition 5: PARTITION_5
Model: GTR+F+G4
Alignment sites / patterns: 828 / 718
Gaps: 72.68 %
Invariant sites: 22.71 %

Partition 6: PARTITION_6
Model: GTR+F+G4
Alignment sites / patterns: 1437 / 725
Gaps: 66.87 %
Invariant sites: 62.00 %

Partition 7: PARTITION_7
Model: GTR+F+G4
Alignment sites / patterns: 1218 / 700
Gaps: 83.79 %
Invariant sites: 47.04 %

Partition 8: PARTITION_8
Model: GTR+F+G4
Alignment sites / patterns: 1020 / 99
Gaps: 94.06 %
Invariant sites: 86.67 %

Partition 9: PARTITION_9
Model: GTR+F+G4
Alignment sites / patterns: 1025 / 431
Gaps: 95.35 %
Invariant sites: 62.63 %

Partition 10: PARTITION_10
Model: GTR+F+G4
Alignment sites / patterns: 1581 / 918
Gaps: 71.48 %
Invariant sites: 40.10 %


[00:00:01] Loading user starting tree(s) from: /home/morelbt/github/raxml-ng/bin/results/404_repeats_T16/unrooted.newick
thread#	part#	start	length
0	4	0	339
0	8	0	99

1	1	0	510

2	1	510	102
2	7	0	358

3	1	612	48
3	2	0	407

4	0	0	495

5	0	495	494

6	10	0	450

7	0	989	50
7	2	407	405

8	2	812	479

9	6	0	478

10	10	450	468

11	0	1039	411
11	6	478	50

12	9	0	431

13	5	0	243
13	6	528	197

14	5	243	475

15	3	0	109
15	7	358	342


[00:00:01] Data distribution: partitions/thread: 1-2, patterns/thread: 438-140007663971878

Starting ML tree search with 1 distinct starting trees

[00:00:01 -198453.296698] Initial branch length optimization
    busy_ratio: 0.875773
    stats_step: initial_blo
    wait_time_ms  (0, 337) (1, 283) (2, 20) (3, 269) (4, 37) (5, 297) (6, 318) (7, 272) (8, 291) (9, 301) (10, 304) (11, 277) (12, 328) (13, 292) (14, 296) (15, 286)
    cpu_time_ms  (0, 982) (1, 1875) (2, 2140) (3, 1935) (4, 2121) (5, 1864) (6, 1855) (7, 1894) (8, 1869) (9, 1867) (10, 1860) (11, 1915) (12, 1853) (13, 1928) (14, 1865) (15, 1880)
[00:00:02 -162369.242432] Model parameter optimization (eps = 10.000000)
    busy_ratio: 0.721818
    stats_step: modelopt1
    wait_time_ms  (0, 1597) (1, 2312) (2, 635) (3, 1580) (4, 1065) (5, 2313) (6, 2330) (7, 1417) (8, 1362) (9, 2480) (10, 2313) (11, 1470) (12, 2563) (13, 1270) (14, 1841) (15, 1001)
    cpu_time_ms  (0, 4577) (1, 3878) (2, 5556) (3, 4611) (4, 5126) (5, 3878) (6, 3861) (7, 4775) (8, 4829) (9, 3711) (10, 3878) (11, 4721) (12, 3628) (13, 4921) (14, 4350) (15, 5190)
[00:00:08 -155513.723505] AUTODETECT spr round 1 (radius: 5)
    busy_ratio: 0.797710
    stats_step: autodetect_spr
    wait_time_ms  (0, 1852) (1, 2515) (2, 934) (3, 1486) (4, 531) (5, 2550) (6, 2845) (7, 1361) (8, 620) (9, 2737) (10, 2762) (11, 1489) (12, 3156) (13, 1276) (14, 2288) (15, 1403)
    cpu_time_ms  (0, 7346) (1, 6695) (2, 8277) (3, 7725) (4, 8680) (5, 6661) (6, 6366) (7, 7850) (8, 8591) (9, 6474) (10, 6449) (11, 7722) (12, 6055) (13, 7935) (14, 6923) (15, 7808)
[00:00:17 -155214.925399] AUTODETECT spr round 2 (radius: 10)
    busy_ratio: 0.845319
    stats_step: autodetect_spr
    wait_time_ms  (0, 1683) (1, 2547) (2, 609) (3, 712) (4, 2957) (5, 2584) (6, 3624) (7, 685) (8, 3223) (9, 3127) (10, 3597) (11, 669) (12, 4048) (13, 389) (14, 2914) (15, 1495)
    cpu_time_ms  (0, 12394) (1, 11542) (2, 13481) (3, 13377) (4, 11132) (5, 11506) (6, 10464) (7, 13405) (8, 10867) (9, 10963) (10, 10493) (11, 13421) (12, 10042) (13, 13701) (14, 11177) (15, 12593)
[00:00:32 -155205.171566] AUTODETECT spr round 3 (radius: 15)
    busy_ratio: 0.860777
    stats_step: autodetect_spr
    wait_time_ms  (0, 2762) (1, 2876) (2, 1303) (3, 1272) (4, 3284) (5, 3307) (6, 4665) (7, 913) (8, 3916) (9, 3729) (10, 4479) (11, 615) (12, 5591) (13, 1235) (14, 3314) (15, 2162)
    cpu_time_ms  (0, 17620) (1, 17518) (2, 19093) (3, 19123) (4, 17111) (5, 17088) (6, 15730) (7, 19483) (8, 16479) (9, 16667) (10, 15916) (11, 19780) (12, 14805) (13, 19160) (14, 17077) (15, 18233)
[00:00:52 -155205.126515] SPR radius for FAST iterations: 10 (autodetect)
[00:00:52 -155205.126515] Model parameter optimization (eps = 3.000000)
    busy_ratio: 0.732434
    stats_step: modelopt2
    wait_time_ms  (0, 651) (1, 728) (2, 368) (3, 314) (4, 843) (5, 719) (6, 968) (7, 251) (8, 916) (9, 734) (10, 999) (11, 435) (12, 1049) (13, 309) (14, 737) (15, 586)
    cpu_time_ms  (0, 1813) (1, 1752) (2, 2112) (3, 2166) (4, 1637) (5, 1761) (6, 1512) (7, 2229) (8, 1564) (9, 1746) (10, 1481) (11, 2045) (12, 1431) (13, 2171) (14, 1743) (15, 1894)
[00:00:54 -155201.436036] FAST spr round 1 (radius: 10)
    busy_ratio: 0.841649
    stats_step: spr_FAST_1
    wait_time_ms  (0, 2266) (1, 2365) (2, 847) (3, 499) (4, 3019) (5, 2628) (6, 3737) (7, 670) (8, 3343) (9, 2756) (10, 3763) (11, 1310) (12, 4227) (13, 958) (14, 2756) (15, 1731)
    cpu_time_ms  (0, 12275) (1, 12194) (2, 13714) (3, 14062) (4, 11541) (5, 11933) (6, 10822) (7, 13891) (8, 11216) (9, 11804) (10, 10796) (11, 13249) (12, 10332) (13, 13603) (14, 11802) (15, 12829)
[00:01:09 -155178.662925] FAST spr round 2 (radius: 10)
    busy_ratio: 0.842148
    stats_step: spr_FAST_1
    wait_time_ms  (0, 1848) (1, 1804) (2, 399) (3, 346) (4, 2266) (5, 2045) (6, 2947) (7, 515) (8, 2549) (9, 2172) (10, 2729) (11, 865) (12, 3144) (13, 742) (14, 2250) (15, 1223)
    cpu_time_ms  (0, 9172) (1, 9226) (2, 10632) (3, 10685) (4, 8764) (5, 8986) (6, 8084) (7, 10517) (8, 8481) (9, 8856) (10, 8302) (11, 10166) (12, 7883) (13, 10289) (14, 8781) (15, 9807)
[00:01:20 -155175.124038] FAST spr round 3 (radius: 10)
    busy_ratio: 0.831905
    stats_step: spr_FAST_1
    wait_time_ms  (0, 1610) (1, 1629) (2, 542) (3, 335) (4, 1944) (5, 1865) (6, 2611) (7, 338) (8, 2138) (9, 2007) (10, 2266) (11, 675) (12, 2722) (13, 594) (14, 1849) (15, 1230)
    cpu_time_ms  (0, 7443) (1, 7432) (2, 8520) (3, 8727) (4, 7117) (5, 7196) (6, 6450) (7, 8724) (8, 6923) (9, 7054) (10, 6795) (11, 8387) (12, 6339) (13, 8468) (14, 7212) (15, 7831)
[00:01:29 -155174.709763] FAST spr round 4 (radius: 10)
    busy_ratio: 0.830987
    stats_step: spr_FAST_1
    wait_time_ms  (0, 1499) (1, 1616) (2, 441) (3, 161) (4, 1976) (5, 1704) (6, 2453) (7, 334) (8, 2056) (9, 1944) (10, 2150) (11, 555) (12, 2599) (13, 546) (14, 1934) (15, 810)
    cpu_time_ms  (0, 6922) (1, 6812) (2, 7989) (3, 8269) (4, 6453) (5, 6724) (6, 5975) (7, 8096) (8, 6372) (9, 6484) (10, 6279) (11, 7874) (12, 5829) (13, 7883) (14, 6492) (15, 7619)
[00:01:38 -155174.681453] Model parameter optimization (eps = 1.000000)
    busy_ratio: 0.756532
    stats_step: modelopt3
    wait_time_ms  (0, 226) (1, 267) (2, 97) (3, 97) (4, 321) (5, 267) (6, 370) (7, 89) (8, 332) (9, 307) (10, 349) (11, 115) (12, 398) (13, 99) (14, 301) (15, 191)
    cpu_time_ms  (0, 753) (1, 716) (2, 886) (3, 886) (4, 663) (5, 716) (6, 613) (7, 895) (8, 651) (9, 676) (10, 634) (11, 868) (12, 586) (13, 884) (14, 682) (15, 792)
[00:01:39 -155174.530546] SLOW spr round 1 (radius: 5)
    busy_ratio: 0.848571
    stats_step: spr_SLOW_2
    wait_time_ms  (0, 5091) (1, 3045) (2, 2082) (3, 1789) (4, 4833) (5, 3434) (6, 6324) (7, 1841) (8, 5157) (9, 3964) (10, 5527) (11, 1903) (12, 6889) (13, 2442) (14, 5070) (15, 3558)
    cpu_time_ms  (0, 20874) (1, 22941) (2, 23906) (3, 24196) (4, 21155) (5, 22554) (6, 19664) (7, 24148) (8, 20831) (9, 22024) (10, 20461) (11, 24086) (12, 19099) (13, 23547) (14, 20919) (15, 22430)
[00:02:05 -155155.308473] SLOW spr round 2 (radius: 5)
    busy_ratio: 0.849399
    stats_step: spr_SLOW_2
    wait_time_ms  (0, 4924) (1, 2780) (2, 1775) (3, 1579) (4, 4106) (5, 3121) (6, 5781) (7, 1690) (8, 4837) (9, 3598) (10, 5107) (11, 1631) (12, 6442) (13, 2206) (14, 4478) (15, 3254)
    cpu_time_ms  (0, 18858) (1, 21006) (2, 22015) (3, 22211) (4, 19683) (5, 20668) (6, 18009) (7, 22101) (8, 18952) (9, 20191) (10, 18682) (11, 22160) (12, 17347) (13, 21585) (14, 19312) (15, 20536)
[00:02:29 -155152.606665] SLOW spr round 3 (radius: 5)
    busy_ratio: 0.844100
    stats_step: spr_SLOW_2
    wait_time_ms  (0, 4722) (1, 2289) (2, 1862) (3, 1708) (4, 4234) (5, 2810) (6, 5498) (7, 1603) (8, 4661) (9, 3514) (10, 4893) (11, 1702) (12, 6174) (13, 2118) (14, 4279) (15, 3092)
    cpu_time_ms  (0, 17389) (1, 19829) (2, 20258) (3, 20412) (4, 17885) (5, 19309) (6, 16620) (7, 20518) (8, 17457) (9, 18605) (10, 17225) (11, 20418) (12, 15945) (13, 20002) (14, 17840) (15, 19027)
[00:02:51 -155152.226463] SLOW spr round 4 (radius: 5)
    busy_ratio: 0.848915
    stats_step: spr_SLOW_2
    wait_time_ms  (0, 4410) (1, 2570) (2, 1621) (3, 1440) (4, 4103) (5, 2783) (6, 5127) (7, 1469) (8, 4360) (9, 3287) (10, 4307) (11, 1466) (12, 5816) (13, 1909) (14, 3787) (15, 2913)
    cpu_time_ms  (0, 16837) (1, 18684) (2, 19635) (3, 19816) (4, 17152) (5, 18472) (6, 16127) (7, 19787) (8, 16894) (9, 17968) (10, 16947) (11, 19790) (12, 15438) (13, 19347) (14, 17468) (15, 18343)
[00:03:12 -155152.225667] SLOW spr round 5 (radius: 10)
    busy_ratio: 0.843549
    stats_step: spr_SLOW_2
    wait_time_ms  (0, 4382) (1, 2268) (2, 1788) (3, 1592) (4, 4082) (5, 2683) (6, 5192) (7, 1493) (8, 4446) (9, 3414) (10, 4669) (11, 1671) (12, 5943) (13, 1978) (14, 3794) (15, 2945)
    cpu_time_ms  (0, 16525) (1, 18646) (2, 19127) (3, 19324) (4, 16832) (5, 18232) (6, 15722) (7, 19423) (8, 16468) (9, 17501) (10, 16245) (11, 19244) (12, 14971) (13, 18938) (14, 17121) (15, 17971)
[00:03:33 -155152.224992] SLOW spr round 6 (radius: 15)
    busy_ratio: 0.857162
    stats_step: spr_SLOW_2
    wait_time_ms  (0, 11828) (1, 5515) (2, 4457) (3, 4219) (4, 9472) (5, 6239) (6, 12360) (7, 4286) (8, 10239) (9, 7315) (10, 10989) (11, 3894) (12, 14031) (13, 5401) (14, 9921) (15, 7750)
    cpu_time_ms  (0, 44140) (1, 50459) (2, 51520) (3, 51759) (4, 46505) (5, 49738) (6, 43616) (7, 51692) (8, 45737) (9, 48663) (10, 44988) (11, 52084) (12, 41946) (13, 50577) (14, 46056) (15, 48228)
[00:04:29 -155152.224314] SLOW spr round 7 (radius: 20)
    busy_ratio: 0.855828
    stats_step: spr_SLOW_2
    wait_time_ms  (0, 16341) (1, 5578) (2, 6603) (3, 6486) (4, 13010) (5, 8737) (6, 17425) (7, 6121) (8, 14162) (9, 10265) (10, 15135) (11, 5878) (12, 19685) (13, 7953) (14, 12653) (15, 11000)
    cpu_time_ms  (0, 60402) (1, 71167) (2, 70149) (3, 70266) (4, 63741) (5, 68014) (6, 59325) (7, 70631) (8, 62587) (9, 66486) (10, 61616) (11, 70874) (12, 57066) (13, 68799) (14, 64098) (15, 65752)
[00:05:46 -155146.645238] SLOW spr round 8 (radius: 5)
    busy_ratio: 0.854497
    stats_step: spr_SLOW_2
    wait_time_ms  (0, 8043) (1, 4165) (2, 3022) (3, 2811) (4, 6873) (5, 4524) (6, 8833) (7, 2810) (8, 7362) (9, 5400) (10, 7782) (11, 2691) (12, 9936) (13, 3617) (14, 6434) (15, 5428)
    cpu_time_ms  (0, 30498) (1, 34382) (2, 35528) (3, 35739) (4, 31676) (5, 34025) (6, 29716) (7, 35740) (8, 31186) (9, 33149) (10, 30766) (11, 35859) (12, 28612) (13, 34933) (14, 32115) (15, 33121)
[00:06:24 -155146.594242] SLOW spr round 9 (radius: 10)
    busy_ratio: 0.848086
    stats_step: spr_SLOW_2
    wait_time_ms  (0, 6821) (1, 3164) (2, 2695) (3, 2561) (4, 5774) (5, 4069) (6, 7606) (7, 2430) (8, 6275) (9, 4756) (10, 6696) (11, 2464) (12, 8556) (13, 3118) (14, 5901) (15, 4515)
    cpu_time_ms  (0, 25021) (1, 28683) (2, 29155) (3, 29289) (4, 26074) (5, 27780) (6, 24243) (7, 29420) (8, 25572) (9, 27093) (10, 25153) (11, 29386) (12, 23293) (13, 28732) (14, 25948) (15, 27335)
[00:06:56 -155146.593111] SLOW spr round 10 (radius: 15)
    busy_ratio: 0.857204
    stats_step: spr_SLOW_2
    wait_time_ms  (0, 9321) (1, 4576) (2, 3439) (3, 3300) (4, 7617) (5, 5106) (6, 10124) (7, 3253) (8, 8331) (9, 5388) (10, 8824) (11, 3102) (12, 11390) (13, 4290) (14, 7340) (15, 6137)
    cpu_time_ms  (0, 35119) (1, 39868) (2, 41009) (3, 41148) (4, 36830) (5, 39342) (6, 34323) (7, 41196) (8, 36115) (9, 39059) (10, 35623) (11, 41346) (12, 33057) (13, 40159) (14, 37107) (15, 38310)
[00:07:41 -155146.592073] SLOW spr round 11 (radius: 20)
    busy_ratio: 0.855751
    stats_step: spr_SLOW_2
    wait_time_ms  (0, 15858) (1, 6817) (2, 7329) (3, 6731) (4, 13741) (5, 7166) (6, 18522) (7, 6854) (8, 15129) (9, 11054) (10, 16074) (11, 6535) (12, 20875) (13, 8696) (14, 13553) (15, 11551)
    cpu_time_ms  (0, 64941) (1, 73984) (2, 73478) (3, 74074) (4, 67065) (5, 73639) (6, 62283) (7, 73953) (8, 65674) (9, 69752) (10, 64732) (11, 74271) (12, 59931) (13, 72111) (14, 67253) (15, 69255)
[00:09:01 -155146.591106] SLOW spr round 12 (radius: 25)
    busy_ratio: 0.861673
    stats_step: spr_SLOW_2
    wait_time_ms  (0, 19531) (1, 8456) (2, 7043) (3, 7053) (4, 13275) (5, 9752) (6, 20290) (7, 6937) (8, 16325) (9, 11616) (10, 17440) (11, 6292) (12, 22782) (13, 8321) (14, 15939) (15, 12752)
    cpu_time_ms  (0, 72551) (1, 83628) (2, 85049) (3, 85039) (4, 78816) (5, 82339) (6, 71800) (7, 85155) (8, 75763) (9, 80475) (10, 74651) (11, 85800) (12, 69308) (13, 83771) (14, 76152) (15, 79339)
[00:10:33 -155140.461536] SLOW spr round 13 (radius: 5)
    busy_ratio: 0.849191
    stats_step: spr_SLOW_2
    wait_time_ms  (0, 8949) (1, 3953) (2, 3607) (3, 3374) (4, 7507) (5, 4259) (6, 9308) (7, 3344) (8, 8124) (9, 5978) (10, 8524) (11, 2812) (12, 10769) (13, 4167) (14, 7619) (15, 5166)
    cpu_time_ms  (0, 31439) (1, 36440) (2, 36790) (3, 37022) (4, 32888) (5, 36137) (6, 31088) (7, 37053) (8, 32270) (9, 34418) (10, 31872) (11, 37585) (12, 29626) (13, 36230) (14, 32777) (15, 35231)
[00:11:14 -155091.137715] SLOW spr round 14 (radius: 5)
    busy_ratio: 0.853204
    stats_step: spr_SLOW_2
    wait_time_ms  (0, 6916) (1, 3727) (2, 2576) (3, 2501) (4, 5553) (5, 4100) (6, 7762) (7, 2437) (8, 5951) (9, 4351) (10, 6791) (11, 2313) (12, 8597) (13, 2588) (14, 5534) (15, 4589)
    cpu_time_ms  (0, 25561) (1, 28756) (2, 29909) (3, 29985) (4, 26932) (5, 28385) (6, 24723) (7, 30050) (8, 26533) (9, 28135) (10, 25694) (11, 30173) (12, 23887) (13, 29899) (14, 26951) (15, 27896)
[00:11:46 -155084.209770] SLOW spr round 15 (radius: 5)
    busy_ratio: 0.851501
    stats_step: spr_SLOW_2
    wait_time_ms  (0, 5452) (1, 2642) (2, 2125) (3, 1917) (4, 4916) (5, 3419) (6, 6152) (7, 1864) (8, 5362) (9, 4001) (10, 5617) (11, 2009) (12, 7140) (13, 2466) (14, 4657) (15, 3505)
    cpu_time_ms  (0, 21164) (1, 23980) (2, 24499) (3, 24708) (4, 21708) (5, 23205) (6, 20471) (7, 24761) (8, 21261) (9, 22623) (10, 21006) (11, 24616) (12, 19483) (13, 24159) (14, 21966) (15, 23119)
[00:12:13 -155084.198727] SLOW spr round 16 (radius: 10)
    busy_ratio: 0.850194
    stats_step: spr_SLOW_2
    wait_time_ms  (0, 4625) (1, 2723) (2, 1666) (3, 1544) (4, 3940) (5, 2944) (6, 5399) (7, 1519) (8, 4217) (9, 3467) (10, 4808) (11, 1546) (12, 6072) (13, 1943) (14, 4185) (15, 2979)
    cpu_time_ms  (0, 17727) (1, 19634) (2, 20693) (3, 20815) (4, 18418) (5, 19415) (6, 16959) (7, 20841) (8, 18141) (9, 18892) (10, 17550) (11, 20814) (12, 16286) (13, 20416) (14, 18174) (15, 19379)
[00:12:35 -155032.463570] SLOW spr round 17 (radius: 5)
    busy_ratio: 0.854089
    stats_step: spr_SLOW_2
    wait_time_ms  (0, 7632) (1, 3957) (2, 2840) (3, 2698) (4, 6461) (5, 4321) (6, 7881) (7, 2537) (8, 6932) (9, 5078) (10, 6812) (11, 2608) (12, 9490) (13, 3393) (14, 6552) (15, 4904)
    cpu_time_ms  (0, 28388) (1, 32069) (2, 33188) (3, 33330) (4, 29566) (5, 31707) (6, 28146) (7, 33492) (8, 29094) (9, 30950) (10, 29216) (11, 33420) (12, 26537) (13, 32636) (14, 29476) (15, 31124)
[00:13:12 -154988.650601] SLOW spr round 18 (radius: 5)
    busy_ratio: 0.851725
    stats_step: spr_SLOW_2
    wait_time_ms  (0, 6162) (1, 3373) (2, 2245) (3, 2202) (4, 5400) (5, 3715) (6, 7024) (7, 2133) (8, 5782) (9, 4364) (10, 6160) (11, 2015) (12, 7839) (13, 2686) (14, 5571) (15, 4073)
    cpu_time_ms  (0, 23655) (1, 26450) (2, 27580) (3, 27624) (4, 24425) (5, 26110) (6, 22800) (7, 27693) (8, 24042) (9, 25461) (10, 23665) (11, 27810) (12, 21985) (13, 27140) (14, 24254) (15, 25753)
[00:13:41 -154974.308270] SLOW spr round 19 (radius: 5)
    busy_ratio: 0.850280
    stats_step: spr_SLOW_2
    wait_time_ms  (0, 4960) (1, 2985) (2, 1968) (3, 1774) (4, 4675) (5, 3184) (6, 5913) (7, 1688) (8, 4975) (9, 3718) (10, 5246) (11, 1809) (12, 6743) (13, 2231) (14, 4692) (15, 3312)
    cpu_time_ms  (0, 20033) (1, 22013) (2, 23032) (3, 23227) (4, 20325) (5, 21816) (6, 19086) (7, 23313) (8, 20024) (9, 21282) (10, 19754) (11, 23192) (12, 18257) (13, 22770) (14, 20308) (15, 21689)
[00:14:06 -154974.250163] SLOW spr round 20 (radius: 10)
    busy_ratio: 0.850319
    stats_step: spr_SLOW_2
    wait_time_ms  (0, 4421) (1, 2674) (2, 1683) (3, 1524) (4, 3849) (5, 2593) (6, 5250) (7, 1450) (8, 4409) (9, 3376) (10, 4652) (11, 1526) (12, 5889) (13, 1882) (14, 3720) (15, 2906)
    cpu_time_ms  (0, 17209) (1, 18962) (2, 19955) (3, 20114) (4, 17789) (5, 19045) (6, 16387) (7, 20188) (8, 17228) (9, 18262) (10, 16985) (11, 20113) (12, 15748) (13, 19756) (14, 17917) (15, 18732)
[00:14:28 -154974.247788] SLOW spr round 21 (radius: 15)
    busy_ratio: 0.855560
    stats_step: spr_SLOW_2
    wait_time_ms  (0, 11218) (1, 4368) (2, 4280) (3, 4028) (4, 8908) (5, 6080) (6, 11725) (7, 3927) (8, 9766) (9, 7056) (10, 10205) (11, 3805) (12, 13349) (13, 5068) (14, 9101) (15, 7205)
    cpu_time_ms  (0, 40743) (1, 47598) (2, 47689) (3, 47941) (4, 43059) (5, 45889) (6, 40243) (7, 48043) (8, 42200) (9, 44912) (10, 41763) (11, 48164) (12, 38619) (13, 46902) (14, 42867) (15, 44764)
[00:15:20 -154974.247680] SLOW spr round 22 (radius: 20)
    busy_ratio: 0.860660
    stats_step: spr_SLOW_2
    wait_time_ms  (0, 15066) (1, 6906) (2, 5675) (3, 5343) (4, 11947) (5, 6714) (6, 15938) (7, 5587) (8, 12790) (9, 9462) (10, 13761) (11, 5079) (12, 17826) (13, 7094) (14, 12748) (15, 10050)
    cpu_time_ms  (0, 57591) (1, 65754) (2, 66990) (3, 67323) (4, 60717) (5, 65950) (6, 56726) (7, 67078) (8, 59873) (9, 63202) (10, 58904) (11, 67586) (12, 54828) (13, 65571) (14, 59917) (15, 62615)
[00:16:33 -154974.247663] SLOW spr round 23 (radius: 25)
    busy_ratio: 0.862323
    stats_step: spr_SLOW_2
    wait_time_ms  (0, 19177) (1, 6885) (2, 7646) (3, 7189) (4, 15026) (5, 9820) (6, 20208) (7, 6952) (8, 16451) (9, 11595) (10, 17360) (11, 6621) (12, 23200) (13, 9182) (14, 14773) (15, 12682)
    cpu_time_ms  (0, 73778) (1, 86073) (2, 85319) (3, 85775) (4, 77938) (5, 83144) (6, 72755) (7, 86013) (8, 76510) (9, 81369) (10, 75603) (11, 86344) (12, 69745) (13, 83782) (14, 78190) (15, 80283)
[00:18:06 -154974.247654] Model parameter optimization (eps = 0.100000)
    busy_ratio: 0.748348
    stats_step: modelopt4
    wait_time_ms  (0, 522) (1, 591) (2, 248) (3, 243) (4, 661) (5, 577) (6, 764) (7, 182) (8, 722) (9, 646) (10, 727) (11, 240) (12, 860) (13, 218) (14, 604) (15, 387)
    cpu_time_ms  (0, 1508) (1, 1445) (2, 1788) (3, 1793) (4, 1374) (5, 1459) (6, 1272) (7, 1854) (8, 1314) (9, 1390) (10, 1309) (11, 1796) (12, 1176) (13, 1818) (14, 1432) (15, 1649)

[00:18:08] ML tree search #1, logLikelihood: -154973.894515


Optimized model parameters:

   Partition 0: PARTITION_0
   Rate heterogeneity: GAMMA (4 cats),  alpha: 0.391 (ML),  weights&rates: (0.250,0.015) (0.250,0.175) (0.250,0.721) (0.250,3.089) 
   Base frequencies (empirical): 0.278 0.163 0.173 0.386 
   Substitution rates (ML): 1.853 4.575 0.553 1.452 3.774 1.000 

   Partition 1: PARTITION_1
   Rate heterogeneity: GAMMA (4 cats),  alpha: 0.844 (ML),  weights&rates: (0.250,0.105) (0.250,0.424) (0.250,0.968) (0.250,2.503) 
   Base frequencies (empirical): 0.406 0.143 0.283 0.169 
   Substitution rates (ML): 1.127 1.985 0.294 0.918 6.029 1.000 

   Partition 2: PARTITION_2
   Rate heterogeneity: GAMMA (4 cats),  alpha: 0.490 (ML),  weights&rates: (0.250,0.032) (0.250,0.245) (0.250,0.813) (0.250,2.910) 
   Base frequencies (empirical): 0.338 0.167 0.164 0.331 
   Substitution rates (ML): 0.792 1.478 0.705 0.765 1.310 1.000 

   Partition 3: PARTITION_3
   Rate heterogeneity: GAMMA (4 cats),  alpha: 0.156 (ML),  weights&rates: (0.250,0.000) (0.250,0.013) (0.250,0.258) (0.250,3.729) 
   Base frequencies (empirical): 0.349 0.177 0.193 0.281 
   Substitution rates (ML): 1.081 16.313 0.153 1.349 1.935 1.000 

   Partition 4: PARTITION_4
   Rate heterogeneity: GAMMA (4 cats),  alpha: 0.291 (ML),  weights&rates: (0.250,0.005) (0.250,0.097) (0.250,0.580) (0.250,3.318) 
   Base frequencies (empirical): 0.245 0.219 0.282 0.254 
   Substitution rates (ML): 1.580 5.107 1.670 1.764 9.023 1.000 

   Partition 5: PARTITION_5
   Rate heterogeneity: GAMMA (4 cats),  alpha: 0.273 (ML),  weights&rates: (0.250,0.003) (0.250,0.084) (0.250,0.548) (0.250,3.364) 
   Base frequencies (empirical): 0.198 0.326 0.304 0.172 
   Substitution rates (ML): 1.049 2.020 1.823 0.705 3.323 1.000 

   Partition 6: PARTITION_6
   Rate heterogeneity: GAMMA (4 cats),  alpha: 0.231 (ML),  weights&rates: (0.250,0.001) (0.250,0.054) (0.250,0.460) (0.250,3.485) 
   Base frequencies (empirical): 0.272 0.192 0.249 0.286 
   Substitution rates (ML): 1.115 2.421 0.694 1.032 5.491 1.000 

   Partition 7: PARTITION_7
   Rate heterogeneity: GAMMA (4 cats),  alpha: 0.368 (ML),  weights&rates: (0.250,0.012) (0.250,0.158) (0.250,0.695) (0.250,3.135) 
   Base frequencies (empirical): 0.215 0.266 0.291 0.228 
   Substitution rates (ML): 1.157 3.903 0.926 0.883 4.850 1.000 

   Partition 8: PARTITION_8
   Rate heterogeneity: GAMMA (4 cats),  alpha: 0.146 (ML),  weights&rates: (0.250,0.000) (0.250,0.009) (0.250,0.229) (0.250,3.762) 
   Base frequencies (empirical): 0.340 0.167 0.199 0.294 
   Substitution rates (ML): 2.386 2.075 0.599 2.388 18.985 1.000 

   Partition 9: PARTITION_9
   Rate heterogeneity: GAMMA (4 cats),  alpha: 0.549 (ML),  weights&rates: (0.250,0.043) (0.250,0.283) (0.250,0.853) (0.250,2.822) 
   Base frequencies (empirical): 0.365 0.139 0.187 0.309 
   Substitution rates (ML): 0.934 1.361 0.355 1.203 2.660 1.000 

   Partition 10: PARTITION_10
   Rate heterogeneity: GAMMA (4 cats),  alpha: 0.442 (ML),  weights&rates: (0.250,0.023) (0.250,0.212) (0.250,0.773) (0.250,2.992) 
   Base frequencies (empirical): 0.300 0.178 0.159 0.363 
   Substitution rates (ML): 1.077 2.898 0.470 1.330 2.436 1.000 

Final LogLikelihood: -154973.894515

Best ML tree saved to: /home/morelbt/github/raxml-ng/bin/results/404_repeats_T16/404.phy.raxml.bestTree

Execution log saved to: /home/morelbt/github/raxml-ng/bin/results/404_repeats_T16/404.phy.raxml.log

Elapsed time: 1088.278 seconds

