
RAxML-NG v. 0.1.0 BETA released on 18.03.2017 by The Exelixis Lab.
Authors: Alexey Kozlov, Alexandros Stamatakis, Diego Darriba, Tomas Flouri, Benoit Morel.
Latest version: https://github.com/amkozlov/raxml-ng
Questions/problems/suggestions? Please visit: https://groups.google.com/forum/#!forum/raxml

WARNING: This is a BETA release, please use at your own risk!

RAxML-NG was called as follows:

./raxml-ng-mpi --seed=42 --msa /home/morelbt/github/raxml-ng/bin/results/kyte_tipinner_T16_realloc_1/kyte.phy --model /home/morelbt/github/raxml-ng/bin/results/kyte_tipinner_T16_realloc_1/kyte.part --simd AVX --threads 16 --redo

Analysis options:
  run mode: ML tree search
  start tree(s): random
  random seed: 42
  tip-inner: ON
  repeats: OFF
  pattern compression: ON
  fast spr radius: AUTO
  spr subtree cutoff: 1.000000
  branch lengths: ML estimate (linked)
  SIMD kernels: AVX
  parallelization: PTHREADS (16 threads)

WARNING: Running in REDO mode: existing checkpoints are ignored, and all result files will be overwritten!

[00:00:00] Reading alignment from file: /home/morelbt/github/raxml-ng/bin/results/kyte_tipinner_T16_realloc_1/kyte.phy
[00:00:16] Loaded alignment with 144 taxa and 413459 sites

WARNING: Fully undetermined columns found: 25

NOTE: Reduced alignment (with gap-only sequences and columns removed) was printed to:
/home/morelbt/github/raxml-ng/bin/results/kyte_tipinner_T16_realloc_1/kyte.phy.raxml.reduced.phy

NOTE: The corresponding reduced partition file was printed to:
/home/morelbt/github/raxml-ng/bin/results/kyte_tipinner_T16_realloc_1/kyte.phy.raxml.reduced.partition

Alignment comprises 50 partitions and 371434 patterns

Partition 0: Partition0
Model: GTR+F+G4
Alignment sites / patterns: 4948 / 4948
Gaps: 39.14 %
Invariant sites: 0.00 %

Partition 1: Partition1
Model: GTR+F+G4
Alignment sites / patterns: 170859 / 128909
Gaps: 31.25 %
Invariant sites: 60.63 %

Partition 2: Partition2
Model: GTR+F+G4
Alignment sites / patterns: 2266 / 2266
Gaps: 19.40 %
Invariant sites: 0.00 %

Partition 3: Partition3
Model: GTR+F+G4
Alignment sites / patterns: 31854 / 31795
Gaps: 34.47 %
Invariant sites: 0.00 %

Partition 4: Partition4
Model: GTR+F+G4
Alignment sites / patterns: 3219 / 3219
Gaps: 31.81 %
Invariant sites: 0.00 %

Partition 5: Partition5
Model: GTR+F+G4
Alignment sites / patterns: 5297 / 5297
Gaps: 39.98 %
Invariant sites: 0.00 %

Partition 6: Partition6
Model: GTR+F+G4
Alignment sites / patterns: 12857 / 12854
Gaps: 36.29 %
Invariant sites: 0.00 %

Partition 7: Partition7
Model: GTR+F+G4
Alignment sites / patterns: 4651 / 4651
Gaps: 36.82 %
Invariant sites: 0.00 %

Partition 8: Partition8
Model: GTR+F+G4
Alignment sites / patterns: 4711 / 4711
Gaps: 26.37 %
Invariant sites: 0.00 %

Partition 9: Partition9
Model: GTR+F+G4
Alignment sites / patterns: 5197 / 5197
Gaps: 40.58 %
Invariant sites: 0.00 %

Partition 10: Partition10
Model: GTR+F+G4
Alignment sites / patterns: 243 / 243
Gaps: 13.40 %
Invariant sites: 0.00 %

Partition 11: Partition11
Model: GTR+F+G4
Alignment sites / patterns: 3580 / 3580
Gaps: 22.99 %
Invariant sites: 0.00 %

Partition 12: Partition12
Model: GTR+F+G4
Alignment sites / patterns: 20753 / 20746
Gaps: 34.51 %
Invariant sites: 0.00 %

Partition 13: Partition13
Model: GTR+F+G4
Alignment sites / patterns: 9161 / 9160
Gaps: 32.22 %
Invariant sites: 0.00 %

Partition 14: Partition14
Model: GTR+F+G4
Alignment sites / patterns: 722 / 722
Gaps: 17.15 %
Invariant sites: 0.00 %

Partition 15: Partition15
Model: GTR+F+G4
Alignment sites / patterns: 14853 / 14849
Gaps: 34.30 %
Invariant sites: 0.00 %

Partition 16: Partition16
Model: GTR+F+G4
Alignment sites / patterns: 5373 / 5373
Gaps: 40.18 %
Invariant sites: 0.00 %

Partition 17: Partition17
Model: GTR+F+G4
Alignment sites / patterns: 5744 / 5744
Gaps: 28.46 %
Invariant sites: 0.00 %

Partition 18: Partition18
Model: GTR+F+G4
Alignment sites / patterns: 4668 / 4668
Gaps: 39.90 %
Invariant sites: 0.00 %

Partition 19: Partition19
Model: GTR+F+G4
Alignment sites / patterns: 1988 / 1988
Gaps: 21.47 %
Invariant sites: 0.00 %

Partition 20: Partition20
Model: GTR+F+G4
Alignment sites / patterns: 2236 / 2236
Gaps: 30.54 %
Invariant sites: 0.00 %

Partition 21: Partition21
Model: GTR+F+G4
Alignment sites / patterns: 3831 / 3831
Gaps: 40.29 %
Invariant sites: 0.00 %

Partition 22: Partition22
Model: GTR+F+G4
Alignment sites / patterns: 5677 / 5677
Gaps: 34.40 %
Invariant sites: 0.00 %

Partition 23: Partition23
Model: GTR+F+G4
Alignment sites / patterns: 8284 / 8284
Gaps: 35.05 %
Invariant sites: 0.00 %

Partition 24: Partition24
Model: GTR+F+G4
Alignment sites / patterns: 11756 / 11755
Gaps: 33.60 %
Invariant sites: 0.00 %

Partition 25: Partition25
Model: GTR+F+G4
Alignment sites / patterns: 4910 / 4910
Gaps: 38.41 %
Invariant sites: 0.00 %

Partition 26: Partition26
Model: GTR+F+G4
Alignment sites / patterns: 2786 / 2786
Gaps: 24.70 %
Invariant sites: 0.00 %

Partition 27: Partition27
Model: GTR+F+G4
Alignment sites / patterns: 346 / 346
Gaps: 17.36 %
Invariant sites: 0.00 %

Partition 28: Partition28
Model: GTR+F+G4
Alignment sites / patterns: 4395 / 4395
Gaps: 36.16 %
Invariant sites: 0.00 %

Partition 29: Partition29
Model: GTR+F+G4
Alignment sites / patterns: 1373 / 1373
Gaps: 17.88 %
Invariant sites: 0.00 %

Partition 30: Partition30
Model: GTR+F+G4
Alignment sites / patterns: 2532 / 2532
Gaps: 28.89 %
Invariant sites: 0.00 %

Partition 31: Partition31
Model: GTR+F+G4
Alignment sites / patterns: 7408 / 7408
Gaps: 30.38 %
Invariant sites: 0.00 %

Partition 32: Partition32
Model: GTR+F+G4
Alignment sites / patterns: 5242 / 5242
Gaps: 39.43 %
Invariant sites: 0.00 %

Partition 33: Partition33
Model: GTR+F+G4
Alignment sites / patterns: 2739 / 2739
Gaps: 22.99 %
Invariant sites: 0.00 %

Partition 34: Partition34
Model: GTR+F+G4
Alignment sites / patterns: 300 / 300
Gaps: 15.53 %
Invariant sites: 0.00 %

Partition 35: Partition35
Model: GTR+F+G4
Alignment sites / patterns: 3869 / 3869
Gaps: 32.56 %
Invariant sites: 0.00 %

Partition 36: Partition36
Model: GTR+F+G4
Alignment sites / patterns: 3833 / 3833
Gaps: 34.29 %
Invariant sites: 0.00 %

Partition 37: Partition37
Model: GTR+F+G4
Alignment sites / patterns: 4849 / 4849
Gaps: 29.99 %
Invariant sites: 0.00 %

Partition 38: Partition38
Model: GTR+F+G4
Alignment sites / patterns: 3779 / 3779
Gaps: 27.23 %
Invariant sites: 0.00 %

Partition 39: Partition39
Model: GTR+F+G4
Alignment sites / patterns: 3590 / 3590
Gaps: 24.72 %
Invariant sites: 0.00 %

Partition 40: Partition40
Model: GTR+F+G4
Alignment sites / patterns: 1714 / 1714
Gaps: 18.11 %
Invariant sites: 0.00 %

Partition 41: Partition41
Model: GTR+F+G4
Alignment sites / patterns: 1992 / 1992
Gaps: 26.20 %
Invariant sites: 0.00 %

Partition 42: Partition42
Model: GTR+F+G4
Alignment sites / patterns: 2850 / 2850
Gaps: 31.44 %
Invariant sites: 0.00 %

Partition 43: Partition43
Model: GTR+F+G4
Alignment sites / patterns: 1866 / 1866
Gaps: 18.62 %
Invariant sites: 0.00 %

Partition 44: Partition44
Model: GTR+F+G4
Alignment sites / patterns: 3685 / 3685
Gaps: 33.86 %
Invariant sites: 0.00 %

Partition 45: Partition45
Model: GTR+F+G4
Alignment sites / patterns: 928 / 928
Gaps: 17.40 %
Invariant sites: 0.00 %

Partition 46: Partition46
Model: GTR+F+G4
Alignment sites / patterns: 2628 / 2628
Gaps: 20.88 %
Invariant sites: 0.00 %

Partition 47: Partition47
Model: GTR+F+G4
Alignment sites / patterns: 320 / 320
Gaps: 15.63 %
Invariant sites: 0.00 %

Partition 48: Partition48
Model: GTR+F+G4
Alignment sites / patterns: 77 / 77
Gaps: 10.28 %
Invariant sites: 0.00 %

Partition 49: Partition49
Model: GTR+F+G4
Alignment sites / patterns: 720 / 720
Gaps: 18.18 %
Invariant sites: 0.00 %


[00:00:22] Generating random starting tree(s) with 144 taxa
range weight : 4948.00
range weight : 128909.00
range weight : 2266.00
range weight : 31795.00
range weight : 3219.00
range weight : 5297.00
range weight : 12854.00
range weight : 4651.00
range weight : 4711.00
range weight : 5197.00
range weight : 243.00
range weight : 3580.00
range weight : 20746.00
range weight : 9160.00
range weight : 722.00
range weight : 14849.00
range weight : 5373.00
range weight : 5744.00
range weight : 4668.00
range weight : 1988.00
range weight : 2236.00
range weight : 3831.00
range weight : 5677.00
range weight : 8284.00
range weight : 11755.00
range weight : 4910.00
range weight : 2786.00
range weight : 346.00
range weight : 4395.00
range weight : 1373.00
range weight : 2532.00
range weight : 7408.00
range weight : 5242.00
range weight : 2739.00
range weight : 300.00
range weight : 3869.00
range weight : 3833.00
range weight : 4849.00
range weight : 3779.00
range weight : 3590.00
range weight : 1714.00
range weight : 1992.00
range weight : 2850.00
range weight : 1866.00
range weight : 3685.00
range weight : 928.00
range weight : 2628.00
range weight : 320.00
range weight : 77.00
range weight : 720.00
total weight : 371434.00
max weight : 23214.62
thread#	part#	start	length
0	48	0	77
0	46	0	2628
0	37	0	4849
0	1	113239	15660

1	10	0	243
1	33	0	2739
1	25	0	4910
1	1	97917	15322

2	34	0	300
2	26	0	2786
2	0	0	4948
2	1	82737	15180

3	47	0	320
3	42	0	2850
3	9	0	5197
3	1	67890	14847

4	27	0	346
4	4	0	3219
4	32	0	5242
4	1	53483	14407

5	49	0	720
5	11	0	3580
5	5	0	5297
5	1	39866	13617

6	14	0	722
6	39	0	3590
6	16	0	5373
6	1	26337	13529

7	45	0	928
7	44	0	3685
7	22	0	5677
7	1	13413	12924

8	29	0	1373
8	38	0	3779
8	17	0	5744
8	1	1095	12318

9	40	0	1714
9	21	0	3831
9	31	0	7408
9	3	22629	9166
9	1	0	1095

10	43	0	1866
10	36	0	3833
10	23	0	8284
10	3	13398	9231

11	19	0	1988
11	35	0	3869
11	13	0	9160
11	12	9976	8197

12	41	0	1992
12	28	0	4395
12	24	0	11755
12	12	4904	5072

13	20	0	2236
13	7	0	4651
13	6	0	12854
13	12	1431	3473

14	2	0	2266
14	18	0	4668
14	15	0	14849
14	12	0	1431

15	30	0	2532
15	8	0	4711
15	12	18173	2573
15	3	0	13398


[00:00:22] Data distribution: partitions/thread: 4-5, patterns/thread: 23214-4607182418800040622

Starting ML tree search with 1 distinct starting trees

clv size: 421937664 (max clv size: 421937664)
[00:00:23 -19336778.088744] Initial branch length optimization
    busy_ratio: 0.990548
    stats_step: initial_blo
    wait_time_ms  (0, 315) (1, 333) (2, 394) (3, 275) (4, 264) (5, 169) (6, 339) (7, 396) (8, 559) (9, 318) (10, 296) (11, 354) (12, 402) (13, 413) (14, 650) (15, 305)
    cpu_time_ms  (0, 34571) (1, 38172) (2, 38088) (3, 38242) (4, 38214) (5, 38328) (6, 38139) (7, 38099) (8, 37920) (9, 38191) (10, 38187) (11, 38171) (12, 38075) (13, 38082) (14, 37806) (15, 38197)
clv size: 421937664 (max clv size: 421937664)
[00:00:38 -17421822.358027] Model parameter optimization (eps = 10.000000)
    busy_ratio: 0.959255
    stats_step: modelopt1
    wait_time_ms  (0, 24790) (1, 15912) (2, 27789) (3, 22185) (4, 31297) (5, 22833) (6, 33178) (7, 20585) (8, 38821) (9, 39802) (10, 56064) (11, 43057) (12, 45611) (13, 23627) (14, 35773) (15, 21135)
    cpu_time_ms  (0, 745840) (1, 754784) (2, 742884) (3, 748563) (4, 739485) (5, 747983) (6, 737527) (7, 750178) (8, 731908) (9, 731010) (10, 714726) (11, 727689) (12, 725161) (13, 747122) (14, 734942) (15, 749626)
clv size: 421937664 (max clv size: 421937664)
[00:13:29 -16654010.264631] AUTODETECT spr round 1 (radius: 5)
    busy_ratio: 0.901241
    stats_step: autodetect_spr
    wait_time_ms  (0, 25394) (1, 6154) (2, 28690) (3, 8715) (4, 27762) (5, 5681) (6, 27130) (7, 5197) (8, 27230) (9, 15402) (10, 34203) (11, 9763) (12, 32576) (13, 6610) (14, 28146) (15, 4821)
    cpu_time_ms  (0, 160332) (1, 179575) (2, 157023) (3, 177034) (4, 157989) (5, 180051) (6, 158559) (7, 180538) (8, 158499) (9, 170340) (10, 151526) (11, 175969) (12, 153141) (13, 179133) (14, 157581) (15, 180921)
clv size: 421937664 (max clv size: 421937664)
[00:16:34 -15081155.129999] AUTODETECT spr round 2 (radius: 10)
    busy_ratio: 0.916750
    stats_step: autodetect_spr
    wait_time_ms  (0, 25198) (1, 14402) (2, 41683) (3, 15192) (4, 25695) (5, 17269) (6, 25478) (7, 15577) (8, 31400) (9, 27249) (10, 37413) (11, 22833) (12, 35682) (13, 13070) (14, 37267) (15, 10969)
    cpu_time_ms  (0, 272381) (1, 283180) (2, 255896) (3, 282403) (4, 271888) (5, 280302) (6, 272086) (7, 282027) (8, 266185) (9, 270366) (10, 260181) (11, 274754) (12, 261881) (13, 284541) (14, 260307) (15, 286638)
clv size: 421937664 (max clv size: 421937664)
[00:21:32 -13681538.140858] AUTODETECT spr round 3 (radius: 15)
    busy_ratio: 0.906983
    stats_step: autodetect_spr
    wait_time_ms  (0, 50921) (1, 19688) (2, 51078) (3, 20572) (4, 52678) (5, 23022) (6, 50045) (7, 17970) (8, 46726) (9, 28971) (10, 61679) (11, 33185) (12, 55632) (13, 19944) (14, 56130) (15, 15360)
    cpu_time_ms  (0, 354653) (1, 385906) (2, 354524) (3, 385056) (4, 352850) (5, 382579) (6, 355502) (7, 387618) (8, 358833) (9, 376613) (10, 343893) (11, 372391) (12, 349960) (13, 385644) (14, 349414) (15, 390195)
clv size: 421937664 (max clv size: 421937664)
[00:28:17 -13629690.143797] AUTODETECT spr round 4 (radius: 20)
    busy_ratio: 0.887076
    stats_step: autodetect_spr
    wait_time_ms  (0, 60231) (1, 39321) (2, 44127) (3, 39158) (4, 76789) (5, 36447) (6, 74936) (7, 38655) (8, 63768) (9, 44260) (10, 53401) (11, 54977) (12, 54261) (13, 37240) (14, 61187) (15, 32446)
    cpu_time_ms  (0, 388789) (1, 409682) (2, 404870) (3, 409840) (4, 372204) (5, 412545) (6, 373929) (7, 410381) (8, 385200) (9, 404691) (10, 395558) (11, 393985) (12, 394664) (13, 411767) (14, 387813) (15, 416549)
clv size: 421937664 (max clv size: 421937664)
[00:35:46 -13629683.137531] AUTODETECT spr round 5 (radius: 25)
    busy_ratio: 0.834708
    stats_step: autodetect_spr
    wait_time_ms  (0, 19360) (1, 70568) (2, 8983) (3, 62537) (4, 35714) (5, 65971) (6, 37578) (7, 69260) (8, 22579) (9, 79396) (10, 17639) (11, 78591) (12, 20899) (13, 75183) (14, 15991) (15, 63821)
    cpu_time_ms  (0, 262011) (1, 210793) (2, 272410) (3, 218786) (4, 245624) (5, 215331) (6, 243716) (7, 212096) (8, 258799) (9, 201947) (10, 263736) (11, 202744) (12, 260450) (13, 206179) (14, 265387) (15, 217508)
[00:40:27 -13629683.080304] SPR radius for FAST iterations: 20 (autodetect)
[00:40:27 -13629683.080304] Model parameter optimization (eps = 3.000000)
clv size: 421937664 (max clv size: 421937664)
    busy_ratio: 0.829040
    stats_step: modelopt2
    wait_time_ms  (0, 96910) (1, 217272) (2, 126159) (3, 187081) (4, 155469) (5, 181846) (6, 179838) (7, 189429) (8, 111585) (9, 208469) (10, 106632) (11, 208224) (12, 161258) (13, 232668) (14, 122054) (15, 177983)
    cpu_time_ms  (0, 876422) (1, 756205) (2, 847413) (3, 786367) (4, 818040) (5, 791625) (6, 793531) (7, 784038) (8, 861980) (9, 765056) (10, 867002) (11, 765259) (12, 812395) (13, 740807) (14, 851590) (15, 795480)
clv size: 421937664 (max clv size: 421937664)
[00:56:40 -13594438.923767] FAST spr round 1 (radius: 20)
    busy_ratio: 0.784972
    stats_step: spr_FAST_1
    wait_time_ms  (0, 219861) (1, 163624) (2, 230875) (3, 152251) (4, 248143) (5, 144206) (6, 250450) (7, 142679) (8, 230162) (9, 130323) (10, 248183) (11, 97457) (12, 258016) (13, 150139) (14, 247100) (15, 136192)
    cpu_time_ms  (0, 666558) (1, 722800) (2, 655577) (3, 734189) (4, 638274) (5, 742224) (6, 635888) (7, 743759) (8, 656170) (9, 756043) (10, 638225) (11, 788956) (12, 628409) (13, 736302) (14, 639351) (15, 750268)
clv size: 421937664 (max clv size: 421937664)
[01:11:31 -13249605.791829] FAST spr round 2 (radius: 20)
    busy_ratio: 0.805554
    stats_step: spr_FAST_1
    wait_time_ms  (0, 176689) (1, 105184) (2, 176739) (3, 107382) (4, 178455) (5, 92648) (6, 186932) (7, 101934) (8, 168265) (9, 98379) (10, 178539) (11, 64442) (12, 181323) (13, 112462) (14, 187690) (15, 81040)
    cpu_time_ms  (0, 529833) (1, 601341) (2, 529788) (3, 599184) (4, 528079) (5, 613918) (6, 519519) (7, 604610) (8, 538210) (9, 608171) (10, 528000) (11, 642069) (12, 525219) (13, 594065) (14, 518862) (15, 625496)
clv size: 421937664 (max clv size: 421937664)
[01:23:20 -13234190.290422] FAST spr round 3 (radius: 20)
    busy_ratio: 0.820648
    stats_step: spr_FAST_1
    wait_time_ms  (0, 115800) (1, 71576) (2, 122865) (3, 78937) (4, 134250) (5, 69201) (6, 119344) (7, 82151) (8, 120427) (9, 80047) (10, 115984) (11, 73740) (12, 134470) (13, 75409) (14, 126002) (15, 51315)
    cpu_time_ms  (0, 431853) (1, 476072) (2, 424780) (3, 468714) (4, 413367) (5, 478440) (6, 428286) (7, 465502) (8, 427216) (9, 467605) (10, 431651) (11, 473897) (12, 413184) (13, 472248) (14, 421572) (15, 496325)
clv size: 421937664 (max clv size: 421937664)
[01:32:30 -13232115.286931] FAST spr round 4 (radius: 20)
    busy_ratio: 0.811079
    stats_step: spr_FAST_1
    wait_time_ms  (0, 130138) (1, 62060) (2, 145148) (3, 55694) (4, 143572) (5, 48332) (6, 149646) (7, 48032) (8, 147627) (9, 59314) (10, 138830) (11, 62628) (12, 147599) (13, 67803) (14, 143184) (15, 34736)
    cpu_time_ms  (0, 393987) (1, 462093) (2, 378988) (3, 468454) (4, 380569) (5, 475830) (6, 374498) (7, 476119) (8, 376525) (9, 464820) (10, 385297) (11, 461526) (12, 376557) (13, 456347) (14, 380955) (15, 489383)
clv size: 421937664 (max clv size: 421937664)
[01:41:17 -13231961.684038] FAST spr round 5 (radius: 20)
    busy_ratio: 0.815233
    stats_step: spr_FAST_1
    wait_time_ms  (0, 128233) (1, 69618) (2, 138593) (3, 71246) (4, 145193) (5, 61928) (6, 145478) (7, 65477) (8, 131557) (9, 61058) (10, 126137) (11, 67010) (12, 142546) (13, 64413) (14, 139963) (15, 39805)
    cpu_time_ms  (0, 412381) (1, 471021) (2, 402032) (3, 469410) (4, 395425) (5, 478719) (6, 395154) (7, 475169) (8, 409068) (9, 479571) (10, 414501) (11, 473646) (12, 398101) (13, 476234) (14, 400622) (15, 500829)
clv size: 421937664 (max clv size: 421937664)
[01:50:20 -13231718.410879] FAST spr round 6 (radius: 20)
    busy_ratio: 0.824020
    stats_step: spr_FAST_1
    wait_time_ms  (0, 110793) (1, 66730) (2, 115310) (3, 60339) (4, 120930) (5, 56430) (6, 123205) (7, 66649) (8, 118048) (9, 62238) (10, 104507) (11, 62399) (12, 122672) (13, 73259) (14, 114294) (15, 40125)
    cpu_time_ms  (0, 392775) (1, 436849) (2, 388305) (3, 443253) (4, 382664) (5, 447175) (6, 380399) (7, 436928) (8, 385518) (9, 441356) (10, 399077) (11, 441186) (12, 380915) (13, 430323) (14, 389259) (15, 463452)
clv size: 421937664 (max clv size: 421937664)
[01:58:46 -13231604.667146] FAST spr round 7 (radius: 20)
    busy_ratio: 0.805030
    stats_step: spr_FAST_1
    wait_time_ms  (0, 131111) (1, 71494) (2, 142454) (3, 66641) (4, 143326) (5, 49557) (6, 146114) (7, 63342) (8, 140188) (9, 67298) (10, 121737) (11, 60937) (12, 139426) (13, 57048) (14, 151920) (15, 32269)
    cpu_time_ms  (0, 376927) (1, 436577) (2, 365621) (3, 441410) (4, 364728) (5, 458503) (6, 361900) (7, 444724) (8, 367843) (9, 440767) (10, 386259) (11, 447107) (12, 368632) (13, 451010) (14, 356140) (15, 475774)
clv size: 421937664 (max clv size: 421937664)
[02:07:17 -13231584.734400] FAST spr round 8 (radius: 20)
    busy_ratio: 0.827574
    stats_step: spr_FAST_1
    wait_time_ms  (0, 95735) (1, 66999) (2, 96143) (3, 64242) (4, 126324) (5, 62349) (6, 111079) (7, 56142) (8, 103628) (9, 67037) (10, 94643) (11, 60343) (12, 101514) (13, 62918) (14, 110837) (15, 52057)
    cpu_time_ms  (0, 387080) (1, 415843) (2, 386665) (3, 418565) (4, 356483) (5, 420456) (6, 371691) (7, 426674) (8, 379181) (9, 415798) (10, 388160) (11, 422497) (12, 381302) (13, 419902) (14, 371991) (15, 430766)
clv size: 421937664 (max clv size: 421937664)
[02:15:22 -13231570.585554] FAST spr round 9 (radius: 20)
    busy_ratio: 0.837551
    stats_step: spr_FAST_1
    wait_time_ms  (0, 80931) (1, 77104) (2, 83521) (3, 72637) (4, 83890) (5, 65004) (6, 95246) (7, 62253) (8, 81659) (9, 77040) (10, 67156) (11, 76273) (12, 85747) (13, 80691) (14, 103937) (15, 76943)
    cpu_time_ms  (0, 407675) (1, 411534) (2, 405092) (3, 416000) (4, 404755) (5, 423637) (6, 393327) (7, 426376) (8, 406973) (9, 411583) (10, 421454) (11, 412358) (12, 402893) (13, 407951) (14, 384699) (15, 411706)
clv size: 421937664 (max clv size: 421937664)
[02:23:33 -13231566.821742] FAST spr round 10 (radius: 20)
    busy_ratio: 0.827528
    stats_step: spr_FAST_1
    wait_time_ms  (0, 86652) (1, 76693) (2, 93072) (3, 76843) (4, 107203) (5, 57986) (6, 99077) (7, 73265) (8, 96565) (9, 69542) (10, 80524) (11, 60891) (12, 102168) (13, 78808) (14, 104921) (15, 66024)
    cpu_time_ms  (0, 395399) (1, 405365) (2, 389002) (3, 405218) (4, 374815) (5, 424085) (6, 382941) (7, 408783) (8, 385500) (9, 412511) (10, 401481) (11, 421154) (12, 379863) (13, 403259) (14, 377143) (15, 416035)
clv size: 421937664 (max clv size: 421937664)
[02:31:38 -13231564.262459] FAST spr round 11 (radius: 20)
    busy_ratio: 0.822532
    stats_step: spr_FAST_1
    wait_time_ms  (0, 107052) (1, 69266) (2, 103338) (3, 71006) (4, 126921) (5, 57490) (6, 112356) (7, 38811) (8, 116891) (9, 73930) (10, 104225) (11, 66646) (12, 123282) (13, 63980) (14, 122276) (15, 66266)
    cpu_time_ms  (0, 394355) (1, 432139) (2, 398026) (3, 430407) (4, 374480) (5, 443937) (6, 388978) (7, 462595) (8, 384543) (9, 427498) (10, 397166) (11, 434778) (12, 378153) (13, 437431) (14, 379150) (15, 435140)
clv size: 421937664 (max clv size: 421937664)
[02:40:02 -13231538.866213] FAST spr round 12 (radius: 20)
    busy_ratio: 0.814463
    stats_step: spr_FAST_1
    wait_time_ms  (0, 130128) (1, 66256) (2, 130613) (3, 63458) (4, 142562) (5, 54902) (6, 132655) (7, 35911) (8, 142102) (9, 56006) (10, 120998) (11, 83716) (12, 125419) (13, 51122) (14, 139009) (15, 56678)
    cpu_time_ms  (0, 385758) (1, 449687) (2, 385303) (3, 452482) (4, 373341) (5, 461032) (6, 383206) (7, 479992) (8, 373828) (9, 459907) (10, 394909) (11, 432217) (12, 390441) (13, 464821) (14, 376917) (15, 459249)
[02:48:41 -13231538.863102] Model parameter optimization (eps = 1.000000)
    busy_ratio: 0.913842
    stats_step: modelopt3
    wait_time_ms  (0, 20868) (1, 18087) (2, 30440) (3, 14948) (4, 27866) (5, 13576) (6, 33335) (7, 14592) (8, 38091) (9, 33739) (10, 41577) (11, 35106) (12, 61757) (13, 20576) (14, 40487) (15, 18903)
    cpu_time_ms  (0, 315583) (1, 318483) (2, 306085) (3, 321644) (4, 308677) (5, 323004) (6, 303166) (7, 321972) (8, 298502) (9, 302853) (10, 294962) (11, 301487) (12, 274736) (13, 316023) (14, 296082) (15, 317694)
clv size: 421937664 (max clv size: 421937664)
[02:54:17 -13231354.359132] SLOW spr round 1 (radius: 5)
    busy_ratio: 0.787325
    stats_step: spr_SLOW_2
    wait_time_ms  (0, 346463) (1, 170776) (2, 359635) (3, 143931) (4, 349808) (5, 133189) (6, 353893) (7, 152028) (8, 366225) (9, 135518) (10, 354502) (11, 150424) (12, 314472) (13, 144540) (14, 362449) (15, 95014)
    cpu_time_ms  (0, 809318) (1, 985021) (2, 796110) (3, 1011852) (4, 805984) (5, 1022601) (6, 801784) (7, 1003755) (8, 789573) (9, 1020268) (10, 801302) (11, 1005367) (12, 841312) (13, 1011244) (14, 793340) (15, 1060719)
clv size: 421937664 (max clv size: 421937664)
[03:13:35 -13231281.304481] SLOW spr round 2 (radius: 5)
    busy_ratio: 0.788999
    stats_step: spr_SLOW_2
    wait_time_ms  (0, 370417) (1, 120440) (2, 358727) (3, 103914) (4, 371814) (5, 101177) (6, 366516) (7, 111738) (8, 372694) (9, 98784) (10, 368432) (11, 105328) (12, 368850) (13, 121087) (14, 369894) (15, 87875)
    cpu_time_ms  (0, 754489) (1, 1004487) (2, 766191) (3, 1021012) (4, 753110) (5, 1023745) (6, 758322) (7, 1013183) (8, 752216) (9, 1026133) (10, 756378) (11, 1019603) (12, 756071) (13, 1003842) (14, 754898) (15, 1037049)
clv size: 421937664 (max clv size: 421937664)
[03:32:23 -13231203.421562] SLOW spr round 3 (radius: 5)
    busy_ratio: 0.786327
    stats_step: spr_SLOW_2
    wait_time_ms  (0, 339583) (1, 159163) (2, 336157) (3, 143623) (4, 339078) (5, 148015) (6, 356041) (7, 154947) (8, 361219) (9, 125186) (10, 342321) (11, 125689) (12, 341165) (13, 150671) (14, 309181) (15, 80702)
    cpu_time_ms  (0, 775627) (1, 956096) (2, 779097) (3, 971626) (4, 776185) (5, 967231) (6, 759209) (7, 960289) (8, 754015) (9, 990055) (10, 772945) (11, 989558) (12, 774084) (13, 964580) (14, 805954) (15, 1034537)
clv size: 421937664 (max clv size: 421937664)
[03:51:00 -13231203.421553] SLOW spr round 4 (radius: 10)
    busy_ratio: 0.805452
    stats_step: spr_SLOW_2
    wait_time_ms  (0, 268493) (1, 181155) (2, 302929) (3, 138426) (4, 318172) (5, 135659) (6, 303494) (7, 139655) (8, 298844) (9, 132254) (10, 304568) (11, 110054) (12, 314737) (13, 164773) (14, 301301) (15, 128793)
    cpu_time_ms  (0, 869783) (1, 957169) (2, 835402) (3, 999888) (4, 820162) (5, 1002657) (6, 834837) (7, 998671) (8, 839434) (9, 1006056) (10, 833767) (11, 1028240) (12, 823590) (13, 973542) (14, 837010) (15, 1009509)
clv size: 421937664 (max clv size: 421937664)
[04:10:00 -13231203.421553] SLOW spr round 5 (radius: 15)
    busy_ratio: 0.803141
    stats_step: spr_SLOW_2
    wait_time_ms  (0, 619931) (1, 320173) (2, 648988) (3, 315649) (4, 695559) (5, 265355) (6, 705656) (7, 310772) (8, 704454) (9, 243352) (10, 670586) (11, 274545) (12, 693814) (13, 303957) (14, 669737) (15, 243652)
    cpu_time_ms  (0, 1820346) (1, 2120084) (2, 1791307) (3, 2124603) (4, 1744739) (5, 2174908) (6, 1734634) (7, 2129476) (8, 1735600) (9, 2196901) (10, 1769703) (11, 2165700) (12, 1746486) (13, 2136315) (14, 1770541) (15, 2196596)
clv size: 421937664 (max clv size: 421937664)
[04:50:41 -13231203.421553] SLOW spr round 6 (radius: 20)
    busy_ratio: 0.802672
    stats_step: spr_SLOW_2
    wait_time_ms  (0, 401845) (1, 280359) (2, 423208) (3, 258639) (4, 416056) (5, 230930) (6, 452979) (7, 240979) (8, 483266) (9, 238598) (10, 448697) (11, 173629) (12, 463214) (13, 245182) (14, 429729) (15, 191168)
    cpu_time_ms  (0, 1301688) (1, 1423193) (2, 1280364) (3, 1444917) (4, 1287515) (5, 1472633) (6, 1250595) (7, 1462576) (8, 1220120) (9, 1464946) (10, 1254756) (11, 1529882) (12, 1240348) (13, 1458365) (14, 1273827) (15, 1512389)
clv size: 421937664 (max clv size: 421937664)
[05:19:06 -13231203.421553] SLOW spr round 7 (radius: 25)
    busy_ratio: 0.776511
    stats_step: spr_SLOW_2
    wait_time_ms  (0, 179051) (1, 94487) (2, 208564) (3, 87309) (4, 188274) (5, 89212) (6, 196531) (7, 97678) (8, 212862) (9, 102774) (10, 159821) (11, 90872) (12, 201092) (13, 106179) (14, 201784) (15, 48351)
    cpu_time_ms  (0, 454337) (1, 538895) (2, 424812) (3, 546071) (4, 445119) (5, 544171) (6, 436858) (7, 535699) (8, 420488) (9, 530604) (10, 473570) (11, 542510) (12, 432289) (13, 527195) (14, 431601) (15, 584970)
clv size: 421937664 (max clv size: 421937664)
[05:29:42 -13231203.421553] Model parameter optimization (eps = 0.100000)
    busy_ratio: 0.862351
    stats_step: modelopt4
    wait_time_ms  (0, 102262) (1, 39549) (2, 143141) (3, 48462) (4, 109804) (5, 33753) (6, 129899) (7, 44235) (8, 155750) (9, 60503) (10, 112790) (11, 56871) (12, 138963) (13, 72882) (14, 130251) (15, 13493)
    cpu_time_ms  (0, 530055) (1, 592768) (2, 489181) (3, 583857) (4, 522517) (5, 598571) (6, 502433) (7, 588076) (8, 476575) (9, 571820) (10, 519538) (11, 575448) (12, 493362) (13, 559433) (14, 502067) (15, 618787)
clv size: 421937664 (max clv size: 421937664)

[05:40:14] ML tree search #1, logLikelihood: -13231184.872463


Optimized model parameters:

   Partition 0: Partition0
   Rate heterogeneity: GAMMA (4 cats),  alpha: 5.538 (ML),  weights&rates: (0.250,0.523) (0.250,0.816) (0.250,1.082) (0.250,1.579) 
   Base frequencies (empirical): 0.380 0.277 0.157 0.186 
   Substitution rates (ML): 0.861 1.851 0.968 1.869 1.771 1.000 

   Partition 1: Partition1
   Rate heterogeneity: GAMMA (4 cats),  alpha: 0.080 (ML),  weights&rates: (0.250,0.000) (0.250,0.000) (0.250,0.046) (0.250,3.954) 
   Base frequencies (empirical): 0.304 0.140 0.148 0.409 
   Substitution rates (ML): 1.796 2.031 0.807 2.928 1.762 1.000 

   Partition 2: Partition2
   Rate heterogeneity: GAMMA (4 cats),  alpha: 1.148 (ML),  weights&rates: (0.250,0.165) (0.250,0.517) (0.250,1.021) (0.250,2.297) 
   Base frequencies (empirical): 0.357 0.240 0.229 0.174 
   Substitution rates (ML): 401.250 911.531 573.978 615.557 804.127 1.000 

   Partition 3: Partition3
   Rate heterogeneity: GAMMA (4 cats),  alpha: 0.751 (ML),  weights&rates: (0.250,0.085) (0.250,0.387) (0.250,0.942) (0.250,2.586) 
   Base frequencies (empirical): 0.339 0.218 0.152 0.291 
   Substitution rates (ML): 1.440 2.591 0.821 4.555 1.923 1.000 

   Partition 4: Partition4
   Rate heterogeneity: GAMMA (4 cats),  alpha: 5.399 (ML),  weights&rates: (0.250,0.518) (0.250,0.813) (0.250,1.083) (0.250,1.587) 
   Base frequencies (empirical): 0.390 0.271 0.173 0.166 
   Substitution rates (ML): 1.254 2.424 1.443 2.106 2.301 1.000 

   Partition 5: Partition5
   Rate heterogeneity: GAMMA (4 cats),  alpha: 3.132 (ML),  weights&rates: (0.250,0.399) (0.250,0.739) (0.250,1.083) (0.250,1.779) 
   Base frequencies (empirical): 0.388 0.265 0.146 0.200 
   Substitution rates (ML): 0.678 1.374 0.703 1.754 1.338 1.000 

   Partition 6: Partition6
   Rate heterogeneity: GAMMA (4 cats),  alpha: 0.869 (ML),  weights&rates: (0.250,0.110) (0.250,0.433) (0.250,0.974) (0.250,2.482) 
   Base frequencies (empirical): 0.358 0.206 0.143 0.293 
   Substitution rates (ML): 1.196 1.813 0.633 3.024 1.443 1.000 

   Partition 7: Partition7
   Rate heterogeneity: GAMMA (4 cats),  alpha: 9.135 (ML),  weights&rates: (0.250,0.616) (0.250,0.864) (0.250,1.074) (0.250,1.446) 
   Base frequencies (empirical): 0.389 0.272 0.169 0.170 
   Substitution rates (ML): 1.063 2.056 1.194 1.905 2.023 1.000 

   Partition 8: Partition8
   Rate heterogeneity: GAMMA (4 cats),  alpha: 2.765 (ML),  weights&rates: (0.250,0.370) (0.250,0.718) (0.250,1.081) (0.250,1.831) 
   Base frequencies (empirical): 0.355 0.250 0.223 0.171 
   Substitution rates (ML): 3.285 6.403 4.027 5.596 6.589 1.000 

   Partition 9: Partition9
   Rate heterogeneity: GAMMA (4 cats),  alpha: 1.840 (ML),  weights&rates: (0.250,0.273) (0.250,0.637) (0.250,1.065) (0.250,2.024) 
   Base frequencies (empirical): 0.383 0.253 0.133 0.232 
   Substitution rates (ML): 0.619 1.223 0.546 1.742 1.066 1.000 

   Partition 10: Partition10
   Rate heterogeneity: GAMMA (4 cats),  alpha: 8.367 (ML),  weights&rates: (0.250,0.601) (0.250,0.856) (0.250,1.076) (0.250,1.467) 
   Base frequencies (empirical): 0.401 0.117 0.221 0.260 
   Substitution rates (ML): 48.325 794.842 925.219 761.291 336.990 1.000 

   Partition 11: Partition11
   Rate heterogeneity: GAMMA (4 cats),  alpha: 2.289 (ML),  weights&rates: (0.250,0.325) (0.250,0.683) (0.250,1.076) (0.250,1.916) 
   Base frequencies (empirical): 0.375 0.264 0.201 0.161 
   Substitution rates (ML): 2.029 3.682 2.071 2.630 3.484 1.000 

   Partition 12: Partition12
   Rate heterogeneity: GAMMA (4 cats),  alpha: 0.994 (ML),  weights&rates: (0.250,0.136) (0.250,0.475) (0.250,0.999) (0.250,2.390) 
   Base frequencies (empirical): 0.336 0.247 0.170 0.247 
   Substitution rates (ML): 1.406 2.916 1.162 3.982 2.279 1.000 

   Partition 13: Partition13
   Rate heterogeneity: GAMMA (4 cats),  alpha: 1.933 (ML),  weights&rates: (0.250,0.285) (0.250,0.648) (0.250,1.068) (0.250,1.999) 
   Base frequencies (empirical): 0.347 0.253 0.214 0.186 
   Substitution rates (ML): 2.064 3.999 2.485 4.065 4.196 1.000 

   Partition 14: Partition14
   Rate heterogeneity: GAMMA (4 cats),  alpha: 1.299 (ML),  weights&rates: (0.250,0.193) (0.250,0.551) (0.250,1.036) (0.250,2.220) 
   Base frequencies (empirical): 0.353 0.220 0.249 0.178 
   Substitution rates (ML): 329.673 881.710 650.396 720.770 758.944 1.000 

   Partition 15: Partition15
   Rate heterogeneity: GAMMA (4 cats),  alpha: 1.256 (ML),  weights&rates: (0.250,0.185) (0.250,0.542) (0.250,1.032) (0.250,2.241) 
   Base frequencies (empirical): 0.342 0.250 0.192 0.216 
   Substitution rates (ML): 1.617 3.211 1.622 3.836 2.974 1.000 

   Partition 16: Partition16
   Rate heterogeneity: GAMMA (4 cats),  alpha: 2.121 (ML),  weights&rates: (0.250,0.307) (0.250,0.667) (0.250,1.073) (0.250,1.953) 
   Base frequencies (empirical): 0.395 0.253 0.137 0.214 
   Substitution rates (ML): 0.589 1.158 0.556 1.747 1.175 1.000 

   Partition 17: Partition17
   Rate heterogeneity: GAMMA (4 cats),  alpha: 2.568 (ML),  weights&rates: (0.250,0.353) (0.250,0.704) (0.250,1.079) (0.250,1.863) 
   Base frequencies (empirical): 0.357 0.242 0.221 0.180 
   Substitution rates (ML): 2.286 4.211 2.576 3.818 4.521 1.000 

   Partition 18: Partition18
   Rate heterogeneity: GAMMA (4 cats),  alpha: 1.249 (ML),  weights&rates: (0.250,0.184) (0.250,0.541) (0.250,1.032) (0.250,2.244) 
   Base frequencies (empirical): 0.398 0.235 0.121 0.246 
   Substitution rates (ML): 0.427 0.847 0.358 1.479 0.802 1.000 

   Partition 19: Partition19
   Rate heterogeneity: GAMMA (4 cats),  alpha: 1.292 (ML),  weights&rates: (0.250,0.191) (0.250,0.550) (0.250,1.035) (0.250,2.224) 
   Base frequencies (empirical): 0.364 0.234 0.235 0.167 
   Substitution rates (ML): 414.467 955.142 716.837 714.353 922.370 1.000 

   Partition 20: Partition20
   Rate heterogeneity: GAMMA (4 cats),  alpha: 5.327 (ML),  weights&rates: (0.250,0.515) (0.250,0.811) (0.250,1.083) (0.250,1.591) 
   Base frequencies (empirical): 0.352 0.242 0.243 0.163 
   Substitution rates (ML): 2.634 5.606 3.002 5.163 6.115 1.000 

   Partition 21: Partition21
   Rate heterogeneity: GAMMA (4 cats),  alpha: 1.066 (ML),  weights&rates: (0.250,0.150) (0.250,0.496) (0.250,1.010) (0.250,2.344) 
   Base frequencies (empirical): 0.381 0.229 0.115 0.275 
   Substitution rates (ML): 0.436 0.862 0.335 1.501 0.687 1.000 

   Partition 22: Partition22
   Rate heterogeneity: GAMMA (4 cats),  alpha: 1.812 (ML),  weights&rates: (0.250,0.270) (0.250,0.633) (0.250,1.064) (0.250,2.032) 
   Base frequencies (empirical): 0.349 0.255 0.187 0.209 
   Substitution rates (ML): 1.514 2.987 1.371 3.620 2.815 1.000 

   Partition 23: Partition23
   Rate heterogeneity: GAMMA (4 cats),  alpha: 1.269 (ML),  weights&rates: (0.250,0.187) (0.250,0.545) (0.250,1.033) (0.250,2.234) 
   Base frequencies (empirical): 0.357 0.237 0.160 0.246 
   Substitution rates (ML): 1.323 2.348 0.859 3.328 1.953 1.000 

   Partition 24: Partition24
   Rate heterogeneity: GAMMA (4 cats),  alpha: 1.569 (ML),  weights&rates: (0.250,0.236) (0.250,0.600) (0.250,1.054) (0.250,2.110) 
   Base frequencies (empirical): 0.340 0.253 0.199 0.208 
   Substitution rates (ML): 1.866 3.785 2.062 4.236 3.649 1.000 

   Partition 25: Partition25
   Rate heterogeneity: GAMMA (4 cats),  alpha: 6.538 (ML),  weights&rates: (0.250,0.556) (0.250,0.833) (0.250,1.080) (0.250,1.531) 
   Base frequencies (empirical): 0.393 0.267 0.158 0.182 
   Substitution rates (ML): 0.909 1.858 0.977 1.903 1.759 1.000 

   Partition 26: Partition26
   Rate heterogeneity: GAMMA (4 cats),  alpha: 3.389 (ML),  weights&rates: (0.250,0.417) (0.250,0.751) (0.250,1.084) (0.250,1.748) 
   Base frequencies (empirical): 0.363 0.262 0.211 0.164 
   Substitution rates (ML): 2.091 3.902 2.164 2.899 3.797 1.000 

   Partition 27: Partition27
   Rate heterogeneity: GAMMA (4 cats),  alpha: 1.926 (ML),  weights&rates: (0.250,0.284) (0.250,0.647) (0.250,1.068) (0.250,2.001) 
   Base frequencies (empirical): 0.375 0.149 0.255 0.222 
   Substitution rates (ML): 34.407 677.241 666.406 721.477 609.175 1.000 

   Partition 28: Partition28
   Rate heterogeneity: GAMMA (4 cats),  alpha: 9.593 (ML),  weights&rates: (0.250,0.625) (0.250,0.868) (0.250,1.073) (0.250,1.435) 
   Base frequencies (empirical): 0.393 0.270 0.172 0.165 
   Substitution rates (ML): 1.037 1.931 1.149 1.839 2.083 1.000 

   Partition 29: Partition29
   Rate heterogeneity: GAMMA (4 cats),  alpha: 1.059 (ML),  weights&rates: (0.250,0.149) (0.250,0.494) (0.250,1.009) (0.250,2.349) 
   Base frequencies (empirical): 0.340 0.242 0.236 0.182 
   Substitution rates (ML): 374.856 867.188 615.123 659.882 798.482 1.000 

   Partition 30: Partition30
   Rate heterogeneity: GAMMA (4 cats),  alpha: 3.317 (ML),  weights&rates: (0.250,0.412) (0.250,0.748) (0.250,1.084) (0.250,1.756) 
   Base frequencies (empirical): 0.399 0.268 0.179 0.154 
   Substitution rates (ML): 1.314 2.463 1.434 1.950 2.549 1.000 

   Partition 31: Partition31
   Rate heterogeneity: GAMMA (4 cats),  alpha: 2.245 (ML),  weights&rates: (0.250,0.321) (0.250,0.679) (0.250,1.075) (0.250,1.925) 
   Base frequencies (empirical): 0.347 0.250 0.218 0.186 
   Substitution rates (ML): 2.425 4.599 2.928 4.500 4.710 1.000 

   Partition 32: Partition32
   Rate heterogeneity: GAMMA (4 cats),  alpha: 3.699 (ML),  weights&rates: (0.250,0.437) (0.250,0.764) (0.250,1.084) (0.250,1.715) 
   Base frequencies (empirical): 0.401 0.269 0.142 0.188 
   Substitution rates (ML): 0.644 1.478 0.703 1.705 1.397 1.000 

   Partition 33: Partition33
   Rate heterogeneity: GAMMA (4 cats),  alpha: 2.697 (ML),  weights&rates: (0.250,0.364) (0.250,0.713) (0.250,1.081) (0.250,1.842) 
   Base frequencies (empirical): 0.362 0.241 0.231 0.166 
   Substitution rates (ML): 3.782 7.467 5.339 5.731 7.356 1.000 

   Partition 34: Partition34
   Rate heterogeneity: GAMMA (4 cats),  alpha: 0.622 (ML),  weights&rates: (0.250,0.058) (0.250,0.324) (0.250,0.892) (0.250,2.726) 
   Base frequencies (empirical): 0.389 0.168 0.253 0.190 
   Substitution rates (ML): 204.434 953.490 818.673 793.653 655.060 1.000 

   Partition 35: Partition35
   Rate heterogeneity: GAMMA (4 cats),  alpha: 2.519 (ML),  weights&rates: (0.250,0.348) (0.250,0.701) (0.250,1.079) (0.250,1.872) 
   Base frequencies (empirical): 0.351 0.250 0.206 0.193 
   Substitution rates (ML): 1.997 3.973 1.697 4.379 3.856 1.000 

   Partition 36: Partition36
   Rate heterogeneity: GAMMA (4 cats),  alpha: 10.203 (ML),  weights&rates: (0.250,0.635) (0.250,0.872) (0.250,1.072) (0.250,1.421) 
   Base frequencies (empirical): 0.389 0.269 0.173 0.168 
   Substitution rates (ML): 1.152 2.166 1.263 1.893 2.200 1.000 

   Partition 37: Partition37
   Rate heterogeneity: GAMMA (4 cats),  alpha: 6.377 (ML),  weights&rates: (0.250,0.551) (0.250,0.831) (0.250,1.080) (0.250,1.538) 
   Base frequencies (empirical): 0.368 0.264 0.205 0.163 
   Substitution rates (ML): 1.819 3.427 2.010 2.711 3.440 1.000 

   Partition 38: Partition38
   Rate heterogeneity: GAMMA (4 cats),  alpha: 5.179 (ML),  weights&rates: (0.250,0.509) (0.250,0.808) (0.250,1.083) (0.250,1.600) 
   Base frequencies (empirical): 0.373 0.267 0.206 0.153 
   Substitution rates (ML): 1.828 3.349 2.016 2.655 3.644 1.000 

   Partition 39: Partition39
   Rate heterogeneity: GAMMA (4 cats),  alpha: 2.961 (ML),  weights&rates: (0.250,0.386) (0.250,0.729) (0.250,1.082) (0.250,1.802) 
   Base frequencies (empirical): 0.350 0.242 0.228 0.180 
   Substitution rates (ML): 3.204 6.122 4.029 5.036 6.117 1.000 

   Partition 40: Partition40
   Rate heterogeneity: GAMMA (4 cats),  alpha: 0.949 (ML),  weights&rates: (0.250,0.127) (0.250,0.461) (0.250,0.991) (0.250,2.422) 
   Base frequencies (empirical): 0.360 0.241 0.224 0.175 
   Substitution rates (ML): 315.318 658.161 443.389 465.793 654.952 1.000 

   Partition 41: Partition41
   Rate heterogeneity: GAMMA (4 cats),  alpha: 2.472 (ML),  weights&rates: (0.250,0.344) (0.250,0.697) (0.250,1.078) (0.250,1.881) 
   Base frequencies (empirical): 0.388 0.274 0.174 0.164 
   Substitution rates (ML): 1.356 2.848 1.571 2.070 2.636 1.000 

   Partition 42: Partition42
   Rate heterogeneity: GAMMA (4 cats),  alpha: 3.588 (ML),  weights&rates: (0.250,0.430) (0.250,0.760) (0.250,1.084) (0.250,1.726) 
   Base frequencies (empirical): 0.344 0.247 0.229 0.180 
   Substitution rates (ML): 2.115 4.036 2.120 4.232 4.479 1.000 

   Partition 43: Partition43
   Rate heterogeneity: GAMMA (4 cats),  alpha: 1.332 (ML),  weights&rates: (0.250,0.198) (0.250,0.558) (0.250,1.039) (0.250,2.205) 
   Base frequencies (empirical): 0.365 0.271 0.199 0.165 
   Substitution rates (ML): 2.282 4.269 2.324 2.780 3.836 1.000 

   Partition 44: Partition44
   Rate heterogeneity: GAMMA (4 cats),  alpha: 9.300 (ML),  weights&rates: (0.250,0.619) (0.250,0.865) (0.250,1.074) (0.250,1.442) 
   Base frequencies (empirical): 0.383 0.269 0.178 0.170 
   Substitution rates (ML): 1.275 2.339 1.365 2.022 2.339 1.000 

   Partition 45: Partition45
   Rate heterogeneity: GAMMA (4 cats),  alpha: 1.163 (ML),  weights&rates: (0.250,0.168) (0.250,0.521) (0.250,1.022) (0.250,2.289) 
   Base frequencies (empirical): 0.343 0.229 0.239 0.188 
   Substitution rates (ML): 386.883 885.893 689.882 710.246 832.093 1.000 

   Partition 46: Partition46
   Rate heterogeneity: GAMMA (4 cats),  alpha: 1.652 (ML),  weights&rates: (0.250,0.248) (0.250,0.612) (0.250,1.058) (0.250,2.082) 
   Base frequencies (empirical): 0.379 0.269 0.198 0.154 
   Substitution rates (ML): 2.025 3.854 2.142 2.726 3.690 1.000 

   Partition 47: Partition47
   Rate heterogeneity: GAMMA (4 cats),  alpha: 19.236 (ML),  weights&rates: (0.250,0.727) (0.250,0.912) (0.250,1.058) (0.250,1.303) 
   Base frequencies (empirical): 0.385 0.114 0.259 0.242 
   Substitution rates (ML): 41.587 870.241 876.216 824.858 618.576 1.000 

   Partition 48: Partition48
   Rate heterogeneity: GAMMA (4 cats),  alpha: 2.543 (ML),  weights&rates: (0.250,0.350) (0.250,0.703) (0.250,1.079) (0.250,1.868) 
   Base frequencies (empirical): 0.432 0.069 0.131 0.369 
   Substitution rates (ML): 0.001 260.495 536.719 963.467 145.641 1.000 

   Partition 49: Partition49
   Rate heterogeneity: GAMMA (4 cats),  alpha: 1.601 (ML),  weights&rates: (0.250,0.240) (0.250,0.604) (0.250,1.056) (0.250,2.099) 
   Base frequencies (empirical): 0.367 0.176 0.237 0.221 
   Substitution rates (ML): 190.279 959.296 810.636 873.441 832.679 1.000 

Final LogLikelihood: -13231184.872463

Best ML tree saved to: /home/morelbt/github/raxml-ng/bin/results/kyte_tipinner_T16_realloc_1/kyte.phy.raxml.bestTree

Execution log saved to: /home/morelbt/github/raxml-ng/bin/results/kyte_tipinner_T16_realloc_1/kyte.phy.raxml.log

Elapsed time: 20414.412 seconds

