
RAxML-NG v. 0.1.0 BETA released on 18.03.2017 by The Exelixis Lab.
Authors: Alexey Kozlov, Alexandros Stamatakis, Diego Darriba, Tomas Flouri, Benoit Morel.
Latest version: https://github.com/amkozlov/raxml-ng
Questions/problems/suggestions? Please visit: https://groups.google.com/forum/#!forum/raxml

WARNING: This is a BETA release, please use at your own risk!

RAxML-NG was called as follows:

./raxml-ng-mpi --seed=42 --msa /home/morelbt/github/raxml-ng/bin/results/kyte_repeats_T16_realloc_1/kyte.phy --model /home/morelbt/github/raxml-ng/bin/results/kyte_repeats_T16_realloc_1/kyte.part --simd AVX --threads 16 --repeats on --redo

Analysis options:
  run mode: ML tree search
  start tree(s): random
  random seed: 42
  tip-inner: OFF
  repeats: ON
  pattern compression: ON
  fast spr radius: AUTO
  spr subtree cutoff: 1.000000
  branch lengths: ML estimate (linked)
  SIMD kernels: AVX
  parallelization: PTHREADS (16 threads)

WARNING: Running in REDO mode: existing checkpoints are ignored, and all result files will be overwritten!

[00:00:00] Reading alignment from file: /home/morelbt/github/raxml-ng/bin/results/kyte_repeats_T16_realloc_1/kyte.phy
[00:00:16] Loaded alignment with 144 taxa and 413459 sites

WARNING: Fully undetermined columns found: 25

NOTE: Reduced alignment (with gap-only sequences and columns removed) was printed to:
/home/morelbt/github/raxml-ng/bin/results/kyte_repeats_T16_realloc_1/kyte.phy.raxml.reduced.phy

NOTE: The corresponding reduced partition file was printed to:
/home/morelbt/github/raxml-ng/bin/results/kyte_repeats_T16_realloc_1/kyte.phy.raxml.reduced.partition

Alignment comprises 50 partitions and 371434 patterns

Partition 0: Partition0
Model: GTR+F+G4
Alignment sites / patterns: 4948 / 4948
Gaps: 39.14 %
Invariant sites: 0.00 %

Partition 1: Partition1
Model: GTR+F+G4
Alignment sites / patterns: 170859 / 128909
Gaps: 31.25 %
Invariant sites: 60.63 %

Partition 2: Partition2
Model: GTR+F+G4
Alignment sites / patterns: 2266 / 2266
Gaps: 19.40 %
Invariant sites: 0.00 %

Partition 3: Partition3
Model: GTR+F+G4
Alignment sites / patterns: 31854 / 31795
Gaps: 34.47 %
Invariant sites: 0.00 %

Partition 4: Partition4
Model: GTR+F+G4
Alignment sites / patterns: 3219 / 3219
Gaps: 31.81 %
Invariant sites: 0.00 %

Partition 5: Partition5
Model: GTR+F+G4
Alignment sites / patterns: 5297 / 5297
Gaps: 39.98 %
Invariant sites: 0.00 %

Partition 6: Partition6
Model: GTR+F+G4
Alignment sites / patterns: 12857 / 12854
Gaps: 36.29 %
Invariant sites: 0.00 %

Partition 7: Partition7
Model: GTR+F+G4
Alignment sites / patterns: 4651 / 4651
Gaps: 36.82 %
Invariant sites: 0.00 %

Partition 8: Partition8
Model: GTR+F+G4
Alignment sites / patterns: 4711 / 4711
Gaps: 26.37 %
Invariant sites: 0.00 %

Partition 9: Partition9
Model: GTR+F+G4
Alignment sites / patterns: 5197 / 5197
Gaps: 40.58 %
Invariant sites: 0.00 %

Partition 10: Partition10
Model: GTR+F+G4
Alignment sites / patterns: 243 / 243
Gaps: 13.40 %
Invariant sites: 0.00 %

Partition 11: Partition11
Model: GTR+F+G4
Alignment sites / patterns: 3580 / 3580
Gaps: 22.99 %
Invariant sites: 0.00 %

Partition 12: Partition12
Model: GTR+F+G4
Alignment sites / patterns: 20753 / 20746
Gaps: 34.51 %
Invariant sites: 0.00 %

Partition 13: Partition13
Model: GTR+F+G4
Alignment sites / patterns: 9161 / 9160
Gaps: 32.22 %
Invariant sites: 0.00 %

Partition 14: Partition14
Model: GTR+F+G4
Alignment sites / patterns: 722 / 722
Gaps: 17.15 %
Invariant sites: 0.00 %

Partition 15: Partition15
Model: GTR+F+G4
Alignment sites / patterns: 14853 / 14849
Gaps: 34.30 %
Invariant sites: 0.00 %

Partition 16: Partition16
Model: GTR+F+G4
Alignment sites / patterns: 5373 / 5373
Gaps: 40.18 %
Invariant sites: 0.00 %

Partition 17: Partition17
Model: GTR+F+G4
Alignment sites / patterns: 5744 / 5744
Gaps: 28.46 %
Invariant sites: 0.00 %

Partition 18: Partition18
Model: GTR+F+G4
Alignment sites / patterns: 4668 / 4668
Gaps: 39.90 %
Invariant sites: 0.00 %

Partition 19: Partition19
Model: GTR+F+G4
Alignment sites / patterns: 1988 / 1988
Gaps: 21.47 %
Invariant sites: 0.00 %

Partition 20: Partition20
Model: GTR+F+G4
Alignment sites / patterns: 2236 / 2236
Gaps: 30.54 %
Invariant sites: 0.00 %

Partition 21: Partition21
Model: GTR+F+G4
Alignment sites / patterns: 3831 / 3831
Gaps: 40.29 %
Invariant sites: 0.00 %

Partition 22: Partition22
Model: GTR+F+G4
Alignment sites / patterns: 5677 / 5677
Gaps: 34.40 %
Invariant sites: 0.00 %

Partition 23: Partition23
Model: GTR+F+G4
Alignment sites / patterns: 8284 / 8284
Gaps: 35.05 %
Invariant sites: 0.00 %

Partition 24: Partition24
Model: GTR+F+G4
Alignment sites / patterns: 11756 / 11755
Gaps: 33.60 %
Invariant sites: 0.00 %

Partition 25: Partition25
Model: GTR+F+G4
Alignment sites / patterns: 4910 / 4910
Gaps: 38.41 %
Invariant sites: 0.00 %

Partition 26: Partition26
Model: GTR+F+G4
Alignment sites / patterns: 2786 / 2786
Gaps: 24.70 %
Invariant sites: 0.00 %

Partition 27: Partition27
Model: GTR+F+G4
Alignment sites / patterns: 346 / 346
Gaps: 17.36 %
Invariant sites: 0.00 %

Partition 28: Partition28
Model: GTR+F+G4
Alignment sites / patterns: 4395 / 4395
Gaps: 36.16 %
Invariant sites: 0.00 %

Partition 29: Partition29
Model: GTR+F+G4
Alignment sites / patterns: 1373 / 1373
Gaps: 17.88 %
Invariant sites: 0.00 %

Partition 30: Partition30
Model: GTR+F+G4
Alignment sites / patterns: 2532 / 2532
Gaps: 28.89 %
Invariant sites: 0.00 %

Partition 31: Partition31
Model: GTR+F+G4
Alignment sites / patterns: 7408 / 7408
Gaps: 30.38 %
Invariant sites: 0.00 %

Partition 32: Partition32
Model: GTR+F+G4
Alignment sites / patterns: 5242 / 5242
Gaps: 39.43 %
Invariant sites: 0.00 %

Partition 33: Partition33
Model: GTR+F+G4
Alignment sites / patterns: 2739 / 2739
Gaps: 22.99 %
Invariant sites: 0.00 %

Partition 34: Partition34
Model: GTR+F+G4
Alignment sites / patterns: 300 / 300
Gaps: 15.53 %
Invariant sites: 0.00 %

Partition 35: Partition35
Model: GTR+F+G4
Alignment sites / patterns: 3869 / 3869
Gaps: 32.56 %
Invariant sites: 0.00 %

Partition 36: Partition36
Model: GTR+F+G4
Alignment sites / patterns: 3833 / 3833
Gaps: 34.29 %
Invariant sites: 0.00 %

Partition 37: Partition37
Model: GTR+F+G4
Alignment sites / patterns: 4849 / 4849
Gaps: 29.99 %
Invariant sites: 0.00 %

Partition 38: Partition38
Model: GTR+F+G4
Alignment sites / patterns: 3779 / 3779
Gaps: 27.23 %
Invariant sites: 0.00 %

Partition 39: Partition39
Model: GTR+F+G4
Alignment sites / patterns: 3590 / 3590
Gaps: 24.72 %
Invariant sites: 0.00 %

Partition 40: Partition40
Model: GTR+F+G4
Alignment sites / patterns: 1714 / 1714
Gaps: 18.11 %
Invariant sites: 0.00 %

Partition 41: Partition41
Model: GTR+F+G4
Alignment sites / patterns: 1992 / 1992
Gaps: 26.20 %
Invariant sites: 0.00 %

Partition 42: Partition42
Model: GTR+F+G4
Alignment sites / patterns: 2850 / 2850
Gaps: 31.44 %
Invariant sites: 0.00 %

Partition 43: Partition43
Model: GTR+F+G4
Alignment sites / patterns: 1866 / 1866
Gaps: 18.62 %
Invariant sites: 0.00 %

Partition 44: Partition44
Model: GTR+F+G4
Alignment sites / patterns: 3685 / 3685
Gaps: 33.86 %
Invariant sites: 0.00 %

Partition 45: Partition45
Model: GTR+F+G4
Alignment sites / patterns: 928 / 928
Gaps: 17.40 %
Invariant sites: 0.00 %

Partition 46: Partition46
Model: GTR+F+G4
Alignment sites / patterns: 2628 / 2628
Gaps: 20.88 %
Invariant sites: 0.00 %

Partition 47: Partition47
Model: GTR+F+G4
Alignment sites / patterns: 320 / 320
Gaps: 15.63 %
Invariant sites: 0.00 %

Partition 48: Partition48
Model: GTR+F+G4
Alignment sites / patterns: 77 / 77
Gaps: 10.28 %
Invariant sites: 0.00 %

Partition 49: Partition49
Model: GTR+F+G4
Alignment sites / patterns: 720 / 720
Gaps: 18.18 %
Invariant sites: 0.00 %


[00:00:22] Generating random starting tree(s) with 144 taxa
range weight : 4948.00
range weight : 128909.00
range weight : 2266.00
range weight : 31795.00
range weight : 3219.00
range weight : 5297.00
range weight : 12854.00
range weight : 4651.00
range weight : 4711.00
range weight : 5197.00
range weight : 243.00
range weight : 3580.00
range weight : 20746.00
range weight : 9160.00
range weight : 722.00
range weight : 14849.00
range weight : 5373.00
range weight : 5744.00
range weight : 4668.00
range weight : 1988.00
range weight : 2236.00
range weight : 3831.00
range weight : 5677.00
range weight : 8284.00
range weight : 11755.00
range weight : 4910.00
range weight : 2786.00
range weight : 346.00
range weight : 4395.00
range weight : 1373.00
range weight : 2532.00
range weight : 7408.00
range weight : 5242.00
range weight : 2739.00
range weight : 300.00
range weight : 3869.00
range weight : 3833.00
range weight : 4849.00
range weight : 3779.00
range weight : 3590.00
range weight : 1714.00
range weight : 1992.00
range weight : 2850.00
range weight : 1866.00
range weight : 3685.00
range weight : 928.00
range weight : 2628.00
range weight : 320.00
range weight : 77.00
range weight : 720.00
total weight : 371434.00
max weight : 23214.62
thread#	part#	start	length
0	48	0	77
0	46	0	2628
0	37	0	4849
0	1	113239	15660

1	10	0	243
1	33	0	2739
1	25	0	4910
1	1	97917	15322

2	34	0	300
2	26	0	2786
2	0	0	4948
2	1	82737	15180

3	47	0	320
3	42	0	2850
3	9	0	5197
3	1	67890	14847

4	27	0	346
4	4	0	3219
4	32	0	5242
4	1	53483	14407

5	49	0	720
5	11	0	3580
5	5	0	5297
5	1	39866	13617

6	14	0	722
6	39	0	3590
6	16	0	5373
6	1	26337	13529

7	45	0	928
7	44	0	3685
7	22	0	5677
7	1	13413	12924

8	29	0	1373
8	38	0	3779
8	17	0	5744
8	1	1095	12318

9	40	0	1714
9	21	0	3831
9	31	0	7408
9	3	22629	9166
9	1	0	1095

10	43	0	1866
10	36	0	3833
10	23	0	8284
10	3	13398	9231

11	19	0	1988
11	35	0	3869
11	13	0	9160
11	12	9976	8197

12	41	0	1992
12	28	0	4395
12	24	0	11755
12	12	4904	5072

13	20	0	2236
13	7	0	4651
13	6	0	12854
13	12	1431	3473

14	2	0	2266
14	18	0	4668
14	15	0	14849
14	12	0	1431

15	30	0	2532
15	8	0	4711
15	12	18173	2573
15	3	0	13398


[00:00:22] Data distribution: partitions/thread: 4-5, patterns/thread: 23214-4607182418800040622

Starting ML tree search with 1 distinct starting trees

clv size: 159158656 (max clv size: 421937664)
[00:00:23 -19336778.088744] Initial branch length optimization
    busy_ratio: 0.962348
    stats_step: initial_blo
    wait_time_ms  (0, 1323) (1, 1373) (2, 1601) (3, 1267) (4, 1247) (5, 570) (6, 1432) (7, 1124) (8, 1213) (9, 2443) (10, 1433) (11, 1625) (12, 1222) (13, 1230) (14, 1161) (15, 1967)
    cpu_time_ms  (0, 32294) (1, 35769) (2, 35514) (3, 35895) (4, 35898) (5, 36566) (6, 35708) (7, 36019) (8, 35914) (9, 34700) (10, 35693) (11, 35502) (12, 35894) (13, 35875) (14, 35947) (15, 35186)
clv size: 199717760 (max clv size: 421937664)
[00:00:37 -17421822.358027] Model parameter optimization (eps = 10.000000)
    busy_ratio: 0.907697
    stats_step: modelopt1
    wait_time_ms  (0, 36064) (1, 46027) (2, 43663) (3, 39090) (4, 44565) (5, 43861) (6, 51393) (7, 41633) (8, 41235) (9, 24326) (10, 21224) (11, 15282) (12, 9940) (13, 10533) (14, 8379) (15, 16680)
    cpu_time_ms  (0, 298353) (1, 288407) (2, 290771) (3, 295343) (4, 289867) (5, 290573) (6, 283039) (7, 292798) (8, 293179) (9, 310108) (10, 313211) (11, 319153) (12, 324487) (13, 323899) (14, 326053) (15, 317753)
clv size: 199717760 (max clv size: 421937664)
[00:06:11 -16654003.542557] AUTODETECT spr round 1 (radius: 5)
    busy_ratio: 0.916339
    stats_step: autodetect_spr
    wait_time_ms  (0, 8920) (1, 7632) (2, 10303) (3, 8348) (4, 8959) (5, 7160) (6, 11402) (7, 8399) (8, 9288) (9, 9069) (10, 8510) (11, 7890) (12, 5159) (13, 5744) (14, 5400) (15, 5678)
    cpu_time_ms  (0, 86588) (1, 87898) (2, 85227) (3, 87181) (4, 86570) (5, 88369) (6, 84095) (7, 87129) (8, 86242) (9, 86460) (10, 87019) (11, 87638) (12, 90366) (13, 89785) (14, 90131) (15, 89851)
clv size: 215637632 (max clv size: 421937664)
[00:07:47 -15081242.985661] AUTODETECT spr round 2 (radius: 10)
    busy_ratio: 0.796855
    stats_step: autodetect_spr
    wait_time_ms  (0, 48045) (1, 49926) (2, 48683) (3, 55566) (4, 43384) (5, 5283) (6, 24907) (7, 54159) (8, 44683) (9, 51679) (10, 45953) (11, 52054) (12, 39094) (13, 45515) (14, 37053) (15, 46951)
    cpu_time_ms  (0, 165141) (1, 163272) (2, 164520) (3, 157633) (4, 169818) (5, 207905) (6, 188189) (7, 159038) (8, 168509) (9, 161513) (10, 167244) (11, 161146) (12, 174111) (13, 167689) (14, 176142) (15, 166252)
clv size: 220994944 (max clv size: 421937664)
[00:11:20 -13681659.928399] AUTODETECT spr round 3 (radius: 15)
    busy_ratio: 0.841519
    stats_step: autodetect_spr
    wait_time_ms  (0, 50878) (1, 52203) (2, 57361) (3, 53954) (4, 47411) (5, 5507) (6, 41218) (7, 60415) (8, 45652) (9, 49597) (10, 45751) (11, 46386) (12, 39550) (13, 39932) (14, 37996) (15, 40097)
    cpu_time_ms  (0, 230663) (1, 229349) (2, 224192) (3, 227598) (4, 234150) (5, 276032) (6, 240231) (7, 221140) (8, 235901) (9, 231953) (10, 235807) (11, 235172) (12, 242011) (13, 241624) (14, 243562) (15, 241456)
clv size: 220994944 (max clv size: 421937664)
[00:16:01 -13629814.740644] AUTODETECT spr round 4 (radius: 20)
    busy_ratio: 0.818384
    stats_step: autodetect_spr
    wait_time_ms  (0, 50003) (1, 79180) (2, 59601) (3, 75648) (4, 52266) (5, 28979) (6, 59838) (7, 83756) (8, 51159) (9, 66348) (10, 39157) (11, 59188) (12, 33880) (13, 67871) (14, 38439) (15, 60885)
    cpu_time_ms  (0, 261834) (1, 232687) (2, 252258) (3, 236216) (4, 259591) (5, 282859) (6, 251934) (7, 228107) (8, 260698) (9, 245519) (10, 272701) (11, 252675) (12, 277986) (13, 243996) (14, 273425) (15, 250972)
clv size: 220994944 (max clv size: 421937664)
[00:21:13 -13629807.690391] AUTODETECT spr round 5 (radius: 25)
    busy_ratio: 0.802647
    stats_step: autodetect_spr
    wait_time_ms  (0, 9845) (1, 48315) (2, 38645) (3, 47963) (4, 22119) (5, 41631) (6, 31926) (7, 45351) (8, 23715) (9, 42653) (10, 10000) (11, 41215) (12, 12840) (13, 39779) (14, 17694) (15, 38901)
    cpu_time_ms  (0, 152467) (1, 114025) (2, 123696) (3, 114377) (4, 140178) (5, 120702) (6, 130408) (7, 116990) (8, 138623) (9, 119687) (10, 152338) (11, 121125) (12, 149499) (13, 122562) (14, 144647) (15, 123439)
[00:23:55 -13629807.632232] SPR radius for FAST iterations: 20 (autodetect)
[00:23:55 -13629807.632232] Model parameter optimization (eps = 3.000000)
clv size: 220994944 (max clv size: 421937664)
    busy_ratio: 0.779318
    stats_step: modelopt2
    wait_time_ms  (0, 44769) (1, 96661) (2, 83075) (3, 86492) (4, 50005) (5, 91420) (6, 67348) (7, 92263) (8, 54229) (9, 59852) (10, 20198) (11, 52773) (12, 17015) (13, 65013) (14, 30436) (15, 64912)
    cpu_time_ms  (0, 231742) (1, 179897) (2, 193479) (3, 190067) (4, 226545) (5, 185141) (6, 209198) (7, 184297) (8, 222322) (9, 216691) (10, 256278) (11, 223780) (12, 259546) (13, 211542) (14, 246117) (15, 211644)
clv size: 220994944 (max clv size: 421937664)
[00:28:31 -13594441.243373] FAST spr round 1 (radius: 20)
    busy_ratio: 0.856211
    stats_step: spr_FAST_1
    wait_time_ms  (0, 57686) (1, 84364) (2, 77537) (3, 79960) (4, 59523) (5, 82711) (6, 69929) (7, 84238) (8, 56689) (9, 69872) (10, 37973) (11, 57732) (12, 55486) (13, 70378) (14, 73282) (15, 60417)
    cpu_time_ms  (0, 410745) (1, 384116) (2, 390953) (3, 388516) (4, 408941) (5, 385776) (6, 398553) (7, 384247) (8, 411796) (9, 398611) (10, 430427) (11, 410753) (12, 413003) (13, 398105) (14, 395207) (15, 408063)
clv size: 223791744 (max clv size: 421937664)
[00:36:23 -13249610.479102] FAST spr round 2 (radius: 20)
    busy_ratio: 0.865618
    stats_step: spr_FAST_1
    wait_time_ms  (0, 44869) (1, 70815) (2, 46069) (3, 41872) (4, 40766) (5, 67888) (6, 58766) (7, 55214) (8, 42673) (9, 44392) (10, 28379) (11, 41615) (12, 40999) (13, 36112) (14, 45526) (15, 36736)
    cpu_time_ms  (0, 300558) (1, 274612) (2, 299364) (3, 303555) (4, 304585) (5, 277543) (6, 286661) (7, 290215) (8, 302759) (9, 301035) (10, 317017) (11, 303813) (12, 304434) (13, 309313) (14, 299907) (15, 308689)
clv size: 224632192 (max clv size: 421937664)
[00:42:10 -13234195.183128] FAST spr round 3 (radius: 20)
    busy_ratio: 0.789892
    stats_step: spr_FAST_1
    wait_time_ms  (0, 67325) (1, 82969) (2, 58722) (3, 49213) (4, 47174) (5, 76582) (6, 68325) (7, 75627) (8, 49953) (9, 65491) (10, 34995) (11, 62613) (12, 49644) (13, 62935) (14, 63074) (15, 39140)
    cpu_time_ms  (0, 216397) (1, 200757) (2, 225005) (3, 234506) (4, 236474) (5, 207146) (6, 215402) (7, 208099) (8, 233773) (9, 218232) (10, 248723) (11, 221115) (12, 234085) (13, 220794) (14, 220654) (15, 244566)
clv size: 224699008 (max clv size: 421937664)
[00:46:55 -13232120.243963] FAST spr round 4 (radius: 20)
    busy_ratio: 0.809900
    stats_step: spr_FAST_1
    wait_time_ms  (0, 45906) (1, 68155) (2, 37788) (3, 60217) (4, 38055) (5, 60568) (6, 55344) (7, 65394) (8, 36596) (9, 44696) (10, 39843) (11, 44351) (12, 37900) (13, 52843) (14, 46525) (15, 32187)
    cpu_time_ms  (0, 206059) (1, 183814) (2, 214183) (3, 191751) (4, 213825) (5, 191401) (6, 196627) (7, 186575) (8, 215375) (9, 207266) (10, 212128) (11, 207617) (12, 214072) (13, 199126) (14, 205442) (15, 219772)
clv size: 224699008 (max clv size: 421937664)
[00:51:08 -13231966.625454] FAST spr round 5 (radius: 20)
    busy_ratio: 0.837680
    stats_step: spr_FAST_1
    wait_time_ms  (0, 47605) (1, 55831) (2, 50729) (3, 45108) (4, 26831) (5, 52650) (6, 48573) (7, 50278) (8, 35194) (9, 37979) (10, 32888) (11, 34587) (12, 35665) (13, 41262) (14, 43736) (15, 23732)
    cpu_time_ms  (0, 207546) (1, 199327) (2, 204432) (3, 210047) (4, 228274) (5, 202508) (6, 206550) (7, 204880) (8, 219958) (9, 217175) (10, 222271) (11, 220570) (12, 219496) (13, 213891) (14, 211424) (15, 231408)
clv size: 224732544 (max clv size: 421937664)
[00:55:25 -13231723.334686] FAST spr round 6 (radius: 20)
    busy_ratio: 0.871133
    stats_step: spr_FAST_1
    wait_time_ms  (0, 26092) (1, 51941) (2, 37044) (3, 26398) (4, 17023) (5, 40073) (6, 30440) (7, 45030) (8, 21342) (9, 27916) (10, 22538) (11, 25919) (12, 23015) (13, 25956) (14, 28896) (15, 21700)
    cpu_time_ms  (0, 202502) (1, 176659) (2, 191557) (3, 202194) (4, 211571) (5, 188526) (6, 198083) (7, 183569) (8, 207259) (9, 200680) (10, 206062) (11, 202677) (12, 205584) (13, 202643) (14, 199703) (15, 206894)
clv size: 224732544 (max clv size: 421937664)
[00:59:15 -13231609.582474] FAST spr round 7 (radius: 20)
    busy_ratio: 0.860288
    stats_step: spr_FAST_1
    wait_time_ms  (0, 25256) (1, 54539) (2, 30303) (3, 26699) (4, 24826) (5, 34965) (6, 40279) (7, 44525) (8, 29032) (9, 33399) (10, 19338) (11, 28870) (12, 34248) (13, 30899) (14, 33146) (15, 21974)
    cpu_time_ms  (0, 203926) (1, 174646) (2, 198884) (3, 202478) (4, 204336) (5, 194217) (6, 188852) (7, 184657) (8, 200154) (9, 195783) (10, 209847) (11, 200315) (12, 194939) (13, 198287) (14, 196041) (15, 207204)
clv size: 224732544 (max clv size: 421937664)
[01:03:06 -13231589.624248] FAST spr round 8 (radius: 20)
    busy_ratio: 0.802388
    stats_step: spr_FAST_1
    wait_time_ms  (0, 44498) (1, 73189) (2, 46902) (3, 58923) (4, 38246) (5, 57589) (6, 50623) (7, 63634) (8, 38129) (9, 57766) (10, 37957) (11, 50803) (12, 46552) (13, 40034) (14, 46625) (15, 27471)
    cpu_time_ms  (0, 201867) (1, 173176) (2, 199468) (3, 187443) (4, 208052) (5, 188778) (6, 195741) (7, 182732) (8, 208240) (9, 188598) (10, 208414) (11, 195566) (12, 199811) (13, 206333) (14, 199745) (15, 218894)
clv size: 224732544 (max clv size: 421937664)
[01:07:13 -13231575.467677] FAST spr round 9 (radius: 20)
    busy_ratio: 0.778706
    stats_step: spr_FAST_1
    wait_time_ms  (0, 51996) (1, 78596) (2, 55387) (3, 75558) (4, 46530) (5, 71253) (6, 48821) (7, 75939) (8, 53776) (9, 61343) (10, 39721) (11, 52312) (12, 47664) (13, 58356) (14, 67012) (15, 10138)
    cpu_time_ms  (0, 200611) (1, 174020) (2, 197228) (3, 177051) (4, 206087) (5, 181361) (6, 203795) (7, 176675) (8, 198836) (9, 191269) (10, 212893) (11, 200301) (12, 204863) (13, 194256) (14, 185603) (15, 242464)
clv size: 224732544 (max clv size: 421937664)
[01:11:27 -13231571.705409] FAST spr round 10 (radius: 20)
    busy_ratio: 0.824565
    stats_step: spr_FAST_1
    wait_time_ms  (0, 40164) (1, 57218) (2, 42181) (3, 51546) (4, 41295) (5, 54380) (6, 43764) (7, 55734) (8, 32174) (9, 43553) (10, 31341) (11, 38060) (12, 27702) (13, 44585) (14, 38592) (15, 17865)
    cpu_time_ms  (0, 195026) (1, 177974) (2, 193012) (3, 183646) (4, 193896) (5, 180811) (6, 191428) (7, 179459) (8, 203018) (9, 191637) (10, 203850) (11, 197128) (12, 207421) (13, 190600) (14, 196602) (15, 217313)
clv size: 224732544 (max clv size: 421937664)
[01:15:24 -13231569.143504] FAST spr round 11 (radius: 20)
    busy_ratio: 0.817312
    stats_step: spr_FAST_1
    wait_time_ms  (0, 44858) (1, 66053) (2, 38407) (3, 48824) (4, 33830) (5, 67379) (6, 45653) (7, 60494) (8, 28737) (9, 53256) (10, 29610) (11, 41484) (12, 32768) (13, 53281) (14, 51502) (15, 33210)
    cpu_time_ms  (0, 204663) (1, 183475) (2, 211039) (3, 200703) (4, 215699) (5, 182150) (6, 203876) (7, 189035) (8, 220793) (9, 196268) (10, 219919) (11, 208036) (12, 216756) (13, 196246) (14, 198028) (15, 216301)
clv size: 224732544 (max clv size: 421937664)
[01:19:35 -13231543.761879] FAST spr round 12 (radius: 20)
    busy_ratio: 0.778179
    stats_step: spr_FAST_1
    wait_time_ms  (0, 51987) (1, 86429) (2, 32014) (3, 76468) (4, 45223) (5, 81707) (6, 62586) (7, 85715) (8, 41991) (9, 74191) (10, 36097) (11, 22789) (12, 53152) (13, 73278) (14, 63120) (15, 69726)
    cpu_time_ms  (0, 217511) (1, 183075) (2, 237416) (3, 193035) (4, 224283) (5, 187797) (6, 206920) (7, 183788) (8, 227514) (9, 195308) (10, 233403) (11, 246702) (12, 216353) (13, 196223) (14, 206370) (15, 199769)
[01:24:06 -13231543.758767] Model parameter optimization (eps = 1.000000)
    busy_ratio: 0.807955
    stats_step: modelopt3
    wait_time_ms  (0, 12048) (1, 29408) (2, 14123) (3, 24942) (4, 10648) (5, 25775) (6, 15205) (7, 23701) (8, 12315) (9, 17385) (10, 5617) (11, 10016) (12, 6746) (13, 18172) (14, 14863) (15, 17445)
    cpu_time_ms  (0, 72050) (1, 54693) (2, 69960) (3, 59159) (4, 73454) (5, 58325) (6, 68896) (7, 60397) (8, 71786) (9, 66712) (10, 78486) (11, 74081) (12, 77356) (13, 65928) (14, 69240) (15, 66652)
clv size: 224732544 (max clv size: 421937664)
[01:25:30 -13231356.521236] SLOW spr round 1 (radius: 5)
    busy_ratio: 0.830089
    stats_step: spr_SLOW_2
    wait_time_ms  (0, 124458) (1, 176078) (2, 102208) (3, 147378) (4, 97386) (5, 146720) (6, 143623) (7, 155056) (8, 102879) (9, 141891) (10, 94454) (11, 60025) (12, 104595) (13, 142415) (14, 150757) (15, 131455)
    cpu_time_ms  (0, 619091) (1, 567476) (2, 641264) (3, 596182) (4, 646057) (5, 596832) (6, 599936) (7, 588502) (8, 640686) (9, 601668) (10, 649110) (11, 683506) (12, 638967) (13, 601136) (14, 592812) (15, 612101)
clv size: 224732544 (max clv size: 421937664)
[01:37:54 -13231283.471181] SLOW spr round 2 (radius: 5)
    busy_ratio: 0.827929
    stats_step: spr_SLOW_2
    wait_time_ms  (0, 111582) (1, 167569) (2, 137048) (3, 142787) (4, 89300) (5, 148990) (6, 140680) (7, 157917) (8, 78799) (9, 136912) (10, 101076) (11, 63386) (12, 106953) (13, 144824) (14, 133032) (15, 127246)
    cpu_time_ms  (0, 610561) (1, 554578) (2, 585101) (3, 579359) (4, 632789) (5, 573153) (6, 581460) (7, 564226) (8, 643153) (9, 585230) (10, 621069) (11, 658722) (12, 615191) (13, 577318) (14, 589120) (15, 594884)
clv size: 224732544 (max clv size: 421937664)
[01:49:58 -13231205.578988] SLOW spr round 3 (radius: 5)
    busy_ratio: 0.822019
    stats_step: spr_SLOW_2
    wait_time_ms  (0, 102218) (1, 156407) (2, 141263) (3, 144152) (4, 101535) (5, 157475) (6, 123027) (7, 159624) (8, 119093) (9, 128944) (10, 97255) (11, 132853) (12, 127326) (13, 135477) (14, 157072) (15, 82137)
    cpu_time_ms  (0, 623144) (1, 569065) (2, 584213) (3, 581316) (4, 623928) (5, 568002) (6, 602374) (7, 565836) (8, 606308) (9, 596512) (10, 628221) (11, 592608) (12, 598154) (13, 589979) (14, 568409) (15, 643322)
clv size: 225042816 (max clv size: 421937664)
[02:02:04 -13231205.578979] SLOW spr round 4 (radius: 10)
    busy_ratio: 0.820329
    stats_step: spr_SLOW_2
    wait_time_ms  (0, 99482) (1, 186403) (2, 148194) (3, 148047) (4, 124335) (5, 172796) (6, 126827) (7, 179137) (8, 123423) (9, 162653) (10, 103643) (11, 147564) (12, 128244) (13, 168572) (14, 146134) (15, 59384)
    cpu_time_ms  (0, 674291) (1, 587543) (2, 625756) (3, 625889) (4, 649615) (5, 601152) (6, 647121) (7, 594807) (8, 650526) (9, 611290) (10, 670242) (11, 626372) (12, 645702) (13, 605375) (14, 627821) (15, 714535)
clv size: 225042816 (max clv size: 421937664)
[02:14:59 -13231205.578979] SLOW spr round 5 (radius: 15)
    busy_ratio: 0.842112
    stats_step: spr_SLOW_2
    wait_time_ms  (0, 255491) (1, 341231) (2, 266385) (3, 275092) (4, 241836) (5, 308251) (6, 257921) (7, 304275) (8, 234072) (9, 103429) (10, 206472) (11, 281479) (12, 248717) (13, 296640) (14, 286294) (15, 264180)
    cpu_time_ms  (0, 1395944) (1, 1310184) (2, 1385058) (3, 1376328) (4, 1409582) (5, 1343178) (6, 1393358) (7, 1347149) (8, 1417224) (9, 1547941) (10, 1444823) (11, 1369944) (12, 1402713) (13, 1354779) (14, 1365143) (15, 1387230)
clv size: 225042816 (max clv size: 421937664)
[02:42:30 -13231205.578979] SLOW spr round 6 (radius: 20)
    busy_ratio: 0.841367
    stats_step: spr_SLOW_2
    wait_time_ms  (0, 183738) (1, 228416) (2, 145802) (3, 214091) (4, 168925) (5, 215294) (6, 150403) (7, 217803) (8, 142540) (9, 117162) (10, 160337) (11, 171506) (12, 158788) (13, 207448) (14, 184239) (15, 187432)
    cpu_time_ms  (0, 940716) (1, 896036) (2, 978333) (3, 910357) (4, 955532) (5, 909159) (6, 974011) (7, 906645) (8, 981904) (9, 1007258) (10, 964123) (11, 952933) (12, 965665) (13, 917002) (14, 940222) (15, 937007)
clv size: 225042816 (max clv size: 421937664)
[03:01:16 -13231205.578979] SLOW spr round 7 (radius: 25)
    busy_ratio: 0.811561
    stats_step: spr_SLOW_2
    wait_time_ms  (0, 72073) (1, 89645) (2, 47540) (3, 79554) (4, 51153) (5, 86375) (6, 60084) (7, 76068) (8, 51081) (9, 69245) (10, 55335) (11, 69189) (12, 55667) (13, 80643) (14, 62608) (15, 21316)
    cpu_time_ms  (0, 268751) (1, 251183) (2, 293172) (3, 261271) (4, 289677) (5, 254453) (6, 280747) (7, 264761) (8, 289749) (9, 271582) (10, 285496) (11, 271633) (12, 285162) (13, 260187) (14, 278221) (15, 319500)
clv size: 225042816 (max clv size: 421937664)
[03:06:58 -13231205.578979] Model parameter optimization (eps = 0.100000)
    busy_ratio: 0.816834
    stats_step: modelopt4
    wait_time_ms  (0, 34526) (1, 60241) (2, 42089) (3, 41370) (4, 30342) (5, 42997) (6, 31322) (7, 43142) (8, 31433) (9, 29399) (10, 25935) (11, 29271) (12, 19794) (13, 34647) (14, 33301) (15, 3979)
    cpu_time_ms  (0, 147612) (1, 121905) (2, 140014) (3, 140775) (4, 151801) (5, 139150) (6, 150804) (7, 139004) (8, 150712) (9, 152744) (10, 156213) (11, 152873) (12, 162352) (13, 147494) (14, 148848) (15, 178158)
clv size: 225042816 (max clv size: 421937664)

[03:10:00] ML tree search #1, logLikelihood: -13231159.049901


Optimized model parameters:

   Partition 0: Partition0
   Rate heterogeneity: GAMMA (4 cats),  alpha: 5.624 (ML),  weights&rates: (0.250,0.526) (0.250,0.818) (0.250,1.082) (0.250,1.574) 
   Base frequencies (empirical): 0.380 0.277 0.157 0.186 
   Substitution rates (ML): 0.862 1.852 0.969 1.868 1.770 1.000 

   Partition 1: Partition1
   Rate heterogeneity: GAMMA (4 cats),  alpha: 0.081 (ML),  weights&rates: (0.250,0.000) (0.250,0.000) (0.250,0.047) (0.250,3.952) 
   Base frequencies (empirical): 0.304 0.140 0.148 0.409 
   Substitution rates (ML): 1.791 2.031 0.805 2.930 1.759 1.000 

   Partition 2: Partition2
   Rate heterogeneity: GAMMA (4 cats),  alpha: 1.148 (ML),  weights&rates: (0.250,0.166) (0.250,0.517) (0.250,1.021) (0.250,2.296) 
   Base frequencies (empirical): 0.357 0.240 0.229 0.174 
   Substitution rates (ML): 401.721 910.407 573.999 615.759 804.688 1.000 

   Partition 3: Partition3
   Rate heterogeneity: GAMMA (4 cats),  alpha: 0.751 (ML),  weights&rates: (0.250,0.085) (0.250,0.387) (0.250,0.942) (0.250,2.586) 
   Base frequencies (empirical): 0.339 0.218 0.152 0.291 
   Substitution rates (ML): 1.438 2.590 0.820 4.557 1.920 1.000 

   Partition 4: Partition4
   Rate heterogeneity: GAMMA (4 cats),  alpha: 5.159 (ML),  weights&rates: (0.250,0.509) (0.250,0.808) (0.250,1.083) (0.250,1.601) 
   Base frequencies (empirical): 0.390 0.271 0.173 0.166 
   Substitution rates (ML): 1.253 2.424 1.442 2.107 2.303 1.000 

   Partition 5: Partition5
   Rate heterogeneity: GAMMA (4 cats),  alpha: 3.164 (ML),  weights&rates: (0.250,0.402) (0.250,0.740) (0.250,1.083) (0.250,1.775) 
   Base frequencies (empirical): 0.388 0.265 0.146 0.200 
   Substitution rates (ML): 0.679 1.375 0.704 1.754 1.338 1.000 

   Partition 6: Partition6
   Rate heterogeneity: GAMMA (4 cats),  alpha: 0.872 (ML),  weights&rates: (0.250,0.111) (0.250,0.435) (0.250,0.975) (0.250,2.479) 
   Base frequencies (empirical): 0.358 0.206 0.143 0.293 
   Substitution rates (ML): 1.196 1.813 0.632 3.029 1.443 1.000 

   Partition 7: Partition7
   Rate heterogeneity: GAMMA (4 cats),  alpha: 9.357 (ML),  weights&rates: (0.250,0.620) (0.250,0.866) (0.250,1.074) (0.250,1.440) 
   Base frequencies (empirical): 0.389 0.272 0.169 0.170 
   Substitution rates (ML): 1.064 2.056 1.195 1.904 2.023 1.000 

   Partition 8: Partition8
   Rate heterogeneity: GAMMA (4 cats),  alpha: 2.784 (ML),  weights&rates: (0.250,0.372) (0.250,0.719) (0.250,1.081) (0.250,1.828) 
   Base frequencies (empirical): 0.355 0.250 0.223 0.171 
   Substitution rates (ML): 3.289 6.401 4.027 5.594 6.586 1.000 

   Partition 9: Partition9
   Rate heterogeneity: GAMMA (4 cats),  alpha: 1.839 (ML),  weights&rates: (0.250,0.273) (0.250,0.637) (0.250,1.065) (0.250,2.025) 
   Base frequencies (empirical): 0.383 0.253 0.133 0.232 
   Substitution rates (ML): 0.617 1.222 0.545 1.745 1.066 1.000 

   Partition 10: Partition10
   Rate heterogeneity: GAMMA (4 cats),  alpha: 7.983 (ML),  weights&rates: (0.250,0.593) (0.250,0.852) (0.250,1.077) (0.250,1.478) 
   Base frequencies (empirical): 0.401 0.117 0.221 0.260 
   Substitution rates (ML): 48.337 794.766 925.511 761.255 336.944 1.000 

   Partition 11: Partition11
   Rate heterogeneity: GAMMA (4 cats),  alpha: 2.268 (ML),  weights&rates: (0.250,0.323) (0.250,0.681) (0.250,1.075) (0.250,1.920) 
   Base frequencies (empirical): 0.375 0.264 0.201 0.161 
   Substitution rates (ML): 2.029 3.683 2.071 2.630 3.483 1.000 

   Partition 12: Partition12
   Rate heterogeneity: GAMMA (4 cats),  alpha: 0.994 (ML),  weights&rates: (0.250,0.136) (0.250,0.475) (0.250,0.999) (0.250,2.390) 
   Base frequencies (empirical): 0.336 0.247 0.170 0.247 
   Substitution rates (ML): 1.405 2.917 1.162 3.982 2.278 1.000 

   Partition 13: Partition13
   Rate heterogeneity: GAMMA (4 cats),  alpha: 1.954 (ML),  weights&rates: (0.250,0.288) (0.250,0.650) (0.250,1.069) (0.250,1.994) 
   Base frequencies (empirical): 0.347 0.253 0.214 0.186 
   Substitution rates (ML): 2.066 3.999 2.486 4.063 4.196 1.000 

   Partition 14: Partition14
   Rate heterogeneity: GAMMA (4 cats),  alpha: 1.287 (ML),  weights&rates: (0.250,0.190) (0.250,0.549) (0.250,1.035) (0.250,2.226) 
   Base frequencies (empirical): 0.353 0.220 0.249 0.178 
   Substitution rates (ML): 329.611 881.666 650.321 720.734 758.853 1.000 

   Partition 15: Partition15
   Rate heterogeneity: GAMMA (4 cats),  alpha: 1.255 (ML),  weights&rates: (0.250,0.185) (0.250,0.542) (0.250,1.032) (0.250,2.241) 
   Base frequencies (empirical): 0.342 0.250 0.192 0.216 
   Substitution rates (ML): 1.617 3.210 1.622 3.836 2.974 1.000 

   Partition 16: Partition16
   Rate heterogeneity: GAMMA (4 cats),  alpha: 2.142 (ML),  weights&rates: (0.250,0.310) (0.250,0.669) (0.250,1.073) (0.250,1.948) 
   Base frequencies (empirical): 0.395 0.253 0.137 0.214 
   Substitution rates (ML): 0.590 1.159 0.556 1.747 1.174 1.000 

   Partition 17: Partition17
   Rate heterogeneity: GAMMA (4 cats),  alpha: 2.609 (ML),  weights&rates: (0.250,0.357) (0.250,0.707) (0.250,1.080) (0.250,1.856) 
   Base frequencies (empirical): 0.357 0.242 0.221 0.180 
   Substitution rates (ML): 2.287 4.209 2.576 3.818 4.521 1.000 

   Partition 18: Partition18
   Rate heterogeneity: GAMMA (4 cats),  alpha: 1.262 (ML),  weights&rates: (0.250,0.186) (0.250,0.543) (0.250,1.033) (0.250,2.238) 
   Base frequencies (empirical): 0.398 0.235 0.121 0.246 
   Substitution rates (ML): 0.428 0.849 0.359 1.478 0.802 1.000 

   Partition 19: Partition19
   Rate heterogeneity: GAMMA (4 cats),  alpha: 1.272 (ML),  weights&rates: (0.250,0.188) (0.250,0.546) (0.250,1.034) (0.250,2.233) 
   Base frequencies (empirical): 0.364 0.234 0.235 0.167 
   Substitution rates (ML): 414.749 954.995 716.849 714.472 922.589 1.000 

   Partition 20: Partition20
   Rate heterogeneity: GAMMA (4 cats),  alpha: 5.420 (ML),  weights&rates: (0.250,0.519) (0.250,0.813) (0.250,1.083) (0.250,1.586) 
   Base frequencies (empirical): 0.352 0.242 0.243 0.163 
   Substitution rates (ML): 2.635 5.607 3.003 5.162 6.114 1.000 

   Partition 21: Partition21
   Rate heterogeneity: GAMMA (4 cats),  alpha: 1.066 (ML),  weights&rates: (0.250,0.150) (0.250,0.496) (0.250,1.010) (0.250,2.344) 
   Base frequencies (empirical): 0.381 0.229 0.115 0.275 
   Substitution rates (ML): 0.434 0.859 0.333 1.505 0.686 1.000 

   Partition 22: Partition22
   Rate heterogeneity: GAMMA (4 cats),  alpha: 1.824 (ML),  weights&rates: (0.250,0.271) (0.250,0.635) (0.250,1.065) (0.250,2.029) 
   Base frequencies (empirical): 0.349 0.255 0.187 0.209 
   Substitution rates (ML): 1.514 2.987 1.370 3.623 2.815 1.000 

   Partition 23: Partition23
   Rate heterogeneity: GAMMA (4 cats),  alpha: 1.269 (ML),  weights&rates: (0.250,0.187) (0.250,0.545) (0.250,1.033) (0.250,2.234) 
   Base frequencies (empirical): 0.357 0.237 0.160 0.246 
   Substitution rates (ML): 1.323 2.350 0.857 3.348 1.953 1.000 

   Partition 24: Partition24
   Rate heterogeneity: GAMMA (4 cats),  alpha: 1.588 (ML),  weights&rates: (0.250,0.239) (0.250,0.603) (0.250,1.055) (0.250,2.104) 
   Base frequencies (empirical): 0.340 0.253 0.199 0.208 
   Substitution rates (ML): 1.867 3.785 2.063 4.234 3.649 1.000 

   Partition 25: Partition25
   Rate heterogeneity: GAMMA (4 cats),  alpha: 6.641 (ML),  weights&rates: (0.250,0.559) (0.250,0.835) (0.250,1.080) (0.250,1.527) 
   Base frequencies (empirical): 0.393 0.267 0.158 0.182 
   Substitution rates (ML): 0.911 1.860 0.978 1.903 1.760 1.000 

   Partition 26: Partition26
   Rate heterogeneity: GAMMA (4 cats),  alpha: 3.327 (ML),  weights&rates: (0.250,0.413) (0.250,0.748) (0.250,1.084) (0.250,1.755) 
   Base frequencies (empirical): 0.363 0.262 0.211 0.164 
   Substitution rates (ML): 2.091 3.902 2.164 2.898 3.796 1.000 

   Partition 27: Partition27
   Rate heterogeneity: GAMMA (4 cats),  alpha: 1.873 (ML),  weights&rates: (0.250,0.278) (0.250,0.641) (0.250,1.066) (0.250,2.015) 
   Base frequencies (empirical): 0.375 0.149 0.255 0.222 
   Substitution rates (ML): 34.483 677.217 666.397 721.458 609.220 1.000 

   Partition 28: Partition28
   Rate heterogeneity: GAMMA (4 cats),  alpha: 9.660 (ML),  weights&rates: (0.250,0.626) (0.250,0.868) (0.250,1.073) (0.250,1.433) 
   Base frequencies (empirical): 0.393 0.270 0.172 0.165 
   Substitution rates (ML): 1.038 1.931 1.150 1.838 2.082 1.000 

   Partition 29: Partition29
   Rate heterogeneity: GAMMA (4 cats),  alpha: 1.059 (ML),  weights&rates: (0.250,0.149) (0.250,0.494) (0.250,1.009) (0.250,2.348) 
   Base frequencies (empirical): 0.340 0.242 0.236 0.182 
   Substitution rates (ML): 375.093 864.750 613.774 659.156 798.054 1.000 

   Partition 30: Partition30
   Rate heterogeneity: GAMMA (4 cats),  alpha: 3.256 (ML),  weights&rates: (0.250,0.408) (0.250,0.745) (0.250,1.084) (0.250,1.764) 
   Base frequencies (empirical): 0.399 0.268 0.179 0.154 
   Substitution rates (ML): 1.313 2.462 1.433 1.950 2.548 1.000 

   Partition 31: Partition31
   Rate heterogeneity: GAMMA (4 cats),  alpha: 2.245 (ML),  weights&rates: (0.250,0.321) (0.250,0.679) (0.250,1.075) (0.250,1.925) 
   Base frequencies (empirical): 0.347 0.250 0.218 0.186 
   Substitution rates (ML): 2.426 4.598 2.928 4.498 4.709 1.000 

   Partition 32: Partition32
   Rate heterogeneity: GAMMA (4 cats),  alpha: 3.749 (ML),  weights&rates: (0.250,0.440) (0.250,0.766) (0.250,1.084) (0.250,1.710) 
   Base frequencies (empirical): 0.401 0.269 0.142 0.188 
   Substitution rates (ML): 0.645 1.479 0.704 1.704 1.396 1.000 

   Partition 33: Partition33
   Rate heterogeneity: GAMMA (4 cats),  alpha: 2.672 (ML),  weights&rates: (0.250,0.362) (0.250,0.712) (0.250,1.080) (0.250,1.846) 
   Base frequencies (empirical): 0.362 0.241 0.231 0.166 
   Substitution rates (ML): 3.768 7.430 5.314 5.704 7.321 1.000 

   Partition 34: Partition34
   Rate heterogeneity: GAMMA (4 cats),  alpha: 0.629 (ML),  weights&rates: (0.250,0.059) (0.250,0.328) (0.250,0.895) (0.250,2.718) 
   Base frequencies (empirical): 0.389 0.168 0.253 0.190 
   Substitution rates (ML): 207.855 952.450 819.297 793.948 656.796 1.000 

   Partition 35: Partition35
   Rate heterogeneity: GAMMA (4 cats),  alpha: 2.543 (ML),  weights&rates: (0.250,0.351) (0.250,0.703) (0.250,1.079) (0.250,1.868) 
   Base frequencies (empirical): 0.351 0.250 0.206 0.193 
   Substitution rates (ML): 1.997 3.973 1.697 4.380 3.855 1.000 

   Partition 36: Partition36
   Rate heterogeneity: GAMMA (4 cats),  alpha: 10.106 (ML),  weights&rates: (0.250,0.633) (0.250,0.872) (0.250,1.072) (0.250,1.423) 
   Base frequencies (empirical): 0.389 0.269 0.173 0.168 
   Substitution rates (ML): 1.153 2.165 1.263 1.893 2.199 1.000 

   Partition 37: Partition37
   Rate heterogeneity: GAMMA (4 cats),  alpha: 6.315 (ML),  weights&rates: (0.250,0.549) (0.250,0.830) (0.250,1.081) (0.250,1.541) 
   Base frequencies (empirical): 0.368 0.264 0.205 0.163 
   Substitution rates (ML): 1.820 3.426 2.010 2.711 3.439 1.000 

   Partition 38: Partition38
   Rate heterogeneity: GAMMA (4 cats),  alpha: 5.082 (ML),  weights&rates: (0.250,0.505) (0.250,0.806) (0.250,1.083) (0.250,1.605) 
   Base frequencies (empirical): 0.373 0.267 0.206 0.153 
   Substitution rates (ML): 1.828 3.349 2.016 2.655 3.643 1.000 

   Partition 39: Partition39
   Rate heterogeneity: GAMMA (4 cats),  alpha: 2.961 (ML),  weights&rates: (0.250,0.386) (0.250,0.729) (0.250,1.082) (0.250,1.802) 
   Base frequencies (empirical): 0.350 0.242 0.228 0.180 
   Substitution rates (ML): 3.195 6.096 4.014 5.014 6.091 1.000 

   Partition 40: Partition40
   Rate heterogeneity: GAMMA (4 cats),  alpha: 0.940 (ML),  weights&rates: (0.250,0.125) (0.250,0.458) (0.250,0.989) (0.250,2.428) 
   Base frequencies (empirical): 0.360 0.241 0.224 0.175 
   Substitution rates (ML): 315.947 657.423 443.113 466.054 655.057 1.000 

   Partition 41: Partition41
   Rate heterogeneity: GAMMA (4 cats),  alpha: 2.426 (ML),  weights&rates: (0.250,0.339) (0.250,0.694) (0.250,1.078) (0.250,1.889) 
   Base frequencies (empirical): 0.388 0.274 0.174 0.164 
   Substitution rates (ML): 1.355 2.848 1.571 2.071 2.636 1.000 

   Partition 42: Partition42
   Rate heterogeneity: GAMMA (4 cats),  alpha: 3.633 (ML),  weights&rates: (0.250,0.433) (0.250,0.761) (0.250,1.084) (0.250,1.721) 
   Base frequencies (empirical): 0.344 0.247 0.229 0.180 
   Substitution rates (ML): 2.115 4.037 2.120 4.232 4.478 1.000 

   Partition 43: Partition43
   Rate heterogeneity: GAMMA (4 cats),  alpha: 1.307 (ML),  weights&rates: (0.250,0.194) (0.250,0.553) (0.250,1.037) (0.250,2.217) 
   Base frequencies (empirical): 0.365 0.271 0.199 0.165 
   Substitution rates (ML): 2.284 4.268 2.325 2.779 3.837 1.000 

   Partition 44: Partition44
   Rate heterogeneity: GAMMA (4 cats),  alpha: 9.038 (ML),  weights&rates: (0.250,0.614) (0.250,0.863) (0.250,1.074) (0.250,1.448) 
   Base frequencies (empirical): 0.383 0.269 0.178 0.170 
   Substitution rates (ML): 1.274 2.338 1.365 2.022 2.338 1.000 

   Partition 45: Partition45
   Rate heterogeneity: GAMMA (4 cats),  alpha: 1.151 (ML),  weights&rates: (0.250,0.166) (0.250,0.518) (0.250,1.021) (0.250,2.295) 
   Base frequencies (empirical): 0.343 0.229 0.239 0.188 
   Substitution rates (ML): 387.823 882.911 687.996 709.582 832.038 1.000 

   Partition 46: Partition46
   Rate heterogeneity: GAMMA (4 cats),  alpha: 1.621 (ML),  weights&rates: (0.250,0.243) (0.250,0.608) (0.250,1.057) (0.250,2.092) 
   Base frequencies (empirical): 0.379 0.269 0.198 0.154 
   Substitution rates (ML): 2.029 3.862 2.144 2.729 3.691 1.000 

   Partition 47: Partition47
   Rate heterogeneity: GAMMA (4 cats),  alpha: 18.333 (ML),  weights&rates: (0.250,0.721) (0.250,0.909) (0.250,1.060) (0.250,1.310) 
   Base frequencies (empirical): 0.385 0.114 0.259 0.242 
   Substitution rates (ML): 41.522 868.953 874.905 823.621 617.570 1.000 

   Partition 48: Partition48
   Rate heterogeneity: GAMMA (4 cats),  alpha: 2.472 (ML),  weights&rates: (0.250,0.344) (0.250,0.697) (0.250,1.078) (0.250,1.881) 
   Base frequencies (empirical): 0.432 0.069 0.131 0.369 
   Substitution rates (ML): 0.001 260.797 537.858 964.715 145.769 1.000 

   Partition 49: Partition49
   Rate heterogeneity: GAMMA (4 cats),  alpha: 1.585 (ML),  weights&rates: (0.250,0.238) (0.250,0.602) (0.250,1.055) (0.250,2.105) 
   Base frequencies (empirical): 0.367 0.176 0.237 0.221 
   Substitution rates (ML): 191.584 960.226 810.796 874.751 832.948 1.000 

Final LogLikelihood: -13231159.049901

Best ML tree saved to: /home/morelbt/github/raxml-ng/bin/results/kyte_repeats_T16_realloc_1/kyte.phy.raxml.bestTree

Execution log saved to: /home/morelbt/github/raxml-ng/bin/results/kyte_repeats_T16_realloc_1/kyte.phy.raxml.log

Elapsed time: 11400.300 seconds

